2025-09-07 17:25:53,200 - INFO - Starting multi-seed experiment
2025-09-07 17:25:53,200 - INFO - Architecture: deit_base
2025-09-07 17:25:53,201 - INFO - Weight bits: 4
2025-09-07 17:25:53,201 - INFO - Activation bits: 2
2025-09-07 17:25:53,201 - INFO - Seeds: [1001, 1002, 1003]
2025-09-07 17:25:53,201 - INFO - Alpha values: [0.5]
2025-09-07 17:25:53,201 - INFO - Cluster numbers: [1, 8, 16, 24, 32, 40, 48, 56, 64, 72, 80, 88, 96, 104, 112, 120, 128, 136, 144, 152, 160, 168, 176, 184, 192, 200, 208, 216, 224, 232, 240, 248, 256]
2025-09-07 17:25:53,201 - INFO - PCA dimensions: [50]
2025-09-07 17:25:53,201 - INFO - Output directory: ./experiment_results/deit_base_w4_a2_20250907_172553
2025-09-07 17:25:53,201 - INFO - Checking basic requirements...
2025-09-07 17:25:53,202 - INFO - Basic checks passed
2025-09-07 17:25:53,202 - INFO - 
Starting experiments for 3 seeds...
2025-09-07 17:25:53,202 - INFO - Total parameter combinations: 33
2025-09-07 17:25:53,202 - INFO - Total experiments: 99
2025-09-07 17:25:53,202 - INFO - 
============================================================
2025-09-07 17:25:53,202 - INFO - Running experiment 1/3 for seed 1001
2025-09-07 17:25:53,202 - INFO - ============================================================
2025-09-07 17:25:53,202 - INFO - Running experiment for seed 1001
2025-09-07 17:25:53,202 - INFO - Command: /home/alz07xz/project/PD-Quant/pd_quant/bin/python ../test_quant.py --model deit_base --w_bit 4 --a_bit 2 --seed 1001 --config ./../configs/4bit/best.py --dataset /home/alz07xz/imagenet --calib-size 1000 --calib-batch-size 32 --val-batch-size 500 --num-workers 8 --device cuda --alpha-list 0.5 --num-clusters-list 1 8 16 24 32 40 48 56 64 72 80 88 96 104 112 120 128 136 144 152 160 168 176 184 192 200 208 216 224 232 240 248 256 --pca-dim-list 50 --calibrate --optimize
2025-09-07 17:25:53,202 - INFO - Working directory: /home/alz07xz/project/APHQ_CAT/ablate_clusters
2025-09-07 23:25:33,519 - INFO - Experiment for seed 1001 completed in 21580.32 seconds
2025-09-07 23:25:33,522 - INFO - SUCCESS: Experiment for seed 1001 completed successfully
2025-09-07 23:25:33,526 - INFO - Looking for results in: ./checkpoint/quant_result/20250907_2323
2025-09-07 23:25:33,530 - INFO - Parsed 0 reconstructed results from log file for seed 1001
2025-09-07 23:25:33,530 - INFO - Parsed 0 baseline results from log file for seed 1001
2025-09-07 23:25:33,530 - INFO - Seed 1001 completed successfully
2025-09-07 23:25:33,530 - INFO - Sleeping for 0.5 seconds before next seed...
2025-09-07 23:25:34,031 - INFO - 
============================================================
2025-09-07 23:25:34,031 - INFO - Running experiment 2/3 for seed 1002
2025-09-07 23:25:34,031 - INFO - ============================================================
2025-09-07 23:25:34,032 - INFO - Running experiment for seed 1002
2025-09-07 23:25:34,032 - INFO - Command: /home/alz07xz/project/PD-Quant/pd_quant/bin/python ../test_quant.py --model deit_base --w_bit 4 --a_bit 2 --seed 1002 --config ./../configs/4bit/best.py --dataset /home/alz07xz/imagenet --calib-size 1000 --calib-batch-size 32 --val-batch-size 500 --num-workers 8 --device cuda --alpha-list 0.5 --num-clusters-list 1 8 16 24 32 40 48 56 64 72 80 88 96 104 112 120 128 136 144 152 160 168 176 184 192 200 208 216 224 232 240 248 256 --pca-dim-list 50 --calibrate --optimize
2025-09-07 23:25:34,032 - INFO - Working directory: /home/alz07xz/project/APHQ_CAT/ablate_clusters
2025-09-08 05:22:46,027 - INFO - Experiment for seed 1002 completed in 21431.99 seconds
2025-09-08 05:22:46,030 - INFO - SUCCESS: Experiment for seed 1002 completed successfully
2025-09-08 05:22:46,034 - INFO - Looking for results in: ./checkpoint/quant_result/20250908_0357
2025-09-08 05:22:46,035 - INFO - Parsed 0 reconstructed results from log file for seed 1002
2025-09-08 05:22:46,035 - INFO - Parsed 0 baseline results from log file for seed 1002
2025-09-08 05:22:46,035 - INFO - Seed 1002 completed successfully
2025-09-08 05:22:46,035 - INFO - Sleeping for 0.5 seconds before next seed...
2025-09-08 05:22:46,535 - INFO - 
============================================================
2025-09-08 05:22:46,535 - INFO - Running experiment 3/3 for seed 1003
2025-09-08 05:22:46,535 - INFO - ============================================================
2025-09-08 05:22:46,536 - INFO - Running experiment for seed 1003
2025-09-08 05:22:46,537 - INFO - Command: /home/alz07xz/project/PD-Quant/pd_quant/bin/python ../test_quant.py --model deit_base --w_bit 4 --a_bit 2 --seed 1003 --config ./../configs/4bit/best.py --dataset /home/alz07xz/imagenet --calib-size 1000 --calib-batch-size 32 --val-batch-size 500 --num-workers 8 --device cuda --alpha-list 0.5 --num-clusters-list 1 8 16 24 32 40 48 56 64 72 80 88 96 104 112 120 128 136 144 152 160 168 176 184 192 200 208 216 224 232 240 248 256 --pca-dim-list 50 --calibrate --optimize
2025-09-08 05:22:46,537 - INFO - Working directory: /home/alz07xz/project/APHQ_CAT/ablate_clusters
