2025-09-06 17:56:10,421 - INFO - Starting multi-seed experiment
2025-09-06 17:56:10,421 - INFO - Architecture: deit_base
2025-09-06 17:56:10,421 - INFO - Weight bits: 4
2025-09-06 17:56:10,421 - INFO - Activation bits: 4
2025-09-06 17:56:10,421 - INFO - Seeds: [1001, 1002, 1003]
2025-09-06 17:56:10,421 - INFO - Alpha values: [0.1, 0.2, 0.3, 0.4, 0.5, 0.6, 0.7, 0.8, 0.9, 1.0]
2025-09-06 17:56:10,421 - INFO - Cluster numbers: [64]
2025-09-06 17:56:10,421 - INFO - PCA dimensions: [50]
2025-09-06 17:56:10,421 - INFO - Output directory: ./experiment_results/deit_base_w4_a4_20250906_175610
2025-09-06 17:56:10,421 - INFO - Checking basic requirements...
2025-09-06 17:56:10,421 - INFO - Basic checks passed
2025-09-06 17:56:10,421 - INFO - 
Starting experiments for 3 seeds...
2025-09-06 17:56:10,421 - INFO - Total parameter combinations: 10
2025-09-06 17:56:10,421 - INFO - Total experiments: 30
2025-09-06 17:56:10,421 - INFO - 
============================================================
2025-09-06 17:56:10,422 - INFO - Running experiment 1/3 for seed 1001
2025-09-06 17:56:10,422 - INFO - ============================================================
2025-09-06 17:56:10,422 - INFO - Running experiment for seed 1001
2025-09-06 17:56:10,422 - INFO - Command: /home/alz07xz/project/PD-Quant/pd_quant/bin/python ../test_quant.py --model deit_base --w_bit 4 --a_bit 4 --seed 1001 --config ./../configs/4bit/best.py --dataset /home/alz07xz/imagenet --calib-size 1000 --calib-batch-size 32 --val-batch-size 500 --num-workers 8 --device cuda --alpha-list 0.1 0.2 0.3 0.4 0.5 0.6 0.7 0.8 0.9 1.0 --num-clusters-list 64 --pca-dim-list 50 --calibrate --optimize
2025-09-06 17:56:10,422 - INFO - Working directory: /home/alz07xz/project/APHQ_CAT/ablate_alpha
2025-09-06 22:26:38,856 - INFO - Experiment for seed 1001 completed in 16228.43 seconds
2025-09-06 22:26:38,858 - INFO - SUCCESS: Experiment for seed 1001 completed successfully
2025-09-06 22:26:38,858 - INFO - Looking for results in: ./checkpoint/quant_result/20250906_2204
2025-09-06 22:26:38,858 - INFO - Parsed 0 reconstructed results from log file for seed 1001
2025-09-06 22:26:38,858 - INFO - Parsed 0 baseline results from log file for seed 1001
2025-09-06 22:26:38,858 - INFO - Seed 1001 completed successfully
2025-09-06 22:26:38,858 - INFO - Sleeping for 0.5 seconds before next seed...
2025-09-06 22:26:39,359 - INFO - 
============================================================
2025-09-06 22:26:39,359 - INFO - Running experiment 2/3 for seed 1002
2025-09-06 22:26:39,359 - INFO - ============================================================
2025-09-06 22:26:39,359 - INFO - Running experiment for seed 1002
2025-09-06 22:26:39,360 - INFO - Command: /home/alz07xz/project/PD-Quant/pd_quant/bin/python ../test_quant.py --model deit_base --w_bit 4 --a_bit 4 --seed 1002 --config ./../configs/4bit/best.py --dataset /home/alz07xz/imagenet --calib-size 1000 --calib-batch-size 32 --val-batch-size 500 --num-workers 8 --device cuda --alpha-list 0.1 0.2 0.3 0.4 0.5 0.6 0.7 0.8 0.9 1.0 --num-clusters-list 64 --pca-dim-list 50 --calibrate --optimize
2025-09-06 22:26:39,360 - INFO - Working directory: /home/alz07xz/project/APHQ_CAT/ablate_alpha
2025-09-07 02:50:09,545 - INFO - Experiment for seed 1002 completed in 15810.19 seconds
2025-09-07 02:50:09,554 - INFO - SUCCESS: Experiment for seed 1002 completed successfully
2025-09-07 02:50:09,555 - INFO - Looking for results in: ./checkpoint/quant_result/20250907_0248
2025-09-07 02:50:09,555 - INFO - Parsed 0 reconstructed results from log file for seed 1002
2025-09-07 02:50:09,555 - INFO - Parsed 0 baseline results from log file for seed 1002
2025-09-07 02:50:09,555 - INFO - Seed 1002 completed successfully
2025-09-07 02:50:09,555 - INFO - Sleeping for 0.5 seconds before next seed...
2025-09-07 02:50:10,055 - INFO - 
============================================================
2025-09-07 02:50:10,055 - INFO - Running experiment 3/3 for seed 1003
2025-09-07 02:50:10,055 - INFO - ============================================================
2025-09-07 02:50:10,111 - INFO - Running experiment for seed 1003
2025-09-07 02:50:10,111 - INFO - Command: /home/alz07xz/project/PD-Quant/pd_quant/bin/python ../test_quant.py --model deit_base --w_bit 4 --a_bit 4 --seed 1003 --config ./../configs/4bit/best.py --dataset /home/alz07xz/imagenet --calib-size 1000 --calib-batch-size 32 --val-batch-size 500 --num-workers 8 --device cuda --alpha-list 0.1 0.2 0.3 0.4 0.5 0.6 0.7 0.8 0.9 1.0 --num-clusters-list 64 --pca-dim-list 50 --calibrate --optimize
2025-09-07 02:50:10,111 - INFO - Working directory: /home/alz07xz/project/APHQ_CAT/ablate_alpha
2025-09-07 07:13:42,372 - INFO - Experiment for seed 1003 completed in 15812.26 seconds
2025-09-07 07:13:42,374 - INFO - SUCCESS: Experiment for seed 1003 completed successfully
2025-09-07 07:13:42,378 - INFO - Looking for results in: ./checkpoint/quant_result/20250907_0711
2025-09-07 07:13:42,378 - INFO - Parsed 0 reconstructed results from log file for seed 1003
2025-09-07 07:13:42,378 - INFO - Parsed 0 baseline results from log file for seed 1003
2025-09-07 07:13:42,378 - INFO - Seed 1003 completed successfully
2025-09-07 07:13:42,378 - INFO - 
============================================================
2025-09-07 07:13:42,378 - INFO - EXPERIMENT SUMMARY
2025-09-07 07:13:42,378 - INFO - ============================================================
2025-09-07 07:13:42,378 - INFO - Successful seeds: 3/3
2025-09-07 07:13:42,378 - INFO - Failed seeds: 0/3
2025-09-07 07:13:42,379 - INFO - Successful: [1001, 1002, 1003]
2025-09-07 07:13:42,380 - INFO - 
====================================================================================================
2025-09-07 07:13:42,380 - INFO - COMPREHENSIVE EXPERIMENT SUMMARY
2025-09-07 07:13:42,380 - INFO - ====================================================================================================
2025-09-07 07:13:42,380 - INFO - 
====================================================================================================
2025-09-07 07:13:42,380 - INFO - COMPREHENSIVE RESULTS ANALYSIS
2025-09-07 07:13:42,380 - INFO - ====================================================================================================
2025-09-07 07:13:42,380 - INFO - 📊 Analysis Summary:
2025-09-07 07:13:42,380 - INFO -   - Total seeds: 3
2025-09-07 07:13:42,381 - INFO -   - Successful runs: 0
2025-09-07 07:13:42,381 - INFO -   - Failed runs: 3
2025-09-07 07:13:42,381 - INFO -   - Reconstructed results: 0
2025-09-07 07:13:42,381 - INFO -   - Baseline results: 0
2025-09-07 07:13:42,381 - INFO -   - Failed seed numbers: [1001, 1002, 1003]
2025-09-07 07:13:42,381 - ERROR - ❌ No valid results to analyze!
2025-09-07 07:13:42,381 - INFO - 
====================================================================================================
2025-09-07 07:13:42,381 - INFO - 🎉 ALL EXPERIMENTS COMPLETED!
2025-09-07 07:13:42,381 - INFO - ====================================================================================================
2025-09-07 07:13:42,381 - INFO - Successful seeds: [1001, 1002, 1003]
2025-09-07 07:13:42,381 - INFO - Failed seeds: []
2025-09-07 07:13:42,381 - INFO - Results saved to: ./experiment_results/deit_base_w4_a4_20250906_175610
2025-09-07 07:13:42,381 - INFO - ====================================================================================================
