2025-09-06 17:32:39,821 - INFO - Starting multi-seed experiment
2025-09-06 17:32:39,821 - INFO - Architecture: vit_base
2025-09-06 17:32:39,821 - INFO - Weight bits: 4
2025-09-06 17:32:39,821 - INFO - Activation bits: 2
2025-09-06 17:32:39,821 - INFO - Seeds: [1001, 1002, 1003]
2025-09-06 17:32:39,821 - INFO - Alpha values: [0.1, 0.2, 0.3, 0.4, 0.5, 0.6, 0.7, 0.8, 0.9, 1.0]
2025-09-06 17:32:39,821 - INFO - Cluster numbers: [64]
2025-09-06 17:32:39,821 - INFO - PCA dimensions: [50]
2025-09-06 17:32:39,821 - INFO - Output directory: ./experiment_results/vit_base_w4_a2_20250906_173239
2025-09-06 17:32:39,821 - INFO - 
Starting experiments for 3 seeds...
2025-09-06 17:32:39,821 - INFO - Total parameter combinations: 10
2025-09-06 17:32:39,821 - INFO - Total experiments: 30
2025-09-06 17:32:39,821 - INFO - 
============================================================
2025-09-06 17:32:39,821 - INFO - Running experiment 1/3 for seed 1001
2025-09-06 17:32:39,821 - INFO - ============================================================
2025-09-06 17:32:39,821 - INFO - Running experiment for seed 1001
2025-09-06 17:32:39,821 - INFO - Command: /home/alz07xz/project/PD-Quant/pd_quant/bin/python test_quant.py --model vit_base --w_bit 4 --a_bit 2 --seed 1001 --config ./configs/4bit/best.py --dataset /home/alz07xz/imagenet --calib-size 1000 --calib-batch-size 32 --val-batch-size 500 --num-workers 8 --device cuda --alpha-list 0.1 0.2 0.3 0.4 0.5 0.6 0.7 0.8 0.9 1.0 --num-clusters-list 64 --pca-dim-list 50 --calibrate --optimize
2025-09-06 17:32:39,836 - INFO - Experiment for seed 1001 completed in 0.02 seconds
2025-09-06 17:32:39,837 - ERROR - Experiment for seed 1001 failed with return code 512
2025-09-06 17:32:39,837 - ERROR - ✗ Seed 1001 failed
2025-09-06 17:32:39,837 - INFO - Sleeping for 0.5 seconds before next seed...
2025-09-06 17:32:40,337 - INFO - 
============================================================
2025-09-06 17:32:40,337 - INFO - Running experiment 2/3 for seed 1002
2025-09-06 17:32:40,337 - INFO - ============================================================
2025-09-06 17:32:40,338 - INFO - Running experiment for seed 1002
2025-09-06 17:32:40,338 - INFO - Command: /home/alz07xz/project/PD-Quant/pd_quant/bin/python test_quant.py --model vit_base --w_bit 4 --a_bit 2 --seed 1002 --config ./configs/4bit/best.py --dataset /home/alz07xz/imagenet --calib-size 1000 --calib-batch-size 32 --val-batch-size 500 --num-workers 8 --device cuda --alpha-list 0.1 0.2 0.3 0.4 0.5 0.6 0.7 0.8 0.9 1.0 --num-clusters-list 64 --pca-dim-list 50 --calibrate --optimize
2025-09-06 17:32:40,353 - INFO - Experiment for seed 1002 completed in 0.01 seconds
2025-09-06 17:32:40,353 - ERROR - Experiment for seed 1002 failed with return code 512
2025-09-06 17:32:40,353 - ERROR - ✗ Seed 1002 failed
2025-09-06 17:32:40,353 - INFO - Sleeping for 0.5 seconds before next seed...
2025-09-06 17:32:40,853 - INFO - 
============================================================
2025-09-06 17:32:40,853 - INFO - Running experiment 3/3 for seed 1003
2025-09-06 17:32:40,853 - INFO - ============================================================
2025-09-06 17:32:40,857 - INFO - Running experiment for seed 1003
2025-09-06 17:32:40,857 - INFO - Command: /home/alz07xz/project/PD-Quant/pd_quant/bin/python test_quant.py --model vit_base --w_bit 4 --a_bit 2 --seed 1003 --config ./configs/4bit/best.py --dataset /home/alz07xz/imagenet --calib-size 1000 --calib-batch-size 32 --val-batch-size 500 --num-workers 8 --device cuda --alpha-list 0.1 0.2 0.3 0.4 0.5 0.6 0.7 0.8 0.9 1.0 --num-clusters-list 64 --pca-dim-list 50 --calibrate --optimize
2025-09-06 17:32:40,871 - INFO - Experiment for seed 1003 completed in 0.01 seconds
2025-09-06 17:32:40,872 - ERROR - Experiment for seed 1003 failed with return code 512
2025-09-06 17:32:40,872 - ERROR - ✗ Seed 1003 failed
2025-09-06 17:32:40,872 - INFO - 
============================================================
2025-09-06 17:32:40,872 - INFO - EXPERIMENT EXECUTION SUMMARY
2025-09-06 17:32:40,872 - INFO - ============================================================
2025-09-06 17:32:40,872 - INFO - Successful seeds: 0/3
2025-09-06 17:32:40,872 - INFO - Failed seeds: 3/3
2025-09-06 17:32:40,872 - INFO - Failed seeds: [1001, 1002, 1003]
2025-09-06 17:32:40,873 - INFO - 
====================================================================================================
2025-09-06 17:32:40,873 - INFO - COMPREHENSIVE EXPERIMENT SUMMARY
2025-09-06 17:32:40,873 - INFO - ====================================================================================================
2025-09-06 17:32:40,873 - INFO - 
====================================================================================================
2025-09-06 17:32:40,873 - INFO - COMPREHENSIVE RESULTS ANALYSIS
2025-09-06 17:32:40,873 - INFO - ====================================================================================================
2025-09-06 17:32:40,873 - INFO - 📊 Analysis Summary:
2025-09-06 17:32:40,873 - INFO -   - Total seeds: 3
2025-09-06 17:32:40,873 - INFO -   - Successful runs: 0
2025-09-06 17:32:40,873 - INFO -   - Failed runs: 3
2025-09-06 17:32:40,873 - INFO -   - Reconstructed results: 0
2025-09-06 17:32:40,873 - INFO -   - Baseline results: 0
2025-09-06 17:32:40,873 - INFO -   - Failed seed numbers: [1001, 1002, 1003]
2025-09-06 17:32:40,873 - ERROR - ❌ No valid results to analyze!
2025-09-06 17:32:40,873 - INFO - 
====================================================================================================
2025-09-06 17:32:40,873 - INFO - 🎉 ALL EXPERIMENTS COMPLETED!
2025-09-06 17:32:40,874 - INFO - ====================================================================================================
2025-09-06 17:32:40,874 - INFO - Successful seeds: []
2025-09-06 17:32:40,874 - INFO - Failed seeds: [1001, 1002, 1003]
2025-09-06 17:32:40,874 - INFO - Results saved to: ./experiment_results/vit_base_w4_a2_20250906_173239
2025-09-06 17:32:40,874 - INFO - ====================================================================================================
