2025-09-07 12:06:31,761 - INFO - Starting multi-seed experiment
2025-09-07 12:06:31,761 - INFO - Architecture: vit_small
2025-09-07 12:06:31,761 - INFO - Weight bits: 4
2025-09-07 12:06:31,761 - INFO - Activation bits: 4
2025-09-07 12:06:31,761 - INFO - Seeds: [1001, 1002, 1003]
2025-09-07 12:06:31,762 - INFO - Alpha values: [0.1, 0.2, 0.3, 0.4, 0.5, 0.6, 0.7, 0.8, 0.9, 1.0]
2025-09-07 12:06:31,762 - INFO - Cluster numbers: [64]
2025-09-07 12:06:31,762 - INFO - PCA dimensions: [50]
2025-09-07 12:06:31,762 - INFO - Output directory: ./experiment_results/vit_small_w4_a4_20250907_120631
2025-09-07 12:06:31,762 - INFO - Checking basic requirements...
2025-09-07 12:06:31,762 - INFO - Basic checks passed
2025-09-07 12:06:31,762 - INFO - 
Starting experiments for 3 seeds...
2025-09-07 12:06:31,762 - INFO - Total parameter combinations: 10
2025-09-07 12:06:31,762 - INFO - Total experiments: 30
2025-09-07 12:06:31,762 - INFO - 
============================================================
2025-09-07 12:06:31,762 - INFO - Running experiment 1/3 for seed 1001
2025-09-07 12:06:31,762 - INFO - ============================================================
2025-09-07 12:06:31,764 - INFO - Running experiment for seed 1001
2025-09-07 12:06:31,764 - INFO - Command: /home/alz07xz/project/PD-Quant/pd_quant/bin/python ../test_quant.py --model vit_small --w_bit 4 --a_bit 4 --seed 1001 --config ./../configs/4bit/best.py --dataset /home/alz07xz/imagenet --calib-size 1000 --calib-batch-size 32 --val-batch-size 500 --num-workers 8 --device cuda --alpha-list 0.1 0.2 0.3 0.4 0.5 0.6 0.7 0.8 0.9 1.0 --num-clusters-list 64 --pca-dim-list 50 --calibrate --optimize
2025-09-07 12:06:31,764 - INFO - Working directory: /home/alz07xz/project/APHQ_CAT/ablate_alpha
2025-09-07 14:06:22,991 - INFO - Experiment for seed 1001 completed in 7191.23 seconds
2025-09-07 14:06:22,992 - INFO - SUCCESS: Experiment for seed 1001 completed successfully
2025-09-07 14:06:22,998 - INFO - Looking for results in: ./checkpoint/quant_result/20250907_1403
2025-09-07 14:06:23,001 - INFO - Parsed 0 reconstructed results from log file for seed 1001
2025-09-07 14:06:23,001 - INFO - Parsed 0 baseline results from log file for seed 1001
2025-09-07 14:06:23,001 - INFO - Seed 1001 completed successfully
2025-09-07 14:06:23,001 - INFO - Sleeping for 0.5 seconds before next seed...
2025-09-07 14:06:23,502 - INFO - 
============================================================
2025-09-07 14:06:23,502 - INFO - Running experiment 2/3 for seed 1002
2025-09-07 14:06:23,502 - INFO - ============================================================
2025-09-07 14:06:23,503 - INFO - Running experiment for seed 1002
2025-09-07 14:06:23,503 - INFO - Command: /home/alz07xz/project/PD-Quant/pd_quant/bin/python ../test_quant.py --model vit_small --w_bit 4 --a_bit 4 --seed 1002 --config ./../configs/4bit/best.py --dataset /home/alz07xz/imagenet --calib-size 1000 --calib-batch-size 32 --val-batch-size 500 --num-workers 8 --device cuda --alpha-list 0.1 0.2 0.3 0.4 0.5 0.6 0.7 0.8 0.9 1.0 --num-clusters-list 64 --pca-dim-list 50 --calibrate --optimize
2025-09-07 14:06:23,503 - INFO - Working directory: /home/alz07xz/project/APHQ_CAT/ablate_alpha
2025-09-07 16:05:45,810 - INFO - Experiment for seed 1002 completed in 7162.31 seconds
2025-09-07 16:05:45,814 - INFO - SUCCESS: Experiment for seed 1002 completed successfully
2025-09-07 16:05:45,821 - INFO - Looking for results in: ./checkpoint/quant_result/20250907_1605
2025-09-07 16:05:45,825 - INFO - Parsed 0 reconstructed results from log file for seed 1002
2025-09-07 16:05:45,825 - INFO - Parsed 0 baseline results from log file for seed 1002
2025-09-07 16:05:45,825 - INFO - Seed 1002 completed successfully
2025-09-07 16:05:45,825 - INFO - Sleeping for 0.5 seconds before next seed...
2025-09-07 16:05:46,325 - INFO - 
============================================================
2025-09-07 16:05:46,325 - INFO - Running experiment 3/3 for seed 1003
2025-09-07 16:05:46,326 - INFO - ============================================================
2025-09-07 16:05:46,326 - INFO - Running experiment for seed 1003
2025-09-07 16:05:46,327 - INFO - Command: /home/alz07xz/project/PD-Quant/pd_quant/bin/python ../test_quant.py --model vit_small --w_bit 4 --a_bit 4 --seed 1003 --config ./../configs/4bit/best.py --dataset /home/alz07xz/imagenet --calib-size 1000 --calib-batch-size 32 --val-batch-size 500 --num-workers 8 --device cuda --alpha-list 0.1 0.2 0.3 0.4 0.5 0.6 0.7 0.8 0.9 1.0 --num-clusters-list 64 --pca-dim-list 50 --calibrate --optimize
2025-09-07 16:05:46,327 - INFO - Working directory: /home/alz07xz/project/APHQ_CAT/ablate_alpha
2025-09-07 18:05:09,874 - INFO - Experiment for seed 1003 completed in 7163.55 seconds
2025-09-07 18:05:09,875 - INFO - SUCCESS: Experiment for seed 1003 completed successfully
2025-09-07 18:05:09,881 - INFO - Looking for results in: ./checkpoint/quant_result/20250907_1748
2025-09-07 18:05:09,891 - INFO - Parsed 0 reconstructed results from log file for seed 1003
2025-09-07 18:05:09,892 - INFO - Parsed 0 baseline results from log file for seed 1003
2025-09-07 18:05:09,892 - INFO - Seed 1003 completed successfully
2025-09-07 18:05:09,892 - INFO - 
============================================================
2025-09-07 18:05:09,892 - INFO - EXPERIMENT SUMMARY
2025-09-07 18:05:09,892 - INFO - ============================================================
2025-09-07 18:05:09,892 - INFO - Successful seeds: 3/3
2025-09-07 18:05:09,892 - INFO - Failed seeds: 0/3
2025-09-07 18:05:09,892 - INFO - Successful: [1001, 1002, 1003]
2025-09-07 18:05:09,893 - INFO - 
====================================================================================================
2025-09-07 18:05:09,893 - INFO - COMPREHENSIVE EXPERIMENT SUMMARY
2025-09-07 18:05:09,893 - INFO - ====================================================================================================
2025-09-07 18:05:09,893 - INFO - 
====================================================================================================
2025-09-07 18:05:09,893 - INFO - COMPREHENSIVE RESULTS ANALYSIS
2025-09-07 18:05:09,894 - INFO - ====================================================================================================
2025-09-07 18:05:09,894 - INFO - 📊 Analysis Summary:
2025-09-07 18:05:09,894 - INFO -   - Total seeds: 3
2025-09-07 18:05:09,894 - INFO -   - Successful runs: 0
2025-09-07 18:05:09,894 - INFO -   - Failed runs: 3
2025-09-07 18:05:09,894 - INFO -   - Reconstructed results: 0
2025-09-07 18:05:09,894 - INFO -   - Baseline results: 0
2025-09-07 18:05:09,894 - INFO -   - Failed seed numbers: [1001, 1002, 1003]
2025-09-07 18:05:09,894 - ERROR - ❌ No valid results to analyze!
2025-09-07 18:05:09,894 - INFO - 
====================================================================================================
2025-09-07 18:05:09,894 - INFO - 🎉 ALL EXPERIMENTS COMPLETED!
2025-09-07 18:05:09,894 - INFO - ====================================================================================================
2025-09-07 18:05:09,894 - INFO - Successful seeds: [1001, 1002, 1003]
2025-09-07 18:05:09,894 - INFO - Failed seeds: []
2025-09-07 18:05:09,894 - INFO - Results saved to: ./experiment_results/vit_small_w4_a4_20250907_120631
2025-09-07 18:05:09,894 - INFO - ====================================================================================================
