2025-09-07 23:47:52,221 - INFO - Starting multi-seed experiment
2025-09-07 23:47:52,222 - INFO - Architecture: swin_tiny
2025-09-07 23:47:52,222 - INFO - Weight bits: 2
2025-09-07 23:47:52,222 - INFO - Activation bits: 4
2025-09-07 23:47:52,222 - INFO - Seeds: [1001, 1002, 1003]
2025-09-07 23:47:52,222 - INFO - Alpha values: [0.5]
2025-09-07 23:47:52,222 - INFO - Cluster numbers: [1, 8, 16, 24, 32, 40, 48, 56, 64, 72, 80, 88, 96, 104, 112, 120, 128, 136, 144, 152, 160, 168, 176, 184, 192, 200, 208, 216, 224, 232, 240, 248, 256]
2025-09-07 23:47:52,222 - INFO - PCA dimensions: [50]
2025-09-07 23:47:52,222 - INFO - Output directory: ./experiment_results/swin_tiny_w2_a4_20250907_234752
2025-09-07 23:47:52,222 - INFO - Checking basic requirements...
2025-09-07 23:47:52,223 - INFO - Basic checks passed
2025-09-07 23:47:52,223 - INFO - 
Starting experiments for 3 seeds...
2025-09-07 23:47:52,223 - INFO - Total parameter combinations: 33
2025-09-07 23:47:52,223 - INFO - Total experiments: 99
2025-09-07 23:47:52,223 - INFO - 
============================================================
2025-09-07 23:47:52,223 - INFO - Running experiment 1/3 for seed 1001
2025-09-07 23:47:52,223 - INFO - ============================================================
2025-09-07 23:47:52,223 - INFO - Running experiment for seed 1001
2025-09-07 23:47:52,224 - INFO - Command: /home/alz07xz/project/PD-Quant/pd_quant/bin/python ../test_quant.py --model swin_tiny --w_bit 2 --a_bit 4 --seed 1001 --config ./../configs/4bit/best.py --dataset /home/alz07xz/imagenet --calib-size 1000 --calib-batch-size 32 --val-batch-size 500 --num-workers 8 --device cuda --alpha-list 0.5 --num-clusters-list 1 8 16 24 32 40 48 56 64 72 80 88 96 104 112 120 128 136 144 152 160 168 176 184 192 200 208 216 224 232 240 248 256 --pca-dim-list 50 --calibrate --optimize
2025-09-07 23:47:52,224 - INFO - Working directory: /home/alz07xz/project/APHQ_CAT/ablate_clusters
2025-09-08 03:48:01,971 - INFO - Experiment for seed 1001 completed in 14409.75 seconds
2025-09-08 03:48:01,972 - INFO - SUCCESS: Experiment for seed 1001 completed successfully
2025-09-08 03:48:01,977 - INFO - Looking for results in: ./checkpoint/quant_result/20250907_2346
2025-09-08 03:48:01,982 - INFO - Parsed 0 reconstructed results from log file for seed 1001
2025-09-08 03:48:01,983 - INFO - Parsed 0 baseline results from log file for seed 1001
2025-09-08 03:48:01,983 - INFO - Seed 1001 completed successfully
2025-09-08 03:48:01,983 - INFO - Sleeping for 0.5 seconds before next seed...
2025-09-08 03:48:02,483 - INFO - 
============================================================
2025-09-08 03:48:02,483 - INFO - Running experiment 2/3 for seed 1002
2025-09-08 03:48:02,483 - INFO - ============================================================
2025-09-08 03:48:02,484 - INFO - Running experiment for seed 1002
2025-09-08 03:48:02,484 - INFO - Command: /home/alz07xz/project/PD-Quant/pd_quant/bin/python ../test_quant.py --model swin_tiny --w_bit 2 --a_bit 4 --seed 1002 --config ./../configs/4bit/best.py --dataset /home/alz07xz/imagenet --calib-size 1000 --calib-batch-size 32 --val-batch-size 500 --num-workers 8 --device cuda --alpha-list 0.5 --num-clusters-list 1 8 16 24 32 40 48 56 64 72 80 88 96 104 112 120 128 136 144 152 160 168 176 184 192 200 208 216 224 232 240 248 256 --pca-dim-list 50 --calibrate --optimize
2025-09-08 03:48:02,484 - INFO - Working directory: /home/alz07xz/project/APHQ_CAT/ablate_clusters
2025-09-08 07:47:26,667 - INFO - Experiment for seed 1002 completed in 14364.18 seconds
2025-09-08 07:47:26,669 - INFO - SUCCESS: Experiment for seed 1002 completed successfully
2025-09-08 07:47:26,670 - INFO - Looking for results in: ./checkpoint/quant_result/20250908_0609
2025-09-08 07:47:26,670 - INFO - Parsed 0 reconstructed results from log file for seed 1002
2025-09-08 07:47:26,670 - INFO - Parsed 0 baseline results from log file for seed 1002
2025-09-08 07:47:26,670 - INFO - Seed 1002 completed successfully
2025-09-08 07:47:26,670 - INFO - Sleeping for 0.5 seconds before next seed...
2025-09-08 07:47:27,171 - INFO - 
============================================================
2025-09-08 07:47:27,171 - INFO - Running experiment 3/3 for seed 1003
2025-09-08 07:47:27,171 - INFO - ============================================================
2025-09-08 07:47:27,172 - INFO - Running experiment for seed 1003
2025-09-08 07:47:27,172 - INFO - Command: /home/alz07xz/project/PD-Quant/pd_quant/bin/python ../test_quant.py --model swin_tiny --w_bit 2 --a_bit 4 --seed 1003 --config ./../configs/4bit/best.py --dataset /home/alz07xz/imagenet --calib-size 1000 --calib-batch-size 32 --val-batch-size 500 --num-workers 8 --device cuda --alpha-list 0.5 --num-clusters-list 1 8 16 24 32 40 48 56 64 72 80 88 96 104 112 120 128 136 144 152 160 168 176 184 192 200 208 216 224 232 240 248 256 --pca-dim-list 50 --calibrate --optimize
2025-09-08 07:47:27,172 - INFO - Working directory: /home/alz07xz/project/APHQ_CAT/ablate_clusters
