2025-09-07 17:58:23,636 - INFO - Starting multi-seed experiment
2025-09-07 17:58:23,636 - INFO - Architecture: deit_small
2025-09-07 17:58:23,636 - INFO - Weight bits: 4
2025-09-07 17:58:23,636 - INFO - Activation bits: 4
2025-09-07 17:58:23,636 - INFO - Seeds: [1001, 1002, 1003]
2025-09-07 17:58:23,636 - INFO - Alpha values: [0.5]
2025-09-07 17:58:23,636 - INFO - Cluster numbers: [1, 8, 16, 24, 32, 40, 48, 56, 64, 72, 80, 88, 96, 104, 112, 120, 128, 136, 144, 152, 160, 168, 176, 184, 192, 200, 208, 216, 224, 232, 240, 248, 256]
2025-09-07 17:58:23,636 - INFO - PCA dimensions: [50]
2025-09-07 17:58:23,636 - INFO - Output directory: ./experiment_results/deit_small_w4_a4_20250907_175823
2025-09-07 17:58:23,636 - INFO - Checking basic requirements...
2025-09-07 17:58:23,636 - INFO - Basic checks passed
2025-09-07 17:58:23,636 - INFO - 
Starting experiments for 3 seeds...
2025-09-07 17:58:23,636 - INFO - Total parameter combinations: 33
2025-09-07 17:58:23,636 - INFO - Total experiments: 99
2025-09-07 17:58:23,636 - INFO - 
============================================================
2025-09-07 17:58:23,636 - INFO - Running experiment 1/3 for seed 1001
2025-09-07 17:58:23,636 - INFO - ============================================================
2025-09-07 17:58:23,636 - INFO - Running experiment for seed 1001
2025-09-07 17:58:23,636 - INFO - Command: /home/alz07xz/project/PD-Quant/pd_quant/bin/python ../test_quant.py --model deit_small --w_bit 4 --a_bit 4 --seed 1001 --config ./../configs/4bit/best.py --dataset /home/alz07xz/imagenet --calib-size 1000 --calib-batch-size 32 --val-batch-size 500 --num-workers 8 --device cuda --alpha-list 0.5 --num-clusters-list 1 8 16 24 32 40 48 56 64 72 80 88 96 104 112 120 128 136 144 152 160 168 176 184 192 200 208 216 224 232 240 248 256 --pca-dim-list 50 --calibrate --optimize
2025-09-07 17:58:23,636 - INFO - Working directory: /home/alz07xz/project/APHQ_CAT/ablate_clusters
2025-09-07 20:40:57,201 - INFO - Experiment for seed 1001 completed in 9753.56 seconds
2025-09-07 20:40:57,203 - INFO - SUCCESS: Experiment for seed 1001 completed successfully
2025-09-07 20:40:57,205 - INFO - Looking for results in: ./checkpoint/quant_result/20250907_2040
2025-09-07 20:40:57,205 - INFO - Parsed 0 reconstructed results from log file for seed 1001
2025-09-07 20:40:57,205 - INFO - Parsed 0 baseline results from log file for seed 1001
2025-09-07 20:40:57,205 - INFO - Seed 1001 completed successfully
2025-09-07 20:40:57,205 - INFO - Sleeping for 0.5 seconds before next seed...
2025-09-07 20:40:57,705 - INFO - 
============================================================
2025-09-07 20:40:57,705 - INFO - Running experiment 2/3 for seed 1002
2025-09-07 20:40:57,705 - INFO - ============================================================
2025-09-07 20:40:57,706 - INFO - Running experiment for seed 1002
2025-09-07 20:40:57,706 - INFO - Command: /home/alz07xz/project/PD-Quant/pd_quant/bin/python ../test_quant.py --model deit_small --w_bit 4 --a_bit 4 --seed 1002 --config ./../configs/4bit/best.py --dataset /home/alz07xz/imagenet --calib-size 1000 --calib-batch-size 32 --val-batch-size 500 --num-workers 8 --device cuda --alpha-list 0.5 --num-clusters-list 1 8 16 24 32 40 48 56 64 72 80 88 96 104 112 120 128 136 144 152 160 168 176 184 192 200 208 216 224 232 240 248 256 --pca-dim-list 50 --calibrate --optimize
2025-09-07 20:40:57,706 - INFO - Working directory: /home/alz07xz/project/APHQ_CAT/ablate_clusters
2025-09-07 23:22:38,959 - INFO - Experiment for seed 1002 completed in 9701.25 seconds
2025-09-07 23:22:38,968 - INFO - SUCCESS: Experiment for seed 1002 completed successfully
2025-09-07 23:22:38,972 - INFO - Looking for results in: ./checkpoint/quant_result/20250907_2322
2025-09-07 23:22:38,972 - INFO - Parsed 0 reconstructed results from log file for seed 1002
2025-09-07 23:22:38,972 - INFO - Parsed 0 baseline results from log file for seed 1002
2025-09-07 23:22:38,972 - INFO - Seed 1002 completed successfully
2025-09-07 23:22:38,972 - INFO - Sleeping for 0.5 seconds before next seed...
2025-09-07 23:22:39,472 - INFO - 
============================================================
2025-09-07 23:22:39,473 - INFO - Running experiment 3/3 for seed 1003
2025-09-07 23:22:39,473 - INFO - ============================================================
2025-09-07 23:22:39,475 - INFO - Running experiment for seed 1003
2025-09-07 23:22:39,475 - INFO - Command: /home/alz07xz/project/PD-Quant/pd_quant/bin/python ../test_quant.py --model deit_small --w_bit 4 --a_bit 4 --seed 1003 --config ./../configs/4bit/best.py --dataset /home/alz07xz/imagenet --calib-size 1000 --calib-batch-size 32 --val-batch-size 500 --num-workers 8 --device cuda --alpha-list 0.5 --num-clusters-list 1 8 16 24 32 40 48 56 64 72 80 88 96 104 112 120 128 136 144 152 160 168 176 184 192 200 208 216 224 232 240 248 256 --pca-dim-list 50 --calibrate --optimize
2025-09-07 23:22:39,475 - INFO - Working directory: /home/alz07xz/project/APHQ_CAT/ablate_clusters
2025-09-08 02:04:12,958 - INFO - Experiment for seed 1003 completed in 9693.48 seconds
2025-09-08 02:04:12,960 - INFO - SUCCESS: Experiment for seed 1003 completed successfully
2025-09-08 02:04:12,965 - INFO - Looking for results in: ./checkpoint/quant_result/20250907_2227
2025-09-08 02:04:12,970 - INFO - Parsed 0 reconstructed results from log file for seed 1003
2025-09-08 02:04:12,970 - INFO - Parsed 0 baseline results from log file for seed 1003
2025-09-08 02:04:12,970 - INFO - Seed 1003 completed successfully
2025-09-08 02:04:12,971 - INFO - 
============================================================
2025-09-08 02:04:12,971 - INFO - EXPERIMENT SUMMARY
2025-09-08 02:04:12,971 - INFO - ============================================================
2025-09-08 02:04:12,971 - INFO - Successful seeds: 3/3
2025-09-08 02:04:12,971 - INFO - Failed seeds: 0/3
2025-09-08 02:04:12,971 - INFO - Successful: [1001, 1002, 1003]
2025-09-08 02:04:12,972 - INFO - 
====================================================================================================
2025-09-08 02:04:12,972 - INFO - COMPREHENSIVE EXPERIMENT SUMMARY
2025-09-08 02:04:12,972 - INFO - ====================================================================================================
2025-09-08 02:04:12,972 - INFO - 
====================================================================================================
2025-09-08 02:04:12,973 - INFO - COMPREHENSIVE RESULTS ANALYSIS
2025-09-08 02:04:12,973 - INFO - ====================================================================================================
2025-09-08 02:04:12,973 - INFO - 📊 Analysis Summary:
2025-09-08 02:04:12,973 - INFO -   - Total seeds: 3
2025-09-08 02:04:12,973 - INFO -   - Successful runs: 0
2025-09-08 02:04:12,973 - INFO -   - Failed runs: 3
2025-09-08 02:04:12,973 - INFO -   - Reconstructed results: 0
2025-09-08 02:04:12,973 - INFO -   - Baseline results: 0
2025-09-08 02:04:12,973 - INFO -   - Failed seed numbers: [1001, 1002, 1003]
2025-09-08 02:04:12,973 - ERROR - ❌ No valid results to analyze!
2025-09-08 02:04:12,973 - INFO - 
====================================================================================================
2025-09-08 02:04:12,973 - INFO - 🎉 ALL EXPERIMENTS COMPLETED!
2025-09-08 02:04:12,973 - INFO - ====================================================================================================
2025-09-08 02:04:12,973 - INFO - Successful seeds: [1001, 1002, 1003]
2025-09-08 02:04:12,973 - INFO - Failed seeds: []
2025-09-08 02:04:12,973 - INFO - Results saved to: ./experiment_results/deit_small_w4_a4_20250907_175823
2025-09-08 02:04:12,973 - INFO - ====================================================================================================
