2025-09-06 17:56:11,116 - INFO - Starting multi-seed experiment
2025-09-06 17:56:11,116 - INFO - Architecture: deit_small
2025-09-06 17:56:11,116 - INFO - Weight bits: 4
2025-09-06 17:56:11,116 - INFO - Activation bits: 4
2025-09-06 17:56:11,116 - INFO - Seeds: [1001, 1002, 1003]
2025-09-06 17:56:11,116 - INFO - Alpha values: [0.1, 0.2, 0.3, 0.4, 0.5, 0.6, 0.7, 0.8, 0.9, 1.0]
2025-09-06 17:56:11,116 - INFO - Cluster numbers: [64]
2025-09-06 17:56:11,116 - INFO - PCA dimensions: [50]
2025-09-06 17:56:11,116 - INFO - Output directory: ./experiment_results/deit_small_w4_a4_20250906_175611
2025-09-06 17:56:11,116 - INFO - Checking basic requirements...
2025-09-06 17:56:11,116 - INFO - Basic checks passed
2025-09-06 17:56:11,116 - INFO - 
Starting experiments for 3 seeds...
2025-09-06 17:56:11,116 - INFO - Total parameter combinations: 10
2025-09-06 17:56:11,116 - INFO - Total experiments: 30
2025-09-06 17:56:11,117 - INFO - 
============================================================
2025-09-06 17:56:11,117 - INFO - Running experiment 1/3 for seed 1001
2025-09-06 17:56:11,117 - INFO - ============================================================
2025-09-06 17:56:11,117 - INFO - Running experiment for seed 1001
2025-09-06 17:56:11,117 - INFO - Command: /home/alz07xz/project/PD-Quant/pd_quant/bin/python ../test_quant.py --model deit_small --w_bit 4 --a_bit 4 --seed 1001 --config ./../configs/4bit/best.py --dataset /home/alz07xz/imagenet --calib-size 1000 --calib-batch-size 32 --val-batch-size 500 --num-workers 8 --device cuda --alpha-list 0.1 0.2 0.3 0.4 0.5 0.6 0.7 0.8 0.9 1.0 --num-clusters-list 64 --pca-dim-list 50 --calibrate --optimize
2025-09-06 17:56:11,117 - INFO - Working directory: /home/alz07xz/project/APHQ_CAT/ablate_alpha
2025-09-06 20:03:30,516 - INFO - Experiment for seed 1001 completed in 7639.40 seconds
2025-09-06 20:03:30,710 - INFO - SUCCESS: Experiment for seed 1001 completed successfully
2025-09-06 20:03:30,809 - INFO - Looking for results in: ./checkpoint/quant_result/20250906_2003
2025-09-06 20:03:30,809 - INFO - Parsed 0 reconstructed results from log file for seed 1001
2025-09-06 20:03:30,809 - INFO - Parsed 0 baseline results from log file for seed 1001
2025-09-06 20:03:30,809 - INFO - Seed 1001 completed successfully
2025-09-06 20:03:30,809 - INFO - Sleeping for 0.5 seconds before next seed...
2025-09-06 20:03:31,310 - INFO - 
============================================================
2025-09-06 20:03:31,310 - INFO - Running experiment 2/3 for seed 1002
2025-09-06 20:03:31,310 - INFO - ============================================================
2025-09-06 20:03:31,321 - INFO - Running experiment for seed 1002
2025-09-06 20:03:31,321 - INFO - Command: /home/alz07xz/project/PD-Quant/pd_quant/bin/python ../test_quant.py --model deit_small --w_bit 4 --a_bit 4 --seed 1002 --config ./../configs/4bit/best.py --dataset /home/alz07xz/imagenet --calib-size 1000 --calib-batch-size 32 --val-batch-size 500 --num-workers 8 --device cuda --alpha-list 0.1 0.2 0.3 0.4 0.5 0.6 0.7 0.8 0.9 1.0 --num-clusters-list 64 --pca-dim-list 50 --calibrate --optimize
2025-09-06 20:03:31,321 - INFO - Working directory: /home/alz07xz/project/APHQ_CAT/ablate_alpha
2025-09-06 22:03:40,438 - INFO - Experiment for seed 1002 completed in 7209.12 seconds
2025-09-06 22:03:40,439 - INFO - SUCCESS: Experiment for seed 1002 completed successfully
2025-09-06 22:03:40,440 - INFO - Looking for results in: ./checkpoint/quant_result/20250906_2203
2025-09-06 22:03:40,440 - INFO - Parsed 0 reconstructed results from log file for seed 1002
2025-09-06 22:03:40,440 - INFO - Parsed 0 baseline results from log file for seed 1002
2025-09-06 22:03:40,440 - INFO - Seed 1002 completed successfully
2025-09-06 22:03:40,440 - INFO - Sleeping for 0.5 seconds before next seed...
2025-09-06 22:03:40,940 - INFO - 
============================================================
2025-09-06 22:03:40,941 - INFO - Running experiment 3/3 for seed 1003
2025-09-06 22:03:40,941 - INFO - ============================================================
2025-09-06 22:03:40,945 - INFO - Running experiment for seed 1003
2025-09-06 22:03:40,945 - INFO - Command: /home/alz07xz/project/PD-Quant/pd_quant/bin/python ../test_quant.py --model deit_small --w_bit 4 --a_bit 4 --seed 1003 --config ./../configs/4bit/best.py --dataset /home/alz07xz/imagenet --calib-size 1000 --calib-batch-size 32 --val-batch-size 500 --num-workers 8 --device cuda --alpha-list 0.1 0.2 0.3 0.4 0.5 0.6 0.7 0.8 0.9 1.0 --num-clusters-list 64 --pca-dim-list 50 --calibrate --optimize
2025-09-06 22:03:40,945 - INFO - Working directory: /home/alz07xz/project/APHQ_CAT/ablate_alpha
2025-09-07 00:02:23,451 - INFO - Experiment for seed 1003 completed in 7122.51 seconds
2025-09-07 00:02:23,456 - INFO - SUCCESS: Experiment for seed 1003 completed successfully
2025-09-07 00:02:23,458 - INFO - Looking for results in: ./checkpoint/quant_result/20250907_0002
2025-09-07 00:02:23,458 - INFO - Parsed 0 reconstructed results from log file for seed 1003
2025-09-07 00:02:23,458 - INFO - Parsed 0 baseline results from log file for seed 1003
2025-09-07 00:02:23,458 - INFO - Seed 1003 completed successfully
2025-09-07 00:02:23,458 - INFO - 
============================================================
2025-09-07 00:02:23,459 - INFO - EXPERIMENT SUMMARY
2025-09-07 00:02:23,459 - INFO - ============================================================
2025-09-07 00:02:23,459 - INFO - Successful seeds: 3/3
2025-09-07 00:02:23,459 - INFO - Failed seeds: 0/3
2025-09-07 00:02:23,459 - INFO - Successful: [1001, 1002, 1003]
2025-09-07 00:02:23,460 - INFO - 
====================================================================================================
2025-09-07 00:02:23,460 - INFO - COMPREHENSIVE EXPERIMENT SUMMARY
2025-09-07 00:02:23,460 - INFO - ====================================================================================================
2025-09-07 00:02:23,460 - INFO - 
====================================================================================================
2025-09-07 00:02:23,460 - INFO - COMPREHENSIVE RESULTS ANALYSIS
2025-09-07 00:02:23,460 - INFO - ====================================================================================================
2025-09-07 00:02:23,460 - INFO - 📊 Analysis Summary:
2025-09-07 00:02:23,461 - INFO -   - Total seeds: 3
2025-09-07 00:02:23,461 - INFO -   - Successful runs: 0
2025-09-07 00:02:23,461 - INFO -   - Failed runs: 3
2025-09-07 00:02:23,461 - INFO -   - Reconstructed results: 0
2025-09-07 00:02:23,461 - INFO -   - Baseline results: 0
2025-09-07 00:02:23,461 - INFO -   - Failed seed numbers: [1001, 1002, 1003]
2025-09-07 00:02:23,461 - ERROR - ❌ No valid results to analyze!
2025-09-07 00:02:23,461 - INFO - 
====================================================================================================
2025-09-07 00:02:23,461 - INFO - 🎉 ALL EXPERIMENTS COMPLETED!
2025-09-07 00:02:23,461 - INFO - ====================================================================================================
2025-09-07 00:02:23,461 - INFO - Successful seeds: [1001, 1002, 1003]
2025-09-07 00:02:23,461 - INFO - Failed seeds: []
2025-09-07 00:02:23,461 - INFO - Results saved to: ./experiment_results/deit_small_w4_a4_20250906_175611
2025-09-07 00:02:23,461 - INFO - ====================================================================================================
