2025-09-07 17:58:57,015 - INFO - Starting multi-seed experiment
2025-09-07 17:58:57,015 - INFO - Architecture: deit_tiny
2025-09-07 17:58:57,015 - INFO - Weight bits: 2
2025-09-07 17:58:57,015 - INFO - Activation bits: 2
2025-09-07 17:58:57,015 - INFO - Seeds: [1001, 1002, 1003]
2025-09-07 17:58:57,016 - INFO - Alpha values: [0.5]
2025-09-07 17:58:57,016 - INFO - Cluster numbers: [1, 8, 16, 24, 32, 40, 48, 56, 64, 72, 80, 88, 96, 104, 112, 120, 128, 136, 144, 152, 160, 168, 176, 184, 192, 200, 208, 216, 224, 232, 240, 248, 256]
2025-09-07 17:58:57,016 - INFO - PCA dimensions: [50]
2025-09-07 17:58:57,016 - INFO - Output directory: ./experiment_results/deit_tiny_w2_a2_20250907_175857
2025-09-07 17:58:57,016 - INFO - Checking basic requirements...
2025-09-07 17:58:57,017 - INFO - Basic checks passed
2025-09-07 17:58:57,017 - INFO - 
Starting experiments for 3 seeds...
2025-09-07 17:58:57,017 - INFO - Total parameter combinations: 33
2025-09-07 17:58:57,017 - INFO - Total experiments: 99
2025-09-07 17:58:57,017 - INFO - 
============================================================
2025-09-07 17:58:57,017 - INFO - Running experiment 1/3 for seed 1001
2025-09-07 17:58:57,017 - INFO - ============================================================
2025-09-07 17:58:57,017 - INFO - Running experiment for seed 1001
2025-09-07 17:58:57,017 - INFO - Command: /home/alz07xz/project/PD-Quant/pd_quant/bin/python ../test_quant.py --model deit_tiny --w_bit 2 --a_bit 2 --seed 1001 --config ./../configs/4bit/best.py --dataset /home/alz07xz/imagenet --calib-size 1000 --calib-batch-size 32 --val-batch-size 500 --num-workers 8 --device cuda --alpha-list 0.5 --num-clusters-list 1 8 16 24 32 40 48 56 64 72 80 88 96 104 112 120 128 136 144 152 160 168 176 184 192 200 208 216 224 232 240 248 256 --pca-dim-list 50 --calibrate --optimize
2025-09-07 17:58:57,017 - INFO - Working directory: /home/alz07xz/project/APHQ_CAT/ablate_clusters
2025-09-07 19:54:42,553 - INFO - Experiment for seed 1001 completed in 6945.54 seconds
2025-09-07 19:54:42,556 - INFO - SUCCESS: Experiment for seed 1001 completed successfully
2025-09-07 19:54:42,560 - INFO - Looking for results in: ./checkpoint/quant_result/20250907_1759
2025-09-07 19:54:42,561 - INFO - Parsed 0 reconstructed results from log file for seed 1001
2025-09-07 19:54:42,561 - INFO - Parsed 0 baseline results from log file for seed 1001
2025-09-07 19:54:42,561 - INFO - Seed 1001 completed successfully
2025-09-07 19:54:42,561 - INFO - Sleeping for 0.5 seconds before next seed...
2025-09-07 19:54:43,061 - INFO - 
============================================================
2025-09-07 19:54:43,061 - INFO - Running experiment 2/3 for seed 1002
2025-09-07 19:54:43,061 - INFO - ============================================================
2025-09-07 19:54:43,062 - INFO - Running experiment for seed 1002
2025-09-07 19:54:43,063 - INFO - Command: /home/alz07xz/project/PD-Quant/pd_quant/bin/python ../test_quant.py --model deit_tiny --w_bit 2 --a_bit 2 --seed 1002 --config ./../configs/4bit/best.py --dataset /home/alz07xz/imagenet --calib-size 1000 --calib-batch-size 32 --val-batch-size 500 --num-workers 8 --device cuda --alpha-list 0.5 --num-clusters-list 1 8 16 24 32 40 48 56 64 72 80 88 96 104 112 120 128 136 144 152 160 168 176 184 192 200 208 216 224 232 240 248 256 --pca-dim-list 50 --calibrate --optimize
2025-09-07 19:54:43,063 - INFO - Working directory: /home/alz07xz/project/APHQ_CAT/ablate_clusters
2025-09-07 21:50:00,480 - INFO - Experiment for seed 1002 completed in 6917.42 seconds
2025-09-07 21:50:00,482 - INFO - SUCCESS: Experiment for seed 1002 completed successfully
2025-09-07 21:50:00,486 - INFO - Looking for results in: ./checkpoint/quant_result/20250907_2032
2025-09-07 21:50:00,486 - INFO - Parsed 0 reconstructed results from log file for seed 1002
2025-09-07 21:50:00,486 - INFO - Parsed 0 baseline results from log file for seed 1002
2025-09-07 21:50:00,486 - INFO - Seed 1002 completed successfully
2025-09-07 21:50:00,486 - INFO - Sleeping for 0.5 seconds before next seed...
2025-09-07 21:50:00,986 - INFO - 
============================================================
2025-09-07 21:50:00,987 - INFO - Running experiment 3/3 for seed 1003
2025-09-07 21:50:00,987 - INFO - ============================================================
2025-09-07 21:50:00,988 - INFO - Running experiment for seed 1003
2025-09-07 21:50:00,988 - INFO - Command: /home/alz07xz/project/PD-Quant/pd_quant/bin/python ../test_quant.py --model deit_tiny --w_bit 2 --a_bit 2 --seed 1003 --config ./../configs/4bit/best.py --dataset /home/alz07xz/imagenet --calib-size 1000 --calib-batch-size 32 --val-batch-size 500 --num-workers 8 --device cuda --alpha-list 0.5 --num-clusters-list 1 8 16 24 32 40 48 56 64 72 80 88 96 104 112 120 128 136 144 152 160 168 176 184 192 200 208 216 224 232 240 248 256 --pca-dim-list 50 --calibrate --optimize
2025-09-07 21:50:00,988 - INFO - Working directory: /home/alz07xz/project/APHQ_CAT/ablate_clusters
2025-09-07 23:45:53,561 - INFO - Experiment for seed 1003 completed in 6952.57 seconds
2025-09-07 23:45:53,564 - INFO - SUCCESS: Experiment for seed 1003 completed successfully
2025-09-07 23:45:53,568 - INFO - Looking for results in: ./checkpoint/quant_result/20250907_2327
2025-09-07 23:45:53,570 - INFO - Parsed 0 reconstructed results from log file for seed 1003
2025-09-07 23:45:53,570 - INFO - Parsed 0 baseline results from log file for seed 1003
2025-09-07 23:45:53,570 - INFO - Seed 1003 completed successfully
2025-09-07 23:45:53,570 - INFO - 
============================================================
2025-09-07 23:45:53,570 - INFO - EXPERIMENT SUMMARY
2025-09-07 23:45:53,570 - INFO - ============================================================
2025-09-07 23:45:53,570 - INFO - Successful seeds: 3/3
2025-09-07 23:45:53,570 - INFO - Failed seeds: 0/3
2025-09-07 23:45:53,570 - INFO - Successful: [1001, 1002, 1003]
2025-09-07 23:45:53,571 - INFO - 
====================================================================================================
2025-09-07 23:45:53,572 - INFO - COMPREHENSIVE EXPERIMENT SUMMARY
2025-09-07 23:45:53,572 - INFO - ====================================================================================================
2025-09-07 23:45:53,572 - INFO - 
====================================================================================================
2025-09-07 23:45:53,572 - INFO - COMPREHENSIVE RESULTS ANALYSIS
2025-09-07 23:45:53,572 - INFO - ====================================================================================================
2025-09-07 23:45:53,572 - INFO - 📊 Analysis Summary:
2025-09-07 23:45:53,572 - INFO -   - Total seeds: 3
2025-09-07 23:45:53,572 - INFO -   - Successful runs: 0
2025-09-07 23:45:53,572 - INFO -   - Failed runs: 3
2025-09-07 23:45:53,572 - INFO -   - Reconstructed results: 0
2025-09-07 23:45:53,572 - INFO -   - Baseline results: 0
2025-09-07 23:45:53,572 - INFO -   - Failed seed numbers: [1001, 1002, 1003]
2025-09-07 23:45:53,572 - ERROR - ❌ No valid results to analyze!
2025-09-07 23:45:53,572 - INFO - 
====================================================================================================
2025-09-07 23:45:53,572 - INFO - 🎉 ALL EXPERIMENTS COMPLETED!
2025-09-07 23:45:53,572 - INFO - ====================================================================================================
2025-09-07 23:45:53,572 - INFO - Successful seeds: [1001, 1002, 1003]
2025-09-07 23:45:53,572 - INFO - Failed seeds: []
2025-09-07 23:45:53,572 - INFO - Results saved to: ./experiment_results/deit_tiny_w2_a2_20250907_175857
2025-09-07 23:45:53,572 - INFO - ====================================================================================================
