2025-09-07 23:56:22,234 - INFO - Starting multi-seed experiment
2025-09-07 23:56:22,234 - INFO - Architecture: swin_tiny
2025-09-07 23:56:22,234 - INFO - Weight bits: 4
2025-09-07 23:56:22,234 - INFO - Activation bits: 2
2025-09-07 23:56:22,234 - INFO - Seeds: [1001, 1002, 1003]
2025-09-07 23:56:22,235 - INFO - Alpha values: [0.5]
2025-09-07 23:56:22,235 - INFO - Cluster numbers: [1, 8, 16, 24, 32, 40, 48, 56, 64, 72, 80, 88, 96, 104, 112, 120, 128, 136, 144, 152, 160, 168, 176, 184, 192, 200, 208, 216, 224, 232, 240, 248, 256]
2025-09-07 23:56:22,235 - INFO - PCA dimensions: [50]
2025-09-07 23:56:22,235 - INFO - Output directory: ./experiment_results/swin_tiny_w4_a2_20250907_235622
2025-09-07 23:56:22,235 - INFO - Checking basic requirements...
2025-09-07 23:56:22,236 - INFO - Basic checks passed
2025-09-07 23:56:22,236 - INFO - 
Starting experiments for 3 seeds...
2025-09-07 23:56:22,236 - INFO - Total parameter combinations: 33
2025-09-07 23:56:22,236 - INFO - Total experiments: 99
2025-09-07 23:56:22,236 - INFO - 
============================================================
2025-09-07 23:56:22,236 - INFO - Running experiment 1/3 for seed 1001
2025-09-07 23:56:22,236 - INFO - ============================================================
2025-09-07 23:56:22,236 - INFO - Running experiment for seed 1001
2025-09-07 23:56:22,236 - INFO - Command: /home/alz07xz/project/PD-Quant/pd_quant/bin/python ../test_quant.py --model swin_tiny --w_bit 4 --a_bit 2 --seed 1001 --config ./../configs/4bit/best.py --dataset /home/alz07xz/imagenet --calib-size 1000 --calib-batch-size 32 --val-batch-size 500 --num-workers 8 --device cuda --alpha-list 0.5 --num-clusters-list 1 8 16 24 32 40 48 56 64 72 80 88 96 104 112 120 128 136 144 152 160 168 176 184 192 200 208 216 224 232 240 248 256 --pca-dim-list 50 --calibrate --optimize
2025-09-07 23:56:22,236 - INFO - Working directory: /home/alz07xz/project/APHQ_CAT/ablate_clusters
2025-09-08 03:57:34,622 - INFO - Experiment for seed 1001 completed in 14472.39 seconds
2025-09-08 03:57:34,623 - INFO - SUCCESS: Experiment for seed 1001 completed successfully
2025-09-08 03:57:34,626 - INFO - Looking for results in: ./checkpoint/quant_result/20250908_0349
2025-09-08 03:57:34,629 - INFO - Parsed 0 reconstructed results from log file for seed 1001
2025-09-08 03:57:34,629 - INFO - Parsed 0 baseline results from log file for seed 1001
2025-09-08 03:57:34,629 - INFO - Seed 1001 completed successfully
2025-09-08 03:57:34,629 - INFO - Sleeping for 0.5 seconds before next seed...
2025-09-08 03:57:35,129 - INFO - 
============================================================
2025-09-08 03:57:35,129 - INFO - Running experiment 2/3 for seed 1002
2025-09-08 03:57:35,129 - INFO - ============================================================
2025-09-08 03:57:35,130 - INFO - Running experiment for seed 1002
2025-09-08 03:57:35,130 - INFO - Command: /home/alz07xz/project/PD-Quant/pd_quant/bin/python ../test_quant.py --model swin_tiny --w_bit 4 --a_bit 2 --seed 1002 --config ./../configs/4bit/best.py --dataset /home/alz07xz/imagenet --calib-size 1000 --calib-batch-size 32 --val-batch-size 500 --num-workers 8 --device cuda --alpha-list 0.5 --num-clusters-list 1 8 16 24 32 40 48 56 64 72 80 88 96 104 112 120 128 136 144 152 160 168 176 184 192 200 208 216 224 232 240 248 256 --pca-dim-list 50 --calibrate --optimize
2025-09-08 03:57:35,130 - INFO - Working directory: /home/alz07xz/project/APHQ_CAT/ablate_clusters
2025-09-08 07:58:38,685 - INFO - Experiment for seed 1002 completed in 14463.55 seconds
2025-09-08 07:58:38,721 - INFO - SUCCESS: Experiment for seed 1002 completed successfully
2025-09-08 07:58:38,727 - INFO - Looking for results in: ./checkpoint/quant_result/20250908_0748
2025-09-08 07:58:38,741 - INFO - Parsed 0 reconstructed results from log file for seed 1002
2025-09-08 07:58:38,742 - INFO - Parsed 0 baseline results from log file for seed 1002
2025-09-08 07:58:38,742 - INFO - Seed 1002 completed successfully
2025-09-08 07:58:38,742 - INFO - Sleeping for 0.5 seconds before next seed...
2025-09-08 07:58:39,242 - INFO - 
============================================================
2025-09-08 07:58:39,242 - INFO - Running experiment 3/3 for seed 1003
2025-09-08 07:58:39,242 - INFO - ============================================================
2025-09-08 07:58:39,243 - INFO - Running experiment for seed 1003
2025-09-08 07:58:39,243 - INFO - Command: /home/alz07xz/project/PD-Quant/pd_quant/bin/python ../test_quant.py --model swin_tiny --w_bit 4 --a_bit 2 --seed 1003 --config ./../configs/4bit/best.py --dataset /home/alz07xz/imagenet --calib-size 1000 --calib-batch-size 32 --val-batch-size 500 --num-workers 8 --device cuda --alpha-list 0.5 --num-clusters-list 1 8 16 24 32 40 48 56 64 72 80 88 96 104 112 120 128 136 144 152 160 168 176 184 192 200 208 216 224 232 240 248 256 --pca-dim-list 50 --calibrate --optimize
2025-09-08 07:58:39,243 - INFO - Working directory: /home/alz07xz/project/APHQ_CAT/ablate_clusters
