2025-09-07 12:06:31,760 - INFO - Starting multi-seed experiment
2025-09-07 12:06:31,761 - INFO - Architecture: vit_tiny
2025-09-07 12:06:31,761 - INFO - Weight bits: 2
2025-09-07 12:06:31,761 - INFO - Activation bits: 4
2025-09-07 12:06:31,761 - INFO - Seeds: [1001, 1002, 1003]
2025-09-07 12:06:31,761 - INFO - Alpha values: [0.1, 0.2, 0.3, 0.4, 0.5, 0.6, 0.7, 0.8, 0.9, 1.0]
2025-09-07 12:06:31,761 - INFO - Cluster numbers: [64]
2025-09-07 12:06:31,761 - INFO - PCA dimensions: [50]
2025-09-07 12:06:31,761 - INFO - Output directory: ./experiment_results/vit_tiny_w2_a4_20250907_120631
2025-09-07 12:06:31,761 - INFO - Checking basic requirements...
2025-09-07 12:06:31,762 - INFO - Basic checks passed
2025-09-07 12:06:31,762 - INFO - 
Starting experiments for 3 seeds...
2025-09-07 12:06:31,762 - INFO - Total parameter combinations: 10
2025-09-07 12:06:31,762 - INFO - Total experiments: 30
2025-09-07 12:06:31,762 - INFO - 
============================================================
2025-09-07 12:06:31,762 - INFO - Running experiment 1/3 for seed 1001
2025-09-07 12:06:31,762 - INFO - ============================================================
2025-09-07 12:06:31,762 - INFO - Running experiment for seed 1001
2025-09-07 12:06:31,762 - INFO - Command: /home/alz07xz/project/PD-Quant/pd_quant/bin/python ../test_quant.py --model vit_tiny --w_bit 2 --a_bit 4 --seed 1001 --config ./../configs/4bit/best.py --dataset /home/alz07xz/imagenet --calib-size 1000 --calib-batch-size 32 --val-batch-size 500 --num-workers 8 --device cuda --alpha-list 0.1 0.2 0.3 0.4 0.5 0.6 0.7 0.8 0.9 1.0 --num-clusters-list 64 --pca-dim-list 50 --calibrate --optimize
2025-09-07 12:06:31,762 - INFO - Working directory: /home/alz07xz/project/APHQ_CAT/ablate_alpha
2025-09-07 13:38:57,403 - INFO - Experiment for seed 1001 completed in 5545.64 seconds
2025-09-07 13:38:57,405 - INFO - SUCCESS: Experiment for seed 1001 completed successfully
2025-09-07 13:38:57,407 - INFO - Looking for results in: ./checkpoint/quant_result/20250907_1208
2025-09-07 13:38:57,407 - INFO - Parsed 0 reconstructed results from log file for seed 1001
2025-09-07 13:38:57,407 - INFO - Parsed 0 baseline results from log file for seed 1001
2025-09-07 13:38:57,407 - INFO - Seed 1001 completed successfully
2025-09-07 13:38:57,407 - INFO - Sleeping for 0.5 seconds before next seed...
2025-09-07 13:38:57,908 - INFO - 
============================================================
2025-09-07 13:38:57,908 - INFO - Running experiment 2/3 for seed 1002
2025-09-07 13:38:57,908 - INFO - ============================================================
2025-09-07 13:38:57,909 - INFO - Running experiment for seed 1002
2025-09-07 13:38:57,909 - INFO - Command: /home/alz07xz/project/PD-Quant/pd_quant/bin/python ../test_quant.py --model vit_tiny --w_bit 2 --a_bit 4 --seed 1002 --config ./../configs/4bit/best.py --dataset /home/alz07xz/imagenet --calib-size 1000 --calib-batch-size 32 --val-batch-size 500 --num-workers 8 --device cuda --alpha-list 0.1 0.2 0.3 0.4 0.5 0.6 0.7 0.8 0.9 1.0 --num-clusters-list 64 --pca-dim-list 50 --calibrate --optimize
2025-09-07 13:38:57,909 - INFO - Working directory: /home/alz07xz/project/APHQ_CAT/ablate_alpha
2025-09-07 15:11:44,377 - INFO - Experiment for seed 1002 completed in 5566.47 seconds
2025-09-07 15:11:44,380 - INFO - SUCCESS: Experiment for seed 1002 completed successfully
2025-09-07 15:11:44,382 - INFO - Looking for results in: ./checkpoint/quant_result/20250907_1132
2025-09-07 15:11:44,384 - INFO - Parsed 0 reconstructed results from log file for seed 1002
2025-09-07 15:11:44,384 - INFO - Parsed 0 baseline results from log file for seed 1002
2025-09-07 15:11:44,384 - INFO - Seed 1002 completed successfully
2025-09-07 15:11:44,384 - INFO - Sleeping for 0.5 seconds before next seed...
2025-09-07 15:11:44,885 - INFO - 
============================================================
2025-09-07 15:11:44,885 - INFO - Running experiment 3/3 for seed 1003
2025-09-07 15:11:44,885 - INFO - ============================================================
2025-09-07 15:11:44,886 - INFO - Running experiment for seed 1003
2025-09-07 15:11:44,886 - INFO - Command: /home/alz07xz/project/PD-Quant/pd_quant/bin/python ../test_quant.py --model vit_tiny --w_bit 2 --a_bit 4 --seed 1003 --config ./../configs/4bit/best.py --dataset /home/alz07xz/imagenet --calib-size 1000 --calib-batch-size 32 --val-batch-size 500 --num-workers 8 --device cuda --alpha-list 0.1 0.2 0.3 0.4 0.5 0.6 0.7 0.8 0.9 1.0 --num-clusters-list 64 --pca-dim-list 50 --calibrate --optimize
2025-09-07 15:11:44,886 - INFO - Working directory: /home/alz07xz/project/APHQ_CAT/ablate_alpha
2025-09-07 16:43:22,207 - INFO - Experiment for seed 1003 completed in 5497.32 seconds
2025-09-07 16:43:22,209 - INFO - SUCCESS: Experiment for seed 1003 completed successfully
2025-09-07 16:43:22,211 - INFO - Looking for results in: ./checkpoint/quant_result/20250907_1606
2025-09-07 16:43:22,211 - INFO - Parsed 0 reconstructed results from log file for seed 1003
2025-09-07 16:43:22,211 - INFO - Parsed 0 baseline results from log file for seed 1003
2025-09-07 16:43:22,211 - INFO - Seed 1003 completed successfully
2025-09-07 16:43:22,211 - INFO - 
============================================================
2025-09-07 16:43:22,212 - INFO - EXPERIMENT SUMMARY
2025-09-07 16:43:22,212 - INFO - ============================================================
2025-09-07 16:43:22,212 - INFO - Successful seeds: 3/3
2025-09-07 16:43:22,212 - INFO - Failed seeds: 0/3
2025-09-07 16:43:22,212 - INFO - Successful: [1001, 1002, 1003]
2025-09-07 16:43:22,213 - INFO - 
====================================================================================================
2025-09-07 16:43:22,213 - INFO - COMPREHENSIVE EXPERIMENT SUMMARY
2025-09-07 16:43:22,213 - INFO - ====================================================================================================
2025-09-07 16:43:22,213 - INFO - 
====================================================================================================
2025-09-07 16:43:22,213 - INFO - COMPREHENSIVE RESULTS ANALYSIS
2025-09-07 16:43:22,213 - INFO - ====================================================================================================
2025-09-07 16:43:22,213 - INFO - 📊 Analysis Summary:
2025-09-07 16:43:22,214 - INFO -   - Total seeds: 3
2025-09-07 16:43:22,214 - INFO -   - Successful runs: 0
2025-09-07 16:43:22,214 - INFO -   - Failed runs: 3
2025-09-07 16:43:22,214 - INFO -   - Reconstructed results: 0
2025-09-07 16:43:22,214 - INFO -   - Baseline results: 0
2025-09-07 16:43:22,214 - INFO -   - Failed seed numbers: [1001, 1002, 1003]
2025-09-07 16:43:22,214 - ERROR - ❌ No valid results to analyze!
2025-09-07 16:43:22,214 - INFO - 
====================================================================================================
2025-09-07 16:43:22,214 - INFO - 🎉 ALL EXPERIMENTS COMPLETED!
2025-09-07 16:43:22,214 - INFO - ====================================================================================================
2025-09-07 16:43:22,214 - INFO - Successful seeds: [1001, 1002, 1003]
2025-09-07 16:43:22,214 - INFO - Failed seeds: []
2025-09-07 16:43:22,214 - INFO - Results saved to: ./experiment_results/vit_tiny_w2_a4_20250907_120631
2025-09-07 16:43:22,214 - INFO - ====================================================================================================
