2025-09-07 12:01:26,927 - INFO - Starting multi-seed experiment
2025-09-07 12:01:26,927 - INFO - Architecture: vit_small
2025-09-07 12:01:26,927 - INFO - Weight bits: 4
2025-09-07 12:01:26,927 - INFO - Activation bits: 2
2025-09-07 12:01:26,927 - INFO - Seeds: [1001, 1002, 1003]
2025-09-07 12:01:26,927 - INFO - Alpha values: [0.1, 0.2, 0.3, 0.4, 0.5, 0.6, 0.7, 0.8, 0.9, 1.0]
2025-09-07 12:01:26,927 - INFO - Cluster numbers: [64]
2025-09-07 12:01:26,927 - INFO - PCA dimensions: [50]
2025-09-07 12:01:26,927 - INFO - Output directory: ./experiment_results/vit_small_w4_a2_20250907_120126
2025-09-07 12:01:26,927 - INFO - Checking basic requirements...
2025-09-07 12:01:26,927 - INFO - Basic checks passed
2025-09-07 12:01:26,927 - INFO - 
Starting experiments for 3 seeds...
2025-09-07 12:01:26,927 - INFO - Total parameter combinations: 10
2025-09-07 12:01:26,927 - INFO - Total experiments: 30
2025-09-07 12:01:26,927 - INFO - 
============================================================
2025-09-07 12:01:26,927 - INFO - Running experiment 1/3 for seed 1001
2025-09-07 12:01:26,927 - INFO - ============================================================
2025-09-07 12:01:26,928 - INFO - Running experiment for seed 1001
2025-09-07 12:01:26,928 - INFO - Command: /home/alz07xz/project/PD-Quant/pd_quant/bin/python ../test_quant.py --model vit_small --w_bit 4 --a_bit 2 --seed 1001 --config ./../configs/4bit/best.py --dataset /home/alz07xz/imagenet --calib-size 1000 --calib-batch-size 32 --val-batch-size 500 --num-workers 8 --device cuda --alpha-list 0.1 0.2 0.3 0.4 0.5 0.6 0.7 0.8 0.9 1.0 --num-clusters-list 64 --pca-dim-list 50 --calibrate --optimize
2025-09-07 12:01:26,928 - INFO - Working directory: /home/alz07xz/project/APHQ_CAT/ablate_alpha
2025-09-07 14:01:20,007 - INFO - Experiment for seed 1001 completed in 7193.08 seconds
2025-09-07 14:01:20,019 - INFO - SUCCESS: Experiment for seed 1001 completed successfully
2025-09-07 14:01:20,020 - INFO - Looking for results in: ./checkpoint/quant_result/20250907_1206
2025-09-07 14:01:20,162 - INFO - Parsed 0 reconstructed results from log file for seed 1001
2025-09-07 14:01:20,162 - INFO - Parsed 0 baseline results from log file for seed 1001
2025-09-07 14:01:20,162 - INFO - Seed 1001 completed successfully
2025-09-07 14:01:20,162 - INFO - Sleeping for 0.5 seconds before next seed...
2025-09-07 14:01:20,662 - INFO - 
============================================================
2025-09-07 14:01:20,662 - INFO - Running experiment 2/3 for seed 1002
2025-09-07 14:01:20,662 - INFO - ============================================================
2025-09-07 14:01:20,663 - INFO - Running experiment for seed 1002
2025-09-07 14:01:20,663 - INFO - Command: /home/alz07xz/project/PD-Quant/pd_quant/bin/python ../test_quant.py --model vit_small --w_bit 4 --a_bit 2 --seed 1002 --config ./../configs/4bit/best.py --dataset /home/alz07xz/imagenet --calib-size 1000 --calib-batch-size 32 --val-batch-size 500 --num-workers 8 --device cuda --alpha-list 0.1 0.2 0.3 0.4 0.5 0.6 0.7 0.8 0.9 1.0 --num-clusters-list 64 --pca-dim-list 50 --calibrate --optimize
2025-09-07 14:01:20,663 - INFO - Working directory: /home/alz07xz/project/APHQ_CAT/ablate_alpha
2025-09-07 16:00:20,775 - INFO - Experiment for seed 1002 completed in 7140.11 seconds
2025-09-07 16:00:20,778 - INFO - SUCCESS: Experiment for seed 1002 completed successfully
2025-09-07 16:00:20,781 - INFO - Looking for results in: ./checkpoint/quant_result/20250907_1553
2025-09-07 16:00:20,781 - INFO - Parsed 0 reconstructed results from log file for seed 1002
2025-09-07 16:00:20,781 - INFO - Parsed 0 baseline results from log file for seed 1002
2025-09-07 16:00:20,781 - INFO - Seed 1002 completed successfully
2025-09-07 16:00:20,781 - INFO - Sleeping for 0.5 seconds before next seed...
2025-09-07 16:00:21,281 - INFO - 
============================================================
2025-09-07 16:00:21,282 - INFO - Running experiment 3/3 for seed 1003
2025-09-07 16:00:21,282 - INFO - ============================================================
2025-09-07 16:00:21,282 - INFO - Running experiment for seed 1003
2025-09-07 16:00:21,282 - INFO - Command: /home/alz07xz/project/PD-Quant/pd_quant/bin/python ../test_quant.py --model vit_small --w_bit 4 --a_bit 2 --seed 1003 --config ./../configs/4bit/best.py --dataset /home/alz07xz/imagenet --calib-size 1000 --calib-batch-size 32 --val-batch-size 500 --num-workers 8 --device cuda --alpha-list 0.1 0.2 0.3 0.4 0.5 0.6 0.7 0.8 0.9 1.0 --num-clusters-list 64 --pca-dim-list 50 --calibrate --optimize
2025-09-07 16:00:21,282 - INFO - Working directory: /home/alz07xz/project/APHQ_CAT/ablate_alpha
2025-09-07 17:57:44,671 - INFO - Experiment for seed 1003 completed in 7043.39 seconds
2025-09-07 17:57:44,672 - INFO - SUCCESS: Experiment for seed 1003 completed successfully
2025-09-07 17:57:44,677 - INFO - Looking for results in: ./checkpoint/quant_result/20250907_1735
2025-09-07 17:57:44,678 - INFO - Parsed 0 reconstructed results from log file for seed 1003
2025-09-07 17:57:44,678 - INFO - Parsed 0 baseline results from log file for seed 1003
2025-09-07 17:57:44,678 - INFO - Seed 1003 completed successfully
2025-09-07 17:57:44,678 - INFO - 
============================================================
2025-09-07 17:57:44,678 - INFO - EXPERIMENT SUMMARY
2025-09-07 17:57:44,678 - INFO - ============================================================
2025-09-07 17:57:44,678 - INFO - Successful seeds: 3/3
2025-09-07 17:57:44,678 - INFO - Failed seeds: 0/3
2025-09-07 17:57:44,678 - INFO - Successful: [1001, 1002, 1003]
2025-09-07 17:57:44,679 - INFO - 
====================================================================================================
2025-09-07 17:57:44,679 - INFO - COMPREHENSIVE EXPERIMENT SUMMARY
2025-09-07 17:57:44,679 - INFO - ====================================================================================================
2025-09-07 17:57:44,679 - INFO - 
====================================================================================================
2025-09-07 17:57:44,679 - INFO - COMPREHENSIVE RESULTS ANALYSIS
2025-09-07 17:57:44,679 - INFO - ====================================================================================================
2025-09-07 17:57:44,679 - INFO - 📊 Analysis Summary:
2025-09-07 17:57:44,679 - INFO -   - Total seeds: 3
2025-09-07 17:57:44,679 - INFO -   - Successful runs: 0
2025-09-07 17:57:44,679 - INFO -   - Failed runs: 3
2025-09-07 17:57:44,679 - INFO -   - Reconstructed results: 0
2025-09-07 17:57:44,679 - INFO -   - Baseline results: 0
2025-09-07 17:57:44,679 - INFO -   - Failed seed numbers: [1001, 1002, 1003]
2025-09-07 17:57:44,679 - ERROR - ❌ No valid results to analyze!
2025-09-07 17:57:44,679 - INFO - 
====================================================================================================
2025-09-07 17:57:44,679 - INFO - 🎉 ALL EXPERIMENTS COMPLETED!
2025-09-07 17:57:44,680 - INFO - ====================================================================================================
2025-09-07 17:57:44,680 - INFO - Successful seeds: [1001, 1002, 1003]
2025-09-07 17:57:44,680 - INFO - Failed seeds: []
2025-09-07 17:57:44,680 - INFO - Results saved to: ./experiment_results/vit_small_w4_a2_20250907_120126
2025-09-07 17:57:44,680 - INFO - ====================================================================================================
