2025-09-07 18:00:25,175 - INFO - Starting multi-seed experiment
2025-09-07 18:00:25,175 - INFO - Architecture: deit_tiny
2025-09-07 18:00:25,175 - INFO - Weight bits: 2
2025-09-07 18:00:25,175 - INFO - Activation bits: 4
2025-09-07 18:00:25,175 - INFO - Seeds: [1001, 1002, 1003]
2025-09-07 18:00:25,175 - INFO - Alpha values: [0.5]
2025-09-07 18:00:25,175 - INFO - Cluster numbers: [1, 8, 16, 24, 32, 40, 48, 56, 64, 72, 80, 88, 96, 104, 112, 120, 128, 136, 144, 152, 160, 168, 176, 184, 192, 200, 208, 216, 224, 232, 240, 248, 256]
2025-09-07 18:00:25,175 - INFO - PCA dimensions: [50]
2025-09-07 18:00:25,175 - INFO - Output directory: ./experiment_results/deit_tiny_w2_a4_20250907_180025
2025-09-07 18:00:25,175 - INFO - Checking basic requirements...
2025-09-07 18:00:25,176 - INFO - Basic checks passed
2025-09-07 18:00:25,176 - INFO - 
Starting experiments for 3 seeds...
2025-09-07 18:00:25,176 - INFO - Total parameter combinations: 33
2025-09-07 18:00:25,176 - INFO - Total experiments: 99
2025-09-07 18:00:25,176 - INFO - 
============================================================
2025-09-07 18:00:25,176 - INFO - Running experiment 1/3 for seed 1001
2025-09-07 18:00:25,176 - INFO - ============================================================
2025-09-07 18:00:25,176 - INFO - Running experiment for seed 1001
2025-09-07 18:00:25,176 - INFO - Command: /home/alz07xz/project/PD-Quant/pd_quant/bin/python ../test_quant.py --model deit_tiny --w_bit 2 --a_bit 4 --seed 1001 --config ./../configs/4bit/best.py --dataset /home/alz07xz/imagenet --calib-size 1000 --calib-batch-size 32 --val-batch-size 500 --num-workers 8 --device cuda --alpha-list 0.5 --num-clusters-list 1 8 16 24 32 40 48 56 64 72 80 88 96 104 112 120 128 136 144 152 160 168 176 184 192 200 208 216 224 232 240 248 256 --pca-dim-list 50 --calibrate --optimize
2025-09-07 18:00:25,176 - INFO - Working directory: /home/alz07xz/project/APHQ_CAT/ablate_clusters
2025-09-07 19:56:49,708 - INFO - Experiment for seed 1001 completed in 6984.53 seconds
2025-09-07 19:56:49,710 - INFO - SUCCESS: Experiment for seed 1001 completed successfully
2025-09-07 19:56:49,712 - INFO - Looking for results in: ./checkpoint/quant_result/20250907_1954
2025-09-07 19:56:49,715 - INFO - Parsed 0 reconstructed results from log file for seed 1001
2025-09-07 19:56:49,716 - INFO - Parsed 0 baseline results from log file for seed 1001
2025-09-07 19:56:49,716 - INFO - Seed 1001 completed successfully
2025-09-07 19:56:49,716 - INFO - Sleeping for 0.5 seconds before next seed...
2025-09-07 19:56:50,216 - INFO - 
============================================================
2025-09-07 19:56:50,216 - INFO - Running experiment 2/3 for seed 1002
2025-09-07 19:56:50,216 - INFO - ============================================================
2025-09-07 19:56:50,217 - INFO - Running experiment for seed 1002
2025-09-07 19:56:50,217 - INFO - Command: /home/alz07xz/project/PD-Quant/pd_quant/bin/python ../test_quant.py --model deit_tiny --w_bit 2 --a_bit 4 --seed 1002 --config ./../configs/4bit/best.py --dataset /home/alz07xz/imagenet --calib-size 1000 --calib-batch-size 32 --val-batch-size 500 --num-workers 8 --device cuda --alpha-list 0.5 --num-clusters-list 1 8 16 24 32 40 48 56 64 72 80 88 96 104 112 120 128 136 144 152 160 168 176 184 192 200 208 216 224 232 240 248 256 --pca-dim-list 50 --calibrate --optimize
2025-09-07 19:56:50,217 - INFO - Working directory: /home/alz07xz/project/APHQ_CAT/ablate_clusters
2025-09-07 21:52:29,173 - INFO - Experiment for seed 1002 completed in 6938.96 seconds
2025-09-07 21:52:29,175 - INFO - SUCCESS: Experiment for seed 1002 completed successfully
2025-09-07 21:52:29,178 - INFO - Looking for results in: ./checkpoint/quant_result/20250907_2150
2025-09-07 21:52:29,182 - INFO - Parsed 0 reconstructed results from log file for seed 1002
2025-09-07 21:52:29,182 - INFO - Parsed 0 baseline results from log file for seed 1002
2025-09-07 21:52:29,183 - INFO - Seed 1002 completed successfully
2025-09-07 21:52:29,183 - INFO - Sleeping for 0.5 seconds before next seed...
2025-09-07 21:52:29,683 - INFO - 
============================================================
2025-09-07 21:52:29,683 - INFO - Running experiment 3/3 for seed 1003
2025-09-07 21:52:29,683 - INFO - ============================================================
2025-09-07 21:52:29,684 - INFO - Running experiment for seed 1003
2025-09-07 21:52:29,685 - INFO - Command: /home/alz07xz/project/PD-Quant/pd_quant/bin/python ../test_quant.py --model deit_tiny --w_bit 2 --a_bit 4 --seed 1003 --config ./../configs/4bit/best.py --dataset /home/alz07xz/imagenet --calib-size 1000 --calib-batch-size 32 --val-batch-size 500 --num-workers 8 --device cuda --alpha-list 0.5 --num-clusters-list 1 8 16 24 32 40 48 56 64 72 80 88 96 104 112 120 128 136 144 152 160 168 176 184 192 200 208 216 224 232 240 248 256 --pca-dim-list 50 --calibrate --optimize
2025-09-07 21:52:29,685 - INFO - Working directory: /home/alz07xz/project/APHQ_CAT/ablate_clusters
2025-09-07 23:47:24,588 - INFO - Experiment for seed 1003 completed in 6894.90 seconds
2025-09-07 23:47:24,589 - INFO - SUCCESS: Experiment for seed 1003 completed successfully
2025-09-07 23:47:24,593 - INFO - Looking for results in: ./checkpoint/quant_result/20250907_2346
2025-09-07 23:47:24,597 - INFO - Parsed 0 reconstructed results from log file for seed 1003
2025-09-07 23:47:24,597 - INFO - Parsed 0 baseline results from log file for seed 1003
2025-09-07 23:47:24,597 - INFO - Seed 1003 completed successfully
2025-09-07 23:47:24,597 - INFO - 
============================================================
2025-09-07 23:47:24,597 - INFO - EXPERIMENT SUMMARY
2025-09-07 23:47:24,597 - INFO - ============================================================
2025-09-07 23:47:24,597 - INFO - Successful seeds: 3/3
2025-09-07 23:47:24,597 - INFO - Failed seeds: 0/3
2025-09-07 23:47:24,597 - INFO - Successful: [1001, 1002, 1003]
2025-09-07 23:47:24,599 - INFO - 
====================================================================================================
2025-09-07 23:47:24,599 - INFO - COMPREHENSIVE EXPERIMENT SUMMARY
2025-09-07 23:47:24,599 - INFO - ====================================================================================================
2025-09-07 23:47:24,599 - INFO - 
====================================================================================================
2025-09-07 23:47:24,599 - INFO - COMPREHENSIVE RESULTS ANALYSIS
2025-09-07 23:47:24,599 - INFO - ====================================================================================================
2025-09-07 23:47:24,599 - INFO - 📊 Analysis Summary:
2025-09-07 23:47:24,599 - INFO -   - Total seeds: 3
2025-09-07 23:47:24,599 - INFO -   - Successful runs: 0
2025-09-07 23:47:24,599 - INFO -   - Failed runs: 3
2025-09-07 23:47:24,599 - INFO -   - Reconstructed results: 0
2025-09-07 23:47:24,599 - INFO -   - Baseline results: 0
2025-09-07 23:47:24,599 - INFO -   - Failed seed numbers: [1001, 1002, 1003]
2025-09-07 23:47:24,599 - ERROR - ❌ No valid results to analyze!
2025-09-07 23:47:24,599 - INFO - 
====================================================================================================
2025-09-07 23:47:24,599 - INFO - 🎉 ALL EXPERIMENTS COMPLETED!
2025-09-07 23:47:24,599 - INFO - ====================================================================================================
2025-09-07 23:47:24,600 - INFO - Successful seeds: [1001, 1002, 1003]
2025-09-07 23:47:24,600 - INFO - Failed seeds: []
2025-09-07 23:47:24,600 - INFO - Results saved to: ./experiment_results/deit_tiny_w2_a4_20250907_180025
2025-09-07 23:47:24,600 - INFO - ====================================================================================================
