2025-09-07 02:08:57,490 - INFO - Starting multi-seed experiment
2025-09-07 02:08:57,491 - INFO - Architecture: swin_small
2025-09-07 02:08:57,491 - INFO - Weight bits: 4
2025-09-07 02:08:57,491 - INFO - Activation bits: 2
2025-09-07 02:08:57,491 - INFO - Seeds: [1001, 1002, 1003]
2025-09-07 02:08:57,491 - INFO - Alpha values: [0.1, 0.2, 0.3, 0.4, 0.5, 0.6, 0.7, 0.8, 0.9, 1.0]
2025-09-07 02:08:57,491 - INFO - Cluster numbers: [64]
2025-09-07 02:08:57,491 - INFO - PCA dimensions: [50]
2025-09-07 02:08:57,491 - INFO - Output directory: ./experiment_results/swin_small_w4_a2_20250907_020857
2025-09-07 02:08:57,491 - INFO - Checking basic requirements...
2025-09-07 02:08:57,492 - INFO - Basic checks passed
2025-09-07 02:08:57,492 - INFO - 
Starting experiments for 3 seeds...
2025-09-07 02:08:57,492 - INFO - Total parameter combinations: 10
2025-09-07 02:08:57,492 - INFO - Total experiments: 30
2025-09-07 02:08:57,492 - INFO - 
============================================================
2025-09-07 02:08:57,492 - INFO - Running experiment 1/3 for seed 1001
2025-09-07 02:08:57,492 - INFO - ============================================================
2025-09-07 02:08:57,492 - INFO - Running experiment for seed 1001
2025-09-07 02:08:57,492 - INFO - Command: /home/alz07xz/project/PD-Quant/pd_quant/bin/python ../test_quant.py --model swin_small --w_bit 4 --a_bit 2 --seed 1001 --config ./../configs/4bit/best.py --dataset /home/alz07xz/imagenet --calib-size 1000 --calib-batch-size 32 --val-batch-size 500 --num-workers 8 --device cuda --alpha-list 0.1 0.2 0.3 0.4 0.5 0.6 0.7 0.8 0.9 1.0 --num-clusters-list 64 --pca-dim-list 50 --calibrate --optimize
2025-09-07 02:08:57,492 - INFO - Working directory: /home/alz07xz/project/APHQ_CAT/ablate_alpha
2025-09-07 06:54:29,492 - INFO - Experiment for seed 1001 completed in 17132.00 seconds
2025-09-07 06:54:29,493 - INFO - SUCCESS: Experiment for seed 1001 completed successfully
2025-09-07 06:54:29,497 - INFO - Looking for results in: ./checkpoint/quant_result/20250907_0641
2025-09-07 06:54:29,498 - INFO - Parsed 0 reconstructed results from log file for seed 1001
2025-09-07 06:54:29,498 - INFO - Parsed 0 baseline results from log file for seed 1001
2025-09-07 06:54:29,498 - INFO - Seed 1001 completed successfully
2025-09-07 06:54:29,498 - INFO - Sleeping for 0.5 seconds before next seed...
2025-09-07 06:54:29,998 - INFO - 
============================================================
2025-09-07 06:54:29,998 - INFO - Running experiment 2/3 for seed 1002
2025-09-07 06:54:29,998 - INFO - ============================================================
2025-09-07 06:54:29,999 - INFO - Running experiment for seed 1002
2025-09-07 06:54:29,999 - INFO - Command: /home/alz07xz/project/PD-Quant/pd_quant/bin/python ../test_quant.py --model swin_small --w_bit 4 --a_bit 2 --seed 1002 --config ./../configs/4bit/best.py --dataset /home/alz07xz/imagenet --calib-size 1000 --calib-batch-size 32 --val-batch-size 500 --num-workers 8 --device cuda --alpha-list 0.1 0.2 0.3 0.4 0.5 0.6 0.7 0.8 0.9 1.0 --num-clusters-list 64 --pca-dim-list 50 --calibrate --optimize
2025-09-07 06:54:30,000 - INFO - Working directory: /home/alz07xz/project/APHQ_CAT/ablate_alpha
2025-09-07 11:39:33,672 - INFO - Experiment for seed 1002 completed in 17103.67 seconds
2025-09-07 11:39:33,673 - INFO - SUCCESS: Experiment for seed 1002 completed successfully
2025-09-07 11:39:33,679 - INFO - Looking for results in: ./checkpoint/quant_result/20250907_1138
2025-09-07 11:39:33,687 - INFO - Parsed 0 reconstructed results from log file for seed 1002
2025-09-07 11:39:33,687 - INFO - Parsed 0 baseline results from log file for seed 1002
2025-09-07 11:39:33,687 - INFO - Seed 1002 completed successfully
2025-09-07 11:39:33,687 - INFO - Sleeping for 0.5 seconds before next seed...
2025-09-07 11:39:34,188 - INFO - 
============================================================
2025-09-07 11:39:34,188 - INFO - Running experiment 3/3 for seed 1003
2025-09-07 11:39:34,188 - INFO - ============================================================
2025-09-07 11:39:34,189 - INFO - Running experiment for seed 1003
2025-09-07 11:39:34,189 - INFO - Command: /home/alz07xz/project/PD-Quant/pd_quant/bin/python ../test_quant.py --model swin_small --w_bit 4 --a_bit 2 --seed 1003 --config ./../configs/4bit/best.py --dataset /home/alz07xz/imagenet --calib-size 1000 --calib-batch-size 32 --val-batch-size 500 --num-workers 8 --device cuda --alpha-list 0.1 0.2 0.3 0.4 0.5 0.6 0.7 0.8 0.9 1.0 --num-clusters-list 64 --pca-dim-list 50 --calibrate --optimize
2025-09-07 11:39:34,189 - INFO - Working directory: /home/alz07xz/project/APHQ_CAT/ablate_alpha
2025-09-07 16:26:06,195 - INFO - Experiment for seed 1003 completed in 17192.01 seconds
2025-09-07 16:26:06,197 - INFO - SUCCESS: Experiment for seed 1003 completed successfully
2025-09-07 16:26:06,199 - INFO - Looking for results in: ./checkpoint/quant_result/20250907_1605
2025-09-07 16:26:06,200 - INFO - Parsed 0 reconstructed results from log file for seed 1003
2025-09-07 16:26:06,200 - INFO - Parsed 0 baseline results from log file for seed 1003
2025-09-07 16:26:06,200 - INFO - Seed 1003 completed successfully
2025-09-07 16:26:06,200 - INFO - 
============================================================
2025-09-07 16:26:06,200 - INFO - EXPERIMENT SUMMARY
2025-09-07 16:26:06,200 - INFO - ============================================================
2025-09-07 16:26:06,200 - INFO - Successful seeds: 3/3
2025-09-07 16:26:06,200 - INFO - Failed seeds: 0/3
2025-09-07 16:26:06,200 - INFO - Successful: [1001, 1002, 1003]
2025-09-07 16:26:06,201 - INFO - 
====================================================================================================
2025-09-07 16:26:06,201 - INFO - COMPREHENSIVE EXPERIMENT SUMMARY
2025-09-07 16:26:06,201 - INFO - ====================================================================================================
2025-09-07 16:26:06,201 - INFO - 
====================================================================================================
2025-09-07 16:26:06,201 - INFO - COMPREHENSIVE RESULTS ANALYSIS
2025-09-07 16:26:06,201 - INFO - ====================================================================================================
2025-09-07 16:26:06,201 - INFO - 📊 Analysis Summary:
2025-09-07 16:26:06,201 - INFO -   - Total seeds: 3
2025-09-07 16:26:06,201 - INFO -   - Successful runs: 0
2025-09-07 16:26:06,201 - INFO -   - Failed runs: 3
2025-09-07 16:26:06,201 - INFO -   - Reconstructed results: 0
2025-09-07 16:26:06,201 - INFO -   - Baseline results: 0
2025-09-07 16:26:06,201 - INFO -   - Failed seed numbers: [1001, 1002, 1003]
2025-09-07 16:26:06,201 - ERROR - ❌ No valid results to analyze!
2025-09-07 16:26:06,201 - INFO - 
====================================================================================================
2025-09-07 16:26:06,201 - INFO - 🎉 ALL EXPERIMENTS COMPLETED!
2025-09-07 16:26:06,201 - INFO - ====================================================================================================
2025-09-07 16:26:06,201 - INFO - Successful seeds: [1001, 1002, 1003]
2025-09-07 16:26:06,201 - INFO - Failed seeds: []
2025-09-07 16:26:06,201 - INFO - Results saved to: ./experiment_results/swin_small_w4_a2_20250907_020857
2025-09-07 16:26:06,201 - INFO - ====================================================================================================
