2025-09-06 17:56:10,413 - INFO - Starting multi-seed experiment
2025-09-06 17:56:10,413 - INFO - Architecture: deit_base
2025-09-06 17:56:10,413 - INFO - Weight bits: 2
2025-09-06 17:56:10,413 - INFO - Activation bits: 2
2025-09-06 17:56:10,413 - INFO - Seeds: [1001, 1002, 1003]
2025-09-06 17:56:10,413 - INFO - Alpha values: [0.1, 0.2, 0.3, 0.4, 0.5, 0.6, 0.7, 0.8, 0.9, 1.0]
2025-09-06 17:56:10,413 - INFO - Cluster numbers: [64]
2025-09-06 17:56:10,413 - INFO - PCA dimensions: [50]
2025-09-06 17:56:10,413 - INFO - Output directory: ./experiment_results/deit_base_w2_a2_20250906_175610
2025-09-06 17:56:10,413 - INFO - Checking basic requirements...
2025-09-06 17:56:10,413 - INFO - Basic checks passed
2025-09-06 17:56:10,414 - INFO - 
Starting experiments for 3 seeds...
2025-09-06 17:56:10,414 - INFO - Total parameter combinations: 10
2025-09-06 17:56:10,414 - INFO - Total experiments: 30
2025-09-06 17:56:10,414 - INFO - 
============================================================
2025-09-06 17:56:10,414 - INFO - Running experiment 1/3 for seed 1001
2025-09-06 17:56:10,414 - INFO - ============================================================
2025-09-06 17:56:10,414 - INFO - Running experiment for seed 1001
2025-09-06 17:56:10,414 - INFO - Command: /home/alz07xz/project/PD-Quant/pd_quant/bin/python ../test_quant.py --model deit_base --w_bit 2 --a_bit 2 --seed 1001 --config ./../configs/4bit/best.py --dataset /home/alz07xz/imagenet --calib-size 1000 --calib-batch-size 32 --val-batch-size 500 --num-workers 8 --device cuda --alpha-list 0.1 0.2 0.3 0.4 0.5 0.6 0.7 0.8 0.9 1.0 --num-clusters-list 64 --pca-dim-list 50 --calibrate --optimize
2025-09-06 17:56:10,414 - INFO - Working directory: /home/alz07xz/project/APHQ_CAT/ablate_alpha
2025-09-06 22:26:24,780 - INFO - Experiment for seed 1001 completed in 16214.37 seconds
2025-09-06 22:26:24,781 - INFO - SUCCESS: Experiment for seed 1001 completed successfully
2025-09-06 22:26:24,782 - INFO - Looking for results in: ./checkpoint/quant_result/20250906_2204
2025-09-06 22:26:24,782 - INFO - Parsed 0 reconstructed results from log file for seed 1001
2025-09-06 22:26:24,782 - INFO - Parsed 0 baseline results from log file for seed 1001
2025-09-06 22:26:24,782 - INFO - Seed 1001 completed successfully
2025-09-06 22:26:24,782 - INFO - Sleeping for 0.5 seconds before next seed...
2025-09-06 22:26:25,282 - INFO - 
============================================================
2025-09-06 22:26:25,282 - INFO - Running experiment 2/3 for seed 1002
2025-09-06 22:26:25,282 - INFO - ============================================================
2025-09-06 22:26:25,283 - INFO - Running experiment for seed 1002
2025-09-06 22:26:25,283 - INFO - Command: /home/alz07xz/project/PD-Quant/pd_quant/bin/python ../test_quant.py --model deit_base --w_bit 2 --a_bit 2 --seed 1002 --config ./../configs/4bit/best.py --dataset /home/alz07xz/imagenet --calib-size 1000 --calib-batch-size 32 --val-batch-size 500 --num-workers 8 --device cuda --alpha-list 0.1 0.2 0.3 0.4 0.5 0.6 0.7 0.8 0.9 1.0 --num-clusters-list 64 --pca-dim-list 50 --calibrate --optimize
2025-09-06 22:26:25,283 - INFO - Working directory: /home/alz07xz/project/APHQ_CAT/ablate_alpha
2025-09-07 02:49:33,680 - INFO - Experiment for seed 1002 completed in 15788.40 seconds
2025-09-07 02:49:33,701 - INFO - SUCCESS: Experiment for seed 1002 completed successfully
2025-09-07 02:49:33,704 - INFO - Looking for results in: ./checkpoint/quant_result/20250907_0248
2025-09-07 02:49:33,704 - INFO - Parsed 0 reconstructed results from log file for seed 1002
2025-09-07 02:49:33,704 - INFO - Parsed 0 baseline results from log file for seed 1002
2025-09-07 02:49:33,704 - INFO - Seed 1002 completed successfully
2025-09-07 02:49:33,704 - INFO - Sleeping for 0.5 seconds before next seed...
2025-09-07 02:49:34,205 - INFO - 
============================================================
2025-09-07 02:49:34,205 - INFO - Running experiment 3/3 for seed 1003
2025-09-07 02:49:34,205 - INFO - ============================================================
2025-09-07 02:49:34,206 - INFO - Running experiment for seed 1003
2025-09-07 02:49:34,206 - INFO - Command: /home/alz07xz/project/PD-Quant/pd_quant/bin/python ../test_quant.py --model deit_base --w_bit 2 --a_bit 2 --seed 1003 --config ./../configs/4bit/best.py --dataset /home/alz07xz/imagenet --calib-size 1000 --calib-batch-size 32 --val-batch-size 500 --num-workers 8 --device cuda --alpha-list 0.1 0.2 0.3 0.4 0.5 0.6 0.7 0.8 0.9 1.0 --num-clusters-list 64 --pca-dim-list 50 --calibrate --optimize
2025-09-07 02:49:34,206 - INFO - Working directory: /home/alz07xz/project/APHQ_CAT/ablate_alpha
2025-09-07 07:10:22,851 - INFO - Experiment for seed 1003 completed in 15648.65 seconds
2025-09-07 07:10:22,853 - INFO - SUCCESS: Experiment for seed 1003 completed successfully
2025-09-07 07:10:22,855 - INFO - Looking for results in: ./checkpoint/quant_result/20250907_0709
2025-09-07 07:10:22,855 - INFO - Parsed 0 reconstructed results from log file for seed 1003
2025-09-07 07:10:22,855 - INFO - Parsed 0 baseline results from log file for seed 1003
2025-09-07 07:10:22,855 - INFO - Seed 1003 completed successfully
2025-09-07 07:10:22,855 - INFO - 
============================================================
2025-09-07 07:10:22,855 - INFO - EXPERIMENT SUMMARY
2025-09-07 07:10:22,855 - INFO - ============================================================
2025-09-07 07:10:22,855 - INFO - Successful seeds: 3/3
2025-09-07 07:10:22,855 - INFO - Failed seeds: 0/3
2025-09-07 07:10:22,855 - INFO - Successful: [1001, 1002, 1003]
2025-09-07 07:10:22,857 - INFO - 
====================================================================================================
2025-09-07 07:10:22,857 - INFO - COMPREHENSIVE EXPERIMENT SUMMARY
2025-09-07 07:10:22,857 - INFO - ====================================================================================================
2025-09-07 07:10:22,857 - INFO - 
====================================================================================================
2025-09-07 07:10:22,857 - INFO - COMPREHENSIVE RESULTS ANALYSIS
2025-09-07 07:10:22,857 - INFO - ====================================================================================================
2025-09-07 07:10:22,857 - INFO - 📊 Analysis Summary:
2025-09-07 07:10:22,857 - INFO -   - Total seeds: 3
2025-09-07 07:10:22,857 - INFO -   - Successful runs: 0
2025-09-07 07:10:22,857 - INFO -   - Failed runs: 3
2025-09-07 07:10:22,857 - INFO -   - Reconstructed results: 0
2025-09-07 07:10:22,857 - INFO -   - Baseline results: 0
2025-09-07 07:10:22,857 - INFO -   - Failed seed numbers: [1001, 1002, 1003]
2025-09-07 07:10:22,857 - ERROR - ❌ No valid results to analyze!
2025-09-07 07:10:22,857 - INFO - 
====================================================================================================
2025-09-07 07:10:22,857 - INFO - 🎉 ALL EXPERIMENTS COMPLETED!
2025-09-07 07:10:22,857 - INFO - ====================================================================================================
2025-09-07 07:10:22,857 - INFO - Successful seeds: [1001, 1002, 1003]
2025-09-07 07:10:22,857 - INFO - Failed seeds: []
2025-09-07 07:10:22,857 - INFO - Results saved to: ./experiment_results/deit_base_w2_a2_20250906_175610
2025-09-07 07:10:22,857 - INFO - ====================================================================================================
