2025-09-07 00:00:26,340 - INFO - Starting multi-seed experiment
2025-09-07 00:00:26,341 - INFO - Architecture: swin_base
2025-09-07 00:00:26,341 - INFO - Weight bits: 2
2025-09-07 00:00:26,341 - INFO - Activation bits: 4
2025-09-07 00:00:26,341 - INFO - Seeds: [1001, 1002, 1003]
2025-09-07 00:00:26,341 - INFO - Alpha values: [0.1, 0.2, 0.3, 0.4, 0.5, 0.6, 0.7, 0.8, 0.9, 1.0]
2025-09-07 00:00:26,341 - INFO - Cluster numbers: [64]
2025-09-07 00:00:26,341 - INFO - PCA dimensions: [50]
2025-09-07 00:00:26,341 - INFO - Output directory: ./experiment_results/swin_base_w2_a4_20250907_000026
2025-09-07 00:00:26,341 - INFO - Checking basic requirements...
2025-09-07 00:00:26,347 - INFO - Basic checks passed
2025-09-07 00:00:26,348 - INFO - 
Starting experiments for 3 seeds...
2025-09-07 00:00:26,348 - INFO - Total parameter combinations: 10
2025-09-07 00:00:26,348 - INFO - Total experiments: 30
2025-09-07 00:00:26,348 - INFO - 
============================================================
2025-09-07 00:00:26,348 - INFO - Running experiment 1/3 for seed 1001
2025-09-07 00:00:26,348 - INFO - ============================================================
2025-09-07 00:00:26,348 - INFO - Running experiment for seed 1001
2025-09-07 00:00:26,348 - INFO - Command: /home/alz07xz/project/PD-Quant/pd_quant/bin/python ../test_quant.py --model swin_base --w_bit 2 --a_bit 4 --seed 1001 --config ./../configs/4bit/best.py --dataset /home/alz07xz/imagenet --calib-size 1000 --calib-batch-size 32 --val-batch-size 500 --num-workers 8 --device cuda --alpha-list 0.1 0.2 0.3 0.4 0.5 0.6 0.7 0.8 0.9 1.0 --num-clusters-list 64 --pca-dim-list 50 --calibrate --optimize
2025-09-07 00:00:26,348 - INFO - Working directory: /home/alz07xz/project/APHQ_CAT/ablate_alpha
2025-09-07 06:01:20,429 - INFO - Experiment for seed 1001 completed in 21654.08 seconds
2025-09-07 06:01:20,431 - INFO - SUCCESS: Experiment for seed 1001 completed successfully
2025-09-07 06:01:20,434 - INFO - Looking for results in: ./checkpoint/quant_result/20250907_0558
2025-09-07 06:01:20,434 - INFO - Parsed 0 reconstructed results from log file for seed 1001
2025-09-07 06:01:20,434 - INFO - Parsed 0 baseline results from log file for seed 1001
2025-09-07 06:01:20,434 - INFO - Seed 1001 completed successfully
2025-09-07 06:01:20,434 - INFO - Sleeping for 0.5 seconds before next seed...
2025-09-07 06:01:20,934 - INFO - 
============================================================
2025-09-07 06:01:20,934 - INFO - Running experiment 2/3 for seed 1002
2025-09-07 06:01:20,935 - INFO - ============================================================
2025-09-07 06:01:20,936 - INFO - Running experiment for seed 1002
2025-09-07 06:01:20,936 - INFO - Command: /home/alz07xz/project/PD-Quant/pd_quant/bin/python ../test_quant.py --model swin_base --w_bit 2 --a_bit 4 --seed 1002 --config ./../configs/4bit/best.py --dataset /home/alz07xz/imagenet --calib-size 1000 --calib-batch-size 32 --val-batch-size 500 --num-workers 8 --device cuda --alpha-list 0.1 0.2 0.3 0.4 0.5 0.6 0.7 0.8 0.9 1.0 --num-clusters-list 64 --pca-dim-list 50 --calibrate --optimize
2025-09-07 06:01:20,936 - INFO - Working directory: /home/alz07xz/project/APHQ_CAT/ablate_alpha
2025-09-07 11:59:48,409 - INFO - Experiment for seed 1002 completed in 21507.47 seconds
2025-09-07 11:59:48,416 - INFO - SUCCESS: Experiment for seed 1002 completed successfully
2025-09-07 11:59:48,420 - INFO - Looking for results in: ./checkpoint/quant_result/20250907_1156
2025-09-07 11:59:48,420 - INFO - Parsed 0 reconstructed results from log file for seed 1002
2025-09-07 11:59:48,420 - INFO - Parsed 0 baseline results from log file for seed 1002
2025-09-07 11:59:48,420 - INFO - Seed 1002 completed successfully
2025-09-07 11:59:48,420 - INFO - Sleeping for 0.5 seconds before next seed...
2025-09-07 11:59:48,921 - INFO - 
============================================================
2025-09-07 11:59:48,921 - INFO - Running experiment 3/3 for seed 1003
2025-09-07 11:59:48,921 - INFO - ============================================================
2025-09-07 11:59:48,922 - INFO - Running experiment for seed 1003
2025-09-07 11:59:48,922 - INFO - Command: /home/alz07xz/project/PD-Quant/pd_quant/bin/python ../test_quant.py --model swin_base --w_bit 2 --a_bit 4 --seed 1003 --config ./../configs/4bit/best.py --dataset /home/alz07xz/imagenet --calib-size 1000 --calib-batch-size 32 --val-batch-size 500 --num-workers 8 --device cuda --alpha-list 0.1 0.2 0.3 0.4 0.5 0.6 0.7 0.8 0.9 1.0 --num-clusters-list 64 --pca-dim-list 50 --calibrate --optimize
2025-09-07 11:59:48,922 - INFO - Working directory: /home/alz07xz/project/APHQ_CAT/ablate_alpha
2025-09-07 17:59:59,382 - INFO - Experiment for seed 1003 completed in 21610.46 seconds
2025-09-07 17:59:59,383 - INFO - SUCCESS: Experiment for seed 1003 completed successfully
2025-09-07 17:59:59,389 - INFO - Looking for results in: ./checkpoint/quant_result/20250907_1735
2025-09-07 17:59:59,389 - INFO - Parsed 0 reconstructed results from log file for seed 1003
2025-09-07 17:59:59,390 - INFO - Parsed 0 baseline results from log file for seed 1003
2025-09-07 17:59:59,390 - INFO - Seed 1003 completed successfully
2025-09-07 17:59:59,390 - INFO - 
============================================================
2025-09-07 17:59:59,390 - INFO - EXPERIMENT SUMMARY
2025-09-07 17:59:59,390 - INFO - ============================================================
2025-09-07 17:59:59,390 - INFO - Successful seeds: 3/3
2025-09-07 17:59:59,390 - INFO - Failed seeds: 0/3
2025-09-07 17:59:59,390 - INFO - Successful: [1001, 1002, 1003]
2025-09-07 17:59:59,391 - INFO - 
====================================================================================================
2025-09-07 17:59:59,391 - INFO - COMPREHENSIVE EXPERIMENT SUMMARY
2025-09-07 17:59:59,391 - INFO - ====================================================================================================
2025-09-07 17:59:59,391 - INFO - 
====================================================================================================
2025-09-07 17:59:59,391 - INFO - COMPREHENSIVE RESULTS ANALYSIS
2025-09-07 17:59:59,391 - INFO - ====================================================================================================
2025-09-07 17:59:59,391 - INFO - 📊 Analysis Summary:
2025-09-07 17:59:59,391 - INFO -   - Total seeds: 3
2025-09-07 17:59:59,392 - INFO -   - Successful runs: 0
2025-09-07 17:59:59,392 - INFO -   - Failed runs: 3
2025-09-07 17:59:59,392 - INFO -   - Reconstructed results: 0
2025-09-07 17:59:59,392 - INFO -   - Baseline results: 0
2025-09-07 17:59:59,392 - INFO -   - Failed seed numbers: [1001, 1002, 1003]
2025-09-07 17:59:59,392 - ERROR - ❌ No valid results to analyze!
2025-09-07 17:59:59,392 - INFO - 
====================================================================================================
2025-09-07 17:59:59,392 - INFO - 🎉 ALL EXPERIMENTS COMPLETED!
2025-09-07 17:59:59,392 - INFO - ====================================================================================================
2025-09-07 17:59:59,392 - INFO - Successful seeds: [1001, 1002, 1003]
2025-09-07 17:59:59,392 - INFO - Failed seeds: []
2025-09-07 17:59:59,392 - INFO - Results saved to: ./experiment_results/swin_base_w2_a4_20250907_000026
2025-09-07 17:59:59,392 - INFO - ====================================================================================================
