2025-09-06 23:58:53,648 - INFO - Starting multi-seed experiment
2025-09-06 23:58:53,648 - INFO - Architecture: swin_base
2025-09-06 23:58:53,648 - INFO - Weight bits: 2
2025-09-06 23:58:53,648 - INFO - Activation bits: 2
2025-09-06 23:58:53,648 - INFO - Seeds: [1001, 1002, 1003]
2025-09-06 23:58:53,648 - INFO - Alpha values: [0.1, 0.2, 0.3, 0.4, 0.5, 0.6, 0.7, 0.8, 0.9, 1.0]
2025-09-06 23:58:53,648 - INFO - Cluster numbers: [64]
2025-09-06 23:58:53,649 - INFO - PCA dimensions: [50]
2025-09-06 23:58:53,649 - INFO - Output directory: ./experiment_results/swin_base_w2_a2_20250906_235853
2025-09-06 23:58:53,649 - INFO - Checking basic requirements...
2025-09-06 23:58:53,649 - INFO - Basic checks passed
2025-09-06 23:58:53,650 - INFO - 
Starting experiments for 3 seeds...
2025-09-06 23:58:53,650 - INFO - Total parameter combinations: 10
2025-09-06 23:58:53,650 - INFO - Total experiments: 30
2025-09-06 23:58:53,650 - INFO - 
============================================================
2025-09-06 23:58:53,650 - INFO - Running experiment 1/3 for seed 1001
2025-09-06 23:58:53,650 - INFO - ============================================================
2025-09-06 23:58:53,650 - INFO - Running experiment for seed 1001
2025-09-06 23:58:53,650 - INFO - Command: /home/alz07xz/project/PD-Quant/pd_quant/bin/python ../test_quant.py --model swin_base --w_bit 2 --a_bit 2 --seed 1001 --config ./../configs/4bit/best.py --dataset /home/alz07xz/imagenet --calib-size 1000 --calib-batch-size 32 --val-batch-size 500 --num-workers 8 --device cuda --alpha-list 0.1 0.2 0.3 0.4 0.5 0.6 0.7 0.8 0.9 1.0 --num-clusters-list 64 --pca-dim-list 50 --calibrate --optimize
2025-09-06 23:58:53,650 - INFO - Working directory: /home/alz07xz/project/APHQ_CAT/ablate_alpha
2025-09-07 05:58:21,843 - INFO - Experiment for seed 1001 completed in 21568.19 seconds
2025-09-07 05:58:21,866 - INFO - SUCCESS: Experiment for seed 1001 completed successfully
2025-09-07 05:58:21,870 - INFO - Looking for results in: ./checkpoint/quant_result/20250907_0158
2025-09-07 05:58:21,871 - INFO - Parsed 0 reconstructed results from log file for seed 1001
2025-09-07 05:58:21,871 - INFO - Parsed 0 baseline results from log file for seed 1001
2025-09-07 05:58:21,871 - INFO - Seed 1001 completed successfully
2025-09-07 05:58:21,871 - INFO - Sleeping for 0.5 seconds before next seed...
2025-09-07 05:58:22,371 - INFO - 
============================================================
2025-09-07 05:58:22,371 - INFO - Running experiment 2/3 for seed 1002
2025-09-07 05:58:22,371 - INFO - ============================================================
2025-09-07 05:58:22,372 - INFO - Running experiment for seed 1002
2025-09-07 05:58:22,372 - INFO - Command: /home/alz07xz/project/PD-Quant/pd_quant/bin/python ../test_quant.py --model swin_base --w_bit 2 --a_bit 2 --seed 1002 --config ./../configs/4bit/best.py --dataset /home/alz07xz/imagenet --calib-size 1000 --calib-batch-size 32 --val-batch-size 500 --num-workers 8 --device cuda --alpha-list 0.1 0.2 0.3 0.4 0.5 0.6 0.7 0.8 0.9 1.0 --num-clusters-list 64 --pca-dim-list 50 --calibrate --optimize
2025-09-07 05:58:22,372 - INFO - Working directory: /home/alz07xz/project/APHQ_CAT/ablate_alpha
2025-09-07 11:56:13,151 - INFO - Experiment for seed 1002 completed in 21470.78 seconds
2025-09-07 11:56:13,155 - INFO - SUCCESS: Experiment for seed 1002 completed successfully
2025-09-07 11:56:13,160 - INFO - Looking for results in: ./checkpoint/quant_result/20250907_0754
2025-09-07 11:56:13,463 - INFO - Parsed 0 reconstructed results from log file for seed 1002
2025-09-07 11:56:13,463 - INFO - Parsed 0 baseline results from log file for seed 1002
2025-09-07 11:56:13,463 - INFO - Seed 1002 completed successfully
2025-09-07 11:56:13,463 - INFO - Sleeping for 0.5 seconds before next seed...
2025-09-07 11:56:13,963 - INFO - 
============================================================
2025-09-07 11:56:13,963 - INFO - Running experiment 3/3 for seed 1003
2025-09-07 11:56:13,964 - INFO - ============================================================
2025-09-07 11:56:13,964 - INFO - Running experiment for seed 1003
2025-09-07 11:56:13,964 - INFO - Command: /home/alz07xz/project/PD-Quant/pd_quant/bin/python ../test_quant.py --model swin_base --w_bit 2 --a_bit 2 --seed 1003 --config ./../configs/4bit/best.py --dataset /home/alz07xz/imagenet --calib-size 1000 --calib-batch-size 32 --val-batch-size 500 --num-workers 8 --device cuda --alpha-list 0.1 0.2 0.3 0.4 0.5 0.6 0.7 0.8 0.9 1.0 --num-clusters-list 64 --pca-dim-list 50 --calibrate --optimize
2025-09-07 11:56:13,965 - INFO - Working directory: /home/alz07xz/project/APHQ_CAT/ablate_alpha
2025-09-07 17:56:03,458 - INFO - Experiment for seed 1003 completed in 21589.49 seconds
2025-09-07 17:56:03,461 - INFO - SUCCESS: Experiment for seed 1003 completed successfully
2025-09-07 17:56:03,467 - INFO - Looking for results in: ./checkpoint/quant_result/20250907_1735
2025-09-07 17:56:03,468 - INFO - Parsed 0 reconstructed results from log file for seed 1003
2025-09-07 17:56:03,468 - INFO - Parsed 0 baseline results from log file for seed 1003
2025-09-07 17:56:03,468 - INFO - Seed 1003 completed successfully
2025-09-07 17:56:03,468 - INFO - 
============================================================
2025-09-07 17:56:03,468 - INFO - EXPERIMENT SUMMARY
2025-09-07 17:56:03,468 - INFO - ============================================================
2025-09-07 17:56:03,468 - INFO - Successful seeds: 3/3
2025-09-07 17:56:03,468 - INFO - Failed seeds: 0/3
2025-09-07 17:56:03,468 - INFO - Successful: [1001, 1002, 1003]
2025-09-07 17:56:03,469 - INFO - 
====================================================================================================
2025-09-07 17:56:03,469 - INFO - COMPREHENSIVE EXPERIMENT SUMMARY
2025-09-07 17:56:03,470 - INFO - ====================================================================================================
2025-09-07 17:56:03,470 - INFO - 
====================================================================================================
2025-09-07 17:56:03,470 - INFO - COMPREHENSIVE RESULTS ANALYSIS
2025-09-07 17:56:03,470 - INFO - ====================================================================================================
2025-09-07 17:56:03,470 - INFO - 📊 Analysis Summary:
2025-09-07 17:56:03,470 - INFO -   - Total seeds: 3
2025-09-07 17:56:03,470 - INFO -   - Successful runs: 0
2025-09-07 17:56:03,470 - INFO -   - Failed runs: 3
2025-09-07 17:56:03,470 - INFO -   - Reconstructed results: 0
2025-09-07 17:56:03,470 - INFO -   - Baseline results: 0
2025-09-07 17:56:03,470 - INFO -   - Failed seed numbers: [1001, 1002, 1003]
2025-09-07 17:56:03,470 - ERROR - ❌ No valid results to analyze!
2025-09-07 17:56:03,470 - INFO - 
====================================================================================================
2025-09-07 17:56:03,470 - INFO - 🎉 ALL EXPERIMENTS COMPLETED!
2025-09-07 17:56:03,470 - INFO - ====================================================================================================
2025-09-07 17:56:03,470 - INFO - Successful seeds: [1001, 1002, 1003]
2025-09-07 17:56:03,470 - INFO - Failed seeds: []
2025-09-07 17:56:03,470 - INFO - Results saved to: ./experiment_results/swin_base_w2_a2_20250906_235853
2025-09-07 17:56:03,470 - INFO - ====================================================================================================
