2025-09-07 03:08:31,200 - INFO - Starting multi-seed experiment
2025-09-07 03:08:31,200 - INFO - Architecture: swin_tiny
2025-09-07 03:08:31,200 - INFO - Weight bits: 2
2025-09-07 03:08:31,200 - INFO - Activation bits: 2
2025-09-07 03:08:31,200 - INFO - Seeds: [1001, 1002, 1003]
2025-09-07 03:08:31,200 - INFO - Alpha values: [0.1, 0.2, 0.3, 0.4, 0.5, 0.6, 0.7, 0.8, 0.9, 1.0]
2025-09-07 03:08:31,200 - INFO - Cluster numbers: [64]
2025-09-07 03:08:31,200 - INFO - PCA dimensions: [50]
2025-09-07 03:08:31,200 - INFO - Output directory: ./experiment_results/swin_tiny_w2_a2_20250907_030831
2025-09-07 03:08:31,201 - INFO - Checking basic requirements...
2025-09-07 03:08:31,201 - INFO - Basic checks passed
2025-09-07 03:08:31,201 - INFO - 
Starting experiments for 3 seeds...
2025-09-07 03:08:31,202 - INFO - Total parameter combinations: 10
2025-09-07 03:08:31,202 - INFO - Total experiments: 30
2025-09-07 03:08:31,202 - INFO - 
============================================================
2025-09-07 03:08:31,202 - INFO - Running experiment 1/3 for seed 1001
2025-09-07 03:08:31,202 - INFO - ============================================================
2025-09-07 03:08:31,202 - INFO - Running experiment for seed 1001
2025-09-07 03:08:31,202 - INFO - Command: /home/alz07xz/project/PD-Quant/pd_quant/bin/python ../test_quant.py --model swin_tiny --w_bit 2 --a_bit 2 --seed 1001 --config ./../configs/4bit/best.py --dataset /home/alz07xz/imagenet --calib-size 1000 --calib-batch-size 32 --val-batch-size 500 --num-workers 8 --device cuda --alpha-list 0.1 0.2 0.3 0.4 0.5 0.6 0.7 0.8 0.9 1.0 --num-clusters-list 64 --pca-dim-list 50 --calibrate --optimize
2025-09-07 03:08:31,202 - INFO - Working directory: /home/alz07xz/project/APHQ_CAT/ablate_alpha
2025-09-07 06:07:44,172 - INFO - Experiment for seed 1001 completed in 10752.97 seconds
2025-09-07 06:07:44,174 - INFO - SUCCESS: Experiment for seed 1001 completed successfully
2025-09-07 06:07:44,216 - INFO - Looking for results in: ./checkpoint/quant_result/20250907_0607
2025-09-07 06:07:44,319 - INFO - Parsed 0 reconstructed results from log file for seed 1001
2025-09-07 06:07:44,319 - INFO - Parsed 0 baseline results from log file for seed 1001
2025-09-07 06:07:44,319 - INFO - Seed 1001 completed successfully
2025-09-07 06:07:44,319 - INFO - Sleeping for 0.5 seconds before next seed...
2025-09-07 06:07:44,820 - INFO - 
============================================================
2025-09-07 06:07:44,820 - INFO - Running experiment 2/3 for seed 1002
2025-09-07 06:07:44,820 - INFO - ============================================================
2025-09-07 06:07:44,821 - INFO - Running experiment for seed 1002
2025-09-07 06:07:44,821 - INFO - Command: /home/alz07xz/project/PD-Quant/pd_quant/bin/python ../test_quant.py --model swin_tiny --w_bit 2 --a_bit 2 --seed 1002 --config ./../configs/4bit/best.py --dataset /home/alz07xz/imagenet --calib-size 1000 --calib-batch-size 32 --val-batch-size 500 --num-workers 8 --device cuda --alpha-list 0.1 0.2 0.3 0.4 0.5 0.6 0.7 0.8 0.9 1.0 --num-clusters-list 64 --pca-dim-list 50 --calibrate --optimize
2025-09-07 06:07:44,821 - INFO - Working directory: /home/alz07xz/project/APHQ_CAT/ablate_alpha
2025-09-07 09:08:01,874 - INFO - Experiment for seed 1002 completed in 10817.05 seconds
2025-09-07 09:08:01,876 - INFO - SUCCESS: Experiment for seed 1002 completed successfully
2025-09-07 09:08:01,882 - INFO - Looking for results in: ./checkpoint/quant_result/20250907_0905
2025-09-07 09:08:01,885 - INFO - Parsed 0 reconstructed results from log file for seed 1002
2025-09-07 09:08:01,885 - INFO - Parsed 0 baseline results from log file for seed 1002
2025-09-07 09:08:01,885 - INFO - Seed 1002 completed successfully
2025-09-07 09:08:01,886 - INFO - Sleeping for 0.5 seconds before next seed...
2025-09-07 09:08:02,386 - INFO - 
============================================================
2025-09-07 09:08:02,386 - INFO - Running experiment 3/3 for seed 1003
2025-09-07 09:08:02,386 - INFO - ============================================================
2025-09-07 09:08:02,387 - INFO - Running experiment for seed 1003
2025-09-07 09:08:02,387 - INFO - Command: /home/alz07xz/project/PD-Quant/pd_quant/bin/python ../test_quant.py --model swin_tiny --w_bit 2 --a_bit 2 --seed 1003 --config ./../configs/4bit/best.py --dataset /home/alz07xz/imagenet --calib-size 1000 --calib-batch-size 32 --val-batch-size 500 --num-workers 8 --device cuda --alpha-list 0.1 0.2 0.3 0.4 0.5 0.6 0.7 0.8 0.9 1.0 --num-clusters-list 64 --pca-dim-list 50 --calibrate --optimize
2025-09-07 09:08:02,387 - INFO - Working directory: /home/alz07xz/project/APHQ_CAT/ablate_alpha
2025-09-07 12:06:06,195 - INFO - Experiment for seed 1003 completed in 10683.81 seconds
2025-09-07 12:06:06,199 - INFO - SUCCESS: Experiment for seed 1003 completed successfully
2025-09-07 12:06:06,201 - INFO - Looking for results in: ./checkpoint/quant_result/20250907_1204
2025-09-07 12:06:06,245 - INFO - Parsed 0 reconstructed results from log file for seed 1003
2025-09-07 12:06:06,246 - INFO - Parsed 0 baseline results from log file for seed 1003
2025-09-07 12:06:06,246 - INFO - Seed 1003 completed successfully
2025-09-07 12:06:06,246 - INFO - 
============================================================
2025-09-07 12:06:06,246 - INFO - EXPERIMENT SUMMARY
2025-09-07 12:06:06,246 - INFO - ============================================================
2025-09-07 12:06:06,246 - INFO - Successful seeds: 3/3
2025-09-07 12:06:06,246 - INFO - Failed seeds: 0/3
2025-09-07 12:06:06,246 - INFO - Successful: [1001, 1002, 1003]
2025-09-07 12:06:06,247 - INFO - 
====================================================================================================
2025-09-07 12:06:06,247 - INFO - COMPREHENSIVE EXPERIMENT SUMMARY
2025-09-07 12:06:06,247 - INFO - ====================================================================================================
2025-09-07 12:06:06,247 - INFO - 
====================================================================================================
2025-09-07 12:06:06,247 - INFO - COMPREHENSIVE RESULTS ANALYSIS
2025-09-07 12:06:06,247 - INFO - ====================================================================================================
2025-09-07 12:06:06,247 - INFO - 📊 Analysis Summary:
2025-09-07 12:06:06,247 - INFO -   - Total seeds: 3
2025-09-07 12:06:06,247 - INFO -   - Successful runs: 0
2025-09-07 12:06:06,247 - INFO -   - Failed runs: 3
2025-09-07 12:06:06,247 - INFO -   - Reconstructed results: 0
2025-09-07 12:06:06,247 - INFO -   - Baseline results: 0
2025-09-07 12:06:06,247 - INFO -   - Failed seed numbers: [1001, 1002, 1003]
2025-09-07 12:06:06,247 - ERROR - ❌ No valid results to analyze!
2025-09-07 12:06:06,247 - INFO - 
====================================================================================================
2025-09-07 12:06:06,247 - INFO - 🎉 ALL EXPERIMENTS COMPLETED!
2025-09-07 12:06:06,247 - INFO - ====================================================================================================
2025-09-07 12:06:06,247 - INFO - Successful seeds: [1001, 1002, 1003]
2025-09-07 12:06:06,247 - INFO - Failed seeds: []
2025-09-07 12:06:06,247 - INFO - Results saved to: ./experiment_results/swin_tiny_w2_a2_20250907_030831
2025-09-07 12:06:06,247 - INFO - ====================================================================================================
