2025-09-07 07:10:43,529 - INFO - Starting multi-seed experiment
2025-09-07 07:10:43,529 - INFO - Architecture: vit_base
2025-09-07 07:10:43,530 - INFO - Weight bits: 2
2025-09-07 07:10:43,530 - INFO - Activation bits: 4
2025-09-07 07:10:43,530 - INFO - Seeds: [1001, 1002, 1003]
2025-09-07 07:10:43,530 - INFO - Alpha values: [0.1, 0.2, 0.3, 0.4, 0.5, 0.6, 0.7, 0.8, 0.9, 1.0]
2025-09-07 07:10:43,530 - INFO - Cluster numbers: [64]
2025-09-07 07:10:43,530 - INFO - PCA dimensions: [50]
2025-09-07 07:10:43,530 - INFO - Output directory: ./experiment_results/vit_base_w2_a4_20250907_071043
2025-09-07 07:10:43,530 - INFO - Checking basic requirements...
2025-09-07 07:10:43,530 - INFO - Basic checks passed
2025-09-07 07:10:43,530 - INFO - 
Starting experiments for 3 seeds...
2025-09-07 07:10:43,530 - INFO - Total parameter combinations: 10
2025-09-07 07:10:43,531 - INFO - Total experiments: 30
2025-09-07 07:10:43,531 - INFO - 
============================================================
2025-09-07 07:10:43,531 - INFO - Running experiment 1/3 for seed 1001
2025-09-07 07:10:43,531 - INFO - ============================================================
2025-09-07 07:10:43,531 - INFO - Running experiment for seed 1001
2025-09-07 07:10:43,531 - INFO - Command: /home/alz07xz/project/PD-Quant/pd_quant/bin/python ../test_quant.py --model vit_base --w_bit 2 --a_bit 4 --seed 1001 --config ./../configs/4bit/best.py --dataset /home/alz07xz/imagenet --calib-size 1000 --calib-batch-size 32 --val-batch-size 500 --num-workers 8 --device cuda --alpha-list 0.1 0.2 0.3 0.4 0.5 0.6 0.7 0.8 0.9 1.0 --num-clusters-list 64 --pca-dim-list 50 --calibrate --optimize
2025-09-07 07:10:43,531 - INFO - Working directory: /home/alz07xz/project/APHQ_CAT/ablate_alpha
2025-09-07 11:32:08,142 - INFO - Experiment for seed 1001 completed in 15684.61 seconds
2025-09-07 11:32:08,145 - INFO - SUCCESS: Experiment for seed 1001 completed successfully
2025-09-07 11:32:08,149 - INFO - Looking for results in: ./checkpoint/quant_result/20250907_0903
2025-09-07 11:32:08,149 - INFO - Parsed 0 reconstructed results from log file for seed 1001
2025-09-07 11:32:08,149 - INFO - Parsed 0 baseline results from log file for seed 1001
2025-09-07 11:32:08,149 - INFO - Seed 1001 completed successfully
2025-09-07 11:32:08,149 - INFO - Sleeping for 0.5 seconds before next seed...
2025-09-07 11:32:08,650 - INFO - 
============================================================
2025-09-07 11:32:08,650 - INFO - Running experiment 2/3 for seed 1002
2025-09-07 11:32:08,650 - INFO - ============================================================
2025-09-07 11:32:08,651 - INFO - Running experiment for seed 1002
2025-09-07 11:32:08,651 - INFO - Command: /home/alz07xz/project/PD-Quant/pd_quant/bin/python ../test_quant.py --model vit_base --w_bit 2 --a_bit 4 --seed 1002 --config ./../configs/4bit/best.py --dataset /home/alz07xz/imagenet --calib-size 1000 --calib-batch-size 32 --val-batch-size 500 --num-workers 8 --device cuda --alpha-list 0.1 0.2 0.3 0.4 0.5 0.6 0.7 0.8 0.9 1.0 --num-clusters-list 64 --pca-dim-list 50 --calibrate --optimize
2025-09-07 11:32:08,651 - INFO - Working directory: /home/alz07xz/project/APHQ_CAT/ablate_alpha
2025-09-07 15:53:13,648 - INFO - Experiment for seed 1002 completed in 15665.00 seconds
2025-09-07 15:53:13,649 - INFO - SUCCESS: Experiment for seed 1002 completed successfully
2025-09-07 15:53:13,654 - INFO - Looking for results in: ./checkpoint/quant_result/20250907_1549
2025-09-07 15:53:13,655 - INFO - Parsed 0 reconstructed results from log file for seed 1002
2025-09-07 15:53:13,655 - INFO - Parsed 0 baseline results from log file for seed 1002
2025-09-07 15:53:13,655 - INFO - Seed 1002 completed successfully
2025-09-07 15:53:13,655 - INFO - Sleeping for 0.5 seconds before next seed...
2025-09-07 15:53:14,155 - INFO - 
============================================================
2025-09-07 15:53:14,155 - INFO - Running experiment 3/3 for seed 1003
2025-09-07 15:53:14,155 - INFO - ============================================================
2025-09-07 15:53:14,156 - INFO - Running experiment for seed 1003
2025-09-07 15:53:14,157 - INFO - Command: /home/alz07xz/project/PD-Quant/pd_quant/bin/python ../test_quant.py --model vit_base --w_bit 2 --a_bit 4 --seed 1003 --config ./../configs/4bit/best.py --dataset /home/alz07xz/imagenet --calib-size 1000 --calib-batch-size 32 --val-batch-size 500 --num-workers 8 --device cuda --alpha-list 0.1 0.2 0.3 0.4 0.5 0.6 0.7 0.8 0.9 1.0 --num-clusters-list 64 --pca-dim-list 50 --calibrate --optimize
2025-09-07 15:53:14,157 - INFO - Working directory: /home/alz07xz/project/APHQ_CAT/ablate_alpha
2025-09-07 20:14:15,134 - INFO - Experiment for seed 1003 completed in 15660.98 seconds
2025-09-07 20:14:15,136 - INFO - SUCCESS: Experiment for seed 1003 completed successfully
2025-09-07 20:14:15,141 - INFO - Looking for results in: ./checkpoint/quant_result/20250907_1607
2025-09-07 20:14:15,141 - INFO - Parsed 0 reconstructed results from log file for seed 1003
2025-09-07 20:14:15,141 - INFO - Parsed 0 baseline results from log file for seed 1003
2025-09-07 20:14:15,141 - INFO - Seed 1003 completed successfully
2025-09-07 20:14:15,141 - INFO - 
============================================================
2025-09-07 20:14:15,141 - INFO - EXPERIMENT SUMMARY
2025-09-07 20:14:15,141 - INFO - ============================================================
2025-09-07 20:14:15,141 - INFO - Successful seeds: 3/3
2025-09-07 20:14:15,142 - INFO - Failed seeds: 0/3
2025-09-07 20:14:15,142 - INFO - Successful: [1001, 1002, 1003]
2025-09-07 20:14:15,143 - INFO - 
====================================================================================================
2025-09-07 20:14:15,143 - INFO - COMPREHENSIVE EXPERIMENT SUMMARY
2025-09-07 20:14:15,143 - INFO - ====================================================================================================
2025-09-07 20:14:15,143 - INFO - 
====================================================================================================
2025-09-07 20:14:15,143 - INFO - COMPREHENSIVE RESULTS ANALYSIS
2025-09-07 20:14:15,143 - INFO - ====================================================================================================
2025-09-07 20:14:15,143 - INFO - 📊 Analysis Summary:
2025-09-07 20:14:15,144 - INFO -   - Total seeds: 3
2025-09-07 20:14:15,144 - INFO -   - Successful runs: 0
2025-09-07 20:14:15,144 - INFO -   - Failed runs: 3
2025-09-07 20:14:15,144 - INFO -   - Reconstructed results: 0
2025-09-07 20:14:15,144 - INFO -   - Baseline results: 0
2025-09-07 20:14:15,144 - INFO -   - Failed seed numbers: [1001, 1002, 1003]
2025-09-07 20:14:15,144 - ERROR - ❌ No valid results to analyze!
2025-09-07 20:14:15,144 - INFO - 
====================================================================================================
2025-09-07 20:14:15,144 - INFO - 🎉 ALL EXPERIMENTS COMPLETED!
2025-09-07 20:14:15,144 - INFO - ====================================================================================================
2025-09-07 20:14:15,144 - INFO - Successful seeds: [1001, 1002, 1003]
2025-09-07 20:14:15,144 - INFO - Failed seeds: []
2025-09-07 20:14:15,144 - INFO - Results saved to: ./experiment_results/vit_base_w2_a4_20250907_071043
2025-09-07 20:14:15,144 - INFO - ====================================================================================================
