2025-09-07 16:26:20,919 - INFO - Starting multi-seed experiment
2025-09-07 16:26:20,919 - INFO - Architecture: deit_base
2025-09-07 16:26:20,919 - INFO - Weight bits: 2
2025-09-07 16:26:20,919 - INFO - Activation bits: 4
2025-09-07 16:26:20,920 - INFO - Seeds: [1001, 1002, 1003]
2025-09-07 16:26:20,920 - INFO - Alpha values: [0.5]
2025-09-07 16:26:20,920 - INFO - Cluster numbers: [1, 8, 16, 24, 32, 40, 48, 56, 64, 72, 80, 88, 96, 104, 112, 120, 128, 136, 144, 152, 160, 168, 176, 184, 192, 200, 208, 216, 224, 232, 240, 248, 256]
2025-09-07 16:26:20,920 - INFO - PCA dimensions: [50]
2025-09-07 16:26:20,920 - INFO - Output directory: ./experiment_results/deit_base_w2_a4_20250907_162620
2025-09-07 16:26:20,920 - INFO - Checking basic requirements...
2025-09-07 16:26:20,921 - INFO - Basic checks passed
2025-09-07 16:26:20,921 - INFO - 
Starting experiments for 3 seeds...
2025-09-07 16:26:20,921 - INFO - Total parameter combinations: 33
2025-09-07 16:26:20,921 - INFO - Total experiments: 99
2025-09-07 16:26:20,921 - INFO - 
============================================================
2025-09-07 16:26:20,921 - INFO - Running experiment 1/3 for seed 1001
2025-09-07 16:26:20,921 - INFO - ============================================================
2025-09-07 16:26:20,922 - INFO - Running experiment for seed 1001
2025-09-07 16:26:20,922 - INFO - Command: /home/alz07xz/project/PD-Quant/pd_quant/bin/python ../test_quant.py --model deit_base --w_bit 2 --a_bit 4 --seed 1001 --config ./../configs/4bit/best.py --dataset /home/alz07xz/imagenet --calib-size 1000 --calib-batch-size 32 --val-batch-size 500 --num-workers 8 --device cuda --alpha-list 0.5 --num-clusters-list 1 8 16 24 32 40 48 56 64 72 80 88 96 104 112 120 128 136 144 152 160 168 176 184 192 200 208 216 224 232 240 248 256 --pca-dim-list 50 --calibrate --optimize
2025-09-07 16:26:20,922 - INFO - Working directory: /home/alz07xz/project/APHQ_CAT/ablate_clusters
2025-09-07 22:26:31,603 - INFO - Experiment for seed 1001 completed in 21610.68 seconds
2025-09-07 22:26:31,605 - INFO - SUCCESS: Experiment for seed 1001 completed successfully
2025-09-07 22:26:31,605 - INFO - Looking for results in: ./checkpoint/quant_result/20250907_2025
2025-09-07 22:26:31,606 - INFO - Parsed 0 reconstructed results from log file for seed 1001
2025-09-07 22:26:31,606 - INFO - Parsed 0 baseline results from log file for seed 1001
2025-09-07 22:26:31,606 - INFO - Seed 1001 completed successfully
2025-09-07 22:26:31,606 - INFO - Sleeping for 0.5 seconds before next seed...
2025-09-07 22:26:32,106 - INFO - 
============================================================
2025-09-07 22:26:32,106 - INFO - Running experiment 2/3 for seed 1002
2025-09-07 22:26:32,106 - INFO - ============================================================
2025-09-07 22:26:32,107 - INFO - Running experiment for seed 1002
2025-09-07 22:26:32,107 - INFO - Command: /home/alz07xz/project/PD-Quant/pd_quant/bin/python ../test_quant.py --model deit_base --w_bit 2 --a_bit 4 --seed 1002 --config ./../configs/4bit/best.py --dataset /home/alz07xz/imagenet --calib-size 1000 --calib-batch-size 32 --val-batch-size 500 --num-workers 8 --device cuda --alpha-list 0.5 --num-clusters-list 1 8 16 24 32 40 48 56 64 72 80 88 96 104 112 120 128 136 144 152 160 168 176 184 192 200 208 216 224 232 240 248 256 --pca-dim-list 50 --calibrate --optimize
2025-09-07 22:26:32,107 - INFO - Working directory: /home/alz07xz/project/APHQ_CAT/ablate_clusters
2025-09-08 04:26:09,838 - INFO - Experiment for seed 1002 completed in 21577.73 seconds
2025-09-08 04:26:09,840 - INFO - SUCCESS: Experiment for seed 1002 completed successfully
2025-09-08 04:26:09,842 - INFO - Looking for results in: ./checkpoint/quant_result/20250908_0426
2025-09-08 04:26:09,842 - INFO - Parsed 0 reconstructed results from log file for seed 1002
2025-09-08 04:26:09,842 - INFO - Parsed 0 baseline results from log file for seed 1002
2025-09-08 04:26:09,842 - INFO - Seed 1002 completed successfully
2025-09-08 04:26:09,842 - INFO - Sleeping for 0.5 seconds before next seed...
2025-09-08 04:26:10,342 - INFO - 
============================================================
2025-09-08 04:26:10,342 - INFO - Running experiment 3/3 for seed 1003
2025-09-08 04:26:10,343 - INFO - ============================================================
2025-09-08 04:26:10,349 - INFO - Running experiment for seed 1003
2025-09-08 04:26:10,349 - INFO - Command: /home/alz07xz/project/PD-Quant/pd_quant/bin/python ../test_quant.py --model deit_base --w_bit 2 --a_bit 4 --seed 1003 --config ./../configs/4bit/best.py --dataset /home/alz07xz/imagenet --calib-size 1000 --calib-batch-size 32 --val-batch-size 500 --num-workers 8 --device cuda --alpha-list 0.5 --num-clusters-list 1 8 16 24 32 40 48 56 64 72 80 88 96 104 112 120 128 136 144 152 160 168 176 184 192 200 208 216 224 232 240 248 256 --pca-dim-list 50 --calibrate --optimize
2025-09-08 04:26:10,349 - INFO - Working directory: /home/alz07xz/project/APHQ_CAT/ablate_clusters
