2025-09-08 15:57:32,639 - INFO - Starting multi-seed experiment
2025-09-08 15:57:32,639 - INFO - Architecture: swin_small
2025-09-08 15:57:32,640 - INFO - Weight bits: 4
2025-09-08 15:57:32,640 - INFO - Activation bits: 4
2025-09-08 15:57:32,640 - INFO - Seeds: [1001, 1002, 1003]
2025-09-08 15:57:32,640 - INFO - Alpha values: [0.1, 0.2, 0.3, 0.4, 0.5, 0.6, 0.7, 0.8, 0.9, 1.0]
2025-09-08 15:57:32,640 - INFO - Cluster numbers: [8, 16, 32, 64, 128, 256]
2025-09-08 15:57:32,640 - INFO - PCA dimensions: [1, 25, 50, 75, 100, 125, 150, 175, 200, 220]
2025-09-08 15:57:32,640 - INFO - Output directory: ./experiment_results/swin_small_w4_a4_20250908_155732
2025-09-08 15:57:32,640 - INFO - Checking basic requirements...
2025-09-08 15:57:32,640 - INFO - Basic checks passed
2025-09-08 15:57:32,640 - INFO - 
Starting experiments for 3 seeds...
2025-09-08 15:57:32,640 - INFO - Total parameter combinations: 600
2025-09-08 15:57:32,640 - INFO - Total experiments: 1800
2025-09-08 15:57:32,640 - INFO - 
============================================================
2025-09-08 15:57:32,640 - INFO - Running experiment 1/3 for seed 1001
2025-09-08 15:57:32,640 - INFO - ============================================================
2025-09-08 15:57:32,640 - INFO - Running experiment for seed 1001
2025-09-08 15:57:32,640 - INFO - Command: /home/alz07xz/project/PD-Quant/pd_quant/bin/python ../test_quant.py --model swin_small --w_bit 4 --a_bit 4 --seed 1001 --config ../configs/4bit/brecq_baseline.py --dataset /home/alz07xz/imagenet --calib-size 1000 --calib-batch-size 32 --val-batch-size 500 --num-workers 8 --device cuda --alpha-list 0.1 0.2 0.3 0.4 0.5 0.6 0.7 0.8 0.9 1.0 --num-clusters-list 8 16 32 64 128 256 --pca-dim-list 1 25 50 75 100 125 150 175 200 220 --calibrate --optimize
2025-09-08 15:57:32,640 - INFO - Working directory: /home/alz07xz/project/APHQ_CAT/brecq_base
2025-09-10 14:18:48,005 - INFO - Experiment for seed 1001 completed in 166875.37 seconds
2025-09-10 14:18:48,329 - INFO - SUCCESS: Experiment for seed 1001 completed successfully
2025-09-10 14:18:48,349 - INFO - Looking for results in: ./checkpoint/quant_result/20250910_1414
2025-09-10 14:18:48,349 - INFO - Parsed 0 reconstructed results from log file for seed 1001
2025-09-10 14:18:48,349 - INFO - Parsed 0 baseline results from log file for seed 1001
2025-09-10 14:18:48,349 - INFO - Seed 1001 completed successfully
2025-09-10 14:18:48,349 - INFO - Sleeping for 0.5 seconds before next seed...
2025-09-10 14:18:48,849 - INFO - 
============================================================
2025-09-10 14:18:48,850 - INFO - Running experiment 2/3 for seed 1002
2025-09-10 14:18:48,850 - INFO - ============================================================
2025-09-10 14:18:48,860 - INFO - Running experiment for seed 1002
2025-09-10 14:18:48,860 - INFO - Command: /home/alz07xz/project/PD-Quant/pd_quant/bin/python ../test_quant.py --model swin_small --w_bit 4 --a_bit 4 --seed 1002 --config ../configs/4bit/brecq_baseline.py --dataset /home/alz07xz/imagenet --calib-size 1000 --calib-batch-size 32 --val-batch-size 500 --num-workers 8 --device cuda --alpha-list 0.1 0.2 0.3 0.4 0.5 0.6 0.7 0.8 0.9 1.0 --num-clusters-list 8 16 32 64 128 256 --pca-dim-list 1 25 50 75 100 125 150 175 200 220 --calibrate --optimize
2025-09-10 14:18:48,860 - INFO - Working directory: /home/alz07xz/project/APHQ_CAT/brecq_base
