2025-09-06 21:30:54,847 - INFO - Starting multi-seed experiment
2025-09-06 21:30:54,847 - INFO - Architecture: deit_tiny
2025-09-06 21:30:54,847 - INFO - Weight bits: 4
2025-09-06 21:30:54,847 - INFO - Activation bits: 4
2025-09-06 21:30:54,847 - INFO - Seeds: [1001, 1002, 1003]
2025-09-06 21:30:54,847 - INFO - Alpha values: [0.1, 0.2, 0.3, 0.4, 0.5, 0.6, 0.7, 0.8, 0.9, 1.0]
2025-09-06 21:30:54,847 - INFO - Cluster numbers: [64]
2025-09-06 21:30:54,847 - INFO - PCA dimensions: [50]
2025-09-06 21:30:54,847 - INFO - Output directory: ./experiment_results/deit_tiny_w4_a4_20250906_213054
2025-09-06 21:30:54,847 - INFO - Checking basic requirements...
2025-09-06 21:30:54,848 - INFO - Basic checks passed
2025-09-06 21:30:54,848 - INFO - 
Starting experiments for 3 seeds...
2025-09-06 21:30:54,848 - INFO - Total parameter combinations: 10
2025-09-06 21:30:54,848 - INFO - Total experiments: 30
2025-09-06 21:30:54,848 - INFO - 
============================================================
2025-09-06 21:30:54,848 - INFO - Running experiment 1/3 for seed 1001
2025-09-06 21:30:54,848 - INFO - ============================================================
2025-09-06 21:30:54,849 - INFO - Running experiment for seed 1001
2025-09-06 21:30:54,849 - INFO - Command: /home/alz07xz/project/PD-Quant/pd_quant/bin/python ../test_quant.py --model deit_tiny --w_bit 4 --a_bit 4 --seed 1001 --config ./../configs/4bit/best.py --dataset /home/alz07xz/imagenet --calib-size 1000 --calib-batch-size 32 --val-batch-size 500 --num-workers 8 --device cuda --alpha-list 0.1 0.2 0.3 0.4 0.5 0.6 0.7 0.8 0.9 1.0 --num-clusters-list 64 --pca-dim-list 50 --calibrate --optimize
2025-09-06 21:30:54,849 - INFO - Working directory: /home/alz07xz/project/APHQ_CAT/ablate_alpha
2025-09-06 23:03:04,836 - INFO - Experiment for seed 1001 completed in 5529.99 seconds
2025-09-06 23:03:04,838 - INFO - SUCCESS: Experiment for seed 1001 completed successfully
2025-09-06 23:03:04,840 - INFO - Looking for results in: ./checkpoint/quant_result/20250906_2303
2025-09-06 23:03:04,846 - INFO - Parsed 0 reconstructed results from log file for seed 1001
2025-09-06 23:03:04,846 - INFO - Parsed 0 baseline results from log file for seed 1001
2025-09-06 23:03:04,846 - INFO - Seed 1001 completed successfully
2025-09-06 23:03:04,846 - INFO - Sleeping for 0.5 seconds before next seed...
2025-09-06 23:03:05,346 - INFO - 
============================================================
2025-09-06 23:03:05,346 - INFO - Running experiment 2/3 for seed 1002
2025-09-06 23:03:05,346 - INFO - ============================================================
2025-09-06 23:03:05,347 - INFO - Running experiment for seed 1002
2025-09-06 23:03:05,347 - INFO - Command: /home/alz07xz/project/PD-Quant/pd_quant/bin/python ../test_quant.py --model deit_tiny --w_bit 4 --a_bit 4 --seed 1002 --config ./../configs/4bit/best.py --dataset /home/alz07xz/imagenet --calib-size 1000 --calib-batch-size 32 --val-batch-size 500 --num-workers 8 --device cuda --alpha-list 0.1 0.2 0.3 0.4 0.5 0.6 0.7 0.8 0.9 1.0 --num-clusters-list 64 --pca-dim-list 50 --calibrate --optimize
2025-09-06 23:03:05,347 - INFO - Working directory: /home/alz07xz/project/APHQ_CAT/ablate_alpha
2025-09-07 00:36:24,347 - INFO - Experiment for seed 1002 completed in 5599.00 seconds
2025-09-07 00:36:24,349 - INFO - SUCCESS: Experiment for seed 1002 completed successfully
2025-09-07 00:36:24,350 - INFO - Looking for results in: ./checkpoint/quant_result/20250907_0029
2025-09-07 00:36:24,350 - INFO - Parsed 0 reconstructed results from log file for seed 1002
2025-09-07 00:36:24,351 - INFO - Parsed 0 baseline results from log file for seed 1002
2025-09-07 00:36:24,351 - INFO - Seed 1002 completed successfully
2025-09-07 00:36:24,351 - INFO - Sleeping for 0.5 seconds before next seed...
2025-09-07 00:36:24,851 - INFO - 
============================================================
2025-09-07 00:36:24,851 - INFO - Running experiment 3/3 for seed 1003
2025-09-07 00:36:24,851 - INFO - ============================================================
2025-09-07 00:36:24,852 - INFO - Running experiment for seed 1003
2025-09-07 00:36:24,852 - INFO - Command: /home/alz07xz/project/PD-Quant/pd_quant/bin/python ../test_quant.py --model deit_tiny --w_bit 4 --a_bit 4 --seed 1003 --config ./../configs/4bit/best.py --dataset /home/alz07xz/imagenet --calib-size 1000 --calib-batch-size 32 --val-batch-size 500 --num-workers 8 --device cuda --alpha-list 0.1 0.2 0.3 0.4 0.5 0.6 0.7 0.8 0.9 1.0 --num-clusters-list 64 --pca-dim-list 50 --calibrate --optimize
2025-09-07 00:36:24,852 - INFO - Working directory: /home/alz07xz/project/APHQ_CAT/ablate_alpha
2025-09-07 02:08:34,688 - INFO - Experiment for seed 1003 completed in 5529.84 seconds
2025-09-07 02:08:34,689 - INFO - SUCCESS: Experiment for seed 1003 completed successfully
2025-09-07 02:08:34,693 - INFO - Looking for results in: ./checkpoint/quant_result/20250906_2228
2025-09-07 02:08:34,697 - INFO - Parsed 0 reconstructed results from log file for seed 1003
2025-09-07 02:08:34,697 - INFO - Parsed 0 baseline results from log file for seed 1003
2025-09-07 02:08:34,697 - INFO - Seed 1003 completed successfully
2025-09-07 02:08:34,697 - INFO - 
============================================================
2025-09-07 02:08:34,697 - INFO - EXPERIMENT SUMMARY
2025-09-07 02:08:34,697 - INFO - ============================================================
2025-09-07 02:08:34,697 - INFO - Successful seeds: 3/3
2025-09-07 02:08:34,697 - INFO - Failed seeds: 0/3
2025-09-07 02:08:34,697 - INFO - Successful: [1001, 1002, 1003]
2025-09-07 02:08:34,699 - INFO - 
====================================================================================================
2025-09-07 02:08:34,699 - INFO - COMPREHENSIVE EXPERIMENT SUMMARY
2025-09-07 02:08:34,699 - INFO - ====================================================================================================
2025-09-07 02:08:34,699 - INFO - 
====================================================================================================
2025-09-07 02:08:34,699 - INFO - COMPREHENSIVE RESULTS ANALYSIS
2025-09-07 02:08:34,699 - INFO - ====================================================================================================
2025-09-07 02:08:34,699 - INFO - 📊 Analysis Summary:
2025-09-07 02:08:34,699 - INFO -   - Total seeds: 3
2025-09-07 02:08:34,699 - INFO -   - Successful runs: 0
2025-09-07 02:08:34,699 - INFO -   - Failed runs: 3
2025-09-07 02:08:34,699 - INFO -   - Reconstructed results: 0
2025-09-07 02:08:34,699 - INFO -   - Baseline results: 0
2025-09-07 02:08:34,699 - INFO -   - Failed seed numbers: [1001, 1002, 1003]
2025-09-07 02:08:34,699 - ERROR - ❌ No valid results to analyze!
2025-09-07 02:08:34,700 - INFO - 
====================================================================================================
2025-09-07 02:08:34,700 - INFO - 🎉 ALL EXPERIMENTS COMPLETED!
2025-09-07 02:08:34,700 - INFO - ====================================================================================================
2025-09-07 02:08:34,700 - INFO - Successful seeds: [1001, 1002, 1003]
2025-09-07 02:08:34,700 - INFO - Failed seeds: []
2025-09-07 02:08:34,700 - INFO - Results saved to: ./experiment_results/deit_tiny_w4_a4_20250906_213054
2025-09-07 02:08:34,700 - INFO - ====================================================================================================
