2025-09-07 16:05:17,380 - INFO - Starting multi-seed experiment
2025-09-07 16:05:17,380 - INFO - Architecture: vit_tiny
2025-09-07 16:05:17,380 - INFO - Weight bits: 4
2025-09-07 16:05:17,380 - INFO - Activation bits: 2
2025-09-07 16:05:17,380 - INFO - Seeds: [1001, 1002, 1003]
2025-09-07 16:05:17,380 - INFO - Alpha values: [0.1, 0.2, 0.3, 0.4, 0.5, 0.6, 0.7, 0.8, 0.9, 1.0]
2025-09-07 16:05:17,380 - INFO - Cluster numbers: [64]
2025-09-07 16:05:17,381 - INFO - PCA dimensions: [50]
2025-09-07 16:05:17,381 - INFO - Output directory: ./experiment_results/vit_tiny_w4_a2_20250907_160517
2025-09-07 16:05:17,381 - INFO - Checking basic requirements...
2025-09-07 16:05:17,381 - INFO - Basic checks passed
2025-09-07 16:05:17,381 - INFO - 
Starting experiments for 3 seeds...
2025-09-07 16:05:17,381 - INFO - Total parameter combinations: 10
2025-09-07 16:05:17,381 - INFO - Total experiments: 30
2025-09-07 16:05:17,382 - INFO - 
============================================================
2025-09-07 16:05:17,382 - INFO - Running experiment 1/3 for seed 1001
2025-09-07 16:05:17,382 - INFO - ============================================================
2025-09-07 16:05:17,382 - INFO - Running experiment for seed 1001
2025-09-07 16:05:17,382 - INFO - Command: /home/alz07xz/project/PD-Quant/pd_quant/bin/python ../test_quant.py --model vit_tiny --w_bit 4 --a_bit 2 --seed 1001 --config ./../configs/4bit/best.py --dataset /home/alz07xz/imagenet --calib-size 1000 --calib-batch-size 32 --val-batch-size 500 --num-workers 8 --device cuda --alpha-list 0.1 0.2 0.3 0.4 0.5 0.6 0.7 0.8 0.9 1.0 --num-clusters-list 64 --pca-dim-list 50 --calibrate --optimize
2025-09-07 16:05:17,382 - INFO - Working directory: /home/alz07xz/project/APHQ_CAT/ablate_alpha
2025-09-07 17:35:13,692 - INFO - Experiment for seed 1001 completed in 5396.31 seconds
2025-09-07 17:35:13,693 - INFO - SUCCESS: Experiment for seed 1001 completed successfully
2025-09-07 17:35:13,697 - INFO - Looking for results in: ./checkpoint/quant_result/20250907_1553
2025-09-07 17:35:13,701 - INFO - Parsed 0 reconstructed results from log file for seed 1001
2025-09-07 17:35:13,701 - INFO - Parsed 0 baseline results from log file for seed 1001
2025-09-07 17:35:13,701 - INFO - Seed 1001 completed successfully
2025-09-07 17:35:13,701 - INFO - Sleeping for 0.5 seconds before next seed...
2025-09-07 17:35:14,201 - INFO - 
============================================================
2025-09-07 17:35:14,201 - INFO - Running experiment 2/3 for seed 1002
2025-09-07 17:35:14,202 - INFO - ============================================================
2025-09-07 17:35:14,202 - INFO - Running experiment for seed 1002
2025-09-07 17:35:14,203 - INFO - Command: /home/alz07xz/project/PD-Quant/pd_quant/bin/python ../test_quant.py --model vit_tiny --w_bit 4 --a_bit 2 --seed 1002 --config ./../configs/4bit/best.py --dataset /home/alz07xz/imagenet --calib-size 1000 --calib-batch-size 32 --val-batch-size 500 --num-workers 8 --device cuda --alpha-list 0.1 0.2 0.3 0.4 0.5 0.6 0.7 0.8 0.9 1.0 --num-clusters-list 64 --pca-dim-list 50 --calibrate --optimize
2025-09-07 17:35:14,203 - INFO - Working directory: /home/alz07xz/project/APHQ_CAT/ablate_alpha
2025-09-07 19:05:04,764 - INFO - Experiment for seed 1002 completed in 5390.56 seconds
2025-09-07 19:05:04,766 - INFO - SUCCESS: Experiment for seed 1002 completed successfully
2025-09-07 19:05:04,770 - INFO - Looking for results in: ./checkpoint/quant_result/20250907_1735
2025-09-07 19:05:04,772 - INFO - Parsed 0 reconstructed results from log file for seed 1002
2025-09-07 19:05:04,772 - INFO - Parsed 0 baseline results from log file for seed 1002
2025-09-07 19:05:04,772 - INFO - Seed 1002 completed successfully
2025-09-07 19:05:04,772 - INFO - Sleeping for 0.5 seconds before next seed...
2025-09-07 19:05:05,272 - INFO - 
============================================================
2025-09-07 19:05:05,273 - INFO - Running experiment 3/3 for seed 1003
2025-09-07 19:05:05,273 - INFO - ============================================================
2025-09-07 19:05:05,273 - INFO - Running experiment for seed 1003
2025-09-07 19:05:05,274 - INFO - Command: /home/alz07xz/project/PD-Quant/pd_quant/bin/python ../test_quant.py --model vit_tiny --w_bit 4 --a_bit 2 --seed 1003 --config ./../configs/4bit/best.py --dataset /home/alz07xz/imagenet --calib-size 1000 --calib-batch-size 32 --val-batch-size 500 --num-workers 8 --device cuda --alpha-list 0.1 0.2 0.3 0.4 0.5 0.6 0.7 0.8 0.9 1.0 --num-clusters-list 64 --pca-dim-list 50 --calibrate --optimize
2025-09-07 19:05:05,274 - INFO - Working directory: /home/alz07xz/project/APHQ_CAT/ablate_alpha
2025-09-07 20:36:01,430 - INFO - Experiment for seed 1003 completed in 5456.16 seconds
2025-09-07 20:36:01,432 - INFO - SUCCESS: Experiment for seed 1003 completed successfully
2025-09-07 20:36:01,437 - INFO - Looking for results in: ./checkpoint/quant_result/20250907_1905
2025-09-07 20:36:01,438 - INFO - Parsed 0 reconstructed results from log file for seed 1003
2025-09-07 20:36:01,438 - INFO - Parsed 0 baseline results from log file for seed 1003
2025-09-07 20:36:01,438 - INFO - Seed 1003 completed successfully
2025-09-07 20:36:01,438 - INFO - 
============================================================
2025-09-07 20:36:01,438 - INFO - EXPERIMENT SUMMARY
2025-09-07 20:36:01,438 - INFO - ============================================================
2025-09-07 20:36:01,438 - INFO - Successful seeds: 3/3
2025-09-07 20:36:01,439 - INFO - Failed seeds: 0/3
2025-09-07 20:36:01,439 - INFO - Successful: [1001, 1002, 1003]
2025-09-07 20:36:01,440 - INFO - 
====================================================================================================
2025-09-07 20:36:01,440 - INFO - COMPREHENSIVE EXPERIMENT SUMMARY
2025-09-07 20:36:01,440 - INFO - ====================================================================================================
2025-09-07 20:36:01,440 - INFO - 
====================================================================================================
2025-09-07 20:36:01,440 - INFO - COMPREHENSIVE RESULTS ANALYSIS
2025-09-07 20:36:01,440 - INFO - ====================================================================================================
2025-09-07 20:36:01,440 - INFO - 📊 Analysis Summary:
2025-09-07 20:36:01,440 - INFO -   - Total seeds: 3
2025-09-07 20:36:01,440 - INFO -   - Successful runs: 0
2025-09-07 20:36:01,440 - INFO -   - Failed runs: 3
2025-09-07 20:36:01,440 - INFO -   - Reconstructed results: 0
2025-09-07 20:36:01,440 - INFO -   - Baseline results: 0
2025-09-07 20:36:01,440 - INFO -   - Failed seed numbers: [1001, 1002, 1003]
2025-09-07 20:36:01,440 - ERROR - ❌ No valid results to analyze!
2025-09-07 20:36:01,440 - INFO - 
====================================================================================================
2025-09-07 20:36:01,441 - INFO - 🎉 ALL EXPERIMENTS COMPLETED!
2025-09-07 20:36:01,441 - INFO - ====================================================================================================
2025-09-07 20:36:01,441 - INFO - Successful seeds: [1001, 1002, 1003]
2025-09-07 20:36:01,441 - INFO - Failed seeds: []
2025-09-07 20:36:01,441 - INFO - Results saved to: ./experiment_results/vit_tiny_w4_a2_20250907_160517
2025-09-07 20:36:01,441 - INFO - ====================================================================================================
