2025-09-07 03:10:01,945 - INFO - Starting multi-seed experiment
2025-09-07 03:10:01,945 - INFO - Architecture: swin_tiny
2025-09-07 03:10:01,945 - INFO - Weight bits: 2
2025-09-07 03:10:01,945 - INFO - Activation bits: 4
2025-09-07 03:10:01,945 - INFO - Seeds: [1001, 1002, 1003]
2025-09-07 03:10:01,945 - INFO - Alpha values: [0.1, 0.2, 0.3, 0.4, 0.5, 0.6, 0.7, 0.8, 0.9, 1.0]
2025-09-07 03:10:01,945 - INFO - Cluster numbers: [64]
2025-09-07 03:10:01,945 - INFO - PCA dimensions: [50]
2025-09-07 03:10:01,945 - INFO - Output directory: ./experiment_results/swin_tiny_w2_a4_20250907_031001
2025-09-07 03:10:01,945 - INFO - Checking basic requirements...
2025-09-07 03:10:01,947 - INFO - Basic checks passed
2025-09-07 03:10:01,947 - INFO - 
Starting experiments for 3 seeds...
2025-09-07 03:10:01,947 - INFO - Total parameter combinations: 10
2025-09-07 03:10:01,947 - INFO - Total experiments: 30
2025-09-07 03:10:01,947 - INFO - 
============================================================
2025-09-07 03:10:01,947 - INFO - Running experiment 1/3 for seed 1001
2025-09-07 03:10:01,947 - INFO - ============================================================
2025-09-07 03:10:01,953 - INFO - Running experiment for seed 1001
2025-09-07 03:10:01,953 - INFO - Command: /home/alz07xz/project/PD-Quant/pd_quant/bin/python ../test_quant.py --model swin_tiny --w_bit 2 --a_bit 4 --seed 1001 --config ./../configs/4bit/best.py --dataset /home/alz07xz/imagenet --calib-size 1000 --calib-batch-size 32 --val-batch-size 500 --num-workers 8 --device cuda --alpha-list 0.1 0.2 0.3 0.4 0.5 0.6 0.7 0.8 0.9 1.0 --num-clusters-list 64 --pca-dim-list 50 --calibrate --optimize
2025-09-07 03:10:01,953 - INFO - Working directory: /home/alz07xz/project/APHQ_CAT/ablate_alpha
2025-09-07 06:07:12,465 - INFO - Experiment for seed 1001 completed in 10630.51 seconds
2025-09-07 06:07:12,467 - INFO - SUCCESS: Experiment for seed 1001 completed successfully
2025-09-07 06:07:12,471 - INFO - Looking for results in: ./checkpoint/quant_result/20250907_0605
2025-09-07 06:07:12,475 - INFO - Parsed 0 reconstructed results from log file for seed 1001
2025-09-07 06:07:12,475 - INFO - Parsed 0 baseline results from log file for seed 1001
2025-09-07 06:07:12,475 - INFO - Seed 1001 completed successfully
2025-09-07 06:07:12,475 - INFO - Sleeping for 0.5 seconds before next seed...
2025-09-07 06:07:12,976 - INFO - 
============================================================
2025-09-07 06:07:12,976 - INFO - Running experiment 2/3 for seed 1002
2025-09-07 06:07:12,976 - INFO - ============================================================
2025-09-07 06:07:12,977 - INFO - Running experiment for seed 1002
2025-09-07 06:07:12,977 - INFO - Command: /home/alz07xz/project/PD-Quant/pd_quant/bin/python ../test_quant.py --model swin_tiny --w_bit 2 --a_bit 4 --seed 1002 --config ./../configs/4bit/best.py --dataset /home/alz07xz/imagenet --calib-size 1000 --calib-batch-size 32 --val-batch-size 500 --num-workers 8 --device cuda --alpha-list 0.1 0.2 0.3 0.4 0.5 0.6 0.7 0.8 0.9 1.0 --num-clusters-list 64 --pca-dim-list 50 --calibrate --optimize
2025-09-07 06:07:12,977 - INFO - Working directory: /home/alz07xz/project/APHQ_CAT/ablate_alpha
2025-09-07 09:05:10,178 - INFO - Experiment for seed 1002 completed in 10677.20 seconds
2025-09-07 09:05:10,291 - INFO - SUCCESS: Experiment for seed 1002 completed successfully
2025-09-07 09:05:10,303 - INFO - Looking for results in: ./checkpoint/quant_result/20250907_0904
2025-09-07 09:05:10,303 - INFO - Parsed 0 reconstructed results from log file for seed 1002
2025-09-07 09:05:10,303 - INFO - Parsed 0 baseline results from log file for seed 1002
2025-09-07 09:05:10,303 - INFO - Seed 1002 completed successfully
2025-09-07 09:05:10,303 - INFO - Sleeping for 0.5 seconds before next seed...
2025-09-07 09:05:10,804 - INFO - 
============================================================
2025-09-07 09:05:10,804 - INFO - Running experiment 3/3 for seed 1003
2025-09-07 09:05:10,804 - INFO - ============================================================
2025-09-07 09:05:10,815 - INFO - Running experiment for seed 1003
2025-09-07 09:05:10,815 - INFO - Command: /home/alz07xz/project/PD-Quant/pd_quant/bin/python ../test_quant.py --model swin_tiny --w_bit 2 --a_bit 4 --seed 1003 --config ./../configs/4bit/best.py --dataset /home/alz07xz/imagenet --calib-size 1000 --calib-batch-size 32 --val-batch-size 500 --num-workers 8 --device cuda --alpha-list 0.1 0.2 0.3 0.4 0.5 0.6 0.7 0.8 0.9 1.0 --num-clusters-list 64 --pca-dim-list 50 --calibrate --optimize
2025-09-07 09:05:10,815 - INFO - Working directory: /home/alz07xz/project/APHQ_CAT/ablate_alpha
2025-09-07 12:00:55,671 - INFO - Experiment for seed 1003 completed in 10544.86 seconds
2025-09-07 12:00:55,674 - INFO - SUCCESS: Experiment for seed 1003 completed successfully
2025-09-07 12:00:55,678 - INFO - Looking for results in: ./checkpoint/quant_result/20250907_1200
2025-09-07 12:00:55,683 - INFO - Parsed 0 reconstructed results from log file for seed 1003
2025-09-07 12:00:55,683 - INFO - Parsed 0 baseline results from log file for seed 1003
2025-09-07 12:00:55,683 - INFO - Seed 1003 completed successfully
2025-09-07 12:00:55,684 - INFO - 
============================================================
2025-09-07 12:00:55,684 - INFO - EXPERIMENT SUMMARY
2025-09-07 12:00:55,684 - INFO - ============================================================
2025-09-07 12:00:55,684 - INFO - Successful seeds: 3/3
2025-09-07 12:00:55,684 - INFO - Failed seeds: 0/3
2025-09-07 12:00:55,684 - INFO - Successful: [1001, 1002, 1003]
2025-09-07 12:00:55,685 - INFO - 
====================================================================================================
2025-09-07 12:00:55,685 - INFO - COMPREHENSIVE EXPERIMENT SUMMARY
2025-09-07 12:00:55,685 - INFO - ====================================================================================================
2025-09-07 12:00:55,685 - INFO - 
====================================================================================================
2025-09-07 12:00:55,685 - INFO - COMPREHENSIVE RESULTS ANALYSIS
2025-09-07 12:00:55,685 - INFO - ====================================================================================================
2025-09-07 12:00:55,685 - INFO - 📊 Analysis Summary:
2025-09-07 12:00:55,685 - INFO -   - Total seeds: 3
2025-09-07 12:00:55,685 - INFO -   - Successful runs: 0
2025-09-07 12:00:55,686 - INFO -   - Failed runs: 3
2025-09-07 12:00:55,686 - INFO -   - Reconstructed results: 0
2025-09-07 12:00:55,686 - INFO -   - Baseline results: 0
2025-09-07 12:00:55,686 - INFO -   - Failed seed numbers: [1001, 1002, 1003]
2025-09-07 12:00:55,686 - ERROR - ❌ No valid results to analyze!
2025-09-07 12:00:55,686 - INFO - 
====================================================================================================
2025-09-07 12:00:55,686 - INFO - 🎉 ALL EXPERIMENTS COMPLETED!
2025-09-07 12:00:55,686 - INFO - ====================================================================================================
2025-09-07 12:00:55,686 - INFO - Successful seeds: [1001, 1002, 1003]
2025-09-07 12:00:55,686 - INFO - Failed seeds: []
2025-09-07 12:00:55,686 - INFO - Results saved to: ./experiment_results/swin_tiny_w2_a4_20250907_031001
2025-09-07 12:00:55,686 - INFO - ====================================================================================================
