2025-09-07 03:10:27,833 - INFO - Starting multi-seed experiment
2025-09-07 03:10:27,833 - INFO - Architecture: swin_tiny
2025-09-07 03:10:27,833 - INFO - Weight bits: 4
2025-09-07 03:10:27,833 - INFO - Activation bits: 2
2025-09-07 03:10:27,833 - INFO - Seeds: [1001, 1002, 1003]
2025-09-07 03:10:27,833 - INFO - Alpha values: [0.1, 0.2, 0.3, 0.4, 0.5, 0.6, 0.7, 0.8, 0.9, 1.0]
2025-09-07 03:10:27,833 - INFO - Cluster numbers: [64]
2025-09-07 03:10:27,833 - INFO - PCA dimensions: [50]
2025-09-07 03:10:27,833 - INFO - Output directory: ./experiment_results/swin_tiny_w4_a2_20250907_031027
2025-09-07 03:10:27,833 - INFO - Checking basic requirements...
2025-09-07 03:10:27,833 - INFO - Basic checks passed
2025-09-07 03:10:27,833 - INFO - 
Starting experiments for 3 seeds...
2025-09-07 03:10:27,833 - INFO - Total parameter combinations: 10
2025-09-07 03:10:27,833 - INFO - Total experiments: 30
2025-09-07 03:10:27,833 - INFO - 
============================================================
2025-09-07 03:10:27,833 - INFO - Running experiment 1/3 for seed 1001
2025-09-07 03:10:27,833 - INFO - ============================================================
2025-09-07 03:10:27,834 - INFO - Running experiment for seed 1001
2025-09-07 03:10:27,834 - INFO - Command: /home/alz07xz/project/PD-Quant/pd_quant/bin/python ../test_quant.py --model swin_tiny --w_bit 4 --a_bit 2 --seed 1001 --config ./../configs/4bit/best.py --dataset /home/alz07xz/imagenet --calib-size 1000 --calib-batch-size 32 --val-batch-size 500 --num-workers 8 --device cuda --alpha-list 0.1 0.2 0.3 0.4 0.5 0.6 0.7 0.8 0.9 1.0 --num-clusters-list 64 --pca-dim-list 50 --calibrate --optimize
2025-09-07 03:10:27,834 - INFO - Working directory: /home/alz07xz/project/APHQ_CAT/ablate_alpha
2025-09-07 06:07:13,662 - INFO - Experiment for seed 1001 completed in 10605.83 seconds
2025-09-07 06:07:13,664 - INFO - SUCCESS: Experiment for seed 1001 completed successfully
2025-09-07 06:07:13,664 - INFO - Looking for results in: ./checkpoint/quant_result/20250907_0605
2025-09-07 06:07:13,666 - INFO - Parsed 0 reconstructed results from log file for seed 1001
2025-09-07 06:07:13,666 - INFO - Parsed 0 baseline results from log file for seed 1001
2025-09-07 06:07:13,666 - INFO - Seed 1001 completed successfully
2025-09-07 06:07:13,666 - INFO - Sleeping for 0.5 seconds before next seed...
2025-09-07 06:07:14,166 - INFO - 
============================================================
2025-09-07 06:07:14,166 - INFO - Running experiment 2/3 for seed 1002
2025-09-07 06:07:14,166 - INFO - ============================================================
2025-09-07 06:07:14,167 - INFO - Running experiment for seed 1002
2025-09-07 06:07:14,167 - INFO - Command: /home/alz07xz/project/PD-Quant/pd_quant/bin/python ../test_quant.py --model swin_tiny --w_bit 4 --a_bit 2 --seed 1002 --config ./../configs/4bit/best.py --dataset /home/alz07xz/imagenet --calib-size 1000 --calib-batch-size 32 --val-batch-size 500 --num-workers 8 --device cuda --alpha-list 0.1 0.2 0.3 0.4 0.5 0.6 0.7 0.8 0.9 1.0 --num-clusters-list 64 --pca-dim-list 50 --calibrate --optimize
2025-09-07 06:07:14,167 - INFO - Working directory: /home/alz07xz/project/APHQ_CAT/ablate_alpha
2025-09-07 09:03:40,994 - INFO - Experiment for seed 1002 completed in 10586.83 seconds
2025-09-07 09:03:40,996 - INFO - SUCCESS: Experiment for seed 1002 completed successfully
2025-09-07 09:03:41,001 - INFO - Looking for results in: ./checkpoint/quant_result/20250907_0716
2025-09-07 09:03:41,002 - INFO - Parsed 0 reconstructed results from log file for seed 1002
2025-09-07 09:03:41,002 - INFO - Parsed 0 baseline results from log file for seed 1002
2025-09-07 09:03:41,002 - INFO - Seed 1002 completed successfully
2025-09-07 09:03:41,002 - INFO - Sleeping for 0.5 seconds before next seed...
2025-09-07 09:03:41,502 - INFO - 
============================================================
2025-09-07 09:03:41,502 - INFO - Running experiment 3/3 for seed 1003
2025-09-07 09:03:41,502 - INFO - ============================================================
2025-09-07 09:03:41,503 - INFO - Running experiment for seed 1003
2025-09-07 09:03:41,503 - INFO - Command: /home/alz07xz/project/PD-Quant/pd_quant/bin/python ../test_quant.py --model swin_tiny --w_bit 4 --a_bit 2 --seed 1003 --config ./../configs/4bit/best.py --dataset /home/alz07xz/imagenet --calib-size 1000 --calib-batch-size 32 --val-batch-size 500 --num-workers 8 --device cuda --alpha-list 0.1 0.2 0.3 0.4 0.5 0.6 0.7 0.8 0.9 1.0 --num-clusters-list 64 --pca-dim-list 50 --calibrate --optimize
2025-09-07 09:03:41,503 - INFO - Working directory: /home/alz07xz/project/APHQ_CAT/ablate_alpha
2025-09-07 12:01:01,036 - INFO - Experiment for seed 1003 completed in 10639.53 seconds
2025-09-07 12:01:01,037 - INFO - SUCCESS: Experiment for seed 1003 completed successfully
2025-09-07 12:01:01,039 - INFO - Looking for results in: ./checkpoint/quant_result/20250907_1200
2025-09-07 12:01:01,041 - INFO - Parsed 0 reconstructed results from log file for seed 1003
2025-09-07 12:01:01,041 - INFO - Parsed 0 baseline results from log file for seed 1003
2025-09-07 12:01:01,041 - INFO - Seed 1003 completed successfully
2025-09-07 12:01:01,041 - INFO - 
============================================================
2025-09-07 12:01:01,041 - INFO - EXPERIMENT SUMMARY
2025-09-07 12:01:01,041 - INFO - ============================================================
2025-09-07 12:01:01,041 - INFO - Successful seeds: 3/3
2025-09-07 12:01:01,041 - INFO - Failed seeds: 0/3
2025-09-07 12:01:01,042 - INFO - Successful: [1001, 1002, 1003]
2025-09-07 12:01:01,043 - INFO - 
====================================================================================================
2025-09-07 12:01:01,043 - INFO - COMPREHENSIVE EXPERIMENT SUMMARY
2025-09-07 12:01:01,043 - INFO - ====================================================================================================
2025-09-07 12:01:01,043 - INFO - 
====================================================================================================
2025-09-07 12:01:01,043 - INFO - COMPREHENSIVE RESULTS ANALYSIS
2025-09-07 12:01:01,043 - INFO - ====================================================================================================
2025-09-07 12:01:01,043 - INFO - 📊 Analysis Summary:
2025-09-07 12:01:01,043 - INFO -   - Total seeds: 3
2025-09-07 12:01:01,043 - INFO -   - Successful runs: 0
2025-09-07 12:01:01,043 - INFO -   - Failed runs: 3
2025-09-07 12:01:01,044 - INFO -   - Reconstructed results: 0
2025-09-07 12:01:01,044 - INFO -   - Baseline results: 0
2025-09-07 12:01:01,044 - INFO -   - Failed seed numbers: [1001, 1002, 1003]
2025-09-07 12:01:01,044 - ERROR - ❌ No valid results to analyze!
2025-09-07 12:01:01,044 - INFO - 
====================================================================================================
2025-09-07 12:01:01,044 - INFO - 🎉 ALL EXPERIMENTS COMPLETED!
2025-09-07 12:01:01,044 - INFO - ====================================================================================================
2025-09-07 12:01:01,044 - INFO - Successful seeds: [1001, 1002, 1003]
2025-09-07 12:01:01,044 - INFO - Failed seeds: []
2025-09-07 12:01:01,044 - INFO - Results saved to: ./experiment_results/swin_tiny_w4_a2_20250907_031027
2025-09-07 12:01:01,044 - INFO - ====================================================================================================
