2025-09-06 13:17:34,088 - INFO - Starting multi-seed experiment
2025-09-06 13:17:34,090 - INFO - Architecture: deit_base
2025-09-06 13:17:34,093 - INFO - Weight bits: 2
2025-09-06 13:17:34,098 - INFO - Activation bits: 2
2025-09-06 13:17:34,100 - INFO - Seeds: [1001, 1002, 1003]
2025-09-06 13:17:34,101 - INFO - Alpha values: [0.1, 0.2, 0.3, 0.4, 0.5, 0.6, 0.7, 0.8, 0.9, 1.0]
2025-09-06 13:17:34,105 - INFO - Cluster numbers: [64]
2025-09-06 13:17:34,107 - INFO - PCA dimensions: [50]
2025-09-06 13:17:34,109 - INFO - Output directory: ./experiment_results/deit_base_w2_a2_20250906_131734
2025-09-06 13:17:34,110 - INFO - 
Starting experiments for 3 seeds...
2025-09-06 13:17:34,112 - INFO - Total parameter combinations: 10
2025-09-06 13:17:34,114 - INFO - Total experiments: 30
2025-09-06 13:17:34,115 - INFO - 
============================================================
2025-09-06 13:17:34,117 - INFO - Running experiment 1/3 for seed 1001
2025-09-06 13:17:34,118 - INFO - ============================================================
2025-09-06 13:17:34,121 - INFO - Running experiment for seed 1001
2025-09-06 13:17:34,122 - INFO - Command: /home/alz07xz/project/PD-Quant/pd_quant/bin/python test_quant.py --model deit_base --w_bit 2 --a_bit 2 --seed 1001 --config /mimer/NOBACKUP/groups/naiss2025-22-91/ali/APHQ-ViT/configs/4bit/best.py --dataset /mimer/NOBACKUP/groups/naiss2025-22-91/imagenet --calib-size 1000 --calib-batch-size 32 --val-batch-size 500 --num-workers 8 --device cuda --alpha-list 0.1 0.2 0.3 0.4 0.5 0.6 0.7 0.8 0.9 1.0 --num-clusters-list 64 --pca-dim-list 50 --calibrate --optimize
2025-09-06 13:17:37,657 - INFO - Experiment for seed 1001 completed in 3.53 seconds
2025-09-06 13:17:37,659 - ERROR - Experiment for seed 1001 failed with return code 256
2025-09-06 13:17:37,662 - ERROR - ✗ Seed 1001 failed
2025-09-06 13:17:37,665 - INFO - Sleeping for 0.5 seconds before next seed...
2025-09-06 13:17:38,169 - INFO - 
============================================================
2025-09-06 13:17:38,171 - INFO - Running experiment 2/3 for seed 1002
2025-09-06 13:17:38,173 - INFO - ============================================================
2025-09-06 13:17:38,175 - INFO - Running experiment for seed 1002
2025-09-06 13:17:38,177 - INFO - Command: /home/alz07xz/project/PD-Quant/pd_quant/bin/python test_quant.py --model deit_base --w_bit 2 --a_bit 2 --seed 1002 --config /mimer/NOBACKUP/groups/naiss2025-22-91/ali/APHQ-ViT/configs/4bit/best.py --dataset /mimer/NOBACKUP/groups/naiss2025-22-91/imagenet --calib-size 1000 --calib-batch-size 32 --val-batch-size 500 --num-workers 8 --device cuda --alpha-list 0.1 0.2 0.3 0.4 0.5 0.6 0.7 0.8 0.9 1.0 --num-clusters-list 64 --pca-dim-list 50 --calibrate --optimize
2025-09-06 13:18:01,213 - INFO - Experiment for seed 1002 completed in 23.03 seconds
2025-09-06 13:18:01,220 - ERROR - Experiment for seed 1002 failed with return code 256
2025-09-06 13:18:01,222 - ERROR - ✗ Seed 1002 failed
2025-09-06 13:18:01,224 - INFO - Sleeping for 0.5 seconds before next seed...
2025-09-06 13:18:01,725 - INFO - 
============================================================
2025-09-06 13:18:01,728 - INFO - Running experiment 3/3 for seed 1003
2025-09-06 13:18:01,730 - INFO - ============================================================
2025-09-06 13:18:01,735 - INFO - Running experiment for seed 1003
2025-09-06 13:18:01,739 - INFO - Command: /home/alz07xz/project/PD-Quant/pd_quant/bin/python test_quant.py --model deit_base --w_bit 2 --a_bit 2 --seed 1003 --config /mimer/NOBACKUP/groups/naiss2025-22-91/ali/APHQ-ViT/configs/4bit/best.py --dataset /mimer/NOBACKUP/groups/naiss2025-22-91/imagenet --calib-size 1000 --calib-batch-size 32 --val-batch-size 500 --num-workers 8 --device cuda --alpha-list 0.1 0.2 0.3 0.4 0.5 0.6 0.7 0.8 0.9 1.0 --num-clusters-list 64 --pca-dim-list 50 --calibrate --optimize
2025-09-06 13:19:04,768 - INFO - Experiment for seed 1003 completed in 63.03 seconds
2025-09-06 13:19:04,768 - ERROR - Experiment for seed 1003 failed with return code 256
2025-09-06 13:19:04,768 - ERROR - ✗ Seed 1003 failed
2025-09-06 13:19:04,768 - INFO - 
============================================================
2025-09-06 13:19:04,768 - INFO - EXPERIMENT EXECUTION SUMMARY
2025-09-06 13:19:04,768 - INFO - ============================================================
2025-09-06 13:19:04,768 - INFO - Successful seeds: 0/3
2025-09-06 13:19:04,769 - INFO - Failed seeds: 3/3
2025-09-06 13:19:04,769 - INFO - Failed seeds: [1001, 1002, 1003]
2025-09-06 13:19:04,770 - INFO - 
====================================================================================================
2025-09-06 13:19:04,770 - INFO - COMPREHENSIVE EXPERIMENT SUMMARY
2025-09-06 13:19:04,770 - INFO - ====================================================================================================
2025-09-06 13:19:04,770 - INFO - 
====================================================================================================
2025-09-06 13:19:04,770 - INFO - COMPREHENSIVE RESULTS ANALYSIS
2025-09-06 13:19:04,770 - INFO - ====================================================================================================
2025-09-06 13:19:04,770 - INFO - 📊 Analysis Summary:
2025-09-06 13:19:04,770 - INFO -   - Total seeds: 3
2025-09-06 13:19:04,770 - INFO -   - Successful runs: 0
2025-09-06 13:19:04,770 - INFO -   - Failed runs: 3
2025-09-06 13:19:04,770 - INFO -   - Reconstructed results: 0
2025-09-06 13:19:04,770 - INFO -   - Baseline results: 0
2025-09-06 13:19:04,770 - INFO -   - Failed seed numbers: [1001, 1002, 1003]
2025-09-06 13:19:04,770 - ERROR - ❌ No valid results to analyze!
2025-09-06 13:19:04,770 - INFO - 
====================================================================================================
2025-09-06 13:19:04,770 - INFO - 🎉 ALL EXPERIMENTS COMPLETED!
2025-09-06 13:19:04,770 - INFO - ====================================================================================================
2025-09-06 13:19:04,771 - INFO - Successful seeds: []
2025-09-06 13:19:04,771 - INFO - Failed seeds: [1001, 1002, 1003]
2025-09-06 13:19:04,771 - INFO - Results saved to: ./experiment_results/deit_base_w2_a2_20250906_131734
2025-09-06 13:19:04,771 - INFO - ====================================================================================================
