2025-09-06 17:42:28,775 - INFO - Starting multi-seed experiment
2025-09-06 17:42:28,775 - INFO - Architecture: deit_base
2025-09-06 17:42:28,775 - INFO - Weight bits: 2
2025-09-06 17:42:28,775 - INFO - Activation bits: 2
2025-09-06 17:42:28,775 - INFO - Seeds: [1001]
2025-09-06 17:42:28,776 - INFO - Alpha values: [0.5]
2025-09-06 17:42:28,776 - INFO - Cluster numbers: [64]
2025-09-06 17:42:28,776 - INFO - PCA dimensions: [50]
2025-09-06 17:42:28,776 - INFO - Output directory: ./experiment_results\deit_base_w2_a2_20250906_174228
2025-09-06 17:42:28,776 - INFO - Performing pre-flight checks...
2025-09-06 17:42:28,778 - INFO - PASS: test_quant.py found
2025-09-06 17:42:28,778 - INFO - PASS: Config file found: ./configs/4bit/best.py
2025-09-06 17:42:28,778 - INFO - PASS: Dataset path found: .
2025-09-06 17:42:30,144 - INFO - PASS: PyTorch version: 2.7.1+cpu
2025-09-06 17:42:30,144 - INFO - PASS: NumPy version: 1.26.4
2025-09-06 17:42:30,620 - INFO - PASS: Scikit-learn version: 1.5.1
2025-09-06 17:42:30,620 - INFO - Working directory: C:\Users\azi01\Documents\internship\kmeans\APHQ_CAT
2025-09-06 17:42:30,620 - INFO - PASS: Disk space: 21GB available
2025-09-06 17:42:30,620 - WARNING - PRE-FLIGHT WARNINGS:
2025-09-06 17:42:30,622 - WARNING - WARNING: CUDA requested but not available
2025-09-06 17:42:30,622 - INFO - PASS: Pre-flight checks passed!
2025-09-06 17:42:30,622 - INFO - 
Starting experiments for 1 seeds...
2025-09-06 17:42:30,622 - INFO - Total parameter combinations: 1
2025-09-06 17:42:30,622 - INFO - Total experiments: 1
2025-09-06 17:42:30,622 - INFO - 
============================================================
2025-09-06 17:42:30,623 - INFO - Running experiment 1/1 for seed 1001
2025-09-06 17:42:30,623 - INFO - ============================================================
2025-09-06 17:42:30,623 - INFO - Running experiment for seed 1001
2025-09-06 17:42:30,623 - INFO - Command: C:\Users\azi01\AppData\Local\anaconda3\python.exe test_quant.py --model deit_base --w_bit 2 --a_bit 2 --seed 1001 --config ./configs/4bit/best.py --dataset . --calib-size 1000 --calib-batch-size 32 --val-batch-size 500 --num-workers 8 --device cuda --alpha-list 0.5 --num-clusters-list 64 --pca-dim-list 50 --calibrate --optimize
2025-09-06 17:42:30,623 - INFO - Working directory: C:\Users\azi01\Documents\internship\kmeans\APHQ_CAT
2025-09-06 17:42:32,385 - INFO - Experiment for seed 1001 completed in 1.76 seconds
2025-09-06 17:42:32,404 - ERROR - ERROR: Experiment for seed 1001 failed with return code 1
Log file: ./experiment_results\deit_base_w2_a2_20250906_174228\seed_1001\seed_1001_output.log
Last 20 lines of output:
Traceback (most recent call last):
  File "C:\Users\azi01\Documents\internship\kmeans\APHQ_CAT\test_quant.py", line 8, in <module>
    import timm
ModuleNotFoundError: No module named 'timm'

2025-09-06 17:42:32,405 - ERROR - ERROR: Seed 1001 failed
2025-09-06 17:42:32,405 - ERROR - Error details: ERROR: Experiment for seed 1001 failed with return code 1
Log file: ./experiment_results\deit_base_w2_a2_20250906_174228\seed_1001\seed_1001_output.log
Last 20 lines of output:
Traceback (most recent call last):
  File "C:\Users\azi01\Documents\internship\kmeans\APHQ_CAT\test_quant.py", line 8, in <module>
    import timm
ModuleNotFoundError: No module named 'timm'

2025-09-06 17:42:32,405 - INFO - 
============================================================
2025-09-06 17:42:32,405 - INFO - EXPERIMENT EXECUTION SUMMARY
2025-09-06 17:42:32,406 - INFO - ============================================================
2025-09-06 17:42:32,406 - INFO - SUCCESS: Successful seeds: 0/1
2025-09-06 17:42:32,406 - INFO - ERROR: Failed seeds: 1/1
2025-09-06 17:42:32,406 - ERROR - Failed seeds: [1001]
2025-09-06 17:42:32,406 - ERROR - To troubleshoot failed experiments:
2025-09-06 17:42:32,407 - ERROR -    1. Check the individual seed log files in the output directory
2025-09-06 17:42:32,407 - ERROR -    2. Look for error messages in the main experiment log
2025-09-06 17:42:32,407 - ERROR -    3. Verify all dependencies are installed correctly
2025-09-06 17:42:32,407 - ERROR -    4. Check if dataset paths and config files exist
2025-09-06 17:42:32,407 - ERROR -    5. Ensure sufficient disk space and memory
2025-09-06 17:42:32,411 - INFO - 
====================================================================================================
2025-09-06 17:42:32,412 - INFO - COMPREHENSIVE EXPERIMENT SUMMARY
2025-09-06 17:42:32,412 - INFO - ====================================================================================================
2025-09-06 17:42:32,412 - INFO - 
====================================================================================================
2025-09-06 17:42:32,412 - INFO - COMPREHENSIVE RESULTS ANALYSIS
2025-09-06 17:42:32,412 - INFO - ====================================================================================================
2025-09-06 17:42:32,414 - INFO -   - Total seeds: 1
2025-09-06 17:42:32,414 - INFO -   - Successful runs: 0
2025-09-06 17:42:32,414 - INFO -   - Failed runs: 1
2025-09-06 17:42:32,414 - INFO -   - Reconstructed results: 0
2025-09-06 17:42:32,414 - INFO -   - Baseline results: 0
2025-09-06 17:42:32,414 - INFO -   - Failed seed numbers: [1001]
2025-09-06 17:42:32,415 - INFO - 
====================================================================================================
2025-09-06 17:42:32,415 - INFO - ====================================================================================================
2025-09-06 17:42:32,415 - INFO - Successful seeds: []
2025-09-06 17:42:32,415 - INFO - Failed seeds: [1001]
2025-09-06 17:42:32,415 - INFO - Results saved to: ./experiment_results\deit_base_w2_a2_20250906_174228
2025-09-06 17:42:32,416 - INFO - ====================================================================================================
