2025-09-07 03:08:31,199 - INFO - Starting multi-seed experiment
2025-09-07 03:08:31,200 - INFO - Architecture: swin_small
2025-09-07 03:08:31,200 - INFO - Weight bits: 4
2025-09-07 03:08:31,200 - INFO - Activation bits: 4
2025-09-07 03:08:31,200 - INFO - Seeds: [1001, 1002, 1003]
2025-09-07 03:08:31,200 - INFO - Alpha values: [0.1, 0.2, 0.3, 0.4, 0.5, 0.6, 0.7, 0.8, 0.9, 1.0]
2025-09-07 03:08:31,200 - INFO - Cluster numbers: [64]
2025-09-07 03:08:31,200 - INFO - PCA dimensions: [50]
2025-09-07 03:08:31,200 - INFO - Output directory: ./experiment_results/swin_small_w4_a4_20250907_030831
2025-09-07 03:08:31,200 - INFO - Checking basic requirements...
2025-09-07 03:08:31,201 - INFO - Basic checks passed
2025-09-07 03:08:31,201 - INFO - 
Starting experiments for 3 seeds...
2025-09-07 03:08:31,202 - INFO - Total parameter combinations: 10
2025-09-07 03:08:31,202 - INFO - Total experiments: 30
2025-09-07 03:08:31,202 - INFO - 
============================================================
2025-09-07 03:08:31,202 - INFO - Running experiment 1/3 for seed 1001
2025-09-07 03:08:31,202 - INFO - ============================================================
2025-09-07 03:08:31,202 - INFO - Running experiment for seed 1001
2025-09-07 03:08:31,202 - INFO - Command: /home/alz07xz/project/PD-Quant/pd_quant/bin/python ../test_quant.py --model swin_small --w_bit 4 --a_bit 4 --seed 1001 --config ./../configs/4bit/best.py --dataset /home/alz07xz/imagenet --calib-size 1000 --calib-batch-size 32 --val-batch-size 500 --num-workers 8 --device cuda --alpha-list 0.1 0.2 0.3 0.4 0.5 0.6 0.7 0.8 0.9 1.0 --num-clusters-list 64 --pca-dim-list 50 --calibrate --optimize
2025-09-07 03:08:31,202 - INFO - Working directory: /home/alz07xz/project/APHQ_CAT/ablate_alpha
2025-09-07 07:53:57,355 - INFO - Experiment for seed 1001 completed in 17126.15 seconds
2025-09-07 07:53:57,357 - INFO - SUCCESS: Experiment for seed 1001 completed successfully
2025-09-07 07:53:57,365 - INFO - Looking for results in: ./checkpoint/quant_result/20250907_0602
2025-09-07 07:53:57,374 - INFO - Parsed 0 reconstructed results from log file for seed 1001
2025-09-07 07:53:57,374 - INFO - Parsed 0 baseline results from log file for seed 1001
2025-09-07 07:53:57,374 - INFO - Seed 1001 completed successfully
2025-09-07 07:53:57,374 - INFO - Sleeping for 0.5 seconds before next seed...
2025-09-07 07:53:57,874 - INFO - 
============================================================
2025-09-07 07:53:57,874 - INFO - Running experiment 2/3 for seed 1002
2025-09-07 07:53:57,874 - INFO - ============================================================
2025-09-07 07:53:57,875 - INFO - Running experiment for seed 1002
2025-09-07 07:53:57,875 - INFO - Command: /home/alz07xz/project/PD-Quant/pd_quant/bin/python ../test_quant.py --model swin_small --w_bit 4 --a_bit 4 --seed 1002 --config ./../configs/4bit/best.py --dataset /home/alz07xz/imagenet --calib-size 1000 --calib-batch-size 32 --val-batch-size 500 --num-workers 8 --device cuda --alpha-list 0.1 0.2 0.3 0.4 0.5 0.6 0.7 0.8 0.9 1.0 --num-clusters-list 64 --pca-dim-list 50 --calibrate --optimize
2025-09-07 07:53:57,876 - INFO - Working directory: /home/alz07xz/project/APHQ_CAT/ablate_alpha
2025-09-07 12:39:01,902 - INFO - Experiment for seed 1002 completed in 17104.03 seconds
2025-09-07 12:39:01,903 - INFO - SUCCESS: Experiment for seed 1002 completed successfully
2025-09-07 12:39:01,911 - INFO - Looking for results in: ./checkpoint/quant_result/20250907_1202
2025-09-07 12:39:01,917 - INFO - Parsed 0 reconstructed results from log file for seed 1002
2025-09-07 12:39:01,917 - INFO - Parsed 0 baseline results from log file for seed 1002
2025-09-07 12:39:01,917 - INFO - Seed 1002 completed successfully
2025-09-07 12:39:01,917 - INFO - Sleeping for 0.5 seconds before next seed...
2025-09-07 12:39:02,418 - INFO - 
============================================================
2025-09-07 12:39:02,418 - INFO - Running experiment 3/3 for seed 1003
2025-09-07 12:39:02,418 - INFO - ============================================================
2025-09-07 12:39:02,419 - INFO - Running experiment for seed 1003
2025-09-07 12:39:02,419 - INFO - Command: /home/alz07xz/project/PD-Quant/pd_quant/bin/python ../test_quant.py --model swin_small --w_bit 4 --a_bit 4 --seed 1003 --config ./../configs/4bit/best.py --dataset /home/alz07xz/imagenet --calib-size 1000 --calib-batch-size 32 --val-batch-size 500 --num-workers 8 --device cuda --alpha-list 0.1 0.2 0.3 0.4 0.5 0.6 0.7 0.8 0.9 1.0 --num-clusters-list 64 --pca-dim-list 50 --calibrate --optimize
2025-09-07 12:39:02,419 - INFO - Working directory: /home/alz07xz/project/APHQ_CAT/ablate_alpha
2025-09-07 17:25:28,645 - INFO - Experiment for seed 1003 completed in 17186.23 seconds
2025-09-07 17:25:28,647 - INFO - SUCCESS: Experiment for seed 1003 completed successfully
2025-09-07 17:25:28,651 - INFO - Looking for results in: ./checkpoint/quant_result/20250907_1549
2025-09-07 17:25:28,656 - INFO - Parsed 0 reconstructed results from log file for seed 1003
2025-09-07 17:25:28,656 - INFO - Parsed 0 baseline results from log file for seed 1003
2025-09-07 17:25:28,656 - INFO - Seed 1003 completed successfully
2025-09-07 17:25:28,656 - INFO - 
============================================================
2025-09-07 17:25:28,657 - INFO - EXPERIMENT SUMMARY
2025-09-07 17:25:28,657 - INFO - ============================================================
2025-09-07 17:25:28,657 - INFO - Successful seeds: 3/3
2025-09-07 17:25:28,657 - INFO - Failed seeds: 0/3
2025-09-07 17:25:28,657 - INFO - Successful: [1001, 1002, 1003]
2025-09-07 17:25:28,658 - INFO - 
====================================================================================================
2025-09-07 17:25:28,658 - INFO - COMPREHENSIVE EXPERIMENT SUMMARY
2025-09-07 17:25:28,658 - INFO - ====================================================================================================
2025-09-07 17:25:28,658 - INFO - 
====================================================================================================
2025-09-07 17:25:28,658 - INFO - COMPREHENSIVE RESULTS ANALYSIS
2025-09-07 17:25:28,658 - INFO - ====================================================================================================
2025-09-07 17:25:28,658 - INFO - 📊 Analysis Summary:
2025-09-07 17:25:28,658 - INFO -   - Total seeds: 3
2025-09-07 17:25:28,658 - INFO -   - Successful runs: 0
2025-09-07 17:25:28,658 - INFO -   - Failed runs: 3
2025-09-07 17:25:28,658 - INFO -   - Reconstructed results: 0
2025-09-07 17:25:28,658 - INFO -   - Baseline results: 0
2025-09-07 17:25:28,658 - INFO -   - Failed seed numbers: [1001, 1002, 1003]
2025-09-07 17:25:28,658 - ERROR - ❌ No valid results to analyze!
2025-09-07 17:25:28,658 - INFO - 
====================================================================================================
2025-09-07 17:25:28,658 - INFO - 🎉 ALL EXPERIMENTS COMPLETED!
2025-09-07 17:25:28,658 - INFO - ====================================================================================================
2025-09-07 17:25:28,658 - INFO - Successful seeds: [1001, 1002, 1003]
2025-09-07 17:25:28,658 - INFO - Failed seeds: []
2025-09-07 17:25:28,658 - INFO - Results saved to: ./experiment_results/swin_small_w4_a4_20250907_030831
2025-09-07 17:25:28,658 - INFO - ====================================================================================================
