2025-09-14 14:27:50,923 - INFO - Starting multi-seed experiment
2025-09-14 14:27:50,923 - INFO - Architecture: vit_small
2025-09-14 14:27:50,923 - INFO - Weight bits: 2
2025-09-14 14:27:50,923 - INFO - Activation bits: 6
2025-09-14 14:27:50,923 - INFO - Seeds: [1001, 1002, 1003]
2025-09-14 14:27:50,923 - INFO - Alpha values: [0.1, 0.2, 0.3, 0.4, 0.5, 0.6, 0.7, 0.8, 0.9, 1.0]
2025-09-14 14:27:50,923 - INFO - Cluster numbers: [8, 16, 32, 64, 128, 256]
2025-09-14 14:27:50,923 - INFO - PCA dimensions: [1, 25, 50, 75, 100, 125, 150, 175, 200, 220]
2025-09-14 14:27:50,923 - INFO - Output directory: ./experiment_results/vit_small_w2_a6_20250914_142750
2025-09-14 14:27:50,923 - INFO - Checking basic requirements...
2025-09-14 14:27:50,923 - INFO - Basic checks passed
2025-09-14 14:27:50,923 - INFO - 
Starting experiments for 3 seeds...
2025-09-14 14:27:50,923 - INFO - Total parameter combinations: 600
2025-09-14 14:27:50,924 - INFO - Total experiments: 1800
2025-09-14 14:27:50,924 - INFO - 
============================================================
2025-09-14 14:27:50,924 - INFO - Running experiment 1/3 for seed 1001
2025-09-14 14:27:50,924 - INFO - ============================================================
2025-09-14 14:27:50,924 - INFO - Running experiment for seed 1001
2025-09-14 14:27:50,924 - INFO - Command: /home/alz07xz/project/PD-Quant/pd_quant/bin/python ../test_quant.py --model vit_small --w_bit 2 --a_bit 6 --seed 1001 --config ../configs/4bit/qdrop_baseline.py --dataset /home/alz07xz/imagenet --calib-size 1000 --calib-batch-size 32 --val-batch-size 500 --num-workers 8 --device cuda --alpha-list 0.1 0.2 0.3 0.4 0.5 0.6 0.7 0.8 0.9 1.0 --num-clusters-list 8 16 32 64 128 256 --pca-dim-list 1 25 50 75 100 125 150 175 200 220 --calibrate --optimize
2025-09-14 14:27:50,924 - INFO - Working directory: /home/alz07xz/project/APHQ_CAT/qdrop
2025-09-15 11:28:30,408 - INFO - Experiment for seed 1001 completed in 75639.48 seconds
2025-09-15 11:28:30,412 - INFO - SUCCESS: Experiment for seed 1001 completed successfully
2025-09-15 11:28:30,414 - INFO - Looking for results in: ./checkpoint/quant_result/20250915_1125
2025-09-15 11:28:30,415 - INFO - Parsed 0 reconstructed results from log file for seed 1001
2025-09-15 11:28:30,415 - INFO - Parsed 0 baseline results from log file for seed 1001
2025-09-15 11:28:30,415 - INFO - Seed 1001 completed successfully
2025-09-15 11:28:30,415 - INFO - Sleeping for 0.5 seconds before next seed...
2025-09-15 11:28:30,915 - INFO - 
============================================================
2025-09-15 11:28:30,915 - INFO - Running experiment 2/3 for seed 1002
2025-09-15 11:28:30,915 - INFO - ============================================================
2025-09-15 11:28:30,916 - INFO - Running experiment for seed 1002
2025-09-15 11:28:30,916 - INFO - Command: /home/alz07xz/project/PD-Quant/pd_quant/bin/python ../test_quant.py --model vit_small --w_bit 2 --a_bit 6 --seed 1002 --config ../configs/4bit/qdrop_baseline.py --dataset /home/alz07xz/imagenet --calib-size 1000 --calib-batch-size 32 --val-batch-size 500 --num-workers 8 --device cuda --alpha-list 0.1 0.2 0.3 0.4 0.5 0.6 0.7 0.8 0.9 1.0 --num-clusters-list 8 16 32 64 128 256 --pca-dim-list 1 25 50 75 100 125 150 175 200 220 --calibrate --optimize
2025-09-15 11:28:30,916 - INFO - Working directory: /home/alz07xz/project/APHQ_CAT/qdrop
