2025-09-06 17:56:10,436 - INFO - Starting multi-seed experiment
2025-09-06 17:56:10,436 - INFO - Architecture: deit_base
2025-09-06 17:56:10,436 - INFO - Weight bits: 2
2025-09-06 17:56:10,436 - INFO - Activation bits: 4
2025-09-06 17:56:10,436 - INFO - Seeds: [1001, 1002, 1003]
2025-09-06 17:56:10,436 - INFO - Alpha values: [0.1, 0.2, 0.3, 0.4, 0.5, 0.6, 0.7, 0.8, 0.9, 1.0]
2025-09-06 17:56:10,436 - INFO - Cluster numbers: [64]
2025-09-06 17:56:10,436 - INFO - PCA dimensions: [50]
2025-09-06 17:56:10,436 - INFO - Output directory: ./experiment_results/deit_base_w2_a4_20250906_175610
2025-09-06 17:56:10,436 - INFO - Checking basic requirements...
2025-09-06 17:56:10,436 - INFO - Basic checks passed
2025-09-06 17:56:10,436 - INFO - 
Starting experiments for 3 seeds...
2025-09-06 17:56:10,436 - INFO - Total parameter combinations: 10
2025-09-06 17:56:10,436 - INFO - Total experiments: 30
2025-09-06 17:56:10,436 - INFO - 
============================================================
2025-09-06 17:56:10,436 - INFO - Running experiment 1/3 for seed 1001
2025-09-06 17:56:10,436 - INFO - ============================================================
2025-09-06 17:56:10,436 - INFO - Running experiment for seed 1001
2025-09-06 17:56:10,436 - INFO - Command: /home/alz07xz/project/PD-Quant/pd_quant/bin/python ../test_quant.py --model deit_base --w_bit 2 --a_bit 4 --seed 1001 --config ./../configs/4bit/best.py --dataset /home/alz07xz/imagenet --calib-size 1000 --calib-batch-size 32 --val-batch-size 500 --num-workers 8 --device cuda --alpha-list 0.1 0.2 0.3 0.4 0.5 0.6 0.7 0.8 0.9 1.0 --num-clusters-list 64 --pca-dim-list 50 --calibrate --optimize
2025-09-06 17:56:10,436 - INFO - Working directory: /home/alz07xz/project/APHQ_CAT/ablate_alpha
2025-09-06 22:26:20,589 - INFO - Experiment for seed 1001 completed in 16210.15 seconds
2025-09-06 22:26:20,591 - INFO - SUCCESS: Experiment for seed 1001 completed successfully
2025-09-06 22:26:20,595 - INFO - Looking for results in: ./checkpoint/quant_result/20250906_2204
2025-09-06 22:26:20,597 - INFO - Parsed 0 reconstructed results from log file for seed 1001
2025-09-06 22:26:20,597 - INFO - Parsed 0 baseline results from log file for seed 1001
2025-09-06 22:26:20,597 - INFO - Seed 1001 completed successfully
2025-09-06 22:26:20,598 - INFO - Sleeping for 0.5 seconds before next seed...
2025-09-06 22:26:21,098 - INFO - 
============================================================
2025-09-06 22:26:21,098 - INFO - Running experiment 2/3 for seed 1002
2025-09-06 22:26:21,098 - INFO - ============================================================
2025-09-06 22:26:21,099 - INFO - Running experiment for seed 1002
2025-09-06 22:26:21,099 - INFO - Command: /home/alz07xz/project/PD-Quant/pd_quant/bin/python ../test_quant.py --model deit_base --w_bit 2 --a_bit 4 --seed 1002 --config ./../configs/4bit/best.py --dataset /home/alz07xz/imagenet --calib-size 1000 --calib-batch-size 32 --val-batch-size 500 --num-workers 8 --device cuda --alpha-list 0.1 0.2 0.3 0.4 0.5 0.6 0.7 0.8 0.9 1.0 --num-clusters-list 64 --pca-dim-list 50 --calibrate --optimize
2025-09-06 22:26:21,099 - INFO - Working directory: /home/alz07xz/project/APHQ_CAT/ablate_alpha
2025-09-07 02:47:59,126 - INFO - Experiment for seed 1002 completed in 15698.03 seconds
2025-09-07 02:47:59,129 - INFO - SUCCESS: Experiment for seed 1002 completed successfully
2025-09-07 02:47:59,131 - INFO - Looking for results in: ./checkpoint/quant_result/20250907_0210
2025-09-07 02:47:59,156 - INFO - Parsed 0 reconstructed results from log file for seed 1002
2025-09-07 02:47:59,157 - INFO - Parsed 0 baseline results from log file for seed 1002
2025-09-07 02:47:59,157 - INFO - Seed 1002 completed successfully
2025-09-07 02:47:59,157 - INFO - Sleeping for 0.5 seconds before next seed...
2025-09-07 02:47:59,657 - INFO - 
============================================================
2025-09-07 02:47:59,657 - INFO - Running experiment 3/3 for seed 1003
2025-09-07 02:47:59,657 - INFO - ============================================================
2025-09-07 02:47:59,658 - INFO - Running experiment for seed 1003
2025-09-07 02:47:59,658 - INFO - Command: /home/alz07xz/project/PD-Quant/pd_quant/bin/python ../test_quant.py --model deit_base --w_bit 2 --a_bit 4 --seed 1003 --config ./../configs/4bit/best.py --dataset /home/alz07xz/imagenet --calib-size 1000 --calib-batch-size 32 --val-batch-size 500 --num-workers 8 --device cuda --alpha-list 0.1 0.2 0.3 0.4 0.5 0.6 0.7 0.8 0.9 1.0 --num-clusters-list 64 --pca-dim-list 50 --calibrate --optimize
2025-09-07 02:47:59,659 - INFO - Working directory: /home/alz07xz/project/APHQ_CAT/ablate_alpha
2025-09-07 07:09:05,527 - INFO - Experiment for seed 1003 completed in 15665.87 seconds
2025-09-07 07:09:05,528 - INFO - SUCCESS: Experiment for seed 1003 completed successfully
2025-09-07 07:09:05,534 - INFO - Looking for results in: ./checkpoint/quant_result/20250907_0308
2025-09-07 07:09:05,537 - INFO - Parsed 0 reconstructed results from log file for seed 1003
2025-09-07 07:09:05,537 - INFO - Parsed 0 baseline results from log file for seed 1003
2025-09-07 07:09:05,537 - INFO - Seed 1003 completed successfully
2025-09-07 07:09:05,537 - INFO - 
============================================================
2025-09-07 07:09:05,538 - INFO - EXPERIMENT SUMMARY
2025-09-07 07:09:05,538 - INFO - ============================================================
2025-09-07 07:09:05,538 - INFO - Successful seeds: 3/3
2025-09-07 07:09:05,538 - INFO - Failed seeds: 0/3
2025-09-07 07:09:05,538 - INFO - Successful: [1001, 1002, 1003]
2025-09-07 07:09:05,539 - INFO - 
====================================================================================================
2025-09-07 07:09:05,539 - INFO - COMPREHENSIVE EXPERIMENT SUMMARY
2025-09-07 07:09:05,539 - INFO - ====================================================================================================
2025-09-07 07:09:05,539 - INFO - 
====================================================================================================
2025-09-07 07:09:05,539 - INFO - COMPREHENSIVE RESULTS ANALYSIS
2025-09-07 07:09:05,539 - INFO - ====================================================================================================
2025-09-07 07:09:05,539 - INFO - 📊 Analysis Summary:
2025-09-07 07:09:05,539 - INFO -   - Total seeds: 3
2025-09-07 07:09:05,539 - INFO -   - Successful runs: 0
2025-09-07 07:09:05,540 - INFO -   - Failed runs: 3
2025-09-07 07:09:05,540 - INFO -   - Reconstructed results: 0
2025-09-07 07:09:05,540 - INFO -   - Baseline results: 0
2025-09-07 07:09:05,540 - INFO -   - Failed seed numbers: [1001, 1002, 1003]
2025-09-07 07:09:05,540 - ERROR - ❌ No valid results to analyze!
2025-09-07 07:09:05,540 - INFO - 
====================================================================================================
2025-09-07 07:09:05,540 - INFO - 🎉 ALL EXPERIMENTS COMPLETED!
2025-09-07 07:09:05,540 - INFO - ====================================================================================================
2025-09-07 07:09:05,540 - INFO - Successful seeds: [1001, 1002, 1003]
2025-09-07 07:09:05,540 - INFO - Failed seeds: []
2025-09-07 07:09:05,540 - INFO - Results saved to: ./experiment_results/deit_base_w2_a4_20250906_175610
2025-09-07 07:09:05,540 - INFO - ====================================================================================================
