2025-09-06 21:26:22,670 - INFO - Starting multi-seed experiment
2025-09-06 21:26:22,670 - INFO - Architecture: deit_tiny
2025-09-06 21:26:22,670 - INFO - Weight bits: 2
2025-09-06 21:26:22,670 - INFO - Activation bits: 2
2025-09-06 21:26:22,670 - INFO - Seeds: [1001, 1002, 1003]
2025-09-06 21:26:22,670 - INFO - Alpha values: [0.1, 0.2, 0.3, 0.4, 0.5, 0.6, 0.7, 0.8, 0.9, 1.0]
2025-09-06 21:26:22,670 - INFO - Cluster numbers: [64]
2025-09-06 21:26:22,670 - INFO - PCA dimensions: [50]
2025-09-06 21:26:22,670 - INFO - Output directory: ./experiment_results/deit_tiny_w2_a2_20250906_212622
2025-09-06 21:26:22,670 - INFO - Checking basic requirements...
2025-09-06 21:26:22,672 - INFO - Basic checks passed
2025-09-06 21:26:22,672 - INFO - 
Starting experiments for 3 seeds...
2025-09-06 21:26:22,672 - INFO - Total parameter combinations: 10
2025-09-06 21:26:22,672 - INFO - Total experiments: 30
2025-09-06 21:26:22,672 - INFO - 
============================================================
2025-09-06 21:26:22,672 - INFO - Running experiment 1/3 for seed 1001
2025-09-06 21:26:22,672 - INFO - ============================================================
2025-09-06 21:26:22,673 - INFO - Running experiment for seed 1001
2025-09-06 21:26:22,673 - INFO - Command: /home/alz07xz/project/PD-Quant/pd_quant/bin/python ../test_quant.py --model deit_tiny --w_bit 2 --a_bit 2 --seed 1001 --config ./../configs/4bit/best.py --dataset /home/alz07xz/imagenet --calib-size 1000 --calib-batch-size 32 --val-batch-size 500 --num-workers 8 --device cuda --alpha-list 0.1 0.2 0.3 0.4 0.5 0.6 0.7 0.8 0.9 1.0 --num-clusters-list 64 --pca-dim-list 50 --calibrate --optimize
2025-09-06 21:26:22,673 - INFO - Working directory: /home/alz07xz/project/APHQ_CAT/ablate_alpha
2025-09-06 22:58:11,546 - INFO - Experiment for seed 1001 completed in 5508.87 seconds
2025-09-06 22:58:11,548 - INFO - SUCCESS: Experiment for seed 1001 completed successfully
2025-09-06 22:58:11,552 - INFO - Looking for results in: ./checkpoint/quant_result/20250906_2130
2025-09-06 22:58:11,552 - INFO - Parsed 0 reconstructed results from log file for seed 1001
2025-09-06 22:58:11,552 - INFO - Parsed 0 baseline results from log file for seed 1001
2025-09-06 22:58:11,553 - INFO - Seed 1001 completed successfully
2025-09-06 22:58:11,553 - INFO - Sleeping for 0.5 seconds before next seed...
2025-09-06 22:58:12,053 - INFO - 
============================================================
2025-09-06 22:58:12,053 - INFO - Running experiment 2/3 for seed 1002
2025-09-06 22:58:12,053 - INFO - ============================================================
2025-09-06 22:58:12,054 - INFO - Running experiment for seed 1002
2025-09-06 22:58:12,054 - INFO - Command: /home/alz07xz/project/PD-Quant/pd_quant/bin/python ../test_quant.py --model deit_tiny --w_bit 2 --a_bit 2 --seed 1002 --config ./../configs/4bit/best.py --dataset /home/alz07xz/imagenet --calib-size 1000 --calib-batch-size 32 --val-batch-size 500 --num-workers 8 --device cuda --alpha-list 0.1 0.2 0.3 0.4 0.5 0.6 0.7 0.8 0.9 1.0 --num-clusters-list 64 --pca-dim-list 50 --calibrate --optimize
2025-09-06 22:58:12,054 - INFO - Working directory: /home/alz07xz/project/APHQ_CAT/ablate_alpha
2025-09-07 00:28:39,085 - INFO - Experiment for seed 1002 completed in 5427.03 seconds
2025-09-07 00:28:39,087 - INFO - SUCCESS: Experiment for seed 1002 completed successfully
2025-09-07 00:28:39,094 - INFO - Looking for results in: ./checkpoint/quant_result/20250906_2305
2025-09-07 00:28:39,095 - INFO - Parsed 0 reconstructed results from log file for seed 1002
2025-09-07 00:28:39,095 - INFO - Parsed 0 baseline results from log file for seed 1002
2025-09-07 00:28:39,095 - INFO - Seed 1002 completed successfully
2025-09-07 00:28:39,095 - INFO - Sleeping for 0.5 seconds before next seed...
2025-09-07 00:28:39,595 - INFO - 
============================================================
2025-09-07 00:28:39,595 - INFO - Running experiment 3/3 for seed 1003
2025-09-07 00:28:39,595 - INFO - ============================================================
2025-09-07 00:28:39,596 - INFO - Running experiment for seed 1003
2025-09-07 00:28:39,596 - INFO - Command: /home/alz07xz/project/PD-Quant/pd_quant/bin/python ../test_quant.py --model deit_tiny --w_bit 2 --a_bit 2 --seed 1003 --config ./../configs/4bit/best.py --dataset /home/alz07xz/imagenet --calib-size 1000 --calib-batch-size 32 --val-batch-size 500 --num-workers 8 --device cuda --alpha-list 0.1 0.2 0.3 0.4 0.5 0.6 0.7 0.8 0.9 1.0 --num-clusters-list 64 --pca-dim-list 50 --calibrate --optimize
2025-09-07 00:28:39,596 - INFO - Working directory: /home/alz07xz/project/APHQ_CAT/ablate_alpha
2025-09-07 01:58:22,576 - INFO - Experiment for seed 1003 completed in 5382.98 seconds
2025-09-07 01:58:22,577 - INFO - SUCCESS: Experiment for seed 1003 completed successfully
2025-09-07 01:58:22,580 - INFO - Looking for results in: ./checkpoint/quant_result/20250907_0038
2025-09-07 01:58:22,582 - INFO - Parsed 0 reconstructed results from log file for seed 1003
2025-09-07 01:58:22,582 - INFO - Parsed 0 baseline results from log file for seed 1003
2025-09-07 01:58:22,582 - INFO - Seed 1003 completed successfully
2025-09-07 01:58:22,582 - INFO - 
============================================================
2025-09-07 01:58:22,582 - INFO - EXPERIMENT SUMMARY
2025-09-07 01:58:22,582 - INFO - ============================================================
2025-09-07 01:58:22,582 - INFO - Successful seeds: 3/3
2025-09-07 01:58:22,583 - INFO - Failed seeds: 0/3
2025-09-07 01:58:22,583 - INFO - Successful: [1001, 1002, 1003]
2025-09-07 01:58:22,583 - INFO - 
====================================================================================================
2025-09-07 01:58:22,583 - INFO - COMPREHENSIVE EXPERIMENT SUMMARY
2025-09-07 01:58:22,583 - INFO - ====================================================================================================
2025-09-07 01:58:22,583 - INFO - 
====================================================================================================
2025-09-07 01:58:22,583 - INFO - COMPREHENSIVE RESULTS ANALYSIS
2025-09-07 01:58:22,583 - INFO - ====================================================================================================
2025-09-07 01:58:22,583 - INFO - 📊 Analysis Summary:
2025-09-07 01:58:22,584 - INFO -   - Total seeds: 3
2025-09-07 01:58:22,584 - INFO -   - Successful runs: 0
2025-09-07 01:58:22,584 - INFO -   - Failed runs: 3
2025-09-07 01:58:22,584 - INFO -   - Reconstructed results: 0
2025-09-07 01:58:22,584 - INFO -   - Baseline results: 0
2025-09-07 01:58:22,584 - INFO -   - Failed seed numbers: [1001, 1002, 1003]
2025-09-07 01:58:22,584 - ERROR - ❌ No valid results to analyze!
2025-09-07 01:58:22,584 - INFO - 
====================================================================================================
2025-09-07 01:58:22,584 - INFO - 🎉 ALL EXPERIMENTS COMPLETED!
2025-09-07 01:58:22,584 - INFO - ====================================================================================================
2025-09-07 01:58:22,584 - INFO - Successful seeds: [1001, 1002, 1003]
2025-09-07 01:58:22,584 - INFO - Failed seeds: []
2025-09-07 01:58:22,584 - INFO - Results saved to: ./experiment_results/deit_tiny_w2_a2_20250906_212622
2025-09-07 01:58:22,584 - INFO - ====================================================================================================
