Starting ViT-Tiny W4A4 experiment at Sat Sep  6 05:33:09 PM CEST 2025
2025-09-06 17:33:09,909 - INFO - Starting multi-seed experiment
2025-09-06 17:33:09,909 - INFO - Architecture: vit_tiny
2025-09-06 17:33:09,909 - INFO - Weight bits: 4
2025-09-06 17:33:09,910 - INFO - Activation bits: 4
2025-09-06 17:33:09,910 - INFO - Seeds: [1001, 1002, 1003]
2025-09-06 17:33:09,910 - INFO - Alpha values: [0.1, 0.2, 0.3, 0.4, 0.5, 0.6, 0.7, 0.8, 0.9, 1.0]
2025-09-06 17:33:09,910 - INFO - Cluster numbers: [64]
2025-09-06 17:33:09,910 - INFO - PCA dimensions: [50]
2025-09-06 17:33:09,910 - INFO - Output directory: ./experiment_results/vit_tiny_w4_a4_20250906_173309
2025-09-06 17:33:09,910 - INFO - 
Starting experiments for 3 seeds...
2025-09-06 17:33:09,910 - INFO - Total parameter combinations: 10
2025-09-06 17:33:09,910 - INFO - Total experiments: 30
2025-09-06 17:33:09,910 - INFO - 
============================================================
2025-09-06 17:33:09,910 - INFO - Running experiment 1/3 for seed 1001
2025-09-06 17:33:09,910 - INFO - ============================================================
2025-09-06 17:33:09,910 - INFO - Running experiment for seed 1001
2025-09-06 17:33:09,910 - INFO - Command: /home/alz07xz/project/PD-Quant/pd_quant/bin/python test_quant.py --model vit_tiny --w_bit 4 --a_bit 4 --seed 1001 --config ./configs/4bit/best.py --dataset /home/alz07xz/imagenet --calib-size 1000 --calib-batch-size 32 --val-batch-size 500 --num-workers 8 --device cuda --alpha-list 0.1 0.2 0.3 0.4 0.5 0.6 0.7 0.8 0.9 1.0 --num-clusters-list 64 --pca-dim-list 50 --calibrate --optimize
/home/alz07xz/project/PD-Quant/pd_quant/bin/python: can't open file '/home/alz07xz/project/APHQ_CAT/ablate_alpha/test_quant.py': [Errno 2] No such file or directory
2025-09-06 17:33:09,922 - INFO - Experiment for seed 1001 completed in 0.01 seconds
2025-09-06 17:33:09,922 - ERROR - Experiment for seed 1001 failed with return code 512
2025-09-06 17:33:09,922 - ERROR - ✗ Seed 1001 failed
2025-09-06 17:33:09,922 - INFO - Sleeping for 0.5 seconds before next seed...
2025-09-06 17:33:10,422 - INFO - 
============================================================
2025-09-06 17:33:10,422 - INFO - Running experiment 2/3 for seed 1002
2025-09-06 17:33:10,422 - INFO - ============================================================
2025-09-06 17:33:10,423 - INFO - Running experiment for seed 1002
2025-09-06 17:33:10,423 - INFO - Command: /home/alz07xz/project/PD-Quant/pd_quant/bin/python test_quant.py --model vit_tiny --w_bit 4 --a_bit 4 --seed 1002 --config ./configs/4bit/best.py --dataset /home/alz07xz/imagenet --calib-size 1000 --calib-batch-size 32 --val-batch-size 500 --num-workers 8 --device cuda --alpha-list 0.1 0.2 0.3 0.4 0.5 0.6 0.7 0.8 0.9 1.0 --num-clusters-list 64 --pca-dim-list 50 --calibrate --optimize
/home/alz07xz/project/PD-Quant/pd_quant/bin/python: can't open file '/home/alz07xz/project/APHQ_CAT/ablate_alpha/test_quant.py': [Errno 2] No such file or directory
2025-09-06 17:33:10,441 - INFO - Experiment for seed 1002 completed in 0.02 seconds
2025-09-06 17:33:10,441 - ERROR - Experiment for seed 1002 failed with return code 512
2025-09-06 17:33:10,441 - ERROR - ✗ Seed 1002 failed
2025-09-06 17:33:10,441 - INFO - Sleeping for 0.5 seconds before next seed...
2025-09-06 17:33:10,941 - INFO - 
============================================================
2025-09-06 17:33:10,941 - INFO - Running experiment 3/3 for seed 1003
2025-09-06 17:33:10,941 - INFO - ============================================================
2025-09-06 17:33:10,942 - INFO - Running experiment for seed 1003
2025-09-06 17:33:10,942 - INFO - Command: /home/alz07xz/project/PD-Quant/pd_quant/bin/python test_quant.py --model vit_tiny --w_bit 4 --a_bit 4 --seed 1003 --config ./configs/4bit/best.py --dataset /home/alz07xz/imagenet --calib-size 1000 --calib-batch-size 32 --val-batch-size 500 --num-workers 8 --device cuda --alpha-list 0.1 0.2 0.3 0.4 0.5 0.6 0.7 0.8 0.9 1.0 --num-clusters-list 64 --pca-dim-list 50 --calibrate --optimize
/home/alz07xz/project/PD-Quant/pd_quant/bin/python: can't open file '/home/alz07xz/project/APHQ_CAT/ablate_alpha/test_quant.py': [Errno 2] No such file or directory
2025-09-06 17:33:10,956 - INFO - Experiment for seed 1003 completed in 0.01 seconds
2025-09-06 17:33:10,956 - ERROR - Experiment for seed 1003 failed with return code 512
2025-09-06 17:33:10,956 - ERROR - ✗ Seed 1003 failed
2025-09-06 17:33:10,957 - INFO - 
============================================================
2025-09-06 17:33:10,957 - INFO - EXPERIMENT EXECUTION SUMMARY
2025-09-06 17:33:10,957 - INFO - ============================================================
2025-09-06 17:33:10,957 - INFO - Successful seeds: 0/3
2025-09-06 17:33:10,957 - INFO - Failed seeds: 3/3
2025-09-06 17:33:10,957 - INFO - Failed seeds: [1001, 1002, 1003]
2025-09-06 17:33:10,958 - INFO - 
====================================================================================================
2025-09-06 17:33:10,958 - INFO - COMPREHENSIVE EXPERIMENT SUMMARY
2025-09-06 17:33:10,958 - INFO - ====================================================================================================
2025-09-06 17:33:10,958 - INFO - 
====================================================================================================
2025-09-06 17:33:10,958 - INFO - COMPREHENSIVE RESULTS ANALYSIS
2025-09-06 17:33:10,958 - INFO - ====================================================================================================
2025-09-06 17:33:10,958 - INFO - 📊 Analysis Summary:
2025-09-06 17:33:10,958 - INFO -   - Total seeds: 3
2025-09-06 17:33:10,958 - INFO -   - Successful runs: 0
2025-09-06 17:33:10,958 - INFO -   - Failed runs: 3
2025-09-06 17:33:10,958 - INFO -   - Reconstructed results: 0
2025-09-06 17:33:10,958 - INFO -   - Baseline results: 0
2025-09-06 17:33:10,958 - INFO -   - Failed seed numbers: [1001, 1002, 1003]
2025-09-06 17:33:10,958 - ERROR - ❌ No valid results to analyze!
2025-09-06 17:33:10,958 - INFO - 
====================================================================================================
2025-09-06 17:33:10,958 - INFO - 🎉 ALL EXPERIMENTS COMPLETED!
2025-09-06 17:33:10,959 - INFO - ====================================================================================================
2025-09-06 17:33:10,959 - INFO - Successful seeds: []
2025-09-06 17:33:10,959 - INFO - Failed seeds: [1001, 1002, 1003]
2025-09-06 17:33:10,959 - INFO - Results saved to: ./experiment_results/vit_tiny_w4_a4_20250906_173309
2025-09-06 17:33:10,959 - INFO - ====================================================================================================
Completed ViT-Tiny W4A4 experiment at Sat Sep  6 05:33:11 PM CEST 2025
