2025-09-06 13:20:04,105 - INFO - Starting multi-seed experiment
2025-09-06 13:20:04,106 - INFO - Architecture: deit_base
2025-09-06 13:20:04,109 - INFO - Weight bits: 2
2025-09-06 13:20:04,111 - INFO - Activation bits: 2
2025-09-06 13:20:04,113 - INFO - Seeds: [1001, 1002, 1003]
2025-09-06 13:20:04,116 - INFO - Alpha values: [0.1, 0.2, 0.3, 0.4, 0.5, 0.6, 0.7, 0.8, 0.9, 1.0]
2025-09-06 13:20:04,118 - INFO - Cluster numbers: [64]
2025-09-06 13:20:04,120 - INFO - PCA dimensions: [50]
2025-09-06 13:20:04,121 - INFO - Output directory: ./experiment_results/deit_base_w2_a2_20250906_132004
2025-09-06 13:20:04,123 - INFO - 
Starting experiments for 3 seeds...
2025-09-06 13:20:04,125 - INFO - Total parameter combinations: 10
2025-09-06 13:20:04,127 - INFO - Total experiments: 30
2025-09-06 13:20:04,131 - INFO - 
============================================================
2025-09-06 13:20:04,132 - INFO - Running experiment 1/3 for seed 1001
2025-09-06 13:20:04,134 - INFO - ============================================================
2025-09-06 13:20:04,137 - INFO - Running experiment for seed 1001
2025-09-06 13:20:04,139 - INFO - Command: /home/alz07xz/project/PD-Quant/pd_quant/bin/python test_quant.py --model deit_base --w_bit 2 --a_bit 2 --seed 1001 --config ./configs/4bit/best.py --dataset /mimer/NOBACKUP/groups/naiss2025-22-91/imagenet --calib-size 1000 --calib-batch-size 32 --val-batch-size 500 --num-workers 8 --device cuda --alpha-list 0.1 0.2 0.3 0.4 0.5 0.6 0.7 0.8 0.9 1.0 --num-clusters-list 64 --pca-dim-list 50 --calibrate --optimize
2025-09-06 13:20:11,479 - INFO - Experiment for seed 1001 completed in 7.34 seconds
2025-09-06 13:20:11,628 - ERROR - Experiment for seed 1001 failed with return code 256
2025-09-06 13:20:11,651 - ERROR - ✗ Seed 1001 failed
2025-09-06 13:20:11,653 - INFO - Sleeping for 0.5 seconds before next seed...
2025-09-06 13:20:12,155 - INFO - 
============================================================
2025-09-06 13:20:12,159 - INFO - Running experiment 2/3 for seed 1002
2025-09-06 13:20:12,162 - INFO - ============================================================
2025-09-06 13:20:12,164 - INFO - Running experiment for seed 1002
2025-09-06 13:20:12,166 - INFO - Command: /home/alz07xz/project/PD-Quant/pd_quant/bin/python test_quant.py --model deit_base --w_bit 2 --a_bit 2 --seed 1002 --config ./configs/4bit/best.py --dataset /mimer/NOBACKUP/groups/naiss2025-22-91/imagenet --calib-size 1000 --calib-batch-size 32 --val-batch-size 500 --num-workers 8 --device cuda --alpha-list 0.1 0.2 0.3 0.4 0.5 0.6 0.7 0.8 0.9 1.0 --num-clusters-list 64 --pca-dim-list 50 --calibrate --optimize
2025-09-06 13:21:07,384 - INFO - Experiment for seed 1002 completed in 55.22 seconds
2025-09-06 13:21:07,387 - ERROR - Experiment for seed 1002 failed with return code 256
2025-09-06 13:21:07,389 - ERROR - ✗ Seed 1002 failed
2025-09-06 13:21:07,390 - INFO - Sleeping for 0.5 seconds before next seed...
2025-09-06 13:21:07,892 - INFO - 
============================================================
2025-09-06 13:21:07,895 - INFO - Running experiment 3/3 for seed 1003
2025-09-06 13:21:07,897 - INFO - ============================================================
2025-09-06 13:21:07,901 - INFO - Running experiment for seed 1003
2025-09-06 13:21:07,903 - INFO - Command: /home/alz07xz/project/PD-Quant/pd_quant/bin/python test_quant.py --model deit_base --w_bit 2 --a_bit 2 --seed 1003 --config ./configs/4bit/best.py --dataset /mimer/NOBACKUP/groups/naiss2025-22-91/imagenet --calib-size 1000 --calib-batch-size 32 --val-batch-size 500 --num-workers 8 --device cuda --alpha-list 0.1 0.2 0.3 0.4 0.5 0.6 0.7 0.8 0.9 1.0 --num-clusters-list 64 --pca-dim-list 50 --calibrate --optimize
2025-09-06 13:22:03,063 - INFO - Experiment for seed 1003 completed in 55.16 seconds
2025-09-06 13:22:03,063 - ERROR - Experiment for seed 1003 failed with return code 256
2025-09-06 13:22:03,063 - ERROR - ✗ Seed 1003 failed
2025-09-06 13:22:03,063 - INFO - 
============================================================
2025-09-06 13:22:03,063 - INFO - EXPERIMENT EXECUTION SUMMARY
2025-09-06 13:22:03,063 - INFO - ============================================================
2025-09-06 13:22:03,063 - INFO - Successful seeds: 0/3
2025-09-06 13:22:03,063 - INFO - Failed seeds: 3/3
2025-09-06 13:22:03,063 - INFO - Failed seeds: [1001, 1002, 1003]
2025-09-06 13:22:03,063 - INFO - 
====================================================================================================
2025-09-06 13:22:03,064 - INFO - COMPREHENSIVE EXPERIMENT SUMMARY
2025-09-06 13:22:03,064 - INFO - ====================================================================================================
2025-09-06 13:22:03,064 - INFO - 
====================================================================================================
2025-09-06 13:22:03,064 - INFO - COMPREHENSIVE RESULTS ANALYSIS
2025-09-06 13:22:03,064 - INFO - ====================================================================================================
2025-09-06 13:22:03,064 - INFO - 📊 Analysis Summary:
2025-09-06 13:22:03,064 - INFO -   - Total seeds: 3
2025-09-06 13:22:03,064 - INFO -   - Successful runs: 0
2025-09-06 13:22:03,064 - INFO -   - Failed runs: 3
2025-09-06 13:22:03,064 - INFO -   - Reconstructed results: 0
2025-09-06 13:22:03,064 - INFO -   - Baseline results: 0
2025-09-06 13:22:03,064 - INFO -   - Failed seed numbers: [1001, 1002, 1003]
2025-09-06 13:22:03,064 - ERROR - ❌ No valid results to analyze!
2025-09-06 13:22:03,064 - INFO - 
====================================================================================================
2025-09-06 13:22:03,064 - INFO - 🎉 ALL EXPERIMENTS COMPLETED!
2025-09-06 13:22:03,064 - INFO - ====================================================================================================
2025-09-06 13:22:03,064 - INFO - Successful seeds: []
2025-09-06 13:22:03,064 - INFO - Failed seeds: [1001, 1002, 1003]
2025-09-06 13:22:03,064 - INFO - Results saved to: ./experiment_results/deit_base_w2_a2_20250906_132004
2025-09-06 13:22:03,064 - INFO - ====================================================================================================
