2025-09-07 00:00:50,533 - INFO - Starting multi-seed experiment
2025-09-07 00:00:50,533 - INFO - Architecture: swin_base
2025-09-07 00:00:50,533 - INFO - Weight bits: 4
2025-09-07 00:00:50,533 - INFO - Activation bits: 2
2025-09-07 00:00:50,533 - INFO - Seeds: [1001, 1002, 1003]
2025-09-07 00:00:50,533 - INFO - Alpha values: [0.1, 0.2, 0.3, 0.4, 0.5, 0.6, 0.7, 0.8, 0.9, 1.0]
2025-09-07 00:00:50,533 - INFO - Cluster numbers: [64]
2025-09-07 00:00:50,533 - INFO - PCA dimensions: [50]
2025-09-07 00:00:50,533 - INFO - Output directory: ./experiment_results/swin_base_w4_a2_20250907_000050
2025-09-07 00:00:50,533 - INFO - Checking basic requirements...
2025-09-07 00:00:50,533 - INFO - Basic checks passed
2025-09-07 00:00:50,533 - INFO - 
Starting experiments for 3 seeds...
2025-09-07 00:00:50,533 - INFO - Total parameter combinations: 10
2025-09-07 00:00:50,533 - INFO - Total experiments: 30
2025-09-07 00:00:50,533 - INFO - 
============================================================
2025-09-07 00:00:50,534 - INFO - Running experiment 1/3 for seed 1001
2025-09-07 00:00:50,534 - INFO - ============================================================
2025-09-07 00:00:50,534 - INFO - Running experiment for seed 1001
2025-09-07 00:00:50,534 - INFO - Command: /home/alz07xz/project/PD-Quant/pd_quant/bin/python ../test_quant.py --model swin_base --w_bit 4 --a_bit 2 --seed 1001 --config ./../configs/4bit/best.py --dataset /home/alz07xz/imagenet --calib-size 1000 --calib-batch-size 32 --val-batch-size 500 --num-workers 8 --device cuda --alpha-list 0.1 0.2 0.3 0.4 0.5 0.6 0.7 0.8 0.9 1.0 --num-clusters-list 64 --pca-dim-list 50 --calibrate --optimize
2025-09-07 00:00:50,534 - INFO - Working directory: /home/alz07xz/project/APHQ_CAT/ablate_alpha
2025-09-07 06:01:54,468 - INFO - Experiment for seed 1001 completed in 21663.93 seconds
2025-09-07 06:01:54,474 - INFO - SUCCESS: Experiment for seed 1001 completed successfully
2025-09-07 06:01:54,476 - INFO - Looking for results in: ./checkpoint/quant_result/20250907_0601
2025-09-07 06:01:54,476 - INFO - Parsed 0 reconstructed results from log file for seed 1001
2025-09-07 06:01:54,476 - INFO - Parsed 0 baseline results from log file for seed 1001
2025-09-07 06:01:54,476 - INFO - Seed 1001 completed successfully
2025-09-07 06:01:54,476 - INFO - Sleeping for 0.5 seconds before next seed...
2025-09-07 06:01:54,976 - INFO - 
============================================================
2025-09-07 06:01:54,977 - INFO - Running experiment 2/3 for seed 1002
2025-09-07 06:01:54,977 - INFO - ============================================================
2025-09-07 06:01:55,230 - INFO - Running experiment for seed 1002
2025-09-07 06:01:55,231 - INFO - Command: /home/alz07xz/project/PD-Quant/pd_quant/bin/python ../test_quant.py --model swin_base --w_bit 4 --a_bit 2 --seed 1002 --config ./../configs/4bit/best.py --dataset /home/alz07xz/imagenet --calib-size 1000 --calib-batch-size 32 --val-batch-size 500 --num-workers 8 --device cuda --alpha-list 0.1 0.2 0.3 0.4 0.5 0.6 0.7 0.8 0.9 1.0 --num-clusters-list 64 --pca-dim-list 50 --calibrate --optimize
2025-09-07 06:01:55,231 - INFO - Working directory: /home/alz07xz/project/APHQ_CAT/ablate_alpha
2025-09-07 12:00:21,336 - INFO - Experiment for seed 1002 completed in 21506.11 seconds
2025-09-07 12:00:21,348 - INFO - SUCCESS: Experiment for seed 1002 completed successfully
2025-09-07 12:00:21,388 - INFO - Looking for results in: ./checkpoint/quant_result/20250907_1200
2025-09-07 12:00:21,389 - INFO - Parsed 0 reconstructed results from log file for seed 1002
2025-09-07 12:00:21,389 - INFO - Parsed 0 baseline results from log file for seed 1002
2025-09-07 12:00:21,389 - INFO - Seed 1002 completed successfully
2025-09-07 12:00:21,389 - INFO - Sleeping for 0.5 seconds before next seed...
2025-09-07 12:00:21,889 - INFO - 
============================================================
2025-09-07 12:00:21,889 - INFO - Running experiment 3/3 for seed 1003
2025-09-07 12:00:21,889 - INFO - ============================================================
2025-09-07 12:00:21,890 - INFO - Running experiment for seed 1003
2025-09-07 12:00:21,890 - INFO - Command: /home/alz07xz/project/PD-Quant/pd_quant/bin/python ../test_quant.py --model swin_base --w_bit 4 --a_bit 2 --seed 1003 --config ./../configs/4bit/best.py --dataset /home/alz07xz/imagenet --calib-size 1000 --calib-batch-size 32 --val-batch-size 500 --num-workers 8 --device cuda --alpha-list 0.1 0.2 0.3 0.4 0.5 0.6 0.7 0.8 0.9 1.0 --num-clusters-list 64 --pca-dim-list 50 --calibrate --optimize
2025-09-07 12:00:21,890 - INFO - Working directory: /home/alz07xz/project/APHQ_CAT/ablate_alpha
2025-09-07 18:01:43,277 - INFO - Experiment for seed 1003 completed in 21681.39 seconds
2025-09-07 18:01:43,279 - INFO - SUCCESS: Experiment for seed 1003 completed successfully
2025-09-07 18:01:43,284 - INFO - Looking for results in: ./checkpoint/quant_result/20250907_1735
2025-09-07 18:01:43,284 - INFO - Parsed 0 reconstructed results from log file for seed 1003
2025-09-07 18:01:43,284 - INFO - Parsed 0 baseline results from log file for seed 1003
2025-09-07 18:01:43,284 - INFO - Seed 1003 completed successfully
2025-09-07 18:01:43,284 - INFO - 
============================================================
2025-09-07 18:01:43,284 - INFO - EXPERIMENT SUMMARY
2025-09-07 18:01:43,285 - INFO - ============================================================
2025-09-07 18:01:43,285 - INFO - Successful seeds: 3/3
2025-09-07 18:01:43,285 - INFO - Failed seeds: 0/3
2025-09-07 18:01:43,285 - INFO - Successful: [1001, 1002, 1003]
2025-09-07 18:01:43,286 - INFO - 
====================================================================================================
2025-09-07 18:01:43,286 - INFO - COMPREHENSIVE EXPERIMENT SUMMARY
2025-09-07 18:01:43,286 - INFO - ====================================================================================================
2025-09-07 18:01:43,286 - INFO - 
====================================================================================================
2025-09-07 18:01:43,286 - INFO - COMPREHENSIVE RESULTS ANALYSIS
2025-09-07 18:01:43,286 - INFO - ====================================================================================================
2025-09-07 18:01:43,287 - INFO - 📊 Analysis Summary:
2025-09-07 18:01:43,287 - INFO -   - Total seeds: 3
2025-09-07 18:01:43,287 - INFO -   - Successful runs: 0
2025-09-07 18:01:43,287 - INFO -   - Failed runs: 3
2025-09-07 18:01:43,287 - INFO -   - Reconstructed results: 0
2025-09-07 18:01:43,287 - INFO -   - Baseline results: 0
2025-09-07 18:01:43,287 - INFO -   - Failed seed numbers: [1001, 1002, 1003]
2025-09-07 18:01:43,287 - ERROR - ❌ No valid results to analyze!
2025-09-07 18:01:43,287 - INFO - 
====================================================================================================
2025-09-07 18:01:43,287 - INFO - 🎉 ALL EXPERIMENTS COMPLETED!
2025-09-07 18:01:43,287 - INFO - ====================================================================================================
2025-09-07 18:01:43,287 - INFO - Successful seeds: [1001, 1002, 1003]
2025-09-07 18:01:43,287 - INFO - Failed seeds: []
2025-09-07 18:01:43,287 - INFO - Results saved to: ./experiment_results/swin_base_w4_a2_20250907_000050
2025-09-07 18:01:43,287 - INFO - ====================================================================================================
