2025-09-07 07:16:11,590 - INFO - Starting multi-seed experiment
2025-09-07 07:16:11,590 - INFO - Architecture: vit_base
2025-09-07 07:16:11,590 - INFO - Weight bits: 4
2025-09-07 07:16:11,591 - INFO - Activation bits: 4
2025-09-07 07:16:11,591 - INFO - Seeds: [1001, 1002, 1003]
2025-09-07 07:16:11,591 - INFO - Alpha values: [0.1, 0.2, 0.3, 0.4, 0.5, 0.6, 0.7, 0.8, 0.9, 1.0]
2025-09-07 07:16:11,591 - INFO - Cluster numbers: [64]
2025-09-07 07:16:11,591 - INFO - PCA dimensions: [50]
2025-09-07 07:16:11,591 - INFO - Output directory: ./experiment_results/vit_base_w4_a4_20250907_071611
2025-09-07 07:16:11,591 - INFO - Checking basic requirements...
2025-09-07 07:16:11,592 - INFO - Basic checks passed
2025-09-07 07:16:11,592 - INFO - 
Starting experiments for 3 seeds...
2025-09-07 07:16:11,592 - INFO - Total parameter combinations: 10
2025-09-07 07:16:11,592 - INFO - Total experiments: 30
2025-09-07 07:16:11,592 - INFO - 
============================================================
2025-09-07 07:16:11,592 - INFO - Running experiment 1/3 for seed 1001
2025-09-07 07:16:11,592 - INFO - ============================================================
2025-09-07 07:16:11,592 - INFO - Running experiment for seed 1001
2025-09-07 07:16:11,592 - INFO - Command: /home/alz07xz/project/PD-Quant/pd_quant/bin/python ../test_quant.py --model vit_base --w_bit 4 --a_bit 4 --seed 1001 --config ./../configs/4bit/best.py --dataset /home/alz07xz/imagenet --calib-size 1000 --calib-batch-size 32 --val-batch-size 500 --num-workers 8 --device cuda --alpha-list 0.1 0.2 0.3 0.4 0.5 0.6 0.7 0.8 0.9 1.0 --num-clusters-list 64 --pca-dim-list 50 --calibrate --optimize
2025-09-07 07:16:11,592 - INFO - Working directory: /home/alz07xz/project/APHQ_CAT/ablate_alpha
2025-09-07 11:40:41,403 - INFO - Experiment for seed 1001 completed in 15869.81 seconds
2025-09-07 11:40:41,406 - INFO - SUCCESS: Experiment for seed 1001 completed successfully
2025-09-07 11:40:41,410 - INFO - Looking for results in: ./checkpoint/quant_result/20250907_1140
2025-09-07 11:40:41,412 - INFO - Parsed 0 reconstructed results from log file for seed 1001
2025-09-07 11:40:41,412 - INFO - Parsed 0 baseline results from log file for seed 1001
2025-09-07 11:40:41,412 - INFO - Seed 1001 completed successfully
2025-09-07 11:40:41,412 - INFO - Sleeping for 0.5 seconds before next seed...
2025-09-07 11:40:41,913 - INFO - 
============================================================
2025-09-07 11:40:41,913 - INFO - Running experiment 2/3 for seed 1002
2025-09-07 11:40:41,913 - INFO - ============================================================
2025-09-07 11:40:41,914 - INFO - Running experiment for seed 1002
2025-09-07 11:40:41,914 - INFO - Command: /home/alz07xz/project/PD-Quant/pd_quant/bin/python ../test_quant.py --model vit_base --w_bit 4 --a_bit 4 --seed 1002 --config ./../configs/4bit/best.py --dataset /home/alz07xz/imagenet --calib-size 1000 --calib-batch-size 32 --val-batch-size 500 --num-workers 8 --device cuda --alpha-list 0.1 0.2 0.3 0.4 0.5 0.6 0.7 0.8 0.9 1.0 --num-clusters-list 64 --pca-dim-list 50 --calibrate --optimize
2025-09-07 11:40:41,914 - INFO - Working directory: /home/alz07xz/project/APHQ_CAT/ablate_alpha
2025-09-07 16:06:48,965 - INFO - Experiment for seed 1002 completed in 15967.05 seconds
2025-09-07 16:06:48,966 - INFO - SUCCESS: Experiment for seed 1002 completed successfully
2025-09-07 16:06:48,972 - INFO - Looking for results in: ./checkpoint/quant_result/20250907_1606
2025-09-07 16:06:48,976 - INFO - Parsed 0 reconstructed results from log file for seed 1002
2025-09-07 16:06:48,976 - INFO - Parsed 0 baseline results from log file for seed 1002
2025-09-07 16:06:48,976 - INFO - Seed 1002 completed successfully
2025-09-07 16:06:48,976 - INFO - Sleeping for 0.5 seconds before next seed...
2025-09-07 16:06:49,476 - INFO - 
============================================================
2025-09-07 16:06:49,476 - INFO - Running experiment 3/3 for seed 1003
2025-09-07 16:06:49,477 - INFO - ============================================================
2025-09-07 16:06:49,478 - INFO - Running experiment for seed 1003
2025-09-07 16:06:49,478 - INFO - Command: /home/alz07xz/project/PD-Quant/pd_quant/bin/python ../test_quant.py --model vit_base --w_bit 4 --a_bit 4 --seed 1003 --config ./../configs/4bit/best.py --dataset /home/alz07xz/imagenet --calib-size 1000 --calib-batch-size 32 --val-batch-size 500 --num-workers 8 --device cuda --alpha-list 0.1 0.2 0.3 0.4 0.5 0.6 0.7 0.8 0.9 1.0 --num-clusters-list 64 --pca-dim-list 50 --calibrate --optimize
2025-09-07 16:06:49,478 - INFO - Working directory: /home/alz07xz/project/APHQ_CAT/ablate_alpha
2025-09-07 20:31:54,103 - INFO - Experiment for seed 1003 completed in 15904.63 seconds
2025-09-07 20:31:54,105 - INFO - SUCCESS: Experiment for seed 1003 completed successfully
2025-09-07 20:31:54,111 - INFO - Looking for results in: ./checkpoint/quant_result/20250907_1905
2025-09-07 20:31:54,114 - INFO - Parsed 0 reconstructed results from log file for seed 1003
2025-09-07 20:31:54,114 - INFO - Parsed 0 baseline results from log file for seed 1003
2025-09-07 20:31:54,114 - INFO - Seed 1003 completed successfully
2025-09-07 20:31:54,114 - INFO - 
============================================================
2025-09-07 20:31:54,114 - INFO - EXPERIMENT SUMMARY
2025-09-07 20:31:54,114 - INFO - ============================================================
2025-09-07 20:31:54,114 - INFO - Successful seeds: 3/3
2025-09-07 20:31:54,114 - INFO - Failed seeds: 0/3
2025-09-07 20:31:54,114 - INFO - Successful: [1001, 1002, 1003]
2025-09-07 20:31:54,116 - INFO - 
====================================================================================================
2025-09-07 20:31:54,116 - INFO - COMPREHENSIVE EXPERIMENT SUMMARY
2025-09-07 20:31:54,116 - INFO - ====================================================================================================
2025-09-07 20:31:54,116 - INFO - 
====================================================================================================
2025-09-07 20:31:54,116 - INFO - COMPREHENSIVE RESULTS ANALYSIS
2025-09-07 20:31:54,116 - INFO - ====================================================================================================
2025-09-07 20:31:54,116 - INFO - 📊 Analysis Summary:
2025-09-07 20:31:54,116 - INFO -   - Total seeds: 3
2025-09-07 20:31:54,116 - INFO -   - Successful runs: 0
2025-09-07 20:31:54,116 - INFO -   - Failed runs: 3
2025-09-07 20:31:54,116 - INFO -   - Reconstructed results: 0
2025-09-07 20:31:54,116 - INFO -   - Baseline results: 0
2025-09-07 20:31:54,116 - INFO -   - Failed seed numbers: [1001, 1002, 1003]
2025-09-07 20:31:54,116 - ERROR - ❌ No valid results to analyze!
2025-09-07 20:31:54,116 - INFO - 
====================================================================================================
2025-09-07 20:31:54,116 - INFO - 🎉 ALL EXPERIMENTS COMPLETED!
2025-09-07 20:31:54,116 - INFO - ====================================================================================================
2025-09-07 20:31:54,117 - INFO - Successful seeds: [1001, 1002, 1003]
2025-09-07 20:31:54,117 - INFO - Failed seeds: []
2025-09-07 20:31:54,117 - INFO - Results saved to: ./experiment_results/vit_base_w4_a4_20250907_071611
2025-09-07 20:31:54,117 - INFO - ====================================================================================================
