2025-09-06 17:46:24,826 - INFO - Starting multi-seed experiment
2025-09-06 17:46:24,826 - INFO - Architecture: deit_base
2025-09-06 17:46:24,835 - INFO - Weight bits: 2
2025-09-06 17:46:24,835 - INFO - Activation bits: 2
2025-09-06 17:46:24,835 - INFO - Seeds: [1001]
2025-09-06 17:46:24,837 - INFO - Alpha values: [0.5]
2025-09-06 17:46:24,837 - INFO - Cluster numbers: [64]
2025-09-06 17:46:24,843 - INFO - PCA dimensions: [50]
2025-09-06 17:46:24,851 - INFO - Output directory: ./experiment_results\deit_base_w2_a2_20250906_174624
2025-09-06 17:46:24,851 - INFO - Checking basic requirements...
2025-09-06 17:46:24,855 - INFO - Basic checks passed
2025-09-06 17:46:24,855 - INFO - 
Starting experiments for 1 seeds...
2025-09-06 17:46:24,855 - INFO - Total parameter combinations: 1
2025-09-06 17:46:24,855 - INFO - Total experiments: 1
2025-09-06 17:46:24,855 - INFO - 
============================================================
2025-09-06 17:46:24,855 - INFO - Running experiment 1/1 for seed 1001
2025-09-06 17:46:24,855 - INFO - ============================================================
2025-09-06 17:46:24,855 - INFO - Running experiment for seed 1001
2025-09-06 17:46:24,860 - INFO - Command: C:\Users\azi01\AppData\Local\anaconda3\python.exe test_quant.py --model deit_base --w_bit 2 --a_bit 2 --seed 1001 --config ./configs/4bit/best.py --dataset . --calib-size 1000 --calib-batch-size 32 --val-batch-size 500 --num-workers 8 --device cuda --alpha-list 0.5 --num-clusters-list 64 --pca-dim-list 50 --calibrate --optimize
2025-09-06 17:46:24,862 - INFO - Working directory: C:\Users\azi01\Documents\internship\kmeans\APHQ_CAT
2025-09-06 17:46:26,686 - INFO - Experiment for seed 1001 completed in 1.82 seconds
2025-09-06 17:46:26,686 - ERROR - ERROR: Experiment for seed 1001 failed with return code 1
2025-09-06 17:46:26,687 - ERROR - Seed 1001 failed: ERROR: Experiment for seed 1001 failed with return code 1
2025-09-06 17:46:26,688 - INFO - 
============================================================
2025-09-06 17:46:26,688 - INFO - EXPERIMENT SUMMARY
2025-09-06 17:46:26,688 - INFO - ============================================================
2025-09-06 17:46:26,689 - INFO - Successful seeds: 0/1
2025-09-06 17:46:26,689 - INFO - Failed seeds: 1/1
2025-09-06 17:46:26,690 - ERROR - Failed: [1001]
2025-09-06 17:46:26,692 - INFO - 
====================================================================================================
2025-09-06 17:46:26,692 - INFO - COMPREHENSIVE EXPERIMENT SUMMARY
2025-09-06 17:46:26,692 - INFO - ====================================================================================================
2025-09-06 17:46:26,693 - INFO - 
====================================================================================================
2025-09-06 17:46:26,693 - INFO - COMPREHENSIVE RESULTS ANALYSIS
2025-09-06 17:46:26,693 - INFO - ====================================================================================================
2025-09-06 17:46:26,697 - INFO -   - Total seeds: 1
2025-09-06 17:46:26,697 - INFO -   - Successful runs: 0
2025-09-06 17:46:26,697 - INFO -   - Failed runs: 1
2025-09-06 17:46:26,698 - INFO -   - Reconstructed results: 0
2025-09-06 17:46:26,698 - INFO -   - Baseline results: 0
2025-09-06 17:46:26,699 - INFO -   - Failed seed numbers: [1001]
2025-09-06 17:46:26,701 - INFO - 
====================================================================================================
2025-09-06 17:46:26,703 - INFO - ====================================================================================================
2025-09-06 17:46:26,703 - INFO - Successful seeds: []
2025-09-06 17:46:26,703 - INFO - Failed seeds: [1001]
2025-09-06 17:46:26,703 - INFO - Results saved to: ./experiment_results\deit_base_w2_a2_20250906_174624
2025-09-06 17:46:26,703 - INFO - ====================================================================================================
