2025-09-07 00:02:57,537 - INFO - Starting multi-seed experiment
2025-09-07 00:02:57,538 - INFO - Architecture: swin_base
2025-09-07 00:02:57,538 - INFO - Weight bits: 4
2025-09-07 00:02:57,538 - INFO - Activation bits: 4
2025-09-07 00:02:57,538 - INFO - Seeds: [1001, 1002, 1003]
2025-09-07 00:02:57,538 - INFO - Alpha values: [0.1, 0.2, 0.3, 0.4, 0.5, 0.6, 0.7, 0.8, 0.9, 1.0]
2025-09-07 00:02:57,538 - INFO - Cluster numbers: [64]
2025-09-07 00:02:57,538 - INFO - PCA dimensions: [50]
2025-09-07 00:02:57,538 - INFO - Output directory: ./experiment_results/swin_base_w4_a4_20250907_000257
2025-09-07 00:02:57,538 - INFO - Checking basic requirements...
2025-09-07 00:02:57,539 - INFO - Basic checks passed
2025-09-07 00:02:57,539 - INFO - 
Starting experiments for 3 seeds...
2025-09-07 00:02:57,539 - INFO - Total parameter combinations: 10
2025-09-07 00:02:57,539 - INFO - Total experiments: 30
2025-09-07 00:02:57,539 - INFO - 
============================================================
2025-09-07 00:02:57,539 - INFO - Running experiment 1/3 for seed 1001
2025-09-07 00:02:57,539 - INFO - ============================================================
2025-09-07 00:02:57,540 - INFO - Running experiment for seed 1001
2025-09-07 00:02:57,540 - INFO - Command: /home/alz07xz/project/PD-Quant/pd_quant/bin/python ../test_quant.py --model swin_base --w_bit 4 --a_bit 4 --seed 1001 --config ./../configs/4bit/best.py --dataset /home/alz07xz/imagenet --calib-size 1000 --calib-batch-size 32 --val-batch-size 500 --num-workers 8 --device cuda --alpha-list 0.1 0.2 0.3 0.4 0.5 0.6 0.7 0.8 0.9 1.0 --num-clusters-list 64 --pca-dim-list 50 --calibrate --optimize
2025-09-07 00:02:57,540 - INFO - Working directory: /home/alz07xz/project/APHQ_CAT/ablate_alpha
2025-09-07 06:05:11,997 - INFO - Experiment for seed 1001 completed in 21734.46 seconds
2025-09-07 06:05:11,999 - INFO - SUCCESS: Experiment for seed 1001 completed successfully
2025-09-07 06:05:12,003 - INFO - Looking for results in: ./checkpoint/quant_result/20250907_0602
2025-09-07 06:05:12,003 - INFO - Parsed 0 reconstructed results from log file for seed 1001
2025-09-07 06:05:12,003 - INFO - Parsed 0 baseline results from log file for seed 1001
2025-09-07 06:05:12,003 - INFO - Seed 1001 completed successfully
2025-09-07 06:05:12,003 - INFO - Sleeping for 0.5 seconds before next seed...
2025-09-07 06:05:12,503 - INFO - 
============================================================
2025-09-07 06:05:12,503 - INFO - Running experiment 2/3 for seed 1002
2025-09-07 06:05:12,504 - INFO - ============================================================
2025-09-07 06:05:12,505 - INFO - Running experiment for seed 1002
2025-09-07 06:05:12,505 - INFO - Command: /home/alz07xz/project/PD-Quant/pd_quant/bin/python ../test_quant.py --model swin_base --w_bit 4 --a_bit 4 --seed 1002 --config ./../configs/4bit/best.py --dataset /home/alz07xz/imagenet --calib-size 1000 --calib-batch-size 32 --val-batch-size 500 --num-workers 8 --device cuda --alpha-list 0.1 0.2 0.3 0.4 0.5 0.6 0.7 0.8 0.9 1.0 --num-clusters-list 64 --pca-dim-list 50 --calibrate --optimize
2025-09-07 06:05:12,505 - INFO - Working directory: /home/alz07xz/project/APHQ_CAT/ablate_alpha
2025-09-07 12:05:48,416 - INFO - Experiment for seed 1002 completed in 21635.91 seconds
2025-09-07 12:05:48,418 - INFO - SUCCESS: Experiment for seed 1002 completed successfully
2025-09-07 12:05:48,422 - INFO - Looking for results in: ./checkpoint/quant_result/20250907_1204
2025-09-07 12:05:48,451 - INFO - Parsed 0 reconstructed results from log file for seed 1002
2025-09-07 12:05:48,451 - INFO - Parsed 0 baseline results from log file for seed 1002
2025-09-07 12:05:48,451 - INFO - Seed 1002 completed successfully
2025-09-07 12:05:48,451 - INFO - Sleeping for 0.5 seconds before next seed...
2025-09-07 12:05:48,952 - INFO - 
============================================================
2025-09-07 12:05:48,952 - INFO - Running experiment 3/3 for seed 1003
2025-09-07 12:05:48,952 - INFO - ============================================================
2025-09-07 12:05:48,956 - INFO - Running experiment for seed 1003
2025-09-07 12:05:48,956 - INFO - Command: /home/alz07xz/project/PD-Quant/pd_quant/bin/python ../test_quant.py --model swin_base --w_bit 4 --a_bit 4 --seed 1003 --config ./../configs/4bit/best.py --dataset /home/alz07xz/imagenet --calib-size 1000 --calib-batch-size 32 --val-batch-size 500 --num-workers 8 --device cuda --alpha-list 0.1 0.2 0.3 0.4 0.5 0.6 0.7 0.8 0.9 1.0 --num-clusters-list 64 --pca-dim-list 50 --calibrate --optimize
2025-09-07 12:05:48,956 - INFO - Working directory: /home/alz07xz/project/APHQ_CAT/ablate_alpha
2025-09-07 18:07:58,727 - INFO - Experiment for seed 1003 completed in 21729.77 seconds
2025-09-07 18:07:58,729 - INFO - SUCCESS: Experiment for seed 1003 completed successfully
2025-09-07 18:07:58,732 - INFO - Looking for results in: ./checkpoint/quant_result/20250907_1748
2025-09-07 18:07:58,737 - INFO - Parsed 0 reconstructed results from log file for seed 1003
2025-09-07 18:07:58,737 - INFO - Parsed 0 baseline results from log file for seed 1003
2025-09-07 18:07:58,737 - INFO - Seed 1003 completed successfully
2025-09-07 18:07:58,737 - INFO - 
============================================================
2025-09-07 18:07:58,738 - INFO - EXPERIMENT SUMMARY
2025-09-07 18:07:58,738 - INFO - ============================================================
2025-09-07 18:07:58,738 - INFO - Successful seeds: 3/3
2025-09-07 18:07:58,738 - INFO - Failed seeds: 0/3
2025-09-07 18:07:58,738 - INFO - Successful: [1001, 1002, 1003]
2025-09-07 18:07:58,739 - INFO - 
====================================================================================================
2025-09-07 18:07:58,739 - INFO - COMPREHENSIVE EXPERIMENT SUMMARY
2025-09-07 18:07:58,739 - INFO - ====================================================================================================
2025-09-07 18:07:58,739 - INFO - 
====================================================================================================
2025-09-07 18:07:58,739 - INFO - COMPREHENSIVE RESULTS ANALYSIS
2025-09-07 18:07:58,739 - INFO - ====================================================================================================
2025-09-07 18:07:58,739 - INFO - 📊 Analysis Summary:
2025-09-07 18:07:58,740 - INFO -   - Total seeds: 3
2025-09-07 18:07:58,740 - INFO -   - Successful runs: 0
2025-09-07 18:07:58,740 - INFO -   - Failed runs: 3
2025-09-07 18:07:58,740 - INFO -   - Reconstructed results: 0
2025-09-07 18:07:58,740 - INFO -   - Baseline results: 0
2025-09-07 18:07:58,740 - INFO -   - Failed seed numbers: [1001, 1002, 1003]
2025-09-07 18:07:58,740 - ERROR - ❌ No valid results to analyze!
2025-09-07 18:07:58,740 - INFO - 
====================================================================================================
2025-09-07 18:07:58,740 - INFO - 🎉 ALL EXPERIMENTS COMPLETED!
2025-09-07 18:07:58,740 - INFO - ====================================================================================================
2025-09-07 18:07:58,740 - INFO - Successful seeds: [1001, 1002, 1003]
2025-09-07 18:07:58,740 - INFO - Failed seeds: []
2025-09-07 18:07:58,740 - INFO - Results saved to: ./experiment_results/swin_base_w4_a4_20250907_000257
2025-09-07 18:07:58,740 - INFO - ====================================================================================================
