2025-09-06 17:56:10,435 - INFO - Starting multi-seed experiment
2025-09-06 17:56:10,435 - INFO - Architecture: deit_base
2025-09-06 17:56:10,436 - INFO - Weight bits: 4
2025-09-06 17:56:10,436 - INFO - Activation bits: 2
2025-09-06 17:56:10,436 - INFO - Seeds: [1001, 1002, 1003]
2025-09-06 17:56:10,436 - INFO - Alpha values: [0.1, 0.2, 0.3, 0.4, 0.5, 0.6, 0.7, 0.8, 0.9, 1.0]
2025-09-06 17:56:10,436 - INFO - Cluster numbers: [64]
2025-09-06 17:56:10,436 - INFO - PCA dimensions: [50]
2025-09-06 17:56:10,436 - INFO - Output directory: ./experiment_results/deit_base_w4_a2_20250906_175610
2025-09-06 17:56:10,436 - INFO - Checking basic requirements...
2025-09-06 17:56:10,436 - INFO - Basic checks passed
2025-09-06 17:56:10,436 - INFO - 
Starting experiments for 3 seeds...
2025-09-06 17:56:10,436 - INFO - Total parameter combinations: 10
2025-09-06 17:56:10,436 - INFO - Total experiments: 30
2025-09-06 17:56:10,436 - INFO - 
============================================================
2025-09-06 17:56:10,436 - INFO - Running experiment 1/3 for seed 1001
2025-09-06 17:56:10,436 - INFO - ============================================================
2025-09-06 17:56:10,436 - INFO - Running experiment for seed 1001
2025-09-06 17:56:10,436 - INFO - Command: /home/alz07xz/project/PD-Quant/pd_quant/bin/python ../test_quant.py --model deit_base --w_bit 4 --a_bit 2 --seed 1001 --config ./../configs/4bit/best.py --dataset /home/alz07xz/imagenet --calib-size 1000 --calib-batch-size 32 --val-batch-size 500 --num-workers 8 --device cuda --alpha-list 0.1 0.2 0.3 0.4 0.5 0.6 0.7 0.8 0.9 1.0 --num-clusters-list 64 --pca-dim-list 50 --calibrate --optimize
2025-09-06 17:56:10,436 - INFO - Working directory: /home/alz07xz/project/APHQ_CAT/ablate_alpha
2025-09-06 22:27:15,476 - INFO - Experiment for seed 1001 completed in 16265.04 seconds
2025-09-06 22:27:15,478 - INFO - SUCCESS: Experiment for seed 1001 completed successfully
2025-09-06 22:27:15,479 - INFO - Looking for results in: ./checkpoint/quant_result/20250906_2227
2025-09-06 22:27:15,479 - INFO - Parsed 0 reconstructed results from log file for seed 1001
2025-09-06 22:27:15,479 - INFO - Parsed 0 baseline results from log file for seed 1001
2025-09-06 22:27:15,479 - INFO - Seed 1001 completed successfully
2025-09-06 22:27:15,479 - INFO - Sleeping for 0.5 seconds before next seed...
2025-09-06 22:27:15,979 - INFO - 
============================================================
2025-09-06 22:27:15,979 - INFO - Running experiment 2/3 for seed 1002
2025-09-06 22:27:15,979 - INFO - ============================================================
2025-09-06 22:27:15,980 - INFO - Running experiment for seed 1002
2025-09-06 22:27:15,980 - INFO - Command: /home/alz07xz/project/PD-Quant/pd_quant/bin/python ../test_quant.py --model deit_base --w_bit 4 --a_bit 2 --seed 1002 --config ./../configs/4bit/best.py --dataset /home/alz07xz/imagenet --calib-size 1000 --calib-batch-size 32 --val-batch-size 500 --num-workers 8 --device cuda --alpha-list 0.1 0.2 0.3 0.4 0.5 0.6 0.7 0.8 0.9 1.0 --num-clusters-list 64 --pca-dim-list 50 --calibrate --optimize
2025-09-06 22:27:15,980 - INFO - Working directory: /home/alz07xz/project/APHQ_CAT/ablate_alpha
2025-09-07 02:52:05,486 - INFO - Experiment for seed 1002 completed in 15889.51 seconds
2025-09-07 02:52:05,487 - INFO - SUCCESS: Experiment for seed 1002 completed successfully
2025-09-07 02:52:05,489 - INFO - Looking for results in: ./checkpoint/quant_result/20250907_0251
2025-09-07 02:52:05,489 - INFO - Parsed 0 reconstructed results from log file for seed 1002
2025-09-07 02:52:05,489 - INFO - Parsed 0 baseline results from log file for seed 1002
2025-09-07 02:52:05,489 - INFO - Seed 1002 completed successfully
2025-09-07 02:52:05,489 - INFO - Sleeping for 0.5 seconds before next seed...
2025-09-07 02:52:05,989 - INFO - 
============================================================
2025-09-07 02:52:05,990 - INFO - Running experiment 3/3 for seed 1003
2025-09-07 02:52:05,990 - INFO - ============================================================
2025-09-07 02:52:06,003 - INFO - Running experiment for seed 1003
2025-09-07 02:52:06,003 - INFO - Command: /home/alz07xz/project/PD-Quant/pd_quant/bin/python ../test_quant.py --model deit_base --w_bit 4 --a_bit 2 --seed 1003 --config ./../configs/4bit/best.py --dataset /home/alz07xz/imagenet --calib-size 1000 --calib-batch-size 32 --val-batch-size 500 --num-workers 8 --device cuda --alpha-list 0.1 0.2 0.3 0.4 0.5 0.6 0.7 0.8 0.9 1.0 --num-clusters-list 64 --pca-dim-list 50 --calibrate --optimize
2025-09-07 02:52:06,003 - INFO - Working directory: /home/alz07xz/project/APHQ_CAT/ablate_alpha
2025-09-07 07:16:03,763 - INFO - Experiment for seed 1003 completed in 15837.76 seconds
2025-09-07 07:16:03,764 - INFO - SUCCESS: Experiment for seed 1003 completed successfully
2025-09-07 07:16:03,768 - INFO - Looking for results in: ./checkpoint/quant_result/20250907_0714
2025-09-07 07:16:03,768 - INFO - Parsed 0 reconstructed results from log file for seed 1003
2025-09-07 07:16:03,768 - INFO - Parsed 0 baseline results from log file for seed 1003
2025-09-07 07:16:03,768 - INFO - Seed 1003 completed successfully
2025-09-07 07:16:03,769 - INFO - 
============================================================
2025-09-07 07:16:03,769 - INFO - EXPERIMENT SUMMARY
2025-09-07 07:16:03,769 - INFO - ============================================================
2025-09-07 07:16:03,769 - INFO - Successful seeds: 3/3
2025-09-07 07:16:03,769 - INFO - Failed seeds: 0/3
2025-09-07 07:16:03,769 - INFO - Successful: [1001, 1002, 1003]
2025-09-07 07:16:03,770 - INFO - 
====================================================================================================
2025-09-07 07:16:03,770 - INFO - COMPREHENSIVE EXPERIMENT SUMMARY
2025-09-07 07:16:03,770 - INFO - ====================================================================================================
2025-09-07 07:16:03,771 - INFO - 
====================================================================================================
2025-09-07 07:16:03,771 - INFO - COMPREHENSIVE RESULTS ANALYSIS
2025-09-07 07:16:03,771 - INFO - ====================================================================================================
2025-09-07 07:16:03,771 - INFO - 📊 Analysis Summary:
2025-09-07 07:16:03,771 - INFO -   - Total seeds: 3
2025-09-07 07:16:03,771 - INFO -   - Successful runs: 0
2025-09-07 07:16:03,771 - INFO -   - Failed runs: 3
2025-09-07 07:16:03,771 - INFO -   - Reconstructed results: 0
2025-09-07 07:16:03,771 - INFO -   - Baseline results: 0
2025-09-07 07:16:03,771 - INFO -   - Failed seed numbers: [1001, 1002, 1003]
2025-09-07 07:16:03,771 - ERROR - ❌ No valid results to analyze!
2025-09-07 07:16:03,771 - INFO - 
====================================================================================================
2025-09-07 07:16:03,771 - INFO - 🎉 ALL EXPERIMENTS COMPLETED!
2025-09-07 07:16:03,771 - INFO - ====================================================================================================
2025-09-07 07:16:03,771 - INFO - Successful seeds: [1001, 1002, 1003]
2025-09-07 07:16:03,771 - INFO - Failed seeds: []
2025-09-07 07:16:03,771 - INFO - Results saved to: ./experiment_results/deit_base_w4_a2_20250906_175610
2025-09-07 07:16:03,771 - INFO - ====================================================================================================
