2025-09-08 15:57:32,640 - INFO - Starting multi-seed experiment
2025-09-08 15:57:32,640 - INFO - Architecture: vit_small
2025-09-08 15:57:32,640 - INFO - Weight bits: 4
2025-09-08 15:57:32,640 - INFO - Activation bits: 4
2025-09-08 15:57:32,640 - INFO - Seeds: [1001, 1002, 1003]
2025-09-08 15:57:32,640 - INFO - Alpha values: [0.1, 0.2, 0.3, 0.4, 0.5, 0.6, 0.7, 0.8, 0.9, 1.0]
2025-09-08 15:57:32,640 - INFO - Cluster numbers: [8, 16, 32, 64, 128, 256]
2025-09-08 15:57:32,640 - INFO - PCA dimensions: [1, 25, 50, 75, 100, 125, 150, 175, 200, 220]
2025-09-08 15:57:32,640 - INFO - Output directory: ./experiment_results/vit_small_w4_a4_20250908_155732
2025-09-08 15:57:32,640 - INFO - Checking basic requirements...
2025-09-08 15:57:32,640 - INFO - Basic checks passed
2025-09-08 15:57:32,640 - INFO - 
Starting experiments for 3 seeds...
2025-09-08 15:57:32,640 - INFO - Total parameter combinations: 600
2025-09-08 15:57:32,640 - INFO - Total experiments: 1800
2025-09-08 15:57:32,640 - INFO - 
============================================================
2025-09-08 15:57:32,640 - INFO - Running experiment 1/3 for seed 1001
2025-09-08 15:57:32,640 - INFO - ============================================================
2025-09-08 15:57:32,641 - INFO - Running experiment for seed 1001
2025-09-08 15:57:32,641 - INFO - Command: /home/alz07xz/project/PD-Quant/pd_quant/bin/python ../test_quant.py --model vit_small --w_bit 4 --a_bit 4 --seed 1001 --config ../configs/4bit/brecq_baseline.py --dataset /home/alz07xz/imagenet --calib-size 1000 --calib-batch-size 32 --val-batch-size 500 --num-workers 8 --device cuda --alpha-list 0.1 0.2 0.3 0.4 0.5 0.6 0.7 0.8 0.9 1.0 --num-clusters-list 8 16 32 64 128 256 --pca-dim-list 1 25 50 75 100 125 150 175 200 220 --calibrate --optimize
2025-09-08 15:57:32,641 - INFO - Working directory: /home/alz07xz/project/APHQ_CAT/brecq_base
2025-09-09 13:07:01,941 - INFO - Experiment for seed 1001 completed in 76169.30 seconds
2025-09-09 13:07:01,943 - INFO - SUCCESS: Experiment for seed 1001 completed successfully
2025-09-09 13:07:01,945 - INFO - Looking for results in: ./checkpoint/quant_result/20250909_1305
2025-09-09 13:07:02,307 - INFO - Parsed 0 reconstructed results from log file for seed 1001
2025-09-09 13:07:02,307 - INFO - Parsed 0 baseline results from log file for seed 1001
2025-09-09 13:07:02,307 - INFO - Seed 1001 completed successfully
2025-09-09 13:07:02,307 - INFO - Sleeping for 0.5 seconds before next seed...
2025-09-09 13:07:02,808 - INFO - 
============================================================
2025-09-09 13:07:02,808 - INFO - Running experiment 2/3 for seed 1002
2025-09-09 13:07:02,808 - INFO - ============================================================
2025-09-09 13:07:02,809 - INFO - Running experiment for seed 1002
2025-09-09 13:07:02,809 - INFO - Command: /home/alz07xz/project/PD-Quant/pd_quant/bin/python ../test_quant.py --model vit_small --w_bit 4 --a_bit 4 --seed 1002 --config ../configs/4bit/brecq_baseline.py --dataset /home/alz07xz/imagenet --calib-size 1000 --calib-batch-size 32 --val-batch-size 500 --num-workers 8 --device cuda --alpha-list 0.1 0.2 0.3 0.4 0.5 0.6 0.7 0.8 0.9 1.0 --num-clusters-list 8 16 32 64 128 256 --pca-dim-list 1 25 50 75 100 125 150 175 200 220 --calibrate --optimize
2025-09-09 13:07:02,809 - INFO - Working directory: /home/alz07xz/project/APHQ_CAT/brecq_base
2025-09-10 10:17:00,519 - INFO - Experiment for seed 1002 completed in 76197.71 seconds
2025-09-10 10:17:00,526 - INFO - SUCCESS: Experiment for seed 1002 completed successfully
2025-09-10 10:17:00,530 - INFO - Looking for results in: ./checkpoint/quant_result/20250910_1012
2025-09-10 10:17:00,534 - INFO - Parsed 0 reconstructed results from log file for seed 1002
2025-09-10 10:17:00,534 - INFO - Parsed 0 baseline results from log file for seed 1002
2025-09-10 10:17:00,534 - INFO - Seed 1002 completed successfully
2025-09-10 10:17:00,534 - INFO - Sleeping for 0.5 seconds before next seed...
2025-09-10 10:17:01,034 - INFO - 
============================================================
2025-09-10 10:17:01,035 - INFO - Running experiment 3/3 for seed 1003
2025-09-10 10:17:01,035 - INFO - ============================================================
2025-09-10 10:17:01,040 - INFO - Running experiment for seed 1003
2025-09-10 10:17:01,040 - INFO - Command: /home/alz07xz/project/PD-Quant/pd_quant/bin/python ../test_quant.py --model vit_small --w_bit 4 --a_bit 4 --seed 1003 --config ../configs/4bit/brecq_baseline.py --dataset /home/alz07xz/imagenet --calib-size 1000 --calib-batch-size 32 --val-batch-size 500 --num-workers 8 --device cuda --alpha-list 0.1 0.2 0.3 0.4 0.5 0.6 0.7 0.8 0.9 1.0 --num-clusters-list 8 16 32 64 128 256 --pca-dim-list 1 25 50 75 100 125 150 175 200 220 --calibrate --optimize
2025-09-10 10:17:01,040 - INFO - Working directory: /home/alz07xz/project/APHQ_CAT/brecq_base
2025-09-11 07:29:11,249 - INFO - Experiment for seed 1003 completed in 76330.21 seconds
2025-09-11 07:29:11,254 - INFO - SUCCESS: Experiment for seed 1003 completed successfully
2025-09-11 07:29:11,256 - INFO - Looking for results in: ./checkpoint/quant_result/20250911_0638
2025-09-11 07:29:11,257 - INFO - Parsed 0 reconstructed results from log file for seed 1003
2025-09-11 07:29:11,257 - INFO - Parsed 0 baseline results from log file for seed 1003
2025-09-11 07:29:11,257 - INFO - Seed 1003 completed successfully
2025-09-11 07:29:11,257 - INFO - 
============================================================
2025-09-11 07:29:11,257 - INFO - EXPERIMENT SUMMARY
2025-09-11 07:29:11,258 - INFO - ============================================================
2025-09-11 07:29:11,258 - INFO - Successful seeds: 3/3
2025-09-11 07:29:11,258 - INFO - Failed seeds: 0/3
2025-09-11 07:29:11,258 - INFO - Successful: [1001, 1002, 1003]
2025-09-11 07:29:11,258 - INFO - 
====================================================================================================
2025-09-11 07:29:11,259 - INFO - COMPREHENSIVE EXPERIMENT SUMMARY
2025-09-11 07:29:11,259 - INFO - ====================================================================================================
2025-09-11 07:29:11,259 - INFO - 
====================================================================================================
2025-09-11 07:29:11,259 - INFO - COMPREHENSIVE RESULTS ANALYSIS
2025-09-11 07:29:11,259 - INFO - ====================================================================================================
2025-09-11 07:29:11,259 - INFO - 📊 Analysis Summary:
2025-09-11 07:29:11,259 - INFO -   - Total seeds: 3
2025-09-11 07:29:11,259 - INFO -   - Successful runs: 0
2025-09-11 07:29:11,259 - INFO -   - Failed runs: 3
2025-09-11 07:29:11,259 - INFO -   - Reconstructed results: 0
2025-09-11 07:29:11,259 - INFO -   - Baseline results: 0
2025-09-11 07:29:11,259 - INFO -   - Failed seed numbers: [1001, 1002, 1003]
2025-09-11 07:29:11,259 - ERROR - ❌ No valid results to analyze!
2025-09-11 07:29:11,259 - INFO - 
====================================================================================================
2025-09-11 07:29:11,259 - INFO - 🎉 ALL EXPERIMENTS COMPLETED!
2025-09-11 07:29:11,259 - INFO - ====================================================================================================
2025-09-11 07:29:11,259 - INFO - Successful seeds: [1001, 1002, 1003]
2025-09-11 07:29:11,259 - INFO - Failed seeds: []
2025-09-11 07:29:11,259 - INFO - Results saved to: ./experiment_results/vit_small_w4_a4_20250908_155732
2025-09-11 07:29:11,259 - INFO - ====================================================================================================
