2025-09-06 12:51:33,839 - INFO - Starting multi-seed experiment
2025-09-06 12:51:33,840 - INFO - Architecture: deit_base
2025-09-06 12:51:33,843 - INFO - Weight bits: 2
2025-09-06 12:51:33,850 - INFO - Activation bits: 2
2025-09-06 12:51:33,855 - INFO - Seeds: [1001, 1002, 1003]
2025-09-06 12:51:33,864 - INFO - Alpha values: [0.5]
2025-09-06 12:51:33,876 - INFO - Cluster numbers: [64]
2025-09-06 12:51:33,881 - INFO - PCA dimensions: [1, 5, 10, 15, 20, 25, 30, 35, 40, 45, 50, 55, 60, 65, 70, 75, 80, 85, 90, 95, 100, 105, 110, 115, 120, 125, 130, 135, 140, 145, 150, 155, 160, 165, 170, 175, 180, 185, 190, 195, 200, 205, 210, 215, 220]
2025-09-06 12:51:33,883 - INFO - Output directory: ./experiment_results/deit_base_w2_a2_20250906_125133
2025-09-06 12:51:33,891 - INFO - 
Starting experiments for 3 seeds...
2025-09-06 12:51:33,893 - INFO - Total parameter combinations: 45
2025-09-06 12:51:33,895 - INFO - Total experiments: 135
2025-09-06 12:51:33,896 - INFO - 
============================================================
2025-09-06 12:51:33,907 - INFO - Running experiment 1/3 for seed 1001
2025-09-06 12:51:33,909 - INFO - ============================================================
2025-09-06 12:51:33,912 - INFO - Running experiment for seed 1001
2025-09-06 12:51:33,916 - INFO - Command: /home/alz07xz/project/PD-Quant/pd_quant/bin/python test_quant.py --model deit_base --w_bit 2 --a_bit 2 --seed 1001 --config /mimer/NOBACKUP/groups/naiss2025-22-91/ali/APHQ-ViT/configs/4bit/best.py --dataset /mimer/NOBACKUP/groups/naiss2025-22-91/imagenet --calib-size 1000 --calib-batch-size 32 --val-batch-size 500 --num-workers 8 --device cuda --alpha-list 0.5 --num-clusters-list 64 --pca-dim-list 1 5 10 15 20 25 30 35 40 45 50 55 60 65 70 75 80 85 90 95 100 105 110 115 120 125 130 135 140 145 150 155 160 165 170 175 180 185 190 195 200 205 210 215 220 --calibrate --optimize
2025-09-06 12:51:39,568 - INFO - Experiment for seed 1001 completed in 5.64 seconds
2025-09-06 12:51:39,580 - ERROR - Experiment for seed 1001 failed with return code 256
2025-09-06 12:51:39,582 - ERROR - ✗ Seed 1001 failed
2025-09-06 12:51:39,588 - INFO - Sleeping for 0.5 seconds before next seed...
2025-09-06 12:51:40,094 - INFO - 
============================================================
2025-09-06 12:51:40,095 - INFO - Running experiment 2/3 for seed 1002
2025-09-06 12:51:40,098 - INFO - ============================================================
2025-09-06 12:51:40,106 - INFO - Running experiment for seed 1002
2025-09-06 12:51:40,108 - INFO - Command: /home/alz07xz/project/PD-Quant/pd_quant/bin/python test_quant.py --model deit_base --w_bit 2 --a_bit 2 --seed 1002 --config /mimer/NOBACKUP/groups/naiss2025-22-91/ali/APHQ-ViT/configs/4bit/best.py --dataset /mimer/NOBACKUP/groups/naiss2025-22-91/imagenet --calib-size 1000 --calib-batch-size 32 --val-batch-size 500 --num-workers 8 --device cuda --alpha-list 0.5 --num-clusters-list 64 --pca-dim-list 1 5 10 15 20 25 30 35 40 45 50 55 60 65 70 75 80 85 90 95 100 105 110 115 120 125 130 135 140 145 150 155 160 165 170 175 180 185 190 195 200 205 210 215 220 --calibrate --optimize
2025-09-06 12:52:03,184 - INFO - Experiment for seed 1002 completed in 23.07 seconds
2025-09-06 12:52:03,192 - ERROR - Experiment for seed 1002 failed with return code 256
2025-09-06 12:52:03,200 - ERROR - ✗ Seed 1002 failed
2025-09-06 12:52:03,202 - INFO - Sleeping for 0.5 seconds before next seed...
2025-09-06 12:52:03,704 - INFO - 
============================================================
2025-09-06 12:52:03,716 - INFO - Running experiment 3/3 for seed 1003
2025-09-06 12:52:03,721 - INFO - ============================================================
2025-09-06 12:52:03,723 - INFO - Running experiment for seed 1003
2025-09-06 12:52:03,725 - INFO - Command: /home/alz07xz/project/PD-Quant/pd_quant/bin/python test_quant.py --model deit_base --w_bit 2 --a_bit 2 --seed 1003 --config /mimer/NOBACKUP/groups/naiss2025-22-91/ali/APHQ-ViT/configs/4bit/best.py --dataset /mimer/NOBACKUP/groups/naiss2025-22-91/imagenet --calib-size 1000 --calib-batch-size 32 --val-batch-size 500 --num-workers 8 --device cuda --alpha-list 0.5 --num-clusters-list 64 --pca-dim-list 1 5 10 15 20 25 30 35 40 45 50 55 60 65 70 75 80 85 90 95 100 105 110 115 120 125 130 135 140 145 150 155 160 165 170 175 180 185 190 195 200 205 210 215 220 --calibrate --optimize
2025-09-06 12:53:06,867 - INFO - Experiment for seed 1003 completed in 63.14 seconds
2025-09-06 12:53:06,868 - ERROR - Experiment for seed 1003 failed with return code 256
2025-09-06 12:53:06,868 - ERROR - ✗ Seed 1003 failed
2025-09-06 12:53:06,868 - INFO - 
============================================================
2025-09-06 12:53:06,868 - INFO - EXPERIMENT EXECUTION SUMMARY
2025-09-06 12:53:06,868 - INFO - ============================================================
2025-09-06 12:53:06,868 - INFO - Successful seeds: 0/3
2025-09-06 12:53:06,868 - INFO - Failed seeds: 3/3
2025-09-06 12:53:06,868 - INFO - Failed seeds: [1001, 1002, 1003]
2025-09-06 12:53:06,868 - INFO - 
====================================================================================================
2025-09-06 12:53:06,868 - INFO - COMPREHENSIVE EXPERIMENT SUMMARY
2025-09-06 12:53:06,868 - INFO - ====================================================================================================
2025-09-06 12:53:06,868 - INFO - 
====================================================================================================
2025-09-06 12:53:06,868 - INFO - COMPREHENSIVE RESULTS ANALYSIS
2025-09-06 12:53:06,868 - INFO - ====================================================================================================
2025-09-06 12:53:06,868 - INFO - 📊 Analysis Summary:
2025-09-06 12:53:06,868 - INFO -   - Total seeds: 3
2025-09-06 12:53:06,868 - INFO -   - Successful runs: 0
2025-09-06 12:53:06,868 - INFO -   - Failed runs: 3
2025-09-06 12:53:06,868 - INFO -   - Reconstructed results: 0
2025-09-06 12:53:06,868 - INFO -   - Baseline results: 0
2025-09-06 12:53:06,868 - INFO -   - Failed seed numbers: [1001, 1002, 1003]
2025-09-06 12:53:06,868 - ERROR - ❌ No valid results to analyze!
2025-09-06 12:53:06,868 - INFO - 
====================================================================================================
2025-09-06 12:53:06,868 - INFO - 🎉 ALL EXPERIMENTS COMPLETED!
2025-09-06 12:53:06,868 - INFO - ====================================================================================================
2025-09-06 12:53:06,868 - INFO - Successful seeds: []
2025-09-06 12:53:06,868 - INFO - Failed seeds: [1001, 1002, 1003]
2025-09-06 12:53:06,868 - INFO - Results saved to: ./experiment_results/deit_base_w2_a2_20250906_125133
2025-09-06 12:53:06,869 - INFO - ====================================================================================================
