2025-09-07 01:58:26,183 - INFO - Starting multi-seed experiment
2025-09-07 01:58:26,183 - INFO - Architecture: swin_small
2025-09-07 01:58:26,183 - INFO - Weight bits: 2
2025-09-07 01:58:26,183 - INFO - Activation bits: 2
2025-09-07 01:58:26,183 - INFO - Seeds: [1001, 1002, 1003]
2025-09-07 01:58:26,183 - INFO - Alpha values: [0.1, 0.2, 0.3, 0.4, 0.5, 0.6, 0.7, 0.8, 0.9, 1.0]
2025-09-07 01:58:26,183 - INFO - Cluster numbers: [64]
2025-09-07 01:58:26,184 - INFO - PCA dimensions: [50]
2025-09-07 01:58:26,184 - INFO - Output directory: ./experiment_results/swin_small_w2_a2_20250907_015826
2025-09-07 01:58:26,184 - INFO - Checking basic requirements...
2025-09-07 01:58:26,184 - INFO - Basic checks passed
2025-09-07 01:58:26,185 - INFO - 
Starting experiments for 3 seeds...
2025-09-07 01:58:26,185 - INFO - Total parameter combinations: 10
2025-09-07 01:58:26,185 - INFO - Total experiments: 30
2025-09-07 01:58:26,185 - INFO - 
============================================================
2025-09-07 01:58:26,185 - INFO - Running experiment 1/3 for seed 1001
2025-09-07 01:58:26,185 - INFO - ============================================================
2025-09-07 01:58:26,185 - INFO - Running experiment for seed 1001
2025-09-07 01:58:26,185 - INFO - Command: /home/alz07xz/project/PD-Quant/pd_quant/bin/python ../test_quant.py --model swin_small --w_bit 2 --a_bit 2 --seed 1001 --config ./../configs/4bit/best.py --dataset /home/alz07xz/imagenet --calib-size 1000 --calib-batch-size 32 --val-batch-size 500 --num-workers 8 --device cuda --alpha-list 0.1 0.2 0.3 0.4 0.5 0.6 0.7 0.8 0.9 1.0 --num-clusters-list 64 --pca-dim-list 50 --calibrate --optimize
2025-09-07 01:58:26,185 - INFO - Working directory: /home/alz07xz/project/APHQ_CAT/ablate_alpha
2025-09-07 06:41:27,897 - INFO - Experiment for seed 1001 completed in 16981.71 seconds
2025-09-07 06:41:27,899 - INFO - SUCCESS: Experiment for seed 1001 completed successfully
2025-09-07 06:41:27,904 - INFO - Looking for results in: ./checkpoint/quant_result/20250907_0252
2025-09-07 06:41:27,906 - INFO - Parsed 0 reconstructed results from log file for seed 1001
2025-09-07 06:41:27,907 - INFO - Parsed 0 baseline results from log file for seed 1001
2025-09-07 06:41:27,907 - INFO - Seed 1001 completed successfully
2025-09-07 06:41:27,907 - INFO - Sleeping for 0.5 seconds before next seed...
2025-09-07 06:41:28,407 - INFO - 
============================================================
2025-09-07 06:41:28,407 - INFO - Running experiment 2/3 for seed 1002
2025-09-07 06:41:28,407 - INFO - ============================================================
2025-09-07 06:41:28,408 - INFO - Running experiment for seed 1002
2025-09-07 06:41:28,408 - INFO - Command: /home/alz07xz/project/PD-Quant/pd_quant/bin/python ../test_quant.py --model swin_small --w_bit 2 --a_bit 2 --seed 1002 --config ./../configs/4bit/best.py --dataset /home/alz07xz/imagenet --calib-size 1000 --calib-batch-size 32 --val-batch-size 500 --num-workers 8 --device cuda --alpha-list 0.1 0.2 0.3 0.4 0.5 0.6 0.7 0.8 0.9 1.0 --num-clusters-list 64 --pca-dim-list 50 --calibrate --optimize
2025-09-07 06:41:28,408 - INFO - Working directory: /home/alz07xz/project/APHQ_CAT/ablate_alpha
2025-09-07 11:22:43,444 - INFO - Experiment for seed 1002 completed in 16875.04 seconds
2025-09-07 11:22:43,446 - INFO - SUCCESS: Experiment for seed 1002 completed successfully
2025-09-07 11:22:43,454 - INFO - Looking for results in: ./checkpoint/quant_result/20250907_0605
2025-09-07 11:22:43,454 - INFO - Parsed 0 reconstructed results from log file for seed 1002
2025-09-07 11:22:43,454 - INFO - Parsed 0 baseline results from log file for seed 1002
2025-09-07 11:22:43,454 - INFO - Seed 1002 completed successfully
2025-09-07 11:22:43,454 - INFO - Sleeping for 0.5 seconds before next seed...
2025-09-07 11:22:43,955 - INFO - 
============================================================
2025-09-07 11:22:43,955 - INFO - Running experiment 3/3 for seed 1003
2025-09-07 11:22:43,955 - INFO - ============================================================
2025-09-07 11:22:43,956 - INFO - Running experiment for seed 1003
2025-09-07 11:22:43,956 - INFO - Command: /home/alz07xz/project/PD-Quant/pd_quant/bin/python ../test_quant.py --model swin_small --w_bit 2 --a_bit 2 --seed 1003 --config ./../configs/4bit/best.py --dataset /home/alz07xz/imagenet --calib-size 1000 --calib-batch-size 32 --val-batch-size 500 --num-workers 8 --device cuda --alpha-list 0.1 0.2 0.3 0.4 0.5 0.6 0.7 0.8 0.9 1.0 --num-clusters-list 64 --pca-dim-list 50 --calibrate --optimize
2025-09-07 11:22:43,956 - INFO - Working directory: /home/alz07xz/project/APHQ_CAT/ablate_alpha
2025-09-07 16:04:53,160 - INFO - Experiment for seed 1003 completed in 16929.20 seconds
2025-09-07 16:04:53,163 - INFO - SUCCESS: Experiment for seed 1003 completed successfully
2025-09-07 16:04:53,170 - INFO - Looking for results in: ./checkpoint/quant_result/20250907_1603
2025-09-07 16:04:53,174 - INFO - Parsed 0 reconstructed results from log file for seed 1003
2025-09-07 16:04:53,174 - INFO - Parsed 0 baseline results from log file for seed 1003
2025-09-07 16:04:53,174 - INFO - Seed 1003 completed successfully
2025-09-07 16:04:53,174 - INFO - 
============================================================
2025-09-07 16:04:53,175 - INFO - EXPERIMENT SUMMARY
2025-09-07 16:04:53,175 - INFO - ============================================================
2025-09-07 16:04:53,175 - INFO - Successful seeds: 3/3
2025-09-07 16:04:53,175 - INFO - Failed seeds: 0/3
2025-09-07 16:04:53,175 - INFO - Successful: [1001, 1002, 1003]
2025-09-07 16:04:53,176 - INFO - 
====================================================================================================
2025-09-07 16:04:53,176 - INFO - COMPREHENSIVE EXPERIMENT SUMMARY
2025-09-07 16:04:53,176 - INFO - ====================================================================================================
2025-09-07 16:04:53,176 - INFO - 
====================================================================================================
2025-09-07 16:04:53,176 - INFO - COMPREHENSIVE RESULTS ANALYSIS
2025-09-07 16:04:53,176 - INFO - ====================================================================================================
2025-09-07 16:04:53,176 - INFO - 📊 Analysis Summary:
2025-09-07 16:04:53,176 - INFO -   - Total seeds: 3
2025-09-07 16:04:53,177 - INFO -   - Successful runs: 0
2025-09-07 16:04:53,177 - INFO -   - Failed runs: 3
2025-09-07 16:04:53,177 - INFO -   - Reconstructed results: 0
2025-09-07 16:04:53,177 - INFO -   - Baseline results: 0
2025-09-07 16:04:53,177 - INFO -   - Failed seed numbers: [1001, 1002, 1003]
2025-09-07 16:04:53,177 - ERROR - ❌ No valid results to analyze!
2025-09-07 16:04:53,177 - INFO - 
====================================================================================================
2025-09-07 16:04:53,177 - INFO - 🎉 ALL EXPERIMENTS COMPLETED!
2025-09-07 16:04:53,177 - INFO - ====================================================================================================
2025-09-07 16:04:53,177 - INFO - Successful seeds: [1001, 1002, 1003]
2025-09-07 16:04:53,177 - INFO - Failed seeds: []
2025-09-07 16:04:53,177 - INFO - Results saved to: ./experiment_results/swin_small_w2_a2_20250907_015826
2025-09-07 16:04:53,177 - INFO - ====================================================================================================
