2025-09-07 17:25:53,201 - INFO - Starting multi-seed experiment
2025-09-07 17:25:53,201 - INFO - Architecture: deit_small
2025-09-07 17:25:53,201 - INFO - Weight bits: 2
2025-09-07 17:25:53,201 - INFO - Activation bits: 2
2025-09-07 17:25:53,201 - INFO - Seeds: [1001, 1002, 1003]
2025-09-07 17:25:53,201 - INFO - Alpha values: [0.5]
2025-09-07 17:25:53,201 - INFO - Cluster numbers: [1, 8, 16, 24, 32, 40, 48, 56, 64, 72, 80, 88, 96, 104, 112, 120, 128, 136, 144, 152, 160, 168, 176, 184, 192, 200, 208, 216, 224, 232, 240, 248, 256]
2025-09-07 17:25:53,201 - INFO - PCA dimensions: [50]
2025-09-07 17:25:53,201 - INFO - Output directory: ./experiment_results/deit_small_w2_a2_20250907_172553
2025-09-07 17:25:53,202 - INFO - Checking basic requirements...
2025-09-07 17:25:53,202 - INFO - Basic checks passed
2025-09-07 17:25:53,202 - INFO - 
Starting experiments for 3 seeds...
2025-09-07 17:25:53,202 - INFO - Total parameter combinations: 33
2025-09-07 17:25:53,202 - INFO - Total experiments: 99
2025-09-07 17:25:53,202 - INFO - 
============================================================
2025-09-07 17:25:53,202 - INFO - Running experiment 1/3 for seed 1001
2025-09-07 17:25:53,202 - INFO - ============================================================
2025-09-07 17:25:53,202 - INFO - Running experiment for seed 1001
2025-09-07 17:25:53,202 - INFO - Command: /home/alz07xz/project/PD-Quant/pd_quant/bin/python ../test_quant.py --model deit_small --w_bit 2 --a_bit 2 --seed 1001 --config ./../configs/4bit/best.py --dataset /home/alz07xz/imagenet --calib-size 1000 --calib-batch-size 32 --val-batch-size 500 --num-workers 8 --device cuda --alpha-list 0.5 --num-clusters-list 1 8 16 24 32 40 48 56 64 72 80 88 96 104 112 120 128 136 144 152 160 168 176 184 192 200 208 216 224 232 240 248 256 --pca-dim-list 50 --calibrate --optimize
2025-09-07 17:25:53,202 - INFO - Working directory: /home/alz07xz/project/APHQ_CAT/ablate_clusters
2025-09-07 20:09:12,151 - INFO - Experiment for seed 1001 completed in 9798.95 seconds
2025-09-07 20:09:12,153 - INFO - SUCCESS: Experiment for seed 1001 completed successfully
2025-09-07 20:09:12,156 - INFO - Looking for results in: ./checkpoint/quant_result/20250907_1627
2025-09-07 20:09:12,159 - INFO - Parsed 0 reconstructed results from log file for seed 1001
2025-09-07 20:09:12,159 - INFO - Parsed 0 baseline results from log file for seed 1001
2025-09-07 20:09:12,159 - INFO - Seed 1001 completed successfully
2025-09-07 20:09:12,159 - INFO - Sleeping for 0.5 seconds before next seed...
2025-09-07 20:09:12,660 - INFO - 
============================================================
2025-09-07 20:09:12,660 - INFO - Running experiment 2/3 for seed 1002
2025-09-07 20:09:12,660 - INFO - ============================================================
2025-09-07 20:09:12,661 - INFO - Running experiment for seed 1002
2025-09-07 20:09:12,661 - INFO - Command: /home/alz07xz/project/PD-Quant/pd_quant/bin/python ../test_quant.py --model deit_small --w_bit 2 --a_bit 2 --seed 1002 --config ./../configs/4bit/best.py --dataset /home/alz07xz/imagenet --calib-size 1000 --calib-batch-size 32 --val-batch-size 500 --num-workers 8 --device cuda --alpha-list 0.5 --num-clusters-list 1 8 16 24 32 40 48 56 64 72 80 88 96 104 112 120 128 136 144 152 160 168 176 184 192 200 208 216 224 232 240 248 256 --pca-dim-list 50 --calibrate --optimize
2025-09-07 20:09:12,662 - INFO - Working directory: /home/alz07xz/project/APHQ_CAT/ablate_clusters
2025-09-07 22:51:55,199 - INFO - Experiment for seed 1002 completed in 9762.54 seconds
2025-09-07 22:51:55,202 - INFO - SUCCESS: Experiment for seed 1002 completed successfully
2025-09-07 22:51:55,206 - INFO - Looking for results in: ./checkpoint/quant_result/20250907_2227
2025-09-07 22:51:55,258 - INFO - Parsed 0 reconstructed results from log file for seed 1002
2025-09-07 22:51:55,258 - INFO - Parsed 0 baseline results from log file for seed 1002
2025-09-07 22:51:55,258 - INFO - Seed 1002 completed successfully
2025-09-07 22:51:55,258 - INFO - Sleeping for 0.5 seconds before next seed...
2025-09-07 22:51:55,758 - INFO - 
============================================================
2025-09-07 22:51:55,759 - INFO - Running experiment 3/3 for seed 1003
2025-09-07 22:51:55,759 - INFO - ============================================================
2025-09-07 22:51:55,760 - INFO - Running experiment for seed 1003
2025-09-07 22:51:55,760 - INFO - Command: /home/alz07xz/project/PD-Quant/pd_quant/bin/python ../test_quant.py --model deit_small --w_bit 2 --a_bit 2 --seed 1003 --config ./../configs/4bit/best.py --dataset /home/alz07xz/imagenet --calib-size 1000 --calib-batch-size 32 --val-batch-size 500 --num-workers 8 --device cuda --alpha-list 0.5 --num-clusters-list 1 8 16 24 32 40 48 56 64 72 80 88 96 104 112 120 128 136 144 152 160 168 176 184 192 200 208 216 224 232 240 248 256 --pca-dim-list 50 --calibrate --optimize
2025-09-07 22:51:55,760 - INFO - Working directory: /home/alz07xz/project/APHQ_CAT/ablate_clusters
2025-09-08 01:34:42,207 - INFO - Experiment for seed 1003 completed in 9766.45 seconds
2025-09-08 01:34:42,211 - INFO - SUCCESS: Experiment for seed 1003 completed successfully
2025-09-08 01:34:42,218 - INFO - Looking for results in: ./checkpoint/quant_result/20250907_2025
2025-09-08 01:34:42,220 - INFO - Parsed 0 reconstructed results from log file for seed 1003
2025-09-08 01:34:42,220 - INFO - Parsed 0 baseline results from log file for seed 1003
2025-09-08 01:34:42,220 - INFO - Seed 1003 completed successfully
2025-09-08 01:34:42,220 - INFO - 
============================================================
2025-09-08 01:34:42,220 - INFO - EXPERIMENT SUMMARY
2025-09-08 01:34:42,220 - INFO - ============================================================
2025-09-08 01:34:42,220 - INFO - Successful seeds: 3/3
2025-09-08 01:34:42,220 - INFO - Failed seeds: 0/3
2025-09-08 01:34:42,220 - INFO - Successful: [1001, 1002, 1003]
2025-09-08 01:34:42,221 - INFO - 
====================================================================================================
2025-09-08 01:34:42,221 - INFO - COMPREHENSIVE EXPERIMENT SUMMARY
2025-09-08 01:34:42,221 - INFO - ====================================================================================================
2025-09-08 01:34:42,221 - INFO - 
====================================================================================================
2025-09-08 01:34:42,221 - INFO - COMPREHENSIVE RESULTS ANALYSIS
2025-09-08 01:34:42,221 - INFO - ====================================================================================================
2025-09-08 01:34:42,221 - INFO - 📊 Analysis Summary:
2025-09-08 01:34:42,221 - INFO -   - Total seeds: 3
2025-09-08 01:34:42,221 - INFO -   - Successful runs: 0
2025-09-08 01:34:42,221 - INFO -   - Failed runs: 3
2025-09-08 01:34:42,221 - INFO -   - Reconstructed results: 0
2025-09-08 01:34:42,221 - INFO -   - Baseline results: 0
2025-09-08 01:34:42,221 - INFO -   - Failed seed numbers: [1001, 1002, 1003]
2025-09-08 01:34:42,221 - ERROR - ❌ No valid results to analyze!
2025-09-08 01:34:42,221 - INFO - 
====================================================================================================
2025-09-08 01:34:42,221 - INFO - 🎉 ALL EXPERIMENTS COMPLETED!
2025-09-08 01:34:42,221 - INFO - ====================================================================================================
2025-09-08 01:34:42,221 - INFO - Successful seeds: [1001, 1002, 1003]
2025-09-08 01:34:42,221 - INFO - Failed seeds: []
2025-09-08 01:34:42,221 - INFO - Results saved to: ./experiment_results/deit_small_w2_a2_20250907_172553
2025-09-08 01:34:42,222 - INFO - ====================================================================================================
