2025-09-07 16:16:50,523 - INFO - Starting multi-seed experiment
2025-09-07 16:16:50,523 - INFO - Architecture: vit_tiny
2025-09-07 16:16:50,523 - INFO - Weight bits: 4
2025-09-07 16:16:50,523 - INFO - Activation bits: 4
2025-09-07 16:16:50,523 - INFO - Seeds: [1001, 1002, 1003]
2025-09-07 16:16:50,524 - INFO - Alpha values: [0.1, 0.2, 0.3, 0.4, 0.5, 0.6, 0.7, 0.8, 0.9, 1.0]
2025-09-07 16:16:50,524 - INFO - Cluster numbers: [64]
2025-09-07 16:16:50,524 - INFO - PCA dimensions: [50]
2025-09-07 16:16:50,524 - INFO - Output directory: ./experiment_results/vit_tiny_w4_a4_20250907_161650
2025-09-07 16:16:50,524 - INFO - Checking basic requirements...
2025-09-07 16:16:50,525 - INFO - Basic checks passed
2025-09-07 16:16:50,525 - INFO - 
Starting experiments for 3 seeds...
2025-09-07 16:16:50,525 - INFO - Total parameter combinations: 10
2025-09-07 16:16:50,525 - INFO - Total experiments: 30
2025-09-07 16:16:50,525 - INFO - 
============================================================
2025-09-07 16:16:50,525 - INFO - Running experiment 1/3 for seed 1001
2025-09-07 16:16:50,525 - INFO - ============================================================
2025-09-07 16:16:50,525 - INFO - Running experiment for seed 1001
2025-09-07 16:16:50,525 - INFO - Command: /home/alz07xz/project/PD-Quant/pd_quant/bin/python ../test_quant.py --model vit_tiny --w_bit 4 --a_bit 4 --seed 1001 --config ./../configs/4bit/best.py --dataset /home/alz07xz/imagenet --calib-size 1000 --calib-batch-size 32 --val-batch-size 500 --num-workers 8 --device cuda --alpha-list 0.1 0.2 0.3 0.4 0.5 0.6 0.7 0.8 0.9 1.0 --num-clusters-list 64 --pca-dim-list 50 --calibrate --optimize
2025-09-07 16:16:50,526 - INFO - Working directory: /home/alz07xz/project/APHQ_CAT/ablate_alpha
2025-09-07 17:48:18,618 - INFO - Experiment for seed 1001 completed in 5488.09 seconds
2025-09-07 17:48:18,619 - INFO - SUCCESS: Experiment for seed 1001 completed successfully
2025-09-07 17:48:18,629 - INFO - Looking for results in: ./checkpoint/quant_result/20250907_1607
2025-09-07 17:48:18,633 - INFO - Parsed 0 reconstructed results from log file for seed 1001
2025-09-07 17:48:18,634 - INFO - Parsed 0 baseline results from log file for seed 1001
2025-09-07 17:48:18,634 - INFO - Seed 1001 completed successfully
2025-09-07 17:48:18,634 - INFO - Sleeping for 0.5 seconds before next seed...
2025-09-07 17:48:19,134 - INFO - 
============================================================
2025-09-07 17:48:19,134 - INFO - Running experiment 2/3 for seed 1002
2025-09-07 17:48:19,134 - INFO - ============================================================
2025-09-07 17:48:19,135 - INFO - Running experiment for seed 1002
2025-09-07 17:48:19,135 - INFO - Command: /home/alz07xz/project/PD-Quant/pd_quant/bin/python ../test_quant.py --model vit_tiny --w_bit 4 --a_bit 4 --seed 1002 --config ./../configs/4bit/best.py --dataset /home/alz07xz/imagenet --calib-size 1000 --calib-batch-size 32 --val-batch-size 500 --num-workers 8 --device cuda --alpha-list 0.1 0.2 0.3 0.4 0.5 0.6 0.7 0.8 0.9 1.0 --num-clusters-list 64 --pca-dim-list 50 --calibrate --optimize
2025-09-07 17:48:19,135 - INFO - Working directory: /home/alz07xz/project/APHQ_CAT/ablate_alpha
2025-09-07 19:19:55,257 - INFO - Experiment for seed 1002 completed in 5496.12 seconds
2025-09-07 19:19:55,260 - INFO - SUCCESS: Experiment for seed 1002 completed successfully
2025-09-07 19:19:55,265 - INFO - Looking for results in: ./checkpoint/quant_result/20250907_1748
2025-09-07 19:19:55,267 - INFO - Parsed 0 reconstructed results from log file for seed 1002
2025-09-07 19:19:55,267 - INFO - Parsed 0 baseline results from log file for seed 1002
2025-09-07 19:19:55,267 - INFO - Seed 1002 completed successfully
2025-09-07 19:19:55,268 - INFO - Sleeping for 0.5 seconds before next seed...
2025-09-07 19:19:55,768 - INFO - 
============================================================
2025-09-07 19:19:55,768 - INFO - Running experiment 3/3 for seed 1003
2025-09-07 19:19:55,768 - INFO - ============================================================
2025-09-07 19:19:55,769 - INFO - Running experiment for seed 1003
2025-09-07 19:19:55,769 - INFO - Command: /home/alz07xz/project/PD-Quant/pd_quant/bin/python ../test_quant.py --model vit_tiny --w_bit 4 --a_bit 4 --seed 1003 --config ./../configs/4bit/best.py --dataset /home/alz07xz/imagenet --calib-size 1000 --calib-batch-size 32 --val-batch-size 500 --num-workers 8 --device cuda --alpha-list 0.1 0.2 0.3 0.4 0.5 0.6 0.7 0.8 0.9 1.0 --num-clusters-list 64 --pca-dim-list 50 --calibrate --optimize
2025-09-07 19:19:55,769 - INFO - Working directory: /home/alz07xz/project/APHQ_CAT/ablate_alpha
2025-09-07 20:51:32,238 - INFO - Experiment for seed 1003 completed in 5496.47 seconds
2025-09-07 20:51:32,240 - INFO - SUCCESS: Experiment for seed 1003 completed successfully
2025-09-07 20:51:32,246 - INFO - Looking for results in: ./checkpoint/quant_result/20250907_1920
2025-09-07 20:51:32,248 - INFO - Parsed 0 reconstructed results from log file for seed 1003
2025-09-07 20:51:32,248 - INFO - Parsed 0 baseline results from log file for seed 1003
2025-09-07 20:51:32,248 - INFO - Seed 1003 completed successfully
2025-09-07 20:51:32,248 - INFO - 
============================================================
2025-09-07 20:51:32,248 - INFO - EXPERIMENT SUMMARY
2025-09-07 20:51:32,248 - INFO - ============================================================
2025-09-07 20:51:32,248 - INFO - Successful seeds: 3/3
2025-09-07 20:51:32,248 - INFO - Failed seeds: 0/3
2025-09-07 20:51:32,248 - INFO - Successful: [1001, 1002, 1003]
2025-09-07 20:51:32,250 - INFO - 
====================================================================================================
2025-09-07 20:51:32,250 - INFO - COMPREHENSIVE EXPERIMENT SUMMARY
2025-09-07 20:51:32,250 - INFO - ====================================================================================================
2025-09-07 20:51:32,250 - INFO - 
====================================================================================================
2025-09-07 20:51:32,250 - INFO - COMPREHENSIVE RESULTS ANALYSIS
2025-09-07 20:51:32,250 - INFO - ====================================================================================================
2025-09-07 20:51:32,250 - INFO - 📊 Analysis Summary:
2025-09-07 20:51:32,250 - INFO -   - Total seeds: 3
2025-09-07 20:51:32,250 - INFO -   - Successful runs: 0
2025-09-07 20:51:32,250 - INFO -   - Failed runs: 3
2025-09-07 20:51:32,250 - INFO -   - Reconstructed results: 0
2025-09-07 20:51:32,250 - INFO -   - Baseline results: 0
2025-09-07 20:51:32,250 - INFO -   - Failed seed numbers: [1001, 1002, 1003]
2025-09-07 20:51:32,250 - ERROR - ❌ No valid results to analyze!
2025-09-07 20:51:32,250 - INFO - 
====================================================================================================
2025-09-07 20:51:32,251 - INFO - 🎉 ALL EXPERIMENTS COMPLETED!
2025-09-07 20:51:32,251 - INFO - ====================================================================================================
2025-09-07 20:51:32,251 - INFO - Successful seeds: [1001, 1002, 1003]
2025-09-07 20:51:32,251 - INFO - Failed seeds: []
2025-09-07 20:51:32,251 - INFO - Results saved to: ./experiment_results/vit_tiny_w4_a4_20250907_161650
2025-09-07 20:51:32,251 - INFO - ====================================================================================================
