2025-09-06 17:56:11,117 - INFO - Starting multi-seed experiment
2025-09-06 17:56:11,117 - INFO - Architecture: deit_small
2025-09-06 17:56:11,117 - INFO - Weight bits: 2
2025-09-06 17:56:11,117 - INFO - Activation bits: 2
2025-09-06 17:56:11,117 - INFO - Seeds: [1001, 1002, 1003]
2025-09-06 17:56:11,117 - INFO - Alpha values: [0.1, 0.2, 0.3, 0.4, 0.5, 0.6, 0.7, 0.8, 0.9, 1.0]
2025-09-06 17:56:11,117 - INFO - Cluster numbers: [64]
2025-09-06 17:56:11,117 - INFO - PCA dimensions: [50]
2025-09-06 17:56:11,117 - INFO - Output directory: ./experiment_results/deit_small_w2_a2_20250906_175611
2025-09-06 17:56:11,117 - INFO - Checking basic requirements...
2025-09-06 17:56:11,117 - INFO - Basic checks passed
2025-09-06 17:56:11,117 - INFO - 
Starting experiments for 3 seeds...
2025-09-06 17:56:11,117 - INFO - Total parameter combinations: 10
2025-09-06 17:56:11,117 - INFO - Total experiments: 30
2025-09-06 17:56:11,117 - INFO - 
============================================================
2025-09-06 17:56:11,117 - INFO - Running experiment 1/3 for seed 1001
2025-09-06 17:56:11,117 - INFO - ============================================================
2025-09-06 17:56:11,117 - INFO - Running experiment for seed 1001
2025-09-06 17:56:11,117 - INFO - Command: /home/alz07xz/project/PD-Quant/pd_quant/bin/python ../test_quant.py --model deit_small --w_bit 2 --a_bit 2 --seed 1001 --config ./../configs/4bit/best.py --dataset /home/alz07xz/imagenet --calib-size 1000 --calib-batch-size 32 --val-batch-size 500 --num-workers 8 --device cuda --alpha-list 0.1 0.2 0.3 0.4 0.5 0.6 0.7 0.8 0.9 1.0 --num-clusters-list 64 --pca-dim-list 50 --calibrate --optimize
2025-09-06 17:56:11,117 - INFO - Working directory: /home/alz07xz/project/APHQ_CAT/ablate_alpha
2025-09-06 20:02:23,816 - INFO - Experiment for seed 1001 completed in 7572.70 seconds
2025-09-06 20:02:23,818 - INFO - SUCCESS: Experiment for seed 1001 completed successfully
2025-09-06 20:02:23,820 - INFO - Looking for results in: ./checkpoint/quant_result/20250906_1804
2025-09-06 20:02:23,820 - INFO - Parsed 0 reconstructed results from log file for seed 1001
2025-09-06 20:02:23,820 - INFO - Parsed 0 baseline results from log file for seed 1001
2025-09-06 20:02:23,820 - INFO - Seed 1001 completed successfully
2025-09-06 20:02:23,820 - INFO - Sleeping for 0.5 seconds before next seed...
2025-09-06 20:02:24,320 - INFO - 
============================================================
2025-09-06 20:02:24,320 - INFO - Running experiment 2/3 for seed 1002
2025-09-06 20:02:24,320 - INFO - ============================================================
2025-09-06 20:02:24,321 - INFO - Running experiment for seed 1002
2025-09-06 20:02:24,321 - INFO - Command: /home/alz07xz/project/PD-Quant/pd_quant/bin/python ../test_quant.py --model deit_small --w_bit 2 --a_bit 2 --seed 1002 --config ./../configs/4bit/best.py --dataset /home/alz07xz/imagenet --calib-size 1000 --calib-batch-size 32 --val-batch-size 500 --num-workers 8 --device cuda --alpha-list 0.1 0.2 0.3 0.4 0.5 0.6 0.7 0.8 0.9 1.0 --num-clusters-list 64 --pca-dim-list 50 --calibrate --optimize
2025-09-06 20:02:24,321 - INFO - Working directory: /home/alz07xz/project/APHQ_CAT/ablate_alpha
2025-09-06 22:00:59,823 - INFO - Experiment for seed 1002 completed in 7115.50 seconds
2025-09-06 22:00:59,825 - INFO - SUCCESS: Experiment for seed 1002 completed successfully
2025-09-06 22:00:59,825 - INFO - Looking for results in: ./checkpoint/quant_result/20250906_2130
2025-09-06 22:00:59,825 - INFO - Parsed 0 reconstructed results from log file for seed 1002
2025-09-06 22:00:59,825 - INFO - Parsed 0 baseline results from log file for seed 1002
2025-09-06 22:00:59,825 - INFO - Seed 1002 completed successfully
2025-09-06 22:00:59,825 - INFO - Sleeping for 0.5 seconds before next seed...
2025-09-06 22:01:00,326 - INFO - 
============================================================
2025-09-06 22:01:00,326 - INFO - Running experiment 3/3 for seed 1003
2025-09-06 22:01:00,326 - INFO - ============================================================
2025-09-06 22:01:00,326 - INFO - Running experiment for seed 1003
2025-09-06 22:01:00,327 - INFO - Command: /home/alz07xz/project/PD-Quant/pd_quant/bin/python ../test_quant.py --model deit_small --w_bit 2 --a_bit 2 --seed 1003 --config ./../configs/4bit/best.py --dataset /home/alz07xz/imagenet --calib-size 1000 --calib-batch-size 32 --val-batch-size 500 --num-workers 8 --device cuda --alpha-list 0.1 0.2 0.3 0.4 0.5 0.6 0.7 0.8 0.9 1.0 --num-clusters-list 64 --pca-dim-list 50 --calibrate --optimize
2025-09-06 22:01:00,327 - INFO - Working directory: /home/alz07xz/project/APHQ_CAT/ablate_alpha
2025-09-07 00:00:16,233 - INFO - Experiment for seed 1003 completed in 7155.91 seconds
2025-09-07 00:00:16,278 - INFO - SUCCESS: Experiment for seed 1003 completed successfully
2025-09-07 00:00:16,385 - INFO - Looking for results in: ./checkpoint/quant_result/20250906_2359
2025-09-07 00:00:16,386 - INFO - Parsed 0 reconstructed results from log file for seed 1003
2025-09-07 00:00:16,386 - INFO - Parsed 0 baseline results from log file for seed 1003
2025-09-07 00:00:16,386 - INFO - Seed 1003 completed successfully
2025-09-07 00:00:16,386 - INFO - 
============================================================
2025-09-07 00:00:16,386 - INFO - EXPERIMENT SUMMARY
2025-09-07 00:00:16,386 - INFO - ============================================================
2025-09-07 00:00:16,386 - INFO - Successful seeds: 3/3
2025-09-07 00:00:16,386 - INFO - Failed seeds: 0/3
2025-09-07 00:00:16,386 - INFO - Successful: [1001, 1002, 1003]
2025-09-07 00:00:16,388 - INFO - 
====================================================================================================
2025-09-07 00:00:16,388 - INFO - COMPREHENSIVE EXPERIMENT SUMMARY
2025-09-07 00:00:16,388 - INFO - ====================================================================================================
2025-09-07 00:00:16,388 - INFO - 
====================================================================================================
2025-09-07 00:00:16,388 - INFO - COMPREHENSIVE RESULTS ANALYSIS
2025-09-07 00:00:16,388 - INFO - ====================================================================================================
2025-09-07 00:00:16,388 - INFO - 📊 Analysis Summary:
2025-09-07 00:00:16,388 - INFO -   - Total seeds: 3
2025-09-07 00:00:16,388 - INFO -   - Successful runs: 0
2025-09-07 00:00:16,388 - INFO -   - Failed runs: 3
2025-09-07 00:00:16,388 - INFO -   - Reconstructed results: 0
2025-09-07 00:00:16,388 - INFO -   - Baseline results: 0
2025-09-07 00:00:16,388 - INFO -   - Failed seed numbers: [1001, 1002, 1003]
2025-09-07 00:00:16,388 - ERROR - ❌ No valid results to analyze!
2025-09-07 00:00:16,388 - INFO - 
====================================================================================================
2025-09-07 00:00:16,389 - INFO - 🎉 ALL EXPERIMENTS COMPLETED!
2025-09-07 00:00:16,389 - INFO - ====================================================================================================
2025-09-07 00:00:16,389 - INFO - Successful seeds: [1001, 1002, 1003]
2025-09-07 00:00:16,389 - INFO - Failed seeds: []
2025-09-07 00:00:16,389 - INFO - Results saved to: ./experiment_results/deit_small_w2_a2_20250906_175611
2025-09-07 00:00:16,389 - INFO - ====================================================================================================
