2025-09-08 15:57:32,619 - INFO - Starting multi-seed experiment
2025-09-08 15:57:32,619 - INFO - Architecture: vit_small
2025-09-08 15:57:32,619 - INFO - Weight bits: 2
2025-09-08 15:57:32,619 - INFO - Activation bits: 2
2025-09-08 15:57:32,620 - INFO - Seeds: [1001, 1002, 1003]
2025-09-08 15:57:32,620 - INFO - Alpha values: [0.1, 0.2, 0.3, 0.4, 0.5, 0.6, 0.7, 0.8, 0.9, 1.0]
2025-09-08 15:57:32,620 - INFO - Cluster numbers: [8, 16, 32, 64, 128, 256]
2025-09-08 15:57:32,620 - INFO - PCA dimensions: [1, 25, 50, 75, 100, 125, 150, 175, 200, 220]
2025-09-08 15:57:32,620 - INFO - Output directory: ./experiment_results/vit_small_w2_a2_20250908_155732
2025-09-08 15:57:32,620 - INFO - Checking basic requirements...
2025-09-08 15:57:32,620 - INFO - Basic checks passed
2025-09-08 15:57:32,620 - INFO - 
Starting experiments for 3 seeds...
2025-09-08 15:57:32,620 - INFO - Total parameter combinations: 600
2025-09-08 15:57:32,620 - INFO - Total experiments: 1800
2025-09-08 15:57:32,620 - INFO - 
============================================================
2025-09-08 15:57:32,620 - INFO - Running experiment 1/3 for seed 1001
2025-09-08 15:57:32,620 - INFO - ============================================================
2025-09-08 15:57:32,620 - INFO - Running experiment for seed 1001
2025-09-08 15:57:32,620 - INFO - Command: /home/alz07xz/project/PD-Quant/pd_quant/bin/python ../test_quant.py --model vit_small --w_bit 2 --a_bit 2 --seed 1001 --config ../configs/4bit/brecq_baseline.py --dataset /home/alz07xz/imagenet --calib-size 1000 --calib-batch-size 32 --val-batch-size 500 --num-workers 8 --device cuda --alpha-list 0.1 0.2 0.3 0.4 0.5 0.6 0.7 0.8 0.9 1.0 --num-clusters-list 8 16 32 64 128 256 --pca-dim-list 1 25 50 75 100 125 150 175 200 220 --calibrate --optimize
2025-09-08 15:57:32,620 - INFO - Working directory: /home/alz07xz/project/APHQ_CAT/brecq_base
2025-09-09 12:45:27,284 - INFO - Experiment for seed 1001 completed in 74874.66 seconds
2025-09-09 12:45:27,294 - INFO - SUCCESS: Experiment for seed 1001 completed successfully
2025-09-09 12:45:27,297 - INFO - Looking for results in: ./checkpoint/quant_result/20250908_1608
2025-09-09 12:45:27,298 - INFO - Parsed 0 reconstructed results from log file for seed 1001
2025-09-09 12:45:27,298 - INFO - Parsed 0 baseline results from log file for seed 1001
2025-09-09 12:45:27,298 - INFO - Seed 1001 completed successfully
2025-09-09 12:45:27,298 - INFO - Sleeping for 0.5 seconds before next seed...
2025-09-09 12:45:27,798 - INFO - 
============================================================
2025-09-09 12:45:27,799 - INFO - Running experiment 2/3 for seed 1002
2025-09-09 12:45:27,799 - INFO - ============================================================
2025-09-09 12:45:27,804 - INFO - Running experiment for seed 1002
2025-09-09 12:45:27,804 - INFO - Command: /home/alz07xz/project/PD-Quant/pd_quant/bin/python ../test_quant.py --model vit_small --w_bit 2 --a_bit 2 --seed 1002 --config ../configs/4bit/brecq_baseline.py --dataset /home/alz07xz/imagenet --calib-size 1000 --calib-batch-size 32 --val-batch-size 500 --num-workers 8 --device cuda --alpha-list 0.1 0.2 0.3 0.4 0.5 0.6 0.7 0.8 0.9 1.0 --num-clusters-list 8 16 32 64 128 256 --pca-dim-list 1 25 50 75 100 125 150 175 200 220 --calibrate --optimize
2025-09-09 12:45:27,804 - INFO - Working directory: /home/alz07xz/project/APHQ_CAT/brecq_base
2025-09-10 09:31:19,211 - INFO - Experiment for seed 1002 completed in 74751.41 seconds
2025-09-10 09:31:19,688 - INFO - SUCCESS: Experiment for seed 1002 completed successfully
2025-09-10 09:31:19,701 - INFO - Looking for results in: ./checkpoint/quant_result/20250909_1307
2025-09-10 09:31:19,701 - INFO - Parsed 0 reconstructed results from log file for seed 1002
2025-09-10 09:31:19,701 - INFO - Parsed 0 baseline results from log file for seed 1002
2025-09-10 09:31:19,701 - INFO - Seed 1002 completed successfully
2025-09-10 09:31:19,701 - INFO - Sleeping for 0.5 seconds before next seed...
2025-09-10 09:31:20,202 - INFO - 
============================================================
2025-09-10 09:31:20,202 - INFO - Running experiment 3/3 for seed 1003
2025-09-10 09:31:20,202 - INFO - ============================================================
2025-09-10 09:31:20,209 - INFO - Running experiment for seed 1003
2025-09-10 09:31:20,210 - INFO - Command: /home/alz07xz/project/PD-Quant/pd_quant/bin/python ../test_quant.py --model vit_small --w_bit 2 --a_bit 2 --seed 1003 --config ../configs/4bit/brecq_baseline.py --dataset /home/alz07xz/imagenet --calib-size 1000 --calib-batch-size 32 --val-batch-size 500 --num-workers 8 --device cuda --alpha-list 0.1 0.2 0.3 0.4 0.5 0.6 0.7 0.8 0.9 1.0 --num-clusters-list 8 16 32 64 128 256 --pca-dim-list 1 25 50 75 100 125 150 175 200 220 --calibrate --optimize
2025-09-10 09:31:20,210 - INFO - Working directory: /home/alz07xz/project/APHQ_CAT/brecq_base
2025-09-11 06:20:23,970 - INFO - Experiment for seed 1003 completed in 74943.76 seconds
2025-09-11 06:20:23,971 - INFO - SUCCESS: Experiment for seed 1003 completed successfully
2025-09-11 06:20:23,975 - INFO - Looking for results in: ./checkpoint/quant_result/20250910_1419
2025-09-11 06:20:23,976 - INFO - Parsed 0 reconstructed results from log file for seed 1003
2025-09-11 06:20:23,976 - INFO - Parsed 0 baseline results from log file for seed 1003
2025-09-11 06:20:23,976 - INFO - Seed 1003 completed successfully
2025-09-11 06:20:23,976 - INFO - 
============================================================
2025-09-11 06:20:23,976 - INFO - EXPERIMENT SUMMARY
2025-09-11 06:20:23,976 - INFO - ============================================================
2025-09-11 06:20:23,976 - INFO - Successful seeds: 3/3
2025-09-11 06:20:23,976 - INFO - Failed seeds: 0/3
2025-09-11 06:20:23,976 - INFO - Successful: [1001, 1002, 1003]
2025-09-11 06:20:23,977 - INFO - 
====================================================================================================
2025-09-11 06:20:23,977 - INFO - COMPREHENSIVE EXPERIMENT SUMMARY
2025-09-11 06:20:23,977 - INFO - ====================================================================================================
2025-09-11 06:20:23,977 - INFO - 
====================================================================================================
2025-09-11 06:20:23,977 - INFO - COMPREHENSIVE RESULTS ANALYSIS
2025-09-11 06:20:23,978 - INFO - ====================================================================================================
2025-09-11 06:20:23,978 - INFO - 📊 Analysis Summary:
2025-09-11 06:20:23,978 - INFO -   - Total seeds: 3
2025-09-11 06:20:23,978 - INFO -   - Successful runs: 0
2025-09-11 06:20:23,978 - INFO -   - Failed runs: 3
2025-09-11 06:20:23,978 - INFO -   - Reconstructed results: 0
2025-09-11 06:20:23,978 - INFO -   - Baseline results: 0
2025-09-11 06:20:23,978 - INFO -   - Failed seed numbers: [1001, 1002, 1003]
2025-09-11 06:20:23,978 - ERROR - ❌ No valid results to analyze!
2025-09-11 06:20:23,978 - INFO - 
====================================================================================================
2025-09-11 06:20:23,978 - INFO - 🎉 ALL EXPERIMENTS COMPLETED!
2025-09-11 06:20:23,978 - INFO - ====================================================================================================
2025-09-11 06:20:23,978 - INFO - Successful seeds: [1001, 1002, 1003]
2025-09-11 06:20:23,978 - INFO - Failed seeds: []
2025-09-11 06:20:23,978 - INFO - Results saved to: ./experiment_results/vit_small_w2_a2_20250908_155732
2025-09-11 06:20:23,978 - INFO - ====================================================================================================
