2025-09-08 15:57:35,544 - INFO - Starting multi-seed experiment
2025-09-08 15:57:35,544 - INFO - Architecture: deit_small
2025-09-08 15:57:35,544 - INFO - Weight bits: 2
2025-09-08 15:57:35,544 - INFO - Activation bits: 2
2025-09-08 15:57:35,544 - INFO - Seeds: [1001, 1002, 1003]
2025-09-08 15:57:35,544 - INFO - Alpha values: [0.1, 0.2, 0.3, 0.4, 0.5, 0.6, 0.7, 0.8, 0.9, 1.0]
2025-09-08 15:57:35,544 - INFO - Cluster numbers: [8, 16, 32, 64, 128, 256]
2025-09-08 15:57:35,544 - INFO - PCA dimensions: [1, 25, 50, 75, 100, 125, 150, 175, 200, 220]
2025-09-08 15:57:35,544 - INFO - Output directory: ./experiment_results/deit_small_w2_a2_20250908_155735
2025-09-08 15:57:35,544 - INFO - Checking basic requirements...
2025-09-08 15:57:35,544 - INFO - Basic checks passed
2025-09-08 15:57:35,544 - INFO - 
Starting experiments for 3 seeds...
2025-09-08 15:57:35,545 - INFO - Total parameter combinations: 600
2025-09-08 15:57:35,545 - INFO - Total experiments: 1800
2025-09-08 15:57:35,545 - INFO - 
============================================================
2025-09-08 15:57:35,545 - INFO - Running experiment 1/3 for seed 1001
2025-09-08 15:57:35,545 - INFO - ============================================================
2025-09-08 15:57:35,545 - INFO - Running experiment for seed 1001
2025-09-08 15:57:35,545 - INFO - Command: /home/alz07xz/project/PD-Quant/pd_quant/bin/python ../test_quant.py --model deit_small --w_bit 2 --a_bit 2 --seed 1001 --config ../configs/4bit/brecq_baseline.py --dataset /home/alz07xz/imagenet --calib-size 1000 --calib-batch-size 32 --val-batch-size 500 --num-workers 8 --device cuda --alpha-list 0.1 0.2 0.3 0.4 0.5 0.6 0.7 0.8 0.9 1.0 --num-clusters-list 8 16 32 64 128 256 --pca-dim-list 1 25 50 75 100 125 150 175 200 220 --calibrate --optimize
2025-09-08 15:57:35,545 - INFO - Working directory: /home/alz07xz/project/APHQ_CAT/brecq_base
2025-09-09 13:03:57,025 - INFO - Experiment for seed 1001 completed in 75981.48 seconds
2025-09-09 13:03:57,029 - INFO - SUCCESS: Experiment for seed 1001 completed successfully
2025-09-09 13:03:57,032 - INFO - Looking for results in: ./checkpoint/quant_result/20250909_1300
2025-09-09 13:03:57,032 - INFO - Parsed 0 reconstructed results from log file for seed 1001
2025-09-09 13:03:57,032 - INFO - Parsed 0 baseline results from log file for seed 1001
2025-09-09 13:03:57,032 - INFO - Seed 1001 completed successfully
2025-09-09 13:03:57,032 - INFO - Sleeping for 0.5 seconds before next seed...
2025-09-09 13:03:57,533 - INFO - 
============================================================
2025-09-09 13:03:57,533 - INFO - Running experiment 2/3 for seed 1002
2025-09-09 13:03:57,533 - INFO - ============================================================
2025-09-09 13:03:57,685 - INFO - Running experiment for seed 1002
2025-09-09 13:03:57,685 - INFO - Command: /home/alz07xz/project/PD-Quant/pd_quant/bin/python ../test_quant.py --model deit_small --w_bit 2 --a_bit 2 --seed 1002 --config ../configs/4bit/brecq_baseline.py --dataset /home/alz07xz/imagenet --calib-size 1000 --calib-batch-size 32 --val-batch-size 500 --num-workers 8 --device cuda --alpha-list 0.1 0.2 0.3 0.4 0.5 0.6 0.7 0.8 0.9 1.0 --num-clusters-list 8 16 32 64 128 256 --pca-dim-list 1 25 50 75 100 125 150 175 200 220 --calibrate --optimize
2025-09-09 13:03:57,685 - INFO - Working directory: /home/alz07xz/project/APHQ_CAT/brecq_base
2025-09-10 10:12:20,090 - INFO - Experiment for seed 1002 completed in 76102.40 seconds
2025-09-10 10:12:20,096 - INFO - SUCCESS: Experiment for seed 1002 completed successfully
2025-09-10 10:12:20,099 - INFO - Looking for results in: ./checkpoint/quant_result/20250910_0932
2025-09-10 10:12:20,103 - INFO - Parsed 0 reconstructed results from log file for seed 1002
2025-09-10 10:12:20,103 - INFO - Parsed 0 baseline results from log file for seed 1002
2025-09-10 10:12:20,103 - INFO - Seed 1002 completed successfully
2025-09-10 10:12:20,103 - INFO - Sleeping for 0.5 seconds before next seed...
2025-09-10 10:12:20,603 - INFO - 
============================================================
2025-09-10 10:12:20,603 - INFO - Running experiment 3/3 for seed 1003
2025-09-10 10:12:20,603 - INFO - ============================================================
2025-09-10 10:12:20,604 - INFO - Running experiment for seed 1003
2025-09-10 10:12:20,604 - INFO - Command: /home/alz07xz/project/PD-Quant/pd_quant/bin/python ../test_quant.py --model deit_small --w_bit 2 --a_bit 2 --seed 1003 --config ../configs/4bit/brecq_baseline.py --dataset /home/alz07xz/imagenet --calib-size 1000 --calib-batch-size 32 --val-batch-size 500 --num-workers 8 --device cuda --alpha-list 0.1 0.2 0.3 0.4 0.5 0.6 0.7 0.8 0.9 1.0 --num-clusters-list 8 16 32 64 128 256 --pca-dim-list 1 25 50 75 100 125 150 175 200 220 --calibrate --optimize
2025-09-10 10:12:20,604 - INFO - Working directory: /home/alz07xz/project/APHQ_CAT/brecq_base
2025-09-11 07:24:11,232 - INFO - Experiment for seed 1003 completed in 76310.63 seconds
2025-09-11 07:24:11,428 - INFO - SUCCESS: Experiment for seed 1003 completed successfully
2025-09-11 07:24:11,435 - INFO - Looking for results in: ./checkpoint/quant_result/20250911_0638
2025-09-11 07:24:11,436 - INFO - Parsed 0 reconstructed results from log file for seed 1003
2025-09-11 07:24:11,436 - INFO - Parsed 0 baseline results from log file for seed 1003
2025-09-11 07:24:11,436 - INFO - Seed 1003 completed successfully
2025-09-11 07:24:11,436 - INFO - 
============================================================
2025-09-11 07:24:11,436 - INFO - EXPERIMENT SUMMARY
2025-09-11 07:24:11,436 - INFO - ============================================================
2025-09-11 07:24:11,436 - INFO - Successful seeds: 3/3
2025-09-11 07:24:11,436 - INFO - Failed seeds: 0/3
2025-09-11 07:24:11,436 - INFO - Successful: [1001, 1002, 1003]
2025-09-11 07:24:11,450 - INFO - 
====================================================================================================
2025-09-11 07:24:11,450 - INFO - COMPREHENSIVE EXPERIMENT SUMMARY
2025-09-11 07:24:11,450 - INFO - ====================================================================================================
2025-09-11 07:24:11,450 - INFO - 
====================================================================================================
2025-09-11 07:24:11,450 - INFO - COMPREHENSIVE RESULTS ANALYSIS
2025-09-11 07:24:11,450 - INFO - ====================================================================================================
2025-09-11 07:24:11,450 - INFO - 📊 Analysis Summary:
2025-09-11 07:24:11,451 - INFO -   - Total seeds: 3
2025-09-11 07:24:11,451 - INFO -   - Successful runs: 0
2025-09-11 07:24:11,451 - INFO -   - Failed runs: 3
2025-09-11 07:24:11,451 - INFO -   - Reconstructed results: 0
2025-09-11 07:24:11,451 - INFO -   - Baseline results: 0
2025-09-11 07:24:11,451 - INFO -   - Failed seed numbers: [1001, 1002, 1003]
2025-09-11 07:24:11,451 - ERROR - ❌ No valid results to analyze!
2025-09-11 07:24:11,451 - INFO - 
====================================================================================================
2025-09-11 07:24:11,451 - INFO - 🎉 ALL EXPERIMENTS COMPLETED!
2025-09-11 07:24:11,451 - INFO - ====================================================================================================
2025-09-11 07:24:11,451 - INFO - Successful seeds: [1001, 1002, 1003]
2025-09-11 07:24:11,451 - INFO - Failed seeds: []
2025-09-11 07:24:11,451 - INFO - Results saved to: ./experiment_results/deit_small_w2_a2_20250908_155735
2025-09-11 07:24:11,451 - INFO - ====================================================================================================
