2025-09-06 12:46:04,353 - INFO - Starting multi-seed experiment
2025-09-06 12:46:04,353 - INFO - Architecture: deit_base
2025-09-06 12:46:04,353 - INFO - Weight bits: 2
2025-09-06 12:46:04,353 - INFO - Activation bits: 2
2025-09-06 12:46:04,353 - INFO - Seeds: [1001, 1002, 1003]
2025-09-06 12:46:04,353 - INFO - Alpha values: [0.5]
2025-09-06 12:46:04,353 - INFO - Cluster numbers: [64]
2025-09-06 12:46:04,353 - INFO - PCA dimensions: [1, 5, 10, 15, 20, 25, 30, 35, 40, 45, 50, 55, 60, 65, 70, 75, 80, 85, 90, 95, 100, 105, 110, 115, 120, 125, 130, 135, 140, 145, 150, 155, 160, 165, 170, 175, 180, 185, 190, 195, 200, 205, 210, 215, 220]
2025-09-06 12:46:04,353 - INFO - Output directory: ./experiment_results/deit_base_w2_a2_20250906_124604
2025-09-06 12:46:04,353 - INFO - 
Starting experiments for 3 seeds...
2025-09-06 12:46:04,353 - INFO - Total parameter combinations: 45
2025-09-06 12:46:04,353 - INFO - Total experiments: 135
2025-09-06 12:46:04,353 - INFO - 
============================================================
2025-09-06 12:46:04,353 - INFO - Running experiment 1/3 for seed 1001
2025-09-06 12:46:04,353 - INFO - ============================================================
2025-09-06 12:46:04,353 - INFO - Running experiment for seed 1001
2025-09-06 12:46:04,353 - INFO - Command: /home/alz07xz/project/PD-Quant/pd_quant/bin/python test_quant.py --model deit_base --w_bit 2 --a_bit 2 --seed 1001 --config /mimer/NOBACKUP/groups/naiss2025-22-91/ali/APHQ-ViT/configs/4bit/best.py --dataset /mimer/NOBACKUP/groups/naiss2025-22-91/imagenet --calib-size 1000 --calib-batch-size 32 --val-batch-size 500 --num-workers 8 --device cuda --alpha-list 0.5 --num-clusters-list 64 --pca-dim-list 1 5 10 15 20 25 30 35 40 45 50 55 60 65 70 75 80 85 90 95 100 105 110 115 120 125 130 135 140 145 150 155 160 165 170 175 180 185 190 195 200 205 210 215 220 --calibrate --optimize
2025-09-06 12:46:15,349 - INFO - Experiment for seed 1001 completed in 11.00 seconds
2025-09-06 12:46:15,349 - ERROR - Experiment for seed 1001 failed with return code 256
2025-09-06 12:46:15,349 - ERROR - ✗ Seed 1001 failed
2025-09-06 12:46:15,349 - INFO - Sleeping for 0.5 seconds before next seed...
2025-09-06 12:46:15,849 - INFO - 
============================================================
2025-09-06 12:46:15,849 - INFO - Running experiment 2/3 for seed 1002
2025-09-06 12:46:15,849 - INFO - ============================================================
2025-09-06 12:46:15,943 - INFO - Running experiment for seed 1002
2025-09-06 12:46:15,943 - INFO - Command: /home/alz07xz/project/PD-Quant/pd_quant/bin/python test_quant.py --model deit_base --w_bit 2 --a_bit 2 --seed 1002 --config /mimer/NOBACKUP/groups/naiss2025-22-91/ali/APHQ-ViT/configs/4bit/best.py --dataset /mimer/NOBACKUP/groups/naiss2025-22-91/imagenet --calib-size 1000 --calib-batch-size 32 --val-batch-size 500 --num-workers 8 --device cuda --alpha-list 0.5 --num-clusters-list 64 --pca-dim-list 1 5 10 15 20 25 30 35 40 45 50 55 60 65 70 75 80 85 90 95 100 105 110 115 120 125 130 135 140 145 150 155 160 165 170 175 180 185 190 195 200 205 210 215 220 --calibrate --optimize
2025-09-06 12:47:09,007 - INFO - Experiment for seed 1002 completed in 53.06 seconds
2025-09-06 12:47:09,012 - ERROR - Experiment for seed 1002 failed with return code 256
2025-09-06 12:47:09,018 - ERROR - ✗ Seed 1002 failed
2025-09-06 12:47:09,025 - INFO - Sleeping for 0.5 seconds before next seed...
2025-09-06 12:47:09,529 - INFO - 
============================================================
2025-09-06 12:47:09,535 - INFO - Running experiment 3/3 for seed 1003
2025-09-06 12:47:09,537 - INFO - ============================================================
2025-09-06 12:47:09,540 - INFO - Running experiment for seed 1003
2025-09-06 12:47:09,542 - INFO - Command: /home/alz07xz/project/PD-Quant/pd_quant/bin/python test_quant.py --model deit_base --w_bit 2 --a_bit 2 --seed 1003 --config /mimer/NOBACKUP/groups/naiss2025-22-91/ali/APHQ-ViT/configs/4bit/best.py --dataset /mimer/NOBACKUP/groups/naiss2025-22-91/imagenet --calib-size 1000 --calib-batch-size 32 --val-batch-size 500 --num-workers 8 --device cuda --alpha-list 0.5 --num-clusters-list 64 --pca-dim-list 1 5 10 15 20 25 30 35 40 45 50 55 60 65 70 75 80 85 90 95 100 105 110 115 120 125 130 135 140 145 150 155 160 165 170 175 180 185 190 195 200 205 210 215 220 --calibrate --optimize
2025-09-06 12:48:05,196 - INFO - Experiment for seed 1003 completed in 55.64 seconds
2025-09-06 12:48:05,200 - ERROR - Experiment for seed 1003 failed with return code 256
2025-09-06 12:48:05,208 - ERROR - ✗ Seed 1003 failed
2025-09-06 12:48:05,214 - INFO - 
============================================================
2025-09-06 12:48:05,227 - INFO - EXPERIMENT EXECUTION SUMMARY
2025-09-06 12:48:05,230 - INFO - ============================================================
2025-09-06 12:48:05,232 - INFO - Successful seeds: 0/3
2025-09-06 12:48:05,234 - INFO - Failed seeds: 3/3
2025-09-06 12:48:05,243 - INFO - Failed seeds: [1001, 1002, 1003]
2025-09-06 12:48:05,246 - INFO - 
====================================================================================================
2025-09-06 12:48:05,258 - INFO - COMPREHENSIVE EXPERIMENT SUMMARY
2025-09-06 12:48:05,263 - INFO - ====================================================================================================
2025-09-06 12:48:05,271 - INFO - 
====================================================================================================
2025-09-06 12:48:05,278 - INFO - COMPREHENSIVE RESULTS ANALYSIS
2025-09-06 12:48:05,279 - INFO - ====================================================================================================
2025-09-06 12:48:05,281 - INFO - 📊 Analysis Summary:
2025-09-06 12:48:05,283 - INFO -   - Total seeds: 3
2025-09-06 12:48:05,289 - INFO -   - Successful runs: 0
2025-09-06 12:48:05,300 - INFO -   - Failed runs: 3
2025-09-06 12:48:05,304 - INFO -   - Reconstructed results: 0
2025-09-06 12:48:05,310 - INFO -   - Baseline results: 0
2025-09-06 12:48:05,312 - INFO -   - Failed seed numbers: [1001, 1002, 1003]
2025-09-06 12:48:05,319 - ERROR - ❌ No valid results to analyze!
2025-09-06 12:48:05,329 - INFO - 
====================================================================================================
2025-09-06 12:48:05,336 - INFO - 🎉 ALL EXPERIMENTS COMPLETED!
2025-09-06 12:48:05,342 - INFO - ====================================================================================================
2025-09-06 12:48:05,349 - INFO - Successful seeds: []
2025-09-06 12:48:05,358 - INFO - Failed seeds: [1001, 1002, 1003]
2025-09-06 12:48:05,364 - INFO - Results saved to: ./experiment_results/deit_base_w2_a2_20250906_124604
2025-09-06 12:48:05,372 - INFO - ====================================================================================================
