2025-09-07 12:01:26,931 - INFO - Starting multi-seed experiment
2025-09-07 12:01:26,931 - INFO - Architecture: vit_small
2025-09-07 12:01:26,931 - INFO - Weight bits: 2
2025-09-07 12:01:26,931 - INFO - Activation bits: 4
2025-09-07 12:01:26,931 - INFO - Seeds: [1001, 1002, 1003]
2025-09-07 12:01:26,931 - INFO - Alpha values: [0.1, 0.2, 0.3, 0.4, 0.5, 0.6, 0.7, 0.8, 0.9, 1.0]
2025-09-07 12:01:26,931 - INFO - Cluster numbers: [64]
2025-09-07 12:01:26,931 - INFO - PCA dimensions: [50]
2025-09-07 12:01:26,931 - INFO - Output directory: ./experiment_results/vit_small_w2_a4_20250907_120126
2025-09-07 12:01:26,931 - INFO - Checking basic requirements...
2025-09-07 12:01:26,932 - INFO - Basic checks passed
2025-09-07 12:01:26,932 - INFO - 
Starting experiments for 3 seeds...
2025-09-07 12:01:26,932 - INFO - Total parameter combinations: 10
2025-09-07 12:01:26,932 - INFO - Total experiments: 30
2025-09-07 12:01:26,932 - INFO - 
============================================================
2025-09-07 12:01:26,932 - INFO - Running experiment 1/3 for seed 1001
2025-09-07 12:01:26,932 - INFO - ============================================================
2025-09-07 12:01:26,938 - INFO - Running experiment for seed 1001
2025-09-07 12:01:26,938 - INFO - Command: /home/alz07xz/project/PD-Quant/pd_quant/bin/python ../test_quant.py --model vit_small --w_bit 2 --a_bit 4 --seed 1001 --config ./../configs/4bit/best.py --dataset /home/alz07xz/imagenet --calib-size 1000 --calib-batch-size 32 --val-batch-size 500 --num-workers 8 --device cuda --alpha-list 0.1 0.2 0.3 0.4 0.5 0.6 0.7 0.8 0.9 1.0 --num-clusters-list 64 --pca-dim-list 50 --calibrate --optimize
2025-09-07 12:01:26,938 - INFO - Working directory: /home/alz07xz/project/APHQ_CAT/ablate_alpha
2025-09-07 14:01:18,203 - INFO - Experiment for seed 1001 completed in 7191.26 seconds
2025-09-07 14:01:18,205 - INFO - SUCCESS: Experiment for seed 1001 completed successfully
2025-09-07 14:01:18,207 - INFO - Looking for results in: ./checkpoint/quant_result/20250907_1206
2025-09-07 14:01:18,209 - INFO - Parsed 0 reconstructed results from log file for seed 1001
2025-09-07 14:01:18,209 - INFO - Parsed 0 baseline results from log file for seed 1001
2025-09-07 14:01:18,209 - INFO - Seed 1001 completed successfully
2025-09-07 14:01:18,209 - INFO - Sleeping for 0.5 seconds before next seed...
2025-09-07 14:01:18,709 - INFO - 
============================================================
2025-09-07 14:01:18,709 - INFO - Running experiment 2/3 for seed 1002
2025-09-07 14:01:18,709 - INFO - ============================================================
2025-09-07 14:01:18,710 - INFO - Running experiment for seed 1002
2025-09-07 14:01:18,710 - INFO - Command: /home/alz07xz/project/PD-Quant/pd_quant/bin/python ../test_quant.py --model vit_small --w_bit 2 --a_bit 4 --seed 1002 --config ./../configs/4bit/best.py --dataset /home/alz07xz/imagenet --calib-size 1000 --calib-batch-size 32 --val-batch-size 500 --num-workers 8 --device cuda --alpha-list 0.1 0.2 0.3 0.4 0.5 0.6 0.7 0.8 0.9 1.0 --num-clusters-list 64 --pca-dim-list 50 --calibrate --optimize
2025-09-07 14:01:18,710 - INFO - Working directory: /home/alz07xz/project/APHQ_CAT/ablate_alpha
2025-09-07 16:00:24,788 - INFO - Experiment for seed 1002 completed in 7146.08 seconds
2025-09-07 16:00:24,789 - INFO - SUCCESS: Experiment for seed 1002 completed successfully
2025-09-07 16:00:24,792 - INFO - Looking for results in: ./checkpoint/quant_result/20250907_1553
2025-09-07 16:00:24,792 - INFO - Parsed 0 reconstructed results from log file for seed 1002
2025-09-07 16:00:24,792 - INFO - Parsed 0 baseline results from log file for seed 1002
2025-09-07 16:00:24,792 - INFO - Seed 1002 completed successfully
2025-09-07 16:00:24,792 - INFO - Sleeping for 0.5 seconds before next seed...
2025-09-07 16:00:25,292 - INFO - 
============================================================
2025-09-07 16:00:25,292 - INFO - Running experiment 3/3 for seed 1003
2025-09-07 16:00:25,293 - INFO - ============================================================
2025-09-07 16:00:25,293 - INFO - Running experiment for seed 1003
2025-09-07 16:00:25,293 - INFO - Command: /home/alz07xz/project/PD-Quant/pd_quant/bin/python ../test_quant.py --model vit_small --w_bit 2 --a_bit 4 --seed 1003 --config ./../configs/4bit/best.py --dataset /home/alz07xz/imagenet --calib-size 1000 --calib-batch-size 32 --val-batch-size 500 --num-workers 8 --device cuda --alpha-list 0.1 0.2 0.3 0.4 0.5 0.6 0.7 0.8 0.9 1.0 --num-clusters-list 64 --pca-dim-list 50 --calibrate --optimize
2025-09-07 16:00:25,293 - INFO - Working directory: /home/alz07xz/project/APHQ_CAT/ablate_alpha
2025-09-07 17:58:03,060 - INFO - Experiment for seed 1003 completed in 7057.77 seconds
2025-09-07 17:58:03,063 - INFO - SUCCESS: Experiment for seed 1003 completed successfully
2025-09-07 17:58:03,065 - INFO - Looking for results in: ./checkpoint/quant_result/20250907_1735
2025-09-07 17:58:03,065 - INFO - Parsed 0 reconstructed results from log file for seed 1003
2025-09-07 17:58:03,065 - INFO - Parsed 0 baseline results from log file for seed 1003
2025-09-07 17:58:03,065 - INFO - Seed 1003 completed successfully
2025-09-07 17:58:03,065 - INFO - 
============================================================
2025-09-07 17:58:03,066 - INFO - EXPERIMENT SUMMARY
2025-09-07 17:58:03,066 - INFO - ============================================================
2025-09-07 17:58:03,066 - INFO - Successful seeds: 3/3
2025-09-07 17:58:03,066 - INFO - Failed seeds: 0/3
2025-09-07 17:58:03,066 - INFO - Successful: [1001, 1002, 1003]
2025-09-07 17:58:03,067 - INFO - 
====================================================================================================
2025-09-07 17:58:03,067 - INFO - COMPREHENSIVE EXPERIMENT SUMMARY
2025-09-07 17:58:03,067 - INFO - ====================================================================================================
2025-09-07 17:58:03,067 - INFO - 
====================================================================================================
2025-09-07 17:58:03,068 - INFO - COMPREHENSIVE RESULTS ANALYSIS
2025-09-07 17:58:03,068 - INFO - ====================================================================================================
2025-09-07 17:58:03,068 - INFO - 📊 Analysis Summary:
2025-09-07 17:58:03,068 - INFO -   - Total seeds: 3
2025-09-07 17:58:03,068 - INFO -   - Successful runs: 0
2025-09-07 17:58:03,068 - INFO -   - Failed runs: 3
2025-09-07 17:58:03,068 - INFO -   - Reconstructed results: 0
2025-09-07 17:58:03,068 - INFO -   - Baseline results: 0
2025-09-07 17:58:03,068 - INFO -   - Failed seed numbers: [1001, 1002, 1003]
2025-09-07 17:58:03,068 - ERROR - ❌ No valid results to analyze!
2025-09-07 17:58:03,068 - INFO - 
====================================================================================================
2025-09-07 17:58:03,068 - INFO - 🎉 ALL EXPERIMENTS COMPLETED!
2025-09-07 17:58:03,068 - INFO - ====================================================================================================
2025-09-07 17:58:03,068 - INFO - Successful seeds: [1001, 1002, 1003]
2025-09-07 17:58:03,068 - INFO - Failed seeds: []
2025-09-07 17:58:03,068 - INFO - Results saved to: ./experiment_results/vit_small_w2_a4_20250907_120126
2025-09-07 17:58:03,068 - INFO - ====================================================================================================
