2025-09-06 17:42:20,633 - INFO - Starting multi-seed experiment
2025-09-06 17:42:20,634 - INFO - Architecture: deit_base
2025-09-06 17:42:20,634 - INFO - Weight bits: 2
2025-09-06 17:42:20,634 - INFO - Activation bits: 2
2025-09-06 17:42:20,634 - INFO - Seeds: [1001]
2025-09-06 17:42:20,634 - INFO - Alpha values: [0.5]
2025-09-06 17:42:20,634 - INFO - Cluster numbers: [64]
2025-09-06 17:42:20,635 - INFO - PCA dimensions: [50]
2025-09-06 17:42:20,635 - INFO - Output directory: ./experiment_results\deit_base_w2_a2_20250906_174220
2025-09-06 17:42:20,635 - INFO - Performing pre-flight checks...
2025-09-06 17:42:20,635 - INFO - PASS: test_quant.py found
2025-09-06 17:42:20,635 - INFO - PASS: Config file found: ./configs/4bit/best.py
2025-09-06 17:42:22,038 - INFO - PASS: PyTorch version: 2.7.1+cpu
2025-09-06 17:42:22,039 - INFO - PASS: NumPy version: 1.26.4
2025-09-06 17:42:22,601 - INFO - PASS: Scikit-learn version: 1.5.1
2025-09-06 17:42:22,601 - INFO - Working directory: C:\Users\azi01\Documents\internship\kmeans\APHQ_CAT
2025-09-06 17:42:22,601 - INFO - PASS: Disk space: 21GB available
2025-09-06 17:42:22,602 - ERROR - PRE-FLIGHT CHECK FAILED:
2025-09-06 17:42:22,602 - ERROR - ERROR: Dataset path not found: nonexistent_path
2025-09-06 17:42:22,603 - ERROR - ERROR: Pre-flight checks failed. Aborting experiment.
