Starting Deit-Base W4A4 BRECQ experiment at Mon Sep  8 03:57:32 PM CEST 2025
2025-09-08 15:57:32,612 - INFO - Starting multi-seed experiment
2025-09-08 15:57:32,612 - INFO - Architecture: deit_base
2025-09-08 15:57:32,612 - INFO - Weight bits: 4
2025-09-08 15:57:32,612 - INFO - Activation bits: 4
2025-09-08 15:57:32,612 - INFO - Seeds: [1001, 1002, 1003]
2025-09-08 15:57:32,612 - INFO - Alpha values: [0.1, 0.2, 0.3, 0.4, 0.5, 0.6, 0.7, 0.8, 0.9, 1.0]
2025-09-08 15:57:32,612 - INFO - Cluster numbers: [8, 16, 32, 64, 128, 256]
2025-09-08 15:57:32,612 - INFO - PCA dimensions: [1, 25, 50, 75, 100, 125, 150, 175, 200, 220]
2025-09-08 15:57:32,612 - INFO - Output directory: ./experiment_results/deit_base_w4_a4_20250908_155732
2025-09-08 15:57:32,612 - INFO - Checking basic requirements...
2025-09-08 15:57:32,618 - INFO - Basic checks passed
2025-09-08 15:57:32,618 - INFO - 
Starting experiments for 3 seeds...
2025-09-08 15:57:32,618 - INFO - Total parameter combinations: 600
2025-09-08 15:57:32,618 - INFO - Total experiments: 1800
2025-09-08 15:57:32,618 - INFO - 
============================================================
2025-09-08 15:57:32,618 - INFO - Running experiment 1/3 for seed 1001
2025-09-08 15:57:32,618 - INFO - ============================================================
2025-09-08 15:57:32,618 - INFO - Running experiment for seed 1001
2025-09-08 15:57:32,618 - INFO - Command: /home/alz07xz/project/PD-Quant/pd_quant/bin/python ../test_quant.py --model deit_base --w_bit 4 --a_bit 4 --seed 1001 --config ../configs/4bit/brecq_baseline.py --dataset /home/alz07xz/imagenet --calib-size 1000 --calib-batch-size 32 --val-batch-size 500 --num-workers 8 --device cuda --alpha-list 0.1 0.2 0.3 0.4 0.5 0.6 0.7 0.8 0.9 1.0 --num-clusters-list 8 16 32 64 128 256 --pca-dim-list 1 25 50 75 100 125 150 175 200 220 --calibrate --optimize
2025-09-08 15:57:32,618 - INFO - Working directory: /home/alz07xz/project/APHQ_CAT/brecq_base
2025-09-08 15:58:05 - start the process.
Namespace(model='deit_base', config='../configs/4bit/brecq_baseline.py', dataset='/home/alz07xz/imagenet', val_batch_size=500, num_workers=8, device='cuda', reconstruct_mlp=False, load_reconstruct_checkpoint=False, test_reconstruct_checkpoint=False, calibrate=True, load_calibrate_checkpoint=None, test_calibrate_checkpoint=False, optimize=True, load_optimize_checkpoint='', test_optimize_checkpoint=False, print_freq=10, seed=1001, alpha_list=[0.1, 0.2, 0.3, 0.4, 0.5, 0.6, 0.7, 0.8, 0.9, 1.0], num_clusters_list=[8, 16, 32, 64, 128, 256], pca_dim_list=[1, 25, 50, 75, 100, 125, 150, 175, 200, 220], w_bit=4, a_bit=4, calib_size=1000, calib_batch_size=32)
deefe /home/alz07xz/project/APHQ_CAT/configs/4bit
Successfully imported Config class!
optim_size: 1024
calib_size: 1000
optim_batch_size: 32
calib_batch_size: 32
w_bit: 4
a_bit: 4
qconv_a_bit: 8
qhead_a_bit: 4
calib_metric: mse
matmul_head_channel_wise: True
token_channel_wise: False
eq_n: 128
search_round: 3
keep_gpu: True
optim_metric: mse
use_mean_hessian: False
temp: 20
recon_metric: hessian_perturb
pct: 0.99
optim_mode: rinp
drop_prob: 1.0
reconstruct_mlp: False
Building model ...
No checkpoint found at './checkpoint/vit_raw/deit_base_patch16_224.bin'
Loading pretrained weights from Hugging Face hub (timm/deit_base_patch16_224.fb_in1k)
[timm/deit_base_patch16_224.fb_in1k] Safe alternative available for 'pytorch_model.bin' (as 'model.safetensors'). Loading weights using safetensors.
Building validation dataloader ...
Validating on test set on fp ...
Test: [0/100]	Time 19.246 (19.246)	Loss 0.4608 (0.4608)	Prec@1 90.600 (90.600)	Prec@5 98.600 (98.600)
Test: [10/100]	Time 0.759 (2.834)	Loss 0.5691 (0.6237)	Prec@1 89.200 (86.582)	Prec@5 96.600 (97.473)
Test: [20/100]	Time 0.763 (2.191)	Loss 0.6565 (0.6262)	Prec@1 84.600 (86.752)	Prec@5 98.400 (97.533)
Test: [30/100]	Time 0.776 (1.940)	Loss 0.5879 (0.6391)	Prec@1 87.400 (86.348)	Prec@5 99.400 (97.548)
Test: [40/100]	Time 0.780 (1.658)	Loss 0.8276 (0.6411)	Prec@1 81.600 (86.317)	Prec@5 96.000 (97.507)
Test: [50/100]	Time 0.782 (1.486)	Loss 1.2987 (0.7189)	Prec@1 72.600 (84.408)	Prec@5 90.200 (96.710)
Test: [60/100]	Time 0.792 (1.372)	Loss 0.7880 (0.7396)	Prec@1 84.000 (83.977)	Prec@5 94.000 (96.462)
Test: [70/100]	Time 0.785 (1.290)	Loss 0.9197 (0.7745)	Prec@1 80.000 (83.039)	Prec@5 94.600 (96.127)
Test: [80/100]	Time 0.816 (1.229)	Loss 0.6823 (0.7935)	Prec@1 87.000 (82.738)	Prec@5 96.400 (95.849)
Test: [90/100]	Time 0.797 (1.181)	Loss 1.1798 (0.8183)	Prec@1 70.200 (82.015)	Prec@5 94.600 (95.679)
 * Prec@1 81.982 Prec@5 95.744 Loss 0.818 Time 114.853
Wraping quantiztion modules (reparam: False, recon: False) ...
2025-09-08 16:00:46 - start mse guided calibration
  0%|          | 0/74 [00:00<?, ?it/s]calibrating patch_embed.proj:   0%|          | 0/74 [00:00<?, ?it/s]calibrating patch_embed.proj:   1%|▏         | 1/74 [00:11<14:21, 11.81s/it]calibrating blocks.0.attn.qkv:   1%|▏         | 1/74 [00:11<14:21, 11.81s/it]