2025-09-08 15:53:34,134 - INFO - Starting multi-seed experiment
2025-09-08 15:53:34,134 - INFO - Architecture: deit_small
2025-09-08 15:53:34,134 - INFO - Weight bits: 2
2025-09-08 15:53:34,134 - INFO - Activation bits: 2
2025-09-08 15:53:34,135 - INFO - Seeds: [1001, 1002, 1003]
2025-09-08 15:53:34,135 - INFO - Alpha values: [0.1, 0.2, 0.3, 0.4, 0.5, 0.6, 0.7, 0.8, 0.9, 1.0]
2025-09-08 15:53:34,135 - INFO - Cluster numbers: [8, 16, 32, 64, 128, 256]
2025-09-08 15:53:34,135 - INFO - PCA dimensions: [1, 25, 50, 75, 100, 125, 150, 175, 200, 220]
2025-09-08 15:53:34,135 - INFO - Output directory: ./experiment_results/deit_small_w2_a2_20250908_155334
2025-09-08 15:53:34,135 - INFO - Checking basic requirements...
2025-09-08 15:53:34,135 - INFO - Basic checks passed
2025-09-08 15:53:34,135 - INFO - 
Starting experiments for 3 seeds...
2025-09-08 15:53:34,135 - INFO - Total parameter combinations: 600
2025-09-08 15:53:34,135 - INFO - Total experiments: 1800
2025-09-08 15:53:34,135 - INFO - 
============================================================
2025-09-08 15:53:34,135 - INFO - Running experiment 1/3 for seed 1001
2025-09-08 15:53:34,135 - INFO - ============================================================
2025-09-08 15:53:34,136 - INFO - Running experiment for seed 1001
2025-09-08 15:53:34,136 - INFO - Command: /home/alz07xz/project/PD-Quant/pd_quant/bin/python ../test_quant.py --model deit_small --w_bit 2 --a_bit 2 --seed 1001 --config ../configs/4bit/brecq_baseline.py --dataset /home/alz07xz/imagenet --calib-size 1000 --calib-batch-size 32 --val-batch-size 500 --num-workers 8 --device cuda --alpha-list 0.1 0.2 0.3 0.4 0.5 0.6 0.7 0.8 0.9 1.0 --num-clusters-list 8 16 32 64 128 256 --pca-dim-list 1 25 50 75 100 125 150 175 200 220 --calibrate --optimize
2025-09-08 15:53:34,136 - INFO - Working directory: /home/alz07xz/project/APHQ_CAT/brecq_base
2025-09-08 15:54:01 - start the process.
Namespace(model='deit_small', config='../configs/4bit/brecq_baseline.py', dataset='/home/alz07xz/imagenet', val_batch_size=500, num_workers=8, device='cuda', reconstruct_mlp=False, load_reconstruct_checkpoint=False, test_reconstruct_checkpoint=False, calibrate=True, load_calibrate_checkpoint=None, test_calibrate_checkpoint=False, optimize=True, load_optimize_checkpoint='', test_optimize_checkpoint=False, print_freq=10, seed=1001, alpha_list=[0.1, 0.2, 0.3, 0.4, 0.5, 0.6, 0.7, 0.8, 0.9, 1.0], num_clusters_list=[8, 16, 32, 64, 128, 256], pca_dim_list=[1, 25, 50, 75, 100, 125, 150, 175, 200, 220], w_bit=2, a_bit=2, calib_size=1000, calib_batch_size=32)
Successfully imported Config class!
optim_size: 1024
calib_size: 1000
optim_batch_size: 32
calib_batch_size: 32
w_bit: 2
a_bit: 2
qconv_a_bit: 8
qhead_a_bit: 4
calib_metric: mse
matmul_head_channel_wise: True
token_channel_wise: False
eq_n: 128
search_round: 3
keep_gpu: True
optim_metric: mse
use_mean_hessian: False
temp: 20
recon_metric: hessian_perturb
pct: 0.99
optim_mode: rinp
drop_prob: 1.0
reconstruct_mlp: False
Building model ...
No checkpoint found at './checkpoint/vit_raw/deit_small_patch16_224.bin'
Loading pretrained weights from Hugging Face hub (timm/deit_small_patch16_224.fb_in1k)
[timm/deit_small_patch16_224.fb_in1k] Safe alternative available for 'pytorch_model.bin' (as 'model.safetensors'). Loading weights using safetensors.
Building validation dataloader ...
Validating on test set on fp ...
Test: [0/100]	Time 10.723 (10.723)	Loss 0.5675 (0.5675)	Prec@1 87.800 (87.800)	Prec@5 98.200 (98.200)
Test: [10/100]	Time 0.306 (2.898)	Loss 0.6371 (0.6845)	Prec@1 88.400 (85.000)	Prec@5 96.400 (96.909)
Test: [20/100]	Time 0.325 (1.960)	Loss 0.7345 (0.6957)	Prec@1 81.200 (84.838)	Prec@5 97.400 (96.914)
Test: [30/100]	Time 0.304 (1.701)	Loss 0.6521 (0.7044)	Prec@1 84.400 (84.368)	Prec@5 98.200 (97.000)
Test: [40/100]	Time 5.349 (1.625)	Loss 0.8969 (0.7041)	Prec@1 77.000 (84.463)	Prec@5 95.600 (96.995)
Test: [50/100]	Time 0.310 (1.502)	Loss 1.2925 (0.7827)	Prec@1 69.800 (82.345)	Prec@5 90.600 (96.122)
Test: [60/100]	Time 0.309 (1.414)	Loss 0.9169 (0.8059)	Prec@1 80.200 (81.770)	Prec@5 92.800 (95.780)
Test: [70/100]	Time 0.306 (1.314)	Loss 0.9785 (0.8407)	Prec@1 78.000 (80.800)	Prec@5 95.200 (95.434)
Test: [80/100]	Time 6.191 (1.318)	Loss 0.7631 (0.8600)	Prec@1 83.400 (80.464)	Prec@5 96.000 (95.160)
Test: [90/100]	Time 0.305 (1.253)	Loss 1.2795 (0.8835)	Prec@1 68.400 (79.752)	Prec@5 91.000 (94.985)
 * Prec@1 79.848 Prec@5 95.054 Loss 0.878 Time 123.132
Wraping quantiztion modules (reparam: False, recon: False) ...
2025-09-08 15:56:32 - start mse guided calibration
slurmstepd-jnfat04: error: *** JOB 1643589 ON jnfat04 CANCELLED AT 2025-09-08T15:56:40 ***
