2025-09-08 15:04:28,583 - INFO - Starting multi-seed experiment
2025-09-08 15:04:28,583 - INFO - Architecture: deit_small
2025-09-08 15:04:28,583 - INFO - Weight bits: 4
2025-09-08 15:04:28,583 - INFO - Activation bits: 4
2025-09-08 15:04:28,583 - INFO - Seeds: [1001, 1002, 1003]
2025-09-08 15:04:28,583 - INFO - Alpha values: [0.1, 0.2, 0.3, 0.4, 0.5, 0.6, 0.7, 0.8, 0.9, 1.0]
2025-09-08 15:04:28,583 - INFO - Cluster numbers: [8, 16, 32, 64, 128, 256]
2025-09-08 15:04:28,583 - INFO - PCA dimensions: [1, 25, 50, 75, 100, 125, 150, 175, 200, 220]
2025-09-08 15:04:28,583 - INFO - Output directory: ./experiment_results/deit_small_w4_a4_20250908_150428
2025-09-08 15:04:28,583 - INFO - Checking basic requirements...
2025-09-08 15:04:28,591 - INFO - Basic checks passed
2025-09-08 15:04:28,591 - INFO - 
Starting experiments for 3 seeds...
2025-09-08 15:04:28,591 - INFO - Total parameter combinations: 600
2025-09-08 15:04:28,591 - INFO - Total experiments: 1800
2025-09-08 15:04:28,591 - INFO - 
============================================================
2025-09-08 15:04:28,591 - INFO - Running experiment 1/3 for seed 1001
2025-09-08 15:04:28,591 - INFO - ============================================================
2025-09-08 15:04:28,592 - INFO - Running experiment for seed 1001
2025-09-08 15:04:28,592 - INFO - Command: /home/alz07xz/project/PD-Quant/pd_quant/bin/python ../test_quant.py --model deit_small --w_bit 4 --a_bit 4 --seed 1001 --config ../configs/4bit/brecq_baseline.py --dataset /home/alz07xz/imagenet --calib-size 1000 --calib-batch-size 32 --val-batch-size 500 --num-workers 8 --device cuda --alpha-list 0.1 0.2 0.3 0.4 0.5 0.6 0.7 0.8 0.9 1.0 --num-clusters-list 8 16 32 64 128 256 --pca-dim-list 1 25 50 75 100 125 150 175 200 220 --calibrate --optimize
2025-09-08 15:04:28,592 - INFO - Working directory: /home/alz07xz/project/APHQ_CAT/brecq_base
2025-09-08 15:14:04 - start the process.
Namespace(model='deit_small', config='../configs/4bit/brecq_baseline.py', dataset='/home/alz07xz/imagenet', val_batch_size=500, num_workers=8, device='cuda', reconstruct_mlp=False, load_reconstruct_checkpoint=False, test_reconstruct_checkpoint=False, calibrate=True, load_calibrate_checkpoint=None, test_calibrate_checkpoint=False, optimize=True, load_optimize_checkpoint='', test_optimize_checkpoint=False, print_freq=10, seed=1001, alpha_list=[0.1, 0.2, 0.3, 0.4, 0.5, 0.6, 0.7, 0.8, 0.9, 1.0], num_clusters_list=[8, 16, 32, 64, 128, 256], pca_dim_list=[1, 25, 50, 75, 100, 125, 150, 175, 200, 220], w_bit=4, a_bit=4, calib_size=1000, calib_batch_size=32)
Successfully imported Config class!
optim_size: 1024
calib_size: 1000
optim_batch_size: 32
calib_batch_size: 32
w_bit: 4
a_bit: 4
qconv_a_bit: 8
qhead_a_bit: 4
calib_metric: mse
matmul_head_channel_wise: True
token_channel_wise: False
eq_n: 128
search_round: 3
keep_gpu: True
optim_metric: mse
use_mean_hessian: False
temp: 20
recon_metric: hessian_perturb
pct: 0.99
optim_mode: rinp
drop_prob: 1.0
reconstruct_mlp: False
Building model ...
No checkpoint found at './checkpoint/vit_raw/deit_small_patch16_224.bin'
Loading pretrained weights from Hugging Face hub (timm/deit_small_patch16_224.fb_in1k)
[timm/deit_small_patch16_224.fb_in1k] Safe alternative available for 'pytorch_model.bin' (as 'model.safetensors'). Loading weights using safetensors.
Building validation dataloader ...
Validating on test set on fp ...
Test: [0/100]	Time 10.784 (10.784)	Loss 0.5675 (0.5675)	Prec@1 87.800 (87.800)	Prec@5 98.200 (98.200)
Test: [10/100]	Time 0.294 (2.188)	Loss 0.6371 (0.6845)	Prec@1 88.400 (85.000)	Prec@5 96.400 (96.909)
Test: [20/100]	Time 0.300 (1.626)	Loss 0.7345 (0.6957)	Prec@1 81.200 (84.838)	Prec@5 97.400 (96.914)
Test: [30/100]	Time 0.295 (1.301)	Loss 0.6521 (0.7044)	Prec@1 84.400 (84.368)	Prec@5 98.200 (97.000)
Test: [40/100]	Time 2.264 (1.290)	Loss 0.8969 (0.7041)	Prec@1 77.000 (84.463)	Prec@5 95.600 (96.995)
Test: [50/100]	Time 2.259 (1.201)	Loss 1.2925 (0.7827)	Prec@1 69.800 (82.345)	Prec@5 90.600 (96.122)
Test: [60/100]	Time 0.306 (1.199)	Loss 0.9169 (0.8059)	Prec@1 80.200 (81.770)	Prec@5 92.800 (95.780)
Test: [70/100]	Time 0.305 (1.187)	Loss 0.9785 (0.8407)	Prec@1 78.000 (80.800)	Prec@5 95.200 (95.434)
Test: [80/100]	Time 7.995 (1.262)	Loss 0.7631 (0.8600)	Prec@1 83.400 (80.464)	Prec@5 96.000 (95.160)
Test: [90/100]	Time 0.304 (1.175)	Loss 1.2795 (0.8835)	Prec@1 68.400 (79.752)	Prec@5 91.000 (94.985)
 * Prec@1 79.848 Prec@5 95.054 Loss 0.878 Time 109.780
Wraping quantiztion modules (reparam: False, recon: False) ...
2025-09-08 15:16:38 - start mse guided calibration
  0%|          | 0/74 [00:00<?, ?it/s]calibrating patch_embed.proj:   0%|          | 0/74 [00:00<?, ?it/s]calibrating patch_embed.proj:   1%|▏         | 1/74 [00:06<07:22,  6.07s/it]calibrating blocks.0.attn.qkv:   1%|▏         | 1/74 [00:06<07:22,  6.07s/it]calibrating blocks.0.attn.qkv:   3%|▎         | 2/74 [00:27<18:23, 15.33s/it]calibrating blocks.0.attn.proj:   3%|▎         | 2/74 [00:27<18:23, 15.33s/it]calibrating blocks.0.attn.proj:   4%|▍         | 3/74 [00:37<14:52, 12.56s/it]calibrating blocks.0.attn.matmul1:   4%|▍         | 3/74 [00:37<14:52, 12.56s/it]calibrating blocks.0.attn.matmul1:   5%|▌         | 4/74 [01:12<25:14, 21.64s/it]calibrating blocks.0.attn.matmul2:   5%|▌         | 4/74 [01:12<25:14, 21.64s/it]calibrating blocks.0.attn.matmul2:   7%|▋         | 5/74 [01:41<27:44, 24.12s/it]calibrating blocks.0.mlp.fc1:   7%|▋         | 5/74 [01:41<27:44, 24.12s/it]     calibrating blocks.0.mlp.fc1:   8%|▊         | 6/74 [02:11<29:49, 26.32s/it]calibrating blocks.0.mlp.fc2:   8%|▊         | 6/74 [02:11<29:49, 26.32s/it]calibrating blocks.0.mlp.fc2:   9%|▉         | 7/74 [02:42<31:05, 27.85s/it]calibrating blocks.1.attn.qkv:   9%|▉         | 7/74 [02:42<31:05, 27.85s/it]slurmstepd-jnfat04: error: *** JOB 1643440 ON jnfat04 CANCELLED AT 2025-09-08T15:19:31 ***
