2025-09-08 15:04:28,626 - INFO - Starting multi-seed experiment
2025-09-08 15:04:28,626 - INFO - Architecture: swin_base
2025-09-08 15:04:28,626 - INFO - Weight bits: 4
2025-09-08 15:04:28,626 - INFO - Activation bits: 4
2025-09-08 15:04:28,626 - INFO - Seeds: [1001, 1002, 1003]
2025-09-08 15:04:28,626 - INFO - Alpha values: [0.1, 0.2, 0.3, 0.4, 0.5, 0.6, 0.7, 0.8, 0.9, 1.0]
2025-09-08 15:04:28,626 - INFO - Cluster numbers: [8, 16, 32, 64, 128, 256]
2025-09-08 15:04:28,626 - INFO - PCA dimensions: [1, 25, 50, 75, 100, 125, 150, 175, 200, 220]
2025-09-08 15:04:28,627 - INFO - Output directory: ./experiment_results/swin_base_w4_a4_20250908_150428
2025-09-08 15:04:28,627 - INFO - Checking basic requirements...
2025-09-08 15:04:28,627 - INFO - Basic checks passed
2025-09-08 15:04:28,627 - INFO - 
Starting experiments for 3 seeds...
2025-09-08 15:04:28,627 - INFO - Total parameter combinations: 600
2025-09-08 15:04:28,627 - INFO - Total experiments: 1800
2025-09-08 15:04:28,627 - INFO - 
============================================================
2025-09-08 15:04:28,627 - INFO - Running experiment 1/3 for seed 1001
2025-09-08 15:04:28,627 - INFO - ============================================================
2025-09-08 15:04:28,627 - INFO - Running experiment for seed 1001
2025-09-08 15:04:28,627 - INFO - Command: /home/alz07xz/project/PD-Quant/pd_quant/bin/python ../test_quant.py --model swin_base --w_bit 4 --a_bit 4 --seed 1001 --config ../configs/4bit/best.py --dataset /home/alz07xz/imagenet --calib-size 1000 --calib-batch-size 32 --val-batch-size 500 --num-workers 8 --device cuda --alpha-list 0.1 0.2 0.3 0.4 0.5 0.6 0.7 0.8 0.9 1.0 --num-clusters-list 8 16 32 64 128 256 --pca-dim-list 1 25 50 75 100 125 150 175 200 220 --calibrate --optimize
2025-09-08 15:04:28,627 - INFO - Working directory: /home/alz07xz/project/APHQ_CAT/brecq_base
2025-09-08 15:13:04 - start the process.
Namespace(model='swin_base', config='../configs/4bit/best.py', dataset='/home/alz07xz/imagenet', val_batch_size=500, num_workers=8, device='cuda', reconstruct_mlp=False, load_reconstruct_checkpoint=False, test_reconstruct_checkpoint=False, calibrate=True, load_calibrate_checkpoint=None, test_calibrate_checkpoint=False, optimize=True, load_optimize_checkpoint='', test_optimize_checkpoint=False, print_freq=10, seed=1001, alpha_list=[0.1, 0.2, 0.3, 0.4, 0.5, 0.6, 0.7, 0.8, 0.9, 1.0], num_clusters_list=[8, 16, 32, 64, 128, 256], pca_dim_list=[1, 25, 50, 75, 100, 125, 150, 175, 200, 220], w_bit=4, a_bit=4, calib_size=1000, calib_batch_size=32)
Successfully imported Config class!
optim_size: 1024
calib_size: 1000
optim_batch_size: 32
calib_batch_size: 32
w_bit: 4
a_bit: 4
qconv_a_bit: 8
qhead_a_bit: 4
calib_metric: mse
matmul_head_channel_wise: True
token_channel_wise: False
eq_n: 128
search_round: 3
keep_gpu: True
optim_metric: hessian_perturb
use_mean_hessian: True
temp: 20
recon_metric: hessian_perturb
pct: 0.98
optim_mode: qdrop
drop_prob: 0.5
reconstruct_mlp: False
Building model ...
/home/alz07xz/project/PD-Quant/pd_quant/lib/python3.11/site-packages/torch/functional.py:554: UserWarning: torch.meshgrid: in an upcoming release, it will be required to pass the indexing argument. (Triggered internally at /pytorch/aten/src/ATen/native/TensorShape.cpp:4314.)
  return _VF.meshgrid(tensors, **kwargs)  # type: ignore[attr-defined]
No checkpoint found at './checkpoint/vit_raw/swin_base_patch4_window7_224.bin'
Loading pretrained weights from Hugging Face hub (timm/swin_base_patch4_window7_224.ms_in22k_ft_in1k)
[timm/swin_base_patch4_window7_224.ms_in22k_ft_in1k] Safe alternative available for 'pytorch_model.bin' (as 'model.safetensors'). Loading weights using safetensors.
Building validation dataloader ...
Validating on test set on fp ...
Test: [0/100]	Time 12.135 (12.135)	Loss 0.4076 (0.4076)	Prec@1 91.800 (91.800)	Prec@5 98.400 (98.400)
Test: [10/100]	Time 1.043 (2.055)	Loss 0.4707 (0.5107)	Prec@1 91.600 (88.745)	Prec@5 98.800 (98.491)
Test: [20/100]	Time 1.047 (1.575)	Loss 0.5991 (0.5373)	Prec@1 86.000 (88.381)	Prec@5 98.000 (98.171)
Test: [30/100]	Time 1.047 (1.406)	Loss 0.4928 (0.5636)	Prec@1 88.200 (87.555)	Prec@5 99.400 (98.129)
Test: [40/100]	Time 1.058 (1.320)	Loss 0.7451 (0.5610)	Prec@1 82.400 (87.663)	Prec@5 97.000 (98.185)
Test: [50/100]	Time 1.067 (1.269)	Loss 0.9181 (0.6040)	Prec@1 77.800 (86.451)	Prec@5 94.800 (97.808)
Test: [60/100]	Time 1.065 (1.235)	Loss 0.5948 (0.6094)	Prec@1 87.200 (86.338)	Prec@5 96.600 (97.764)
Test: [70/100]	Time 1.066 (1.211)	Loss 0.6936 (0.6248)	Prec@1 84.200 (85.859)	Prec@5 97.800 (97.668)
Test: [80/100]	Time 1.059 (1.193)	Loss 0.4770 (0.6272)	Prec@1 88.400 (85.780)	Prec@5 99.200 (97.602)
Test: [90/100]	Time 1.058 (1.179)	Loss 0.9203 (0.6428)	Prec@1 77.000 (85.305)	Prec@5 95.400 (97.525)
 * Prec@1 85.274 Prec@5 97.568 Loss 0.641 Time 116.979
Wraping quantiztion modules (reparam: False, recon: False) ...
2025-09-08 15:15:46 - start mse guided calibration
  0%|          | 0/149 [00:00<?, ?it/s]calibrating patch_embed.proj:   0%|          | 0/149 [00:00<?, ?it/s]calibrating patch_embed.proj:   1%|          | 1/149 [00:14<35:59, 14.59s/it]calibrating layers.0.blocks.0.attn.qkv:   1%|          | 1/149 [00:14<35:59, 14.59s/it]calibrating layers.0.blocks.0.attn.qkv:   1%|▏         | 2/149 [01:33<2:08:22, 52.40s/it]calibrating layers.0.blocks.0.attn.proj:   1%|▏         | 2/149 [01:33<2:08:22, 52.40s/it]calibrating layers.0.blocks.0.attn.proj:   2%|▏         | 3/149 [02:13<1:53:32, 46.66s/it]calibrating layers.0.blocks.0.attn.matmul1:   2%|▏         | 3/149 [02:13<1:53:32, 46.66s/it]slurmstepd-jnfat04: error: *** JOB 1643442 ON jnfat04 CANCELLED AT 2025-09-08T15:19:31 ***
