2025-09-08 15:53:34,133 - INFO - Starting multi-seed experiment
2025-09-08 15:53:34,134 - INFO - Architecture: swin_base
2025-09-08 15:53:34,134 - INFO - Weight bits: 2
2025-09-08 15:53:34,134 - INFO - Activation bits: 2
2025-09-08 15:53:34,134 - INFO - Seeds: [1001, 1002, 1003]
2025-09-08 15:53:34,134 - INFO - Alpha values: [0.1, 0.2, 0.3, 0.4, 0.5, 0.6, 0.7, 0.8, 0.9, 1.0]
2025-09-08 15:53:34,134 - INFO - Cluster numbers: [8, 16, 32, 64, 128, 256]
2025-09-08 15:53:34,134 - INFO - PCA dimensions: [1, 25, 50, 75, 100, 125, 150, 175, 200, 220]
2025-09-08 15:53:34,134 - INFO - Output directory: ./experiment_results/swin_base_w2_a2_20250908_155334
2025-09-08 15:53:34,134 - INFO - Checking basic requirements...
2025-09-08 15:53:34,134 - INFO - Basic checks passed
2025-09-08 15:53:34,134 - INFO - 
Starting experiments for 3 seeds...
2025-09-08 15:53:34,134 - INFO - Total parameter combinations: 600
2025-09-08 15:53:34,134 - INFO - Total experiments: 1800
2025-09-08 15:53:34,134 - INFO - 
============================================================
2025-09-08 15:53:34,134 - INFO - Running experiment 1/3 for seed 1001
2025-09-08 15:53:34,135 - INFO - ============================================================
2025-09-08 15:53:34,135 - INFO - Running experiment for seed 1001
2025-09-08 15:53:34,135 - INFO - Command: /home/alz07xz/project/PD-Quant/pd_quant/bin/python ../test_quant.py --model swin_base --w_bit 2 --a_bit 2 --seed 1001 --config ../configs/4bit/brecq_baseline.py --dataset /home/alz07xz/imagenet --calib-size 1000 --calib-batch-size 32 --val-batch-size 500 --num-workers 8 --device cuda --alpha-list 0.1 0.2 0.3 0.4 0.5 0.6 0.7 0.8 0.9 1.0 --num-clusters-list 8 16 32 64 128 256 --pca-dim-list 1 25 50 75 100 125 150 175 200 220 --calibrate --optimize
2025-09-08 15:53:34,135 - INFO - Working directory: /home/alz07xz/project/APHQ_CAT/brecq_base
2025-09-08 15:55:01 - start the process.
Namespace(model='swin_base', config='../configs/4bit/brecq_baseline.py', dataset='/home/alz07xz/imagenet', val_batch_size=500, num_workers=8, device='cuda', reconstruct_mlp=False, load_reconstruct_checkpoint=False, test_reconstruct_checkpoint=False, calibrate=True, load_calibrate_checkpoint=None, test_calibrate_checkpoint=False, optimize=True, load_optimize_checkpoint='', test_optimize_checkpoint=False, print_freq=10, seed=1001, alpha_list=[0.1, 0.2, 0.3, 0.4, 0.5, 0.6, 0.7, 0.8, 0.9, 1.0], num_clusters_list=[8, 16, 32, 64, 128, 256], pca_dim_list=[1, 25, 50, 75, 100, 125, 150, 175, 200, 220], w_bit=2, a_bit=2, calib_size=1000, calib_batch_size=32)
Successfully imported Config class!
optim_size: 1024
calib_size: 1000
optim_batch_size: 32
calib_batch_size: 32
w_bit: 2
a_bit: 2
qconv_a_bit: 8
qhead_a_bit: 4
calib_metric: mse
matmul_head_channel_wise: True
token_channel_wise: False
eq_n: 128
search_round: 3
keep_gpu: True
optim_metric: mse
use_mean_hessian: False
temp: 20
recon_metric: hessian_perturb
pct: 0.99
optim_mode: rinp
drop_prob: 1.0
reconstruct_mlp: False
Building model ...
/home/alz07xz/project/PD-Quant/pd_quant/lib/python3.11/site-packages/torch/functional.py:554: UserWarning: torch.meshgrid: in an upcoming release, it will be required to pass the indexing argument. (Triggered internally at /pytorch/aten/src/ATen/native/TensorShape.cpp:4314.)
  return _VF.meshgrid(tensors, **kwargs)  # type: ignore[attr-defined]
No checkpoint found at './checkpoint/vit_raw/swin_base_patch4_window7_224.bin'
Loading pretrained weights from Hugging Face hub (timm/swin_base_patch4_window7_224.ms_in22k_ft_in1k)
[timm/swin_base_patch4_window7_224.ms_in22k_ft_in1k] Safe alternative available for 'pytorch_model.bin' (as 'model.safetensors'). Loading weights using safetensors.
Building validation dataloader ...
Validating on test set on fp ...
Test: [0/100]	Time 15.214 (15.214)	Loss 0.4076 (0.4076)	Prec@1 91.800 (91.800)	Prec@5 98.400 (98.400)
Test: [10/100]	Time 1.054 (2.339)	Loss 0.4707 (0.5107)	Prec@1 91.600 (88.745)	Prec@5 98.800 (98.491)
Test: [20/100]	Time 1.060 (1.729)	Loss 0.5991 (0.5373)	Prec@1 86.000 (88.381)	Prec@5 98.000 (98.171)
Test: [30/100]	Time 1.060 (1.513)	Loss 0.4928 (0.5636)	Prec@1 88.200 (87.555)	Prec@5 99.400 (98.129)
slurmstepd-jnfat04: error: *** JOB 1643591 ON jnfat04 CANCELLED AT 2025-09-08T15:56:40 ***
