2025-09-08 15:04:28,670 - INFO - Starting multi-seed experiment
2025-09-08 15:04:28,670 - INFO - Architecture: vit_base
2025-09-08 15:04:28,670 - INFO - Weight bits: 4
2025-09-08 15:04:28,670 - INFO - Activation bits: 4
2025-09-08 15:04:28,670 - INFO - Seeds: [1001, 1002, 1003]
2025-09-08 15:04:28,670 - INFO - Alpha values: [0.1, 0.2, 0.3, 0.4, 0.5, 0.6, 0.7, 0.8, 0.9, 1.0]
2025-09-08 15:04:28,670 - INFO - Cluster numbers: [8, 16, 32, 64, 128, 256]
2025-09-08 15:04:28,670 - INFO - PCA dimensions: [1, 25, 50, 75, 100, 125, 150, 175, 200, 220]
2025-09-08 15:04:28,670 - INFO - Output directory: ./experiment_results/vit_base_w4_a4_20250908_150428
2025-09-08 15:04:28,670 - INFO - Checking basic requirements...
2025-09-08 15:04:28,670 - INFO - Basic checks passed
2025-09-08 15:04:28,670 - INFO - 
Starting experiments for 3 seeds...
2025-09-08 15:04:28,670 - INFO - Total parameter combinations: 600
2025-09-08 15:04:28,670 - INFO - Total experiments: 1800
2025-09-08 15:04:28,670 - INFO - 
============================================================
2025-09-08 15:04:28,670 - INFO - Running experiment 1/3 for seed 1001
2025-09-08 15:04:28,670 - INFO - ============================================================
2025-09-08 15:04:28,671 - INFO - Running experiment for seed 1001
2025-09-08 15:04:28,671 - INFO - Command: /home/alz07xz/project/PD-Quant/pd_quant/bin/python ../test_quant.py --model vit_base --w_bit 4 --a_bit 4 --seed 1001 --config ../configs/4bit/brecq_baseline.py --dataset /home/alz07xz/imagenet --calib-size 1000 --calib-batch-size 32 --val-batch-size 500 --num-workers 8 --device cuda --alpha-list 0.1 0.2 0.3 0.4 0.5 0.6 0.7 0.8 0.9 1.0 --num-clusters-list 8 16 32 64 128 256 --pca-dim-list 1 25 50 75 100 125 150 175 200 220 --calibrate --optimize
2025-09-08 15:04:28,671 - INFO - Working directory: /home/alz07xz/project/APHQ_CAT/brecq_base
2025-09-08 15:10:00 - start the process.
Namespace(model='vit_base', config='../configs/4bit/brecq_baseline.py', dataset='/home/alz07xz/imagenet', val_batch_size=500, num_workers=8, device='cuda', reconstruct_mlp=False, load_reconstruct_checkpoint=False, test_reconstruct_checkpoint=False, calibrate=True, load_calibrate_checkpoint=None, test_calibrate_checkpoint=False, optimize=True, load_optimize_checkpoint='', test_optimize_checkpoint=False, print_freq=10, seed=1001, alpha_list=[0.1, 0.2, 0.3, 0.4, 0.5, 0.6, 0.7, 0.8, 0.9, 1.0], num_clusters_list=[8, 16, 32, 64, 128, 256], pca_dim_list=[1, 25, 50, 75, 100, 125, 150, 175, 200, 220], w_bit=4, a_bit=4, calib_size=1000, calib_batch_size=32)
Successfully imported Config class!
optim_size: 1024
calib_size: 1000
optim_batch_size: 32
calib_batch_size: 32
w_bit: 4
a_bit: 4
qconv_a_bit: 8
qhead_a_bit: 4
calib_metric: mse
matmul_head_channel_wise: True
token_channel_wise: False
eq_n: 128
search_round: 3
keep_gpu: True
optim_metric: mse
use_mean_hessian: False
temp: 20
recon_metric: hessian_perturb
pct: 0.99
optim_mode: rinp
drop_prob: 1.0
reconstruct_mlp: False
Building model ...
No checkpoint found at './checkpoint/vit_raw/vit_base_patch16_224.bin'
Loading pretrained weights from Hugging Face hub (timm/vit_base_patch16_224.augreg2_in21k_ft_in1k)
[timm/vit_base_patch16_224.augreg2_in21k_ft_in1k] Safe alternative available for 'pytorch_model.bin' (as 'model.safetensors'). Loading weights using safetensors.
Building validation dataloader ...
Validating on test set on fp ...
Test: [0/100]	Time 10.996 (10.996)	Loss 0.4459 (0.4459)	Prec@1 91.400 (91.400)	Prec@5 98.600 (98.600)
Test: [10/100]	Time 0.756 (1.849)	Loss 0.4659 (0.5379)	Prec@1 90.800 (88.455)	Prec@5 98.600 (98.345)
Test: [20/100]	Time 0.763 (1.443)	Loss 0.6057 (0.5588)	Prec@1 85.800 (88.124)	Prec@5 98.600 (98.095)
Test: [30/100]	Time 0.764 (1.433)	Loss 0.5066 (0.5820)	Prec@1 89.800 (87.471)	Prec@5 99.600 (98.045)
Test: [40/100]	Time 3.210 (1.449)	Loss 0.7571 (0.5772)	Prec@1 81.400 (87.532)	Prec@5 97.000 (98.088)
Test: [50/100]	Time 0.769 (1.430)	Loss 1.0069 (0.6165)	Prec@1 77.000 (86.384)	Prec@5 95.200 (97.827)
Test: [60/100]	Time 0.772 (1.416)	Loss 0.5700 (0.6205)	Prec@1 89.200 (86.285)	Prec@5 97.200 (97.751)
Test: [70/100]	Time 0.779 (1.386)	Loss 0.7296 (0.6361)	Prec@1 83.800 (85.673)	Prec@5 97.400 (97.654)
Test: [80/100]	Time 0.786 (1.312)	Loss 0.5101 (0.6392)	Prec@1 88.400 (85.605)	Prec@5 98.000 (97.580)
Test: [90/100]	Time 0.781 (1.253)	Loss 0.9420 (0.6541)	Prec@1 75.000 (85.062)	Prec@5 95.800 (97.495)
 * Prec@1 85.102 Prec@5 97.526 Loss 0.652 Time 121.298
Wraping quantiztion modules (reparam: False, recon: False) ...
2025-09-08 15:12:49 - start mse guided calibration
  0%|          | 0/74 [00:00<?, ?it/s]calibrating patch_embed.proj:   0%|          | 0/74 [00:00<?, ?it/s]calibrating patch_embed.proj:   1%|▏         | 1/74 [00:11<14:18, 11.76s/it]calibrating blocks.0.attn.qkv:   1%|▏         | 1/74 [00:11<14:18, 11.76s/it]calibrating blocks.0.attn.qkv:   3%|▎         | 2/74 [01:26<58:45, 48.96s/it]calibrating blocks.0.attn.proj:   3%|▎         | 2/74 [01:26<58:45, 48.96s/it]calibrating blocks.0.attn.proj:   4%|▍         | 3/74 [01:52<45:09, 38.16s/it]calibrating blocks.0.attn.matmul1:   4%|▍         | 3/74 [01:52<45:09, 38.16s/it]calibrating blocks.0.attn.matmul1:   5%|▌         | 4/74 [03:03<59:42, 51.17s/it]calibrating blocks.0.attn.matmul2:   5%|▌         | 4/74 [03:03<59:42, 51.17s/it]calibrating blocks.0.attn.matmul2:   7%|▋         | 5/74 [04:03<1:02:29, 54.34s/it]calibrating blocks.0.mlp.fc1:   7%|▋         | 5/74 [04:03<1:02:29, 54.34s/it]     calibrating blocks.0.mlp.fc1:   8%|▊         | 6/74 [05:57<1:24:41, 74.73s/it]calibrating blocks.0.mlp.fc2:   8%|▊         | 6/74 [05:57<1:24:41, 74.73s/it]slurmstepd-jnfat06: error: *** JOB 1643446 ON jnfat06 CANCELLED AT 2025-09-08T15:19:31 ***
