2025-09-08 15:57:35,545 - INFO - Starting multi-seed experiment
2025-09-08 15:57:35,545 - INFO - Architecture: deit_small
2025-09-08 15:57:35,545 - INFO - Weight bits: 4
2025-09-08 15:57:35,545 - INFO - Activation bits: 4
2025-09-08 15:57:35,545 - INFO - Seeds: [1001, 1002, 1003]
2025-09-08 15:57:35,545 - INFO - Alpha values: [0.1, 0.2, 0.3, 0.4, 0.5, 0.6, 0.7, 0.8, 0.9, 1.0]
2025-09-08 15:57:35,545 - INFO - Cluster numbers: [8, 16, 32, 64, 128, 256]
2025-09-08 15:57:35,545 - INFO - PCA dimensions: [1, 25, 50, 75, 100, 125, 150, 175, 200, 220]
2025-09-08 15:57:35,545 - INFO - Output directory: ./experiment_results/deit_small_w4_a4_20250908_155735
2025-09-08 15:57:35,546 - INFO - Checking basic requirements...
2025-09-08 15:57:35,546 - INFO - Basic checks passed
2025-09-08 15:57:35,546 - INFO - 
Starting experiments for 3 seeds...
2025-09-08 15:57:35,546 - INFO - Total parameter combinations: 600
2025-09-08 15:57:35,546 - INFO - Total experiments: 1800
2025-09-08 15:57:35,546 - INFO - 
============================================================
2025-09-08 15:57:35,546 - INFO - Running experiment 1/3 for seed 1001
2025-09-08 15:57:35,546 - INFO - ============================================================
2025-09-08 15:57:35,546 - INFO - Running experiment for seed 1001
2025-09-08 15:57:35,546 - INFO - Command: /home/alz07xz/project/PD-Quant/pd_quant/bin/python ../test_quant.py --model deit_small --w_bit 4 --a_bit 4 --seed 1001 --config ../configs/4bit/brecq_baseline.py --dataset /home/alz07xz/imagenet --calib-size 1000 --calib-batch-size 32 --val-batch-size 500 --num-workers 8 --device cuda --alpha-list 0.1 0.2 0.3 0.4 0.5 0.6 0.7 0.8 0.9 1.0 --num-clusters-list 8 16 32 64 128 256 --pca-dim-list 1 25 50 75 100 125 150 175 200 220 --calibrate --optimize
2025-09-08 15:57:35,546 - INFO - Working directory: /home/alz07xz/project/APHQ_CAT/brecq_base
2025-09-09 12:59:23,827 - INFO - Experiment for seed 1001 completed in 75708.28 seconds
2025-09-09 12:59:23,830 - INFO - SUCCESS: Experiment for seed 1001 completed successfully
2025-09-09 12:59:23,850 - INFO - Looking for results in: ./checkpoint/quant_result/20250909_1246
2025-09-09 12:59:24,855 - INFO - Parsed 0 reconstructed results from log file for seed 1001
2025-09-09 12:59:24,855 - INFO - Parsed 0 baseline results from log file for seed 1001
2025-09-09 12:59:24,855 - INFO - Seed 1001 completed successfully
2025-09-09 12:59:24,855 - INFO - Sleeping for 0.5 seconds before next seed...
2025-09-09 12:59:25,355 - INFO - 
============================================================
2025-09-09 12:59:25,355 - INFO - Running experiment 2/3 for seed 1002
2025-09-09 12:59:25,356 - INFO - ============================================================
2025-09-09 12:59:25,357 - INFO - Running experiment for seed 1002
2025-09-09 12:59:25,357 - INFO - Command: /home/alz07xz/project/PD-Quant/pd_quant/bin/python ../test_quant.py --model deit_small --w_bit 4 --a_bit 4 --seed 1002 --config ../configs/4bit/brecq_baseline.py --dataset /home/alz07xz/imagenet --calib-size 1000 --calib-batch-size 32 --val-batch-size 500 --num-workers 8 --device cuda --alpha-list 0.1 0.2 0.3 0.4 0.5 0.6 0.7 0.8 0.9 1.0 --num-clusters-list 8 16 32 64 128 256 --pca-dim-list 1 25 50 75 100 125 150 175 200 220 --calibrate --optimize
2025-09-09 12:59:25,357 - INFO - Working directory: /home/alz07xz/project/APHQ_CAT/brecq_base
2025-09-10 10:05:41,436 - INFO - Experiment for seed 1002 completed in 75976.08 seconds
2025-09-10 10:05:41,440 - INFO - SUCCESS: Experiment for seed 1002 completed successfully
2025-09-10 10:05:41,466 - INFO - Looking for results in: ./checkpoint/quant_result/20250910_0932
2025-09-10 10:05:41,467 - INFO - Parsed 0 reconstructed results from log file for seed 1002
2025-09-10 10:05:41,467 - INFO - Parsed 0 baseline results from log file for seed 1002
2025-09-10 10:05:41,468 - INFO - Seed 1002 completed successfully
2025-09-10 10:05:41,468 - INFO - Sleeping for 0.5 seconds before next seed...
2025-09-10 10:05:41,968 - INFO - 
============================================================
2025-09-10 10:05:41,968 - INFO - Running experiment 3/3 for seed 1003
2025-09-10 10:05:41,968 - INFO - ============================================================
2025-09-10 10:05:41,996 - INFO - Running experiment for seed 1003
2025-09-10 10:05:41,996 - INFO - Command: /home/alz07xz/project/PD-Quant/pd_quant/bin/python ../test_quant.py --model deit_small --w_bit 4 --a_bit 4 --seed 1003 --config ../configs/4bit/brecq_baseline.py --dataset /home/alz07xz/imagenet --calib-size 1000 --calib-batch-size 32 --val-batch-size 500 --num-workers 8 --device cuda --alpha-list 0.1 0.2 0.3 0.4 0.5 0.6 0.7 0.8 0.9 1.0 --num-clusters-list 8 16 32 64 128 256 --pca-dim-list 1 25 50 75 100 125 150 175 200 220 --calibrate --optimize
2025-09-10 10:05:41,996 - INFO - Working directory: /home/alz07xz/project/APHQ_CAT/brecq_base
2025-09-11 07:14:17,412 - INFO - Experiment for seed 1003 completed in 76115.42 seconds
2025-09-11 07:14:17,416 - INFO - SUCCESS: Experiment for seed 1003 completed successfully
2025-09-11 07:14:17,419 - INFO - Looking for results in: ./checkpoint/quant_result/20250911_0638
2025-09-11 07:14:17,421 - INFO - Parsed 0 reconstructed results from log file for seed 1003
2025-09-11 07:14:17,421 - INFO - Parsed 0 baseline results from log file for seed 1003
2025-09-11 07:14:17,421 - INFO - Seed 1003 completed successfully
2025-09-11 07:14:17,421 - INFO - 
============================================================
2025-09-11 07:14:17,421 - INFO - EXPERIMENT SUMMARY
2025-09-11 07:14:17,421 - INFO - ============================================================
2025-09-11 07:14:17,422 - INFO - Successful seeds: 3/3
2025-09-11 07:14:17,422 - INFO - Failed seeds: 0/3
2025-09-11 07:14:17,422 - INFO - Successful: [1001, 1002, 1003]
2025-09-11 07:14:17,423 - INFO - 
====================================================================================================
2025-09-11 07:14:17,424 - INFO - COMPREHENSIVE EXPERIMENT SUMMARY
2025-09-11 07:14:17,424 - INFO - ====================================================================================================
2025-09-11 07:14:17,424 - INFO - 
====================================================================================================
2025-09-11 07:14:17,424 - INFO - COMPREHENSIVE RESULTS ANALYSIS
2025-09-11 07:14:17,424 - INFO - ====================================================================================================
2025-09-11 07:14:17,424 - INFO - 📊 Analysis Summary:
2025-09-11 07:14:17,424 - INFO -   - Total seeds: 3
2025-09-11 07:14:17,424 - INFO -   - Successful runs: 0
2025-09-11 07:14:17,424 - INFO -   - Failed runs: 3
2025-09-11 07:14:17,424 - INFO -   - Reconstructed results: 0
2025-09-11 07:14:17,424 - INFO -   - Baseline results: 0
2025-09-11 07:14:17,424 - INFO -   - Failed seed numbers: [1001, 1002, 1003]
2025-09-11 07:14:17,424 - ERROR - ❌ No valid results to analyze!
2025-09-11 07:14:17,424 - INFO - 
====================================================================================================
2025-09-11 07:14:17,424 - INFO - 🎉 ALL EXPERIMENTS COMPLETED!
2025-09-11 07:14:17,424 - INFO - ====================================================================================================
2025-09-11 07:14:17,424 - INFO - Successful seeds: [1001, 1002, 1003]
2025-09-11 07:14:17,424 - INFO - Failed seeds: []
2025-09-11 07:14:17,424 - INFO - Results saved to: ./experiment_results/deit_small_w4_a4_20250908_155735
2025-09-11 07:14:17,424 - INFO - ====================================================================================================
