2025-09-07 18:05:25,836 - INFO - Starting multi-seed experiment
2025-09-07 18:05:25,837 - INFO - Architecture: deit_tiny
2025-09-07 18:05:25,837 - INFO - Weight bits: 4
2025-09-07 18:05:25,837 - INFO - Activation bits: 4
2025-09-07 18:05:25,837 - INFO - Seeds: [1001, 1002, 1003]
2025-09-07 18:05:25,837 - INFO - Alpha values: [0.5]
2025-09-07 18:05:25,837 - INFO - Cluster numbers: [1, 8, 16, 24, 32, 40, 48, 56, 64, 72, 80, 88, 96, 104, 112, 120, 128, 136, 144, 152, 160, 168, 176, 184, 192, 200, 208, 216, 224, 232, 240, 248, 256]
2025-09-07 18:05:25,837 - INFO - PCA dimensions: [50]
2025-09-07 18:05:25,837 - INFO - Output directory: ./experiment_results/deit_tiny_w4_a4_20250907_180525
2025-09-07 18:05:25,837 - INFO - Checking basic requirements...
2025-09-07 18:05:25,838 - INFO - Basic checks passed
2025-09-07 18:05:25,838 - INFO - 
Starting experiments for 3 seeds...
2025-09-07 18:05:25,838 - INFO - Total parameter combinations: 33
2025-09-07 18:05:25,838 - INFO - Total experiments: 99
2025-09-07 18:05:25,838 - INFO - 
============================================================
2025-09-07 18:05:25,838 - INFO - Running experiment 1/3 for seed 1001
2025-09-07 18:05:25,838 - INFO - ============================================================
2025-09-07 18:05:25,839 - INFO - Running experiment for seed 1001
2025-09-07 18:05:25,839 - INFO - Command: /home/alz07xz/project/PD-Quant/pd_quant/bin/python ../test_quant.py --model deit_tiny --w_bit 4 --a_bit 4 --seed 1001 --config ./../configs/4bit/best.py --dataset /home/alz07xz/imagenet --calib-size 1000 --calib-batch-size 32 --val-batch-size 500 --num-workers 8 --device cuda --alpha-list 0.5 --num-clusters-list 1 8 16 24 32 40 48 56 64 72 80 88 96 104 112 120 128 136 144 152 160 168 176 184 192 200 208 216 224 232 240 248 256 --pca-dim-list 50 --calibrate --optimize
2025-09-07 18:05:25,839 - INFO - Working directory: /home/alz07xz/project/APHQ_CAT/ablate_clusters
2025-09-07 20:01:16,917 - INFO - Experiment for seed 1001 completed in 6951.08 seconds
2025-09-07 20:01:16,919 - INFO - SUCCESS: Experiment for seed 1001 completed successfully
2025-09-07 20:01:16,921 - INFO - Looking for results in: ./checkpoint/quant_result/20250907_1958
2025-09-07 20:01:16,924 - INFO - Parsed 0 reconstructed results from log file for seed 1001
2025-09-07 20:01:16,924 - INFO - Parsed 0 baseline results from log file for seed 1001
2025-09-07 20:01:16,924 - INFO - Seed 1001 completed successfully
2025-09-07 20:01:16,924 - INFO - Sleeping for 0.5 seconds before next seed...
2025-09-07 20:01:17,424 - INFO - 
============================================================
2025-09-07 20:01:17,424 - INFO - Running experiment 2/3 for seed 1002
2025-09-07 20:01:17,424 - INFO - ============================================================
2025-09-07 20:01:17,434 - INFO - Running experiment for seed 1002
2025-09-07 20:01:17,434 - INFO - Command: /home/alz07xz/project/PD-Quant/pd_quant/bin/python ../test_quant.py --model deit_tiny --w_bit 4 --a_bit 4 --seed 1002 --config ./../configs/4bit/best.py --dataset /home/alz07xz/imagenet --calib-size 1000 --calib-batch-size 32 --val-batch-size 500 --num-workers 8 --device cuda --alpha-list 0.5 --num-clusters-list 1 8 16 24 32 40 48 56 64 72 80 88 96 104 112 120 128 136 144 152 160 168 176 184 192 200 208 216 224 232 240 248 256 --pca-dim-list 50 --calibrate --optimize
2025-09-07 20:01:17,434 - INFO - Working directory: /home/alz07xz/project/APHQ_CAT/ablate_clusters
2025-09-07 21:58:24,973 - INFO - Experiment for seed 1002 completed in 7027.54 seconds
2025-09-07 21:58:24,976 - INFO - SUCCESS: Experiment for seed 1002 completed successfully
2025-09-07 21:58:24,979 - INFO - Looking for results in: ./checkpoint/quant_result/20250907_2036
2025-09-07 21:58:24,983 - INFO - Parsed 0 reconstructed results from log file for seed 1002
2025-09-07 21:58:24,983 - INFO - Parsed 0 baseline results from log file for seed 1002
2025-09-07 21:58:24,984 - INFO - Seed 1002 completed successfully
2025-09-07 21:58:24,984 - INFO - Sleeping for 0.5 seconds before next seed...
2025-09-07 21:58:25,484 - INFO - 
============================================================
2025-09-07 21:58:25,484 - INFO - Running experiment 3/3 for seed 1003
2025-09-07 21:58:25,484 - INFO - ============================================================
2025-09-07 21:58:25,485 - INFO - Running experiment for seed 1003
2025-09-07 21:58:25,485 - INFO - Command: /home/alz07xz/project/PD-Quant/pd_quant/bin/python ../test_quant.py --model deit_tiny --w_bit 4 --a_bit 4 --seed 1003 --config ./../configs/4bit/best.py --dataset /home/alz07xz/imagenet --calib-size 1000 --calib-batch-size 32 --val-batch-size 500 --num-workers 8 --device cuda --alpha-list 0.5 --num-clusters-list 1 8 16 24 32 40 48 56 64 72 80 88 96 104 112 120 128 136 144 152 160 168 176 184 192 200 208 216 224 232 240 248 256 --pca-dim-list 50 --calibrate --optimize
2025-09-07 21:58:25,485 - INFO - Working directory: /home/alz07xz/project/APHQ_CAT/ablate_clusters
2025-09-07 23:55:56,748 - INFO - Experiment for seed 1003 completed in 7051.26 seconds
2025-09-07 23:55:56,752 - INFO - SUCCESS: Experiment for seed 1003 completed successfully
2025-09-07 23:55:56,757 - INFO - Looking for results in: ./checkpoint/quant_result/20250907_2318
2025-09-07 23:55:56,761 - INFO - Parsed 0 reconstructed results from log file for seed 1003
2025-09-07 23:55:56,761 - INFO - Parsed 0 baseline results from log file for seed 1003
2025-09-07 23:55:56,761 - INFO - Seed 1003 completed successfully
2025-09-07 23:55:56,761 - INFO - 
============================================================
2025-09-07 23:55:56,761 - INFO - EXPERIMENT SUMMARY
2025-09-07 23:55:56,761 - INFO - ============================================================
2025-09-07 23:55:56,761 - INFO - Successful seeds: 3/3
2025-09-07 23:55:56,761 - INFO - Failed seeds: 0/3
2025-09-07 23:55:56,761 - INFO - Successful: [1001, 1002, 1003]
2025-09-07 23:55:56,763 - INFO - 
====================================================================================================
2025-09-07 23:55:56,763 - INFO - COMPREHENSIVE EXPERIMENT SUMMARY
2025-09-07 23:55:56,763 - INFO - ====================================================================================================
2025-09-07 23:55:56,763 - INFO - 
====================================================================================================
2025-09-07 23:55:56,763 - INFO - COMPREHENSIVE RESULTS ANALYSIS
2025-09-07 23:55:56,763 - INFO - ====================================================================================================
2025-09-07 23:55:56,763 - INFO - 📊 Analysis Summary:
2025-09-07 23:55:56,763 - INFO -   - Total seeds: 3
2025-09-07 23:55:56,763 - INFO -   - Successful runs: 0
2025-09-07 23:55:56,763 - INFO -   - Failed runs: 3
2025-09-07 23:55:56,763 - INFO -   - Reconstructed results: 0
2025-09-07 23:55:56,763 - INFO -   - Baseline results: 0
2025-09-07 23:55:56,763 - INFO -   - Failed seed numbers: [1001, 1002, 1003]
2025-09-07 23:55:56,764 - ERROR - ❌ No valid results to analyze!
2025-09-07 23:55:56,764 - INFO - 
====================================================================================================
2025-09-07 23:55:56,764 - INFO - 🎉 ALL EXPERIMENTS COMPLETED!
2025-09-07 23:55:56,764 - INFO - ====================================================================================================
2025-09-07 23:55:56,764 - INFO - Successful seeds: [1001, 1002, 1003]
2025-09-07 23:55:56,764 - INFO - Failed seeds: []
2025-09-07 23:55:56,764 - INFO - Results saved to: ./experiment_results/deit_tiny_w4_a4_20250907_180525
2025-09-07 23:55:56,764 - INFO - ====================================================================================================
