2025-09-07 03:10:57,996 - INFO - Starting multi-seed experiment
2025-09-07 03:10:57,996 - INFO - Architecture: swin_tiny
2025-09-07 03:10:57,997 - INFO - Weight bits: 4
2025-09-07 03:10:57,997 - INFO - Activation bits: 4
2025-09-07 03:10:57,997 - INFO - Seeds: [1001, 1002, 1003]
2025-09-07 03:10:57,997 - INFO - Alpha values: [0.1, 0.2, 0.3, 0.4, 0.5, 0.6, 0.7, 0.8, 0.9, 1.0]
2025-09-07 03:10:57,997 - INFO - Cluster numbers: [64]
2025-09-07 03:10:57,997 - INFO - PCA dimensions: [50]
2025-09-07 03:10:57,997 - INFO - Output directory: ./experiment_results/swin_tiny_w4_a4_20250907_031057
2025-09-07 03:10:57,997 - INFO - Checking basic requirements...
2025-09-07 03:10:57,997 - INFO - Basic checks passed
2025-09-07 03:10:57,997 - INFO - 
Starting experiments for 3 seeds...
2025-09-07 03:10:57,997 - INFO - Total parameter combinations: 10
2025-09-07 03:10:57,997 - INFO - Total experiments: 30
2025-09-07 03:10:57,997 - INFO - 
============================================================
2025-09-07 03:10:57,997 - INFO - Running experiment 1/3 for seed 1001
2025-09-07 03:10:57,997 - INFO - ============================================================
2025-09-07 03:10:57,997 - INFO - Running experiment for seed 1001
2025-09-07 03:10:57,997 - INFO - Command: /home/alz07xz/project/PD-Quant/pd_quant/bin/python ../test_quant.py --model swin_tiny --w_bit 4 --a_bit 4 --seed 1001 --config ./../configs/4bit/best.py --dataset /home/alz07xz/imagenet --calib-size 1000 --calib-batch-size 32 --val-batch-size 500 --num-workers 8 --device cuda --alpha-list 0.1 0.2 0.3 0.4 0.5 0.6 0.7 0.8 0.9 1.0 --num-clusters-list 64 --pca-dim-list 50 --calibrate --optimize
2025-09-07 03:10:57,997 - INFO - Working directory: /home/alz07xz/project/APHQ_CAT/ablate_alpha
2025-09-07 06:07:32,420 - INFO - Experiment for seed 1001 completed in 10594.42 seconds
2025-09-07 06:07:32,423 - INFO - SUCCESS: Experiment for seed 1001 completed successfully
2025-09-07 06:07:32,424 - INFO - Looking for results in: ./checkpoint/quant_result/20250907_0607
2025-09-07 06:07:32,424 - INFO - Parsed 0 reconstructed results from log file for seed 1001
2025-09-07 06:07:32,424 - INFO - Parsed 0 baseline results from log file for seed 1001
2025-09-07 06:07:32,424 - INFO - Seed 1001 completed successfully
2025-09-07 06:07:32,424 - INFO - Sleeping for 0.5 seconds before next seed...
2025-09-07 06:07:32,924 - INFO - 
============================================================
2025-09-07 06:07:32,925 - INFO - Running experiment 2/3 for seed 1002
2025-09-07 06:07:32,925 - INFO - ============================================================
2025-09-07 06:07:32,925 - INFO - Running experiment for seed 1002
2025-09-07 06:07:32,925 - INFO - Command: /home/alz07xz/project/PD-Quant/pd_quant/bin/python ../test_quant.py --model swin_tiny --w_bit 4 --a_bit 4 --seed 1002 --config ./../configs/4bit/best.py --dataset /home/alz07xz/imagenet --calib-size 1000 --calib-batch-size 32 --val-batch-size 500 --num-workers 8 --device cuda --alpha-list 0.1 0.2 0.3 0.4 0.5 0.6 0.7 0.8 0.9 1.0 --num-clusters-list 64 --pca-dim-list 50 --calibrate --optimize
2025-09-07 06:07:32,925 - INFO - Working directory: /home/alz07xz/project/APHQ_CAT/ablate_alpha
2025-09-07 09:04:25,580 - INFO - Experiment for seed 1002 completed in 10612.65 seconds
2025-09-07 09:04:25,583 - INFO - SUCCESS: Experiment for seed 1002 completed successfully
2025-09-07 09:04:25,587 - INFO - Looking for results in: ./checkpoint/quant_result/20250907_0903
2025-09-07 09:04:25,587 - INFO - Parsed 0 reconstructed results from log file for seed 1002
2025-09-07 09:04:25,587 - INFO - Parsed 0 baseline results from log file for seed 1002
2025-09-07 09:04:25,587 - INFO - Seed 1002 completed successfully
2025-09-07 09:04:25,587 - INFO - Sleeping for 0.5 seconds before next seed...
2025-09-07 09:04:26,088 - INFO - 
============================================================
2025-09-07 09:04:26,088 - INFO - Running experiment 3/3 for seed 1003
2025-09-07 09:04:26,088 - INFO - ============================================================
2025-09-07 09:04:26,089 - INFO - Running experiment for seed 1003
2025-09-07 09:04:26,089 - INFO - Command: /home/alz07xz/project/PD-Quant/pd_quant/bin/python ../test_quant.py --model swin_tiny --w_bit 4 --a_bit 4 --seed 1003 --config ./../configs/4bit/best.py --dataset /home/alz07xz/imagenet --calib-size 1000 --calib-batch-size 32 --val-batch-size 500 --num-workers 8 --device cuda --alpha-list 0.1 0.2 0.3 0.4 0.5 0.6 0.7 0.8 0.9 1.0 --num-clusters-list 64 --pca-dim-list 50 --calibrate --optimize
2025-09-07 09:04:26,089 - INFO - Working directory: /home/alz07xz/project/APHQ_CAT/ablate_alpha
2025-09-07 12:01:02,339 - INFO - Experiment for seed 1003 completed in 10596.25 seconds
2025-09-07 12:01:02,340 - INFO - SUCCESS: Experiment for seed 1003 completed successfully
2025-09-07 12:01:02,342 - INFO - Looking for results in: ./checkpoint/quant_result/20250907_1200
2025-09-07 12:01:02,344 - INFO - Parsed 0 reconstructed results from log file for seed 1003
2025-09-07 12:01:02,344 - INFO - Parsed 0 baseline results from log file for seed 1003
2025-09-07 12:01:02,345 - INFO - Seed 1003 completed successfully
2025-09-07 12:01:02,345 - INFO - 
============================================================
2025-09-07 12:01:02,345 - INFO - EXPERIMENT SUMMARY
2025-09-07 12:01:02,345 - INFO - ============================================================
2025-09-07 12:01:02,345 - INFO - Successful seeds: 3/3
2025-09-07 12:01:02,345 - INFO - Failed seeds: 0/3
2025-09-07 12:01:02,345 - INFO - Successful: [1001, 1002, 1003]
2025-09-07 12:01:02,346 - INFO - 
====================================================================================================
2025-09-07 12:01:02,346 - INFO - COMPREHENSIVE EXPERIMENT SUMMARY
2025-09-07 12:01:02,346 - INFO - ====================================================================================================
2025-09-07 12:01:02,347 - INFO - 
====================================================================================================
2025-09-07 12:01:02,347 - INFO - COMPREHENSIVE RESULTS ANALYSIS
2025-09-07 12:01:02,347 - INFO - ====================================================================================================
2025-09-07 12:01:02,347 - INFO - 📊 Analysis Summary:
2025-09-07 12:01:02,347 - INFO -   - Total seeds: 3
2025-09-07 12:01:02,347 - INFO -   - Successful runs: 0
2025-09-07 12:01:02,347 - INFO -   - Failed runs: 3
2025-09-07 12:01:02,347 - INFO -   - Reconstructed results: 0
2025-09-07 12:01:02,347 - INFO -   - Baseline results: 0
2025-09-07 12:01:02,347 - INFO -   - Failed seed numbers: [1001, 1002, 1003]
2025-09-07 12:01:02,347 - ERROR - ❌ No valid results to analyze!
2025-09-07 12:01:02,347 - INFO - 
====================================================================================================
2025-09-07 12:01:02,347 - INFO - 🎉 ALL EXPERIMENTS COMPLETED!
2025-09-07 12:01:02,347 - INFO - ====================================================================================================
2025-09-07 12:01:02,347 - INFO - Successful seeds: [1001, 1002, 1003]
2025-09-07 12:01:02,347 - INFO - Failed seeds: []
2025-09-07 12:01:02,347 - INFO - Results saved to: ./experiment_results/swin_tiny_w4_a4_20250907_031057
2025-09-07 12:01:02,347 - INFO - ====================================================================================================
