2025-09-07 17:56:25,097 - INFO - Starting multi-seed experiment
2025-09-07 17:56:25,097 - INFO - Architecture: deit_small
2025-09-07 17:56:25,097 - INFO - Weight bits: 2
2025-09-07 17:56:25,097 - INFO - Activation bits: 4
2025-09-07 17:56:25,097 - INFO - Seeds: [1001, 1002, 1003]
2025-09-07 17:56:25,097 - INFO - Alpha values: [0.5]
2025-09-07 17:56:25,098 - INFO - Cluster numbers: [1, 8, 16, 24, 32, 40, 48, 56, 64, 72, 80, 88, 96, 104, 112, 120, 128, 136, 144, 152, 160, 168, 176, 184, 192, 200, 208, 216, 224, 232, 240, 248, 256]
2025-09-07 17:56:25,098 - INFO - PCA dimensions: [50]
2025-09-07 17:56:25,098 - INFO - Output directory: ./experiment_results/deit_small_w2_a4_20250907_175625
2025-09-07 17:56:25,098 - INFO - Checking basic requirements...
2025-09-07 17:56:25,099 - INFO - Basic checks passed
2025-09-07 17:56:25,099 - INFO - 
Starting experiments for 3 seeds...
2025-09-07 17:56:25,099 - INFO - Total parameter combinations: 33
2025-09-07 17:56:25,099 - INFO - Total experiments: 99
2025-09-07 17:56:25,099 - INFO - 
============================================================
2025-09-07 17:56:25,099 - INFO - Running experiment 1/3 for seed 1001
2025-09-07 17:56:25,099 - INFO - ============================================================
2025-09-07 17:56:25,099 - INFO - Running experiment for seed 1001
2025-09-07 17:56:25,099 - INFO - Command: /home/alz07xz/project/PD-Quant/pd_quant/bin/python ../test_quant.py --model deit_small --w_bit 2 --a_bit 4 --seed 1001 --config ./../configs/4bit/best.py --dataset /home/alz07xz/imagenet --calib-size 1000 --calib-batch-size 32 --val-batch-size 500 --num-workers 8 --device cuda --alpha-list 0.5 --num-clusters-list 1 8 16 24 32 40 48 56 64 72 80 88 96 104 112 120 128 136 144 152 160 168 176 184 192 200 208 216 224 232 240 248 256 --pca-dim-list 50 --calibrate --optimize
2025-09-07 17:56:25,099 - INFO - Working directory: /home/alz07xz/project/APHQ_CAT/ablate_clusters
2025-09-07 20:37:37,647 - INFO - Experiment for seed 1001 completed in 9672.55 seconds
2025-09-07 20:37:37,649 - INFO - SUCCESS: Experiment for seed 1001 completed successfully
2025-09-07 20:37:37,653 - INFO - Looking for results in: ./checkpoint/quant_result/20250907_2036
2025-09-07 20:37:37,653 - INFO - Parsed 0 reconstructed results from log file for seed 1001
2025-09-07 20:37:37,653 - INFO - Parsed 0 baseline results from log file for seed 1001
2025-09-07 20:37:37,653 - INFO - Seed 1001 completed successfully
2025-09-07 20:37:37,653 - INFO - Sleeping for 0.5 seconds before next seed...
2025-09-07 20:37:38,154 - INFO - 
============================================================
2025-09-07 20:37:38,154 - INFO - Running experiment 2/3 for seed 1002
2025-09-07 20:37:38,154 - INFO - ============================================================
2025-09-07 20:37:38,154 - INFO - Running experiment for seed 1002
2025-09-07 20:37:38,155 - INFO - Command: /home/alz07xz/project/PD-Quant/pd_quant/bin/python ../test_quant.py --model deit_small --w_bit 2 --a_bit 4 --seed 1002 --config ./../configs/4bit/best.py --dataset /home/alz07xz/imagenet --calib-size 1000 --calib-batch-size 32 --val-batch-size 500 --num-workers 8 --device cuda --alpha-list 0.5 --num-clusters-list 1 8 16 24 32 40 48 56 64 72 80 88 96 104 112 120 128 136 144 152 160 168 176 184 192 200 208 216 224 232 240 248 256 --pca-dim-list 50 --calibrate --optimize
2025-09-07 20:37:38,155 - INFO - Working directory: /home/alz07xz/project/APHQ_CAT/ablate_clusters
2025-09-07 23:18:44,091 - INFO - Experiment for seed 1002 completed in 9665.94 seconds
2025-09-07 23:18:44,093 - INFO - SUCCESS: Experiment for seed 1002 completed successfully
2025-09-07 23:18:44,097 - INFO - Looking for results in: ./checkpoint/quant_result/20250907_2158
2025-09-07 23:18:44,102 - INFO - Parsed 0 reconstructed results from log file for seed 1002
2025-09-07 23:18:44,102 - INFO - Parsed 0 baseline results from log file for seed 1002
2025-09-07 23:18:44,102 - INFO - Seed 1002 completed successfully
2025-09-07 23:18:44,102 - INFO - Sleeping for 0.5 seconds before next seed...
2025-09-07 23:18:44,602 - INFO - 
============================================================
2025-09-07 23:18:44,603 - INFO - Running experiment 3/3 for seed 1003
2025-09-07 23:18:44,603 - INFO - ============================================================
2025-09-07 23:18:44,603 - INFO - Running experiment for seed 1003
2025-09-07 23:18:44,604 - INFO - Command: /home/alz07xz/project/PD-Quant/pd_quant/bin/python ../test_quant.py --model deit_small --w_bit 2 --a_bit 4 --seed 1003 --config ./../configs/4bit/best.py --dataset /home/alz07xz/imagenet --calib-size 1000 --calib-batch-size 32 --val-batch-size 500 --num-workers 8 --device cuda --alpha-list 0.5 --num-clusters-list 1 8 16 24 32 40 48 56 64 72 80 88 96 104 112 120 128 136 144 152 160 168 176 184 192 200 208 216 224 232 240 248 256 --pca-dim-list 50 --calibrate --optimize
2025-09-07 23:18:44,604 - INFO - Working directory: /home/alz07xz/project/APHQ_CAT/ablate_clusters
2025-09-08 01:58:58,606 - INFO - Experiment for seed 1003 completed in 9614.00 seconds
2025-09-08 01:58:58,608 - INFO - SUCCESS: Experiment for seed 1003 completed successfully
2025-09-08 01:58:58,612 - INFO - Looking for results in: ./checkpoint/quant_result/20250907_2025
2025-09-08 01:58:58,698 - INFO - Parsed 0 reconstructed results from log file for seed 1003
2025-09-08 01:58:58,698 - INFO - Parsed 0 baseline results from log file for seed 1003
2025-09-08 01:58:58,698 - INFO - Seed 1003 completed successfully
2025-09-08 01:58:58,698 - INFO - 
============================================================
2025-09-08 01:58:58,698 - INFO - EXPERIMENT SUMMARY
2025-09-08 01:58:58,698 - INFO - ============================================================
2025-09-08 01:58:58,699 - INFO - Successful seeds: 3/3
2025-09-08 01:58:58,699 - INFO - Failed seeds: 0/3
2025-09-08 01:58:58,699 - INFO - Successful: [1001, 1002, 1003]
2025-09-08 01:58:58,700 - INFO - 
====================================================================================================
2025-09-08 01:58:58,700 - INFO - COMPREHENSIVE EXPERIMENT SUMMARY
2025-09-08 01:58:58,700 - INFO - ====================================================================================================
2025-09-08 01:58:58,700 - INFO - 
====================================================================================================
2025-09-08 01:58:58,701 - INFO - COMPREHENSIVE RESULTS ANALYSIS
2025-09-08 01:58:58,701 - INFO - ====================================================================================================
2025-09-08 01:58:58,701 - INFO - 📊 Analysis Summary:
2025-09-08 01:58:58,701 - INFO -   - Total seeds: 3
2025-09-08 01:58:58,701 - INFO -   - Successful runs: 0
2025-09-08 01:58:58,701 - INFO -   - Failed runs: 3
2025-09-08 01:58:58,701 - INFO -   - Reconstructed results: 0
2025-09-08 01:58:58,701 - INFO -   - Baseline results: 0
2025-09-08 01:58:58,701 - INFO -   - Failed seed numbers: [1001, 1002, 1003]
2025-09-08 01:58:58,701 - ERROR - ❌ No valid results to analyze!
2025-09-08 01:58:58,701 - INFO - 
====================================================================================================
2025-09-08 01:58:58,701 - INFO - 🎉 ALL EXPERIMENTS COMPLETED!
2025-09-08 01:58:58,701 - INFO - ====================================================================================================
2025-09-08 01:58:58,701 - INFO - Successful seeds: [1001, 1002, 1003]
2025-09-08 01:58:58,701 - INFO - Failed seeds: []
2025-09-08 01:58:58,701 - INFO - Results saved to: ./experiment_results/deit_small_w2_a4_20250907_175625
2025-09-08 01:58:58,701 - INFO - ====================================================================================================
