2025-09-07 18:08:26,869 - INFO - Starting multi-seed experiment
2025-09-07 18:08:26,869 - INFO - Architecture: swin_base
2025-09-07 18:08:26,869 - INFO - Weight bits: 2
2025-09-07 18:08:26,869 - INFO - Activation bits: 2
2025-09-07 18:08:26,869 - INFO - Seeds: [1001, 1002, 1003]
2025-09-07 18:08:26,869 - INFO - Alpha values: [0.5]
2025-09-07 18:08:26,870 - INFO - Cluster numbers: [1, 8, 16, 24, 32, 40, 48, 56, 64, 72, 80, 88, 96, 104, 112, 120, 128, 136, 144, 152, 160, 168, 176, 184, 192, 200, 208, 216, 224, 232, 240, 248, 256]
2025-09-07 18:08:26,870 - INFO - PCA dimensions: [50]
2025-09-07 18:08:26,870 - INFO - Output directory: ./experiment_results/swin_base_w2_a2_20250907_180826
2025-09-07 18:08:26,870 - INFO - Checking basic requirements...
2025-09-07 18:08:26,871 - INFO - Basic checks passed
2025-09-07 18:08:26,871 - INFO - 
Starting experiments for 3 seeds...
2025-09-07 18:08:26,871 - INFO - Total parameter combinations: 33
2025-09-07 18:08:26,871 - INFO - Total experiments: 99
2025-09-07 18:08:26,871 - INFO - 
============================================================
2025-09-07 18:08:26,871 - INFO - Running experiment 1/3 for seed 1001
2025-09-07 18:08:26,871 - INFO - ============================================================
2025-09-07 18:08:26,871 - INFO - Running experiment for seed 1001
2025-09-07 18:08:26,871 - INFO - Command: /home/alz07xz/project/PD-Quant/pd_quant/bin/python ../test_quant.py --model swin_base --w_bit 2 --a_bit 2 --seed 1001 --config ./../configs/4bit/best.py --dataset /home/alz07xz/imagenet --calib-size 1000 --calib-batch-size 32 --val-batch-size 500 --num-workers 8 --device cuda --alpha-list 0.5 --num-clusters-list 1 8 16 24 32 40 48 56 64 72 80 88 96 104 112 120 128 136 144 152 160 168 176 184 192 200 208 216 224 232 240 248 256 --pca-dim-list 50 --calibrate --optimize
2025-09-07 18:08:26,871 - INFO - Working directory: /home/alz07xz/project/APHQ_CAT/ablate_clusters
2025-09-08 02:21:47,100 - INFO - Experiment for seed 1001 completed in 29600.23 seconds
2025-09-08 02:21:47,102 - INFO - SUCCESS: Experiment for seed 1001 completed successfully
2025-09-08 02:21:47,105 - INFO - Looking for results in: ./checkpoint/quant_result/20250907_2349
2025-09-08 02:21:47,106 - INFO - Parsed 0 reconstructed results from log file for seed 1001
2025-09-08 02:21:47,106 - INFO - Parsed 0 baseline results from log file for seed 1001
2025-09-08 02:21:47,106 - INFO - Seed 1001 completed successfully
2025-09-08 02:21:47,106 - INFO - Sleeping for 0.5 seconds before next seed...
2025-09-08 02:21:47,606 - INFO - 
============================================================
2025-09-08 02:21:47,606 - INFO - Running experiment 2/3 for seed 1002
2025-09-08 02:21:47,606 - INFO - ============================================================
2025-09-08 02:21:47,608 - INFO - Running experiment for seed 1002
2025-09-08 02:21:47,608 - INFO - Command: /home/alz07xz/project/PD-Quant/pd_quant/bin/python ../test_quant.py --model swin_base --w_bit 2 --a_bit 2 --seed 1002 --config ./../configs/4bit/best.py --dataset /home/alz07xz/imagenet --calib-size 1000 --calib-batch-size 32 --val-batch-size 500 --num-workers 8 --device cuda --alpha-list 0.5 --num-clusters-list 1 8 16 24 32 40 48 56 64 72 80 88 96 104 112 120 128 136 144 152 160 168 176 184 192 200 208 216 224 232 240 248 256 --pca-dim-list 50 --calibrate --optimize
2025-09-08 02:21:47,608 - INFO - Working directory: /home/alz07xz/project/APHQ_CAT/ablate_clusters
