2025-09-07 18:01:58,183 - INFO - Starting multi-seed experiment
2025-09-07 18:01:58,183 - INFO - Architecture: deit_tiny
2025-09-07 18:01:58,183 - INFO - Weight bits: 4
2025-09-07 18:01:58,183 - INFO - Activation bits: 2
2025-09-07 18:01:58,183 - INFO - Seeds: [1001, 1002, 1003]
2025-09-07 18:01:58,183 - INFO - Alpha values: [0.5]
2025-09-07 18:01:58,183 - INFO - Cluster numbers: [1, 8, 16, 24, 32, 40, 48, 56, 64, 72, 80, 88, 96, 104, 112, 120, 128, 136, 144, 152, 160, 168, 176, 184, 192, 200, 208, 216, 224, 232, 240, 248, 256]
2025-09-07 18:01:58,183 - INFO - PCA dimensions: [50]
2025-09-07 18:01:58,183 - INFO - Output directory: ./experiment_results/deit_tiny_w4_a2_20250907_180158
2025-09-07 18:01:58,183 - INFO - Checking basic requirements...
2025-09-07 18:01:58,184 - INFO - Basic checks passed
2025-09-07 18:01:58,184 - INFO - 
Starting experiments for 3 seeds...
2025-09-07 18:01:58,184 - INFO - Total parameter combinations: 33
2025-09-07 18:01:58,184 - INFO - Total experiments: 99
2025-09-07 18:01:58,184 - INFO - 
============================================================
2025-09-07 18:01:58,184 - INFO - Running experiment 1/3 for seed 1001
2025-09-07 18:01:58,185 - INFO - ============================================================
2025-09-07 18:01:58,185 - INFO - Running experiment for seed 1001
2025-09-07 18:01:58,185 - INFO - Command: /home/alz07xz/project/PD-Quant/pd_quant/bin/python ../test_quant.py --model deit_tiny --w_bit 4 --a_bit 2 --seed 1001 --config ./../configs/4bit/best.py --dataset /home/alz07xz/imagenet --calib-size 1000 --calib-batch-size 32 --val-batch-size 500 --num-workers 8 --device cuda --alpha-list 0.5 --num-clusters-list 1 8 16 24 32 40 48 56 64 72 80 88 96 104 112 120 128 136 144 152 160 168 176 184 192 200 208 216 224 232 240 248 256 --pca-dim-list 50 --calibrate --optimize
2025-09-07 18:01:58,185 - INFO - Working directory: /home/alz07xz/project/APHQ_CAT/ablate_clusters
2025-09-07 19:57:10,174 - INFO - Experiment for seed 1001 completed in 6911.99 seconds
2025-09-07 19:57:10,259 - INFO - SUCCESS: Experiment for seed 1001 completed successfully
2025-09-07 19:57:10,260 - INFO - Looking for results in: ./checkpoint/quant_result/20250907_1957
2025-09-07 19:57:10,260 - INFO - Parsed 0 reconstructed results from log file for seed 1001
2025-09-07 19:57:10,261 - INFO - Parsed 0 baseline results from log file for seed 1001
2025-09-07 19:57:10,261 - INFO - Seed 1001 completed successfully
2025-09-07 19:57:10,261 - INFO - Sleeping for 0.5 seconds before next seed...
2025-09-07 19:57:10,761 - INFO - 
============================================================
2025-09-07 19:57:10,761 - INFO - Running experiment 2/3 for seed 1002
2025-09-07 19:57:10,761 - INFO - ============================================================
2025-09-07 19:57:10,763 - INFO - Running experiment for seed 1002
2025-09-07 19:57:10,763 - INFO - Command: /home/alz07xz/project/PD-Quant/pd_quant/bin/python ../test_quant.py --model deit_tiny --w_bit 4 --a_bit 2 --seed 1002 --config ./../configs/4bit/best.py --dataset /home/alz07xz/imagenet --calib-size 1000 --calib-batch-size 32 --val-batch-size 500 --num-workers 8 --device cuda --alpha-list 0.5 --num-clusters-list 1 8 16 24 32 40 48 56 64 72 80 88 96 104 112 120 128 136 144 152 160 168 176 184 192 200 208 216 224 232 240 248 256 --pca-dim-list 50 --calibrate --optimize
2025-09-07 19:57:10,764 - INFO - Working directory: /home/alz07xz/project/APHQ_CAT/ablate_clusters
2025-09-07 21:52:35,313 - INFO - Experiment for seed 1002 completed in 6924.55 seconds
2025-09-07 21:52:35,316 - INFO - SUCCESS: Experiment for seed 1002 completed successfully
2025-09-07 21:52:35,316 - INFO - Looking for results in: ./checkpoint/quant_result/20250907_2150
2025-09-07 21:52:35,318 - INFO - Parsed 0 reconstructed results from log file for seed 1002
2025-09-07 21:52:35,319 - INFO - Parsed 0 baseline results from log file for seed 1002
2025-09-07 21:52:35,319 - INFO - Seed 1002 completed successfully
2025-09-07 21:52:35,319 - INFO - Sleeping for 0.5 seconds before next seed...
2025-09-07 21:52:35,819 - INFO - 
============================================================
2025-09-07 21:52:35,819 - INFO - Running experiment 3/3 for seed 1003
2025-09-07 21:52:35,819 - INFO - ============================================================
2025-09-07 21:52:35,820 - INFO - Running experiment for seed 1003
2025-09-07 21:52:35,820 - INFO - Command: /home/alz07xz/project/PD-Quant/pd_quant/bin/python ../test_quant.py --model deit_tiny --w_bit 4 --a_bit 2 --seed 1003 --config ./../configs/4bit/best.py --dataset /home/alz07xz/imagenet --calib-size 1000 --calib-batch-size 32 --val-batch-size 500 --num-workers 8 --device cuda --alpha-list 0.5 --num-clusters-list 1 8 16 24 32 40 48 56 64 72 80 88 96 104 112 120 128 136 144 152 160 168 176 184 192 200 208 216 224 232 240 248 256 --pca-dim-list 50 --calibrate --optimize
2025-09-07 21:52:35,820 - INFO - Working directory: /home/alz07xz/project/APHQ_CAT/ablate_clusters
2025-09-07 23:47:26,654 - INFO - Experiment for seed 1003 completed in 6890.83 seconds
2025-09-07 23:47:26,655 - INFO - SUCCESS: Experiment for seed 1003 completed successfully
2025-09-07 23:47:26,657 - INFO - Looking for results in: ./checkpoint/quant_result/20250907_2346
2025-09-07 23:47:26,659 - INFO - Parsed 0 reconstructed results from log file for seed 1003
2025-09-07 23:47:26,659 - INFO - Parsed 0 baseline results from log file for seed 1003
2025-09-07 23:47:26,659 - INFO - Seed 1003 completed successfully
2025-09-07 23:47:26,659 - INFO - 
============================================================
2025-09-07 23:47:26,659 - INFO - EXPERIMENT SUMMARY
2025-09-07 23:47:26,659 - INFO - ============================================================
2025-09-07 23:47:26,659 - INFO - Successful seeds: 3/3
2025-09-07 23:47:26,659 - INFO - Failed seeds: 0/3
2025-09-07 23:47:26,659 - INFO - Successful: [1001, 1002, 1003]
2025-09-07 23:47:26,660 - INFO - 
====================================================================================================
2025-09-07 23:47:26,660 - INFO - COMPREHENSIVE EXPERIMENT SUMMARY
2025-09-07 23:47:26,661 - INFO - ====================================================================================================
2025-09-07 23:47:26,661 - INFO - 
====================================================================================================
2025-09-07 23:47:26,661 - INFO - COMPREHENSIVE RESULTS ANALYSIS
2025-09-07 23:47:26,661 - INFO - ====================================================================================================
2025-09-07 23:47:26,661 - INFO - 📊 Analysis Summary:
2025-09-07 23:47:26,661 - INFO -   - Total seeds: 3
2025-09-07 23:47:26,661 - INFO -   - Successful runs: 0
2025-09-07 23:47:26,661 - INFO -   - Failed runs: 3
2025-09-07 23:47:26,661 - INFO -   - Reconstructed results: 0
2025-09-07 23:47:26,661 - INFO -   - Baseline results: 0
2025-09-07 23:47:26,661 - INFO -   - Failed seed numbers: [1001, 1002, 1003]
2025-09-07 23:47:26,661 - ERROR - ❌ No valid results to analyze!
2025-09-07 23:47:26,661 - INFO - 
====================================================================================================
2025-09-07 23:47:26,661 - INFO - 🎉 ALL EXPERIMENTS COMPLETED!
2025-09-07 23:47:26,661 - INFO - ====================================================================================================
2025-09-07 23:47:26,661 - INFO - Successful seeds: [1001, 1002, 1003]
2025-09-07 23:47:26,661 - INFO - Failed seeds: []
2025-09-07 23:47:26,661 - INFO - Results saved to: ./experiment_results/deit_tiny_w4_a2_20250907_180158
2025-09-07 23:47:26,661 - INFO - ====================================================================================================
