2025-09-06 21:29:18,434 - INFO - Starting multi-seed experiment
2025-09-06 21:29:18,434 - INFO - Architecture: deit_tiny
2025-09-06 21:29:18,434 - INFO - Weight bits: 2
2025-09-06 21:29:18,434 - INFO - Activation bits: 4
2025-09-06 21:29:18,434 - INFO - Seeds: [1001, 1002, 1003]
2025-09-06 21:29:18,434 - INFO - Alpha values: [0.1, 0.2, 0.3, 0.4, 0.5, 0.6, 0.7, 0.8, 0.9, 1.0]
2025-09-06 21:29:18,434 - INFO - Cluster numbers: [64]
2025-09-06 21:29:18,434 - INFO - PCA dimensions: [50]
2025-09-06 21:29:18,435 - INFO - Output directory: ./experiment_results/deit_tiny_w2_a4_20250906_212918
2025-09-06 21:29:18,435 - INFO - Checking basic requirements...
2025-09-06 21:29:18,436 - INFO - Basic checks passed
2025-09-06 21:29:18,436 - INFO - 
Starting experiments for 3 seeds...
2025-09-06 21:29:18,436 - INFO - Total parameter combinations: 10
2025-09-06 21:29:18,436 - INFO - Total experiments: 30
2025-09-06 21:29:18,436 - INFO - 
============================================================
2025-09-06 21:29:18,436 - INFO - Running experiment 1/3 for seed 1001
2025-09-06 21:29:18,436 - INFO - ============================================================
2025-09-06 21:29:18,436 - INFO - Running experiment for seed 1001
2025-09-06 21:29:18,436 - INFO - Command: /home/alz07xz/project/PD-Quant/pd_quant/bin/python ../test_quant.py --model deit_tiny --w_bit 2 --a_bit 4 --seed 1001 --config ./../configs/4bit/best.py --dataset /home/alz07xz/imagenet --calib-size 1000 --calib-batch-size 32 --val-batch-size 500 --num-workers 8 --device cuda --alpha-list 0.1 0.2 0.3 0.4 0.5 0.6 0.7 0.8 0.9 1.0 --num-clusters-list 64 --pca-dim-list 50 --calibrate --optimize
2025-09-06 21:29:18,436 - INFO - Working directory: /home/alz07xz/project/APHQ_CAT/ablate_alpha
2025-09-06 23:02:41,857 - INFO - Experiment for seed 1001 completed in 5603.42 seconds
2025-09-06 23:02:41,859 - INFO - SUCCESS: Experiment for seed 1001 completed successfully
2025-09-06 23:02:41,863 - INFO - Looking for results in: ./checkpoint/quant_result/20250906_2258
2025-09-06 23:02:41,866 - INFO - Parsed 0 reconstructed results from log file for seed 1001
2025-09-06 23:02:41,866 - INFO - Parsed 0 baseline results from log file for seed 1001
2025-09-06 23:02:41,866 - INFO - Seed 1001 completed successfully
2025-09-06 23:02:41,866 - INFO - Sleeping for 0.5 seconds before next seed...
2025-09-06 23:02:42,366 - INFO - 
============================================================
2025-09-06 23:02:42,367 - INFO - Running experiment 2/3 for seed 1002
2025-09-06 23:02:42,367 - INFO - ============================================================
2025-09-06 23:02:42,368 - INFO - Running experiment for seed 1002
2025-09-06 23:02:42,368 - INFO - Command: /home/alz07xz/project/PD-Quant/pd_quant/bin/python ../test_quant.py --model deit_tiny --w_bit 2 --a_bit 4 --seed 1002 --config ./../configs/4bit/best.py --dataset /home/alz07xz/imagenet --calib-size 1000 --calib-batch-size 32 --val-batch-size 500 --num-workers 8 --device cuda --alpha-list 0.1 0.2 0.3 0.4 0.5 0.6 0.7 0.8 0.9 1.0 --num-clusters-list 64 --pca-dim-list 50 --calibrate --optimize
2025-09-06 23:02:42,368 - INFO - Working directory: /home/alz07xz/project/APHQ_CAT/ablate_alpha
2025-09-07 00:36:24,299 - INFO - Experiment for seed 1002 completed in 5621.93 seconds
2025-09-07 00:36:24,300 - INFO - SUCCESS: Experiment for seed 1002 completed successfully
2025-09-07 00:36:24,304 - INFO - Looking for results in: ./checkpoint/quant_result/20250907_0029
2025-09-07 00:36:24,305 - INFO - Parsed 0 reconstructed results from log file for seed 1002
2025-09-07 00:36:24,305 - INFO - Parsed 0 baseline results from log file for seed 1002
2025-09-07 00:36:24,305 - INFO - Seed 1002 completed successfully
2025-09-07 00:36:24,305 - INFO - Sleeping for 0.5 seconds before next seed...
2025-09-07 00:36:24,806 - INFO - 
============================================================
2025-09-07 00:36:24,806 - INFO - Running experiment 3/3 for seed 1003
2025-09-07 00:36:24,806 - INFO - ============================================================
2025-09-07 00:36:24,807 - INFO - Running experiment for seed 1003
2025-09-07 00:36:24,807 - INFO - Command: /home/alz07xz/project/PD-Quant/pd_quant/bin/python ../test_quant.py --model deit_tiny --w_bit 2 --a_bit 4 --seed 1003 --config ./../configs/4bit/best.py --dataset /home/alz07xz/imagenet --calib-size 1000 --calib-batch-size 32 --val-batch-size 500 --num-workers 8 --device cuda --alpha-list 0.1 0.2 0.3 0.4 0.5 0.6 0.7 0.8 0.9 1.0 --num-clusters-list 64 --pca-dim-list 50 --calibrate --optimize
2025-09-07 00:36:24,807 - INFO - Working directory: /home/alz07xz/project/APHQ_CAT/ablate_alpha
2025-09-07 02:10:08,800 - INFO - Experiment for seed 1003 completed in 5623.99 seconds
2025-09-07 02:10:08,805 - INFO - SUCCESS: Experiment for seed 1003 completed successfully
2025-09-07 02:10:08,826 - INFO - Looking for results in: ./checkpoint/quant_result/20250907_0210
2025-09-07 02:10:08,831 - INFO - Parsed 0 reconstructed results from log file for seed 1003
2025-09-07 02:10:08,831 - INFO - Parsed 0 baseline results from log file for seed 1003
2025-09-07 02:10:08,831 - INFO - Seed 1003 completed successfully
2025-09-07 02:10:08,831 - INFO - 
============================================================
2025-09-07 02:10:08,831 - INFO - EXPERIMENT SUMMARY
2025-09-07 02:10:08,831 - INFO - ============================================================
2025-09-07 02:10:08,831 - INFO - Successful seeds: 3/3
2025-09-07 02:10:08,831 - INFO - Failed seeds: 0/3
2025-09-07 02:10:08,831 - INFO - Successful: [1001, 1002, 1003]
2025-09-07 02:10:08,836 - INFO - 
====================================================================================================
2025-09-07 02:10:08,836 - INFO - COMPREHENSIVE EXPERIMENT SUMMARY
2025-09-07 02:10:08,836 - INFO - ====================================================================================================
2025-09-07 02:10:08,836 - INFO - 
====================================================================================================
2025-09-07 02:10:08,836 - INFO - COMPREHENSIVE RESULTS ANALYSIS
2025-09-07 02:10:08,836 - INFO - ====================================================================================================
2025-09-07 02:10:08,836 - INFO - 📊 Analysis Summary:
2025-09-07 02:10:08,836 - INFO -   - Total seeds: 3
2025-09-07 02:10:08,836 - INFO -   - Successful runs: 0
2025-09-07 02:10:08,836 - INFO -   - Failed runs: 3
2025-09-07 02:10:08,836 - INFO -   - Reconstructed results: 0
2025-09-07 02:10:08,836 - INFO -   - Baseline results: 0
2025-09-07 02:10:08,836 - INFO -   - Failed seed numbers: [1001, 1002, 1003]
2025-09-07 02:10:08,836 - ERROR - ❌ No valid results to analyze!
2025-09-07 02:10:08,836 - INFO - 
====================================================================================================
2025-09-07 02:10:08,836 - INFO - 🎉 ALL EXPERIMENTS COMPLETED!
2025-09-07 02:10:08,836 - INFO - ====================================================================================================
2025-09-07 02:10:08,836 - INFO - Successful seeds: [1001, 1002, 1003]
2025-09-07 02:10:08,836 - INFO - Failed seeds: []
2025-09-07 02:10:08,836 - INFO - Results saved to: ./experiment_results/deit_tiny_w2_a4_20250906_212918
2025-09-07 02:10:08,836 - INFO - ====================================================================================================
