2025-09-07 12:00:59,379 - INFO - Starting multi-seed experiment
2025-09-07 12:00:59,379 - INFO - Architecture: vit_small
2025-09-07 12:00:59,379 - INFO - Weight bits: 2
2025-09-07 12:00:59,379 - INFO - Activation bits: 2
2025-09-07 12:00:59,380 - INFO - Seeds: [1001, 1002, 1003]
2025-09-07 12:00:59,380 - INFO - Alpha values: [0.1, 0.2, 0.3, 0.4, 0.5, 0.6, 0.7, 0.8, 0.9, 1.0]
2025-09-07 12:00:59,380 - INFO - Cluster numbers: [64]
2025-09-07 12:00:59,380 - INFO - PCA dimensions: [50]
2025-09-07 12:00:59,380 - INFO - Output directory: ./experiment_results/vit_small_w2_a2_20250907_120059
2025-09-07 12:00:59,380 - INFO - Checking basic requirements...
2025-09-07 12:00:59,381 - INFO - Basic checks passed
2025-09-07 12:00:59,381 - INFO - 
Starting experiments for 3 seeds...
2025-09-07 12:00:59,381 - INFO - Total parameter combinations: 10
2025-09-07 12:00:59,381 - INFO - Total experiments: 30
2025-09-07 12:00:59,381 - INFO - 
============================================================
2025-09-07 12:00:59,381 - INFO - Running experiment 1/3 for seed 1001
2025-09-07 12:00:59,381 - INFO - ============================================================
2025-09-07 12:00:59,381 - INFO - Running experiment for seed 1001
2025-09-07 12:00:59,381 - INFO - Command: /home/alz07xz/project/PD-Quant/pd_quant/bin/python ../test_quant.py --model vit_small --w_bit 2 --a_bit 2 --seed 1001 --config ./../configs/4bit/best.py --dataset /home/alz07xz/imagenet --calib-size 1000 --calib-batch-size 32 --val-batch-size 500 --num-workers 8 --device cuda --alpha-list 0.1 0.2 0.3 0.4 0.5 0.6 0.7 0.8 0.9 1.0 --num-clusters-list 64 --pca-dim-list 50 --calibrate --optimize
2025-09-07 12:00:59,381 - INFO - Working directory: /home/alz07xz/project/APHQ_CAT/ablate_alpha
2025-09-07 14:01:13,545 - INFO - Experiment for seed 1001 completed in 7214.16 seconds
2025-09-07 14:01:13,547 - INFO - SUCCESS: Experiment for seed 1001 completed successfully
2025-09-07 14:01:13,554 - INFO - Looking for results in: ./checkpoint/quant_result/20250907_1206
2025-09-07 14:01:13,559 - INFO - Parsed 0 reconstructed results from log file for seed 1001
2025-09-07 14:01:13,559 - INFO - Parsed 0 baseline results from log file for seed 1001
2025-09-07 14:01:13,559 - INFO - Seed 1001 completed successfully
2025-09-07 14:01:13,559 - INFO - Sleeping for 0.5 seconds before next seed...
2025-09-07 14:01:14,059 - INFO - 
============================================================
2025-09-07 14:01:14,059 - INFO - Running experiment 2/3 for seed 1002
2025-09-07 14:01:14,059 - INFO - ============================================================
2025-09-07 14:01:14,060 - INFO - Running experiment for seed 1002
2025-09-07 14:01:14,060 - INFO - Command: /home/alz07xz/project/PD-Quant/pd_quant/bin/python ../test_quant.py --model vit_small --w_bit 2 --a_bit 2 --seed 1002 --config ./../configs/4bit/best.py --dataset /home/alz07xz/imagenet --calib-size 1000 --calib-batch-size 32 --val-batch-size 500 --num-workers 8 --device cuda --alpha-list 0.1 0.2 0.3 0.4 0.5 0.6 0.7 0.8 0.9 1.0 --num-clusters-list 64 --pca-dim-list 50 --calibrate --optimize
2025-09-07 14:01:14,061 - INFO - Working directory: /home/alz07xz/project/APHQ_CAT/ablate_alpha
2025-09-07 16:00:19,107 - INFO - Experiment for seed 1002 completed in 7145.05 seconds
2025-09-07 16:00:19,109 - INFO - SUCCESS: Experiment for seed 1002 completed successfully
2025-09-07 16:00:19,113 - INFO - Looking for results in: ./checkpoint/quant_result/20250907_1553
2025-09-07 16:00:19,113 - INFO - Parsed 0 reconstructed results from log file for seed 1002
2025-09-07 16:00:19,113 - INFO - Parsed 0 baseline results from log file for seed 1002
2025-09-07 16:00:19,113 - INFO - Seed 1002 completed successfully
2025-09-07 16:00:19,113 - INFO - Sleeping for 0.5 seconds before next seed...
2025-09-07 16:00:19,613 - INFO - 
============================================================
2025-09-07 16:00:19,614 - INFO - Running experiment 3/3 for seed 1003
2025-09-07 16:00:19,614 - INFO - ============================================================
2025-09-07 16:00:19,614 - INFO - Running experiment for seed 1003
2025-09-07 16:00:19,614 - INFO - Command: /home/alz07xz/project/PD-Quant/pd_quant/bin/python ../test_quant.py --model vit_small --w_bit 2 --a_bit 2 --seed 1003 --config ./../configs/4bit/best.py --dataset /home/alz07xz/imagenet --calib-size 1000 --calib-batch-size 32 --val-batch-size 500 --num-workers 8 --device cuda --alpha-list 0.1 0.2 0.3 0.4 0.5 0.6 0.7 0.8 0.9 1.0 --num-clusters-list 64 --pca-dim-list 50 --calibrate --optimize
2025-09-07 16:00:19,615 - INFO - Working directory: /home/alz07xz/project/APHQ_CAT/ablate_alpha
2025-09-07 17:58:52,879 - INFO - Experiment for seed 1003 completed in 7113.26 seconds
2025-09-07 17:58:52,886 - INFO - SUCCESS: Experiment for seed 1003 completed successfully
2025-09-07 17:58:52,891 - INFO - Looking for results in: ./checkpoint/quant_result/20250907_1735
2025-09-07 17:58:52,911 - INFO - Parsed 0 reconstructed results from log file for seed 1003
2025-09-07 17:58:52,912 - INFO - Parsed 0 baseline results from log file for seed 1003
2025-09-07 17:58:52,912 - INFO - Seed 1003 completed successfully
2025-09-07 17:58:52,912 - INFO - 
============================================================
2025-09-07 17:58:52,912 - INFO - EXPERIMENT SUMMARY
2025-09-07 17:58:52,912 - INFO - ============================================================
2025-09-07 17:58:52,912 - INFO - Successful seeds: 3/3
2025-09-07 17:58:52,912 - INFO - Failed seeds: 0/3
2025-09-07 17:58:52,912 - INFO - Successful: [1001, 1002, 1003]
2025-09-07 17:58:52,913 - INFO - 
====================================================================================================
2025-09-07 17:58:52,913 - INFO - COMPREHENSIVE EXPERIMENT SUMMARY
2025-09-07 17:58:52,913 - INFO - ====================================================================================================
2025-09-07 17:58:52,914 - INFO - 
====================================================================================================
2025-09-07 17:58:52,914 - INFO - COMPREHENSIVE RESULTS ANALYSIS
2025-09-07 17:58:52,914 - INFO - ====================================================================================================
2025-09-07 17:58:52,914 - INFO - 📊 Analysis Summary:
2025-09-07 17:58:52,914 - INFO -   - Total seeds: 3
2025-09-07 17:58:52,914 - INFO -   - Successful runs: 0
2025-09-07 17:58:52,914 - INFO -   - Failed runs: 3
2025-09-07 17:58:52,914 - INFO -   - Reconstructed results: 0
2025-09-07 17:58:52,914 - INFO -   - Baseline results: 0
2025-09-07 17:58:52,914 - INFO -   - Failed seed numbers: [1001, 1002, 1003]
2025-09-07 17:58:52,914 - ERROR - ❌ No valid results to analyze!
2025-09-07 17:58:52,914 - INFO - 
====================================================================================================
2025-09-07 17:58:52,914 - INFO - 🎉 ALL EXPERIMENTS COMPLETED!
2025-09-07 17:58:52,914 - INFO - ====================================================================================================
2025-09-07 17:58:52,914 - INFO - Successful seeds: [1001, 1002, 1003]
2025-09-07 17:58:52,914 - INFO - Failed seeds: []
2025-09-07 17:58:52,914 - INFO - Results saved to: ./experiment_results/vit_small_w2_a2_20250907_120059
2025-09-07 17:58:52,914 - INFO - ====================================================================================================
