2025-09-07 07:09:11,046 - INFO - Starting multi-seed experiment
2025-09-07 07:09:11,046 - INFO - Architecture: vit_base
2025-09-07 07:09:11,046 - INFO - Weight bits: 2
2025-09-07 07:09:11,046 - INFO - Activation bits: 2
2025-09-07 07:09:11,046 - INFO - Seeds: [1001, 1002, 1003]
2025-09-07 07:09:11,046 - INFO - Alpha values: [0.1, 0.2, 0.3, 0.4, 0.5, 0.6, 0.7, 0.8, 0.9, 1.0]
2025-09-07 07:09:11,046 - INFO - Cluster numbers: [64]
2025-09-07 07:09:11,047 - INFO - PCA dimensions: [50]
2025-09-07 07:09:11,047 - INFO - Output directory: ./experiment_results/vit_base_w2_a2_20250907_070911
2025-09-07 07:09:11,047 - INFO - Checking basic requirements...
2025-09-07 07:09:11,047 - INFO - Basic checks passed
2025-09-07 07:09:11,047 - INFO - 
Starting experiments for 3 seeds...
2025-09-07 07:09:11,047 - INFO - Total parameter combinations: 10
2025-09-07 07:09:11,047 - INFO - Total experiments: 30
2025-09-07 07:09:11,047 - INFO - 
============================================================
2025-09-07 07:09:11,047 - INFO - Running experiment 1/3 for seed 1001
2025-09-07 07:09:11,047 - INFO - ============================================================
2025-09-07 07:09:11,048 - INFO - Running experiment for seed 1001
2025-09-07 07:09:11,048 - INFO - Command: /home/alz07xz/project/PD-Quant/pd_quant/bin/python ../test_quant.py --model vit_base --w_bit 2 --a_bit 2 --seed 1001 --config ./../configs/4bit/best.py --dataset /home/alz07xz/imagenet --calib-size 1000 --calib-batch-size 32 --val-batch-size 500 --num-workers 8 --device cuda --alpha-list 0.1 0.2 0.3 0.4 0.5 0.6 0.7 0.8 0.9 1.0 --num-clusters-list 64 --pca-dim-list 50 --calibrate --optimize
2025-09-07 07:09:11,048 - INFO - Working directory: /home/alz07xz/project/APHQ_CAT/ablate_alpha
2025-09-07 11:29:12,282 - INFO - Experiment for seed 1001 completed in 15601.23 seconds
2025-09-07 11:29:12,284 - INFO - SUCCESS: Experiment for seed 1001 completed successfully
2025-09-07 11:29:12,291 - INFO - Looking for results in: ./checkpoint/quant_result/20250907_1122
2025-09-07 11:29:12,293 - INFO - Parsed 0 reconstructed results from log file for seed 1001
2025-09-07 11:29:12,294 - INFO - Parsed 0 baseline results from log file for seed 1001
2025-09-07 11:29:12,294 - INFO - Seed 1001 completed successfully
2025-09-07 11:29:12,294 - INFO - Sleeping for 0.5 seconds before next seed...
2025-09-07 11:29:12,794 - INFO - 
============================================================
2025-09-07 11:29:12,794 - INFO - Running experiment 2/3 for seed 1002
2025-09-07 11:29:12,794 - INFO - ============================================================
2025-09-07 11:29:12,795 - INFO - Running experiment for seed 1002
2025-09-07 11:29:12,795 - INFO - Command: /home/alz07xz/project/PD-Quant/pd_quant/bin/python ../test_quant.py --model vit_base --w_bit 2 --a_bit 2 --seed 1002 --config ./../configs/4bit/best.py --dataset /home/alz07xz/imagenet --calib-size 1000 --calib-batch-size 32 --val-batch-size 500 --num-workers 8 --device cuda --alpha-list 0.1 0.2 0.3 0.4 0.5 0.6 0.7 0.8 0.9 1.0 --num-clusters-list 64 --pca-dim-list 50 --calibrate --optimize
2025-09-07 11:29:12,795 - INFO - Working directory: /home/alz07xz/project/APHQ_CAT/ablate_alpha
2025-09-07 15:49:27,803 - INFO - Experiment for seed 1002 completed in 15615.01 seconds
2025-09-07 15:49:27,805 - INFO - SUCCESS: Experiment for seed 1002 completed successfully
2025-09-07 15:49:27,812 - INFO - Looking for results in: ./checkpoint/quant_result/20250907_1406
2025-09-07 15:49:27,823 - INFO - Parsed 0 reconstructed results from log file for seed 1002
2025-09-07 15:49:27,823 - INFO - Parsed 0 baseline results from log file for seed 1002
2025-09-07 15:49:27,823 - INFO - Seed 1002 completed successfully
2025-09-07 15:49:27,824 - INFO - Sleeping for 0.5 seconds before next seed...
2025-09-07 15:49:28,324 - INFO - 
============================================================
2025-09-07 15:49:28,324 - INFO - Running experiment 3/3 for seed 1003
2025-09-07 15:49:28,324 - INFO - ============================================================
2025-09-07 15:49:28,333 - INFO - Running experiment for seed 1003
2025-09-07 15:49:28,333 - INFO - Command: /home/alz07xz/project/PD-Quant/pd_quant/bin/python ../test_quant.py --model vit_base --w_bit 2 --a_bit 2 --seed 1003 --config ./../configs/4bit/best.py --dataset /home/alz07xz/imagenet --calib-size 1000 --calib-batch-size 32 --val-batch-size 500 --num-workers 8 --device cuda --alpha-list 0.1 0.2 0.3 0.4 0.5 0.6 0.7 0.8 0.9 1.0 --num-clusters-list 64 --pca-dim-list 50 --calibrate --optimize
2025-09-07 15:49:28,333 - INFO - Working directory: /home/alz07xz/project/APHQ_CAT/ablate_alpha
2025-09-07 20:09:10,832 - INFO - Experiment for seed 1003 completed in 15582.50 seconds
2025-09-07 20:09:10,833 - INFO - SUCCESS: Experiment for seed 1003 completed successfully
2025-09-07 20:09:10,838 - INFO - Looking for results in: ./checkpoint/quant_result/20250907_1607
2025-09-07 20:09:10,838 - INFO - Parsed 0 reconstructed results from log file for seed 1003
2025-09-07 20:09:10,838 - INFO - Parsed 0 baseline results from log file for seed 1003
2025-09-07 20:09:10,838 - INFO - Seed 1003 completed successfully
2025-09-07 20:09:10,838 - INFO - 
============================================================
2025-09-07 20:09:10,838 - INFO - EXPERIMENT SUMMARY
2025-09-07 20:09:10,838 - INFO - ============================================================
2025-09-07 20:09:10,838 - INFO - Successful seeds: 3/3
2025-09-07 20:09:10,838 - INFO - Failed seeds: 0/3
2025-09-07 20:09:10,838 - INFO - Successful: [1001, 1002, 1003]
2025-09-07 20:09:10,839 - INFO - 
====================================================================================================
2025-09-07 20:09:10,839 - INFO - COMPREHENSIVE EXPERIMENT SUMMARY
2025-09-07 20:09:10,839 - INFO - ====================================================================================================
2025-09-07 20:09:10,839 - INFO - 
====================================================================================================
2025-09-07 20:09:10,839 - INFO - COMPREHENSIVE RESULTS ANALYSIS
2025-09-07 20:09:10,839 - INFO - ====================================================================================================
2025-09-07 20:09:10,839 - INFO - 📊 Analysis Summary:
2025-09-07 20:09:10,839 - INFO -   - Total seeds: 3
2025-09-07 20:09:10,839 - INFO -   - Successful runs: 0
2025-09-07 20:09:10,839 - INFO -   - Failed runs: 3
2025-09-07 20:09:10,839 - INFO -   - Reconstructed results: 0
2025-09-07 20:09:10,839 - INFO -   - Baseline results: 0
2025-09-07 20:09:10,839 - INFO -   - Failed seed numbers: [1001, 1002, 1003]
2025-09-07 20:09:10,839 - ERROR - ❌ No valid results to analyze!
2025-09-07 20:09:10,839 - INFO - 
====================================================================================================
2025-09-07 20:09:10,839 - INFO - 🎉 ALL EXPERIMENTS COMPLETED!
2025-09-07 20:09:10,839 - INFO - ====================================================================================================
2025-09-07 20:09:10,839 - INFO - Successful seeds: [1001, 1002, 1003]
2025-09-07 20:09:10,839 - INFO - Failed seeds: []
2025-09-07 20:09:10,840 - INFO - Results saved to: ./experiment_results/vit_base_w2_a2_20250907_070911
2025-09-07 20:09:10,840 - INFO - ====================================================================================================
