2025-09-08 15:57:32,620 - INFO - Starting multi-seed experiment
2025-09-08 15:57:32,620 - INFO - Architecture: vit_base
2025-09-08 15:57:32,620 - INFO - Weight bits: 2
2025-09-08 15:57:32,620 - INFO - Activation bits: 2
2025-09-08 15:57:32,620 - INFO - Seeds: [1001, 1002, 1003]
2025-09-08 15:57:32,620 - INFO - Alpha values: [0.1, 0.2, 0.3, 0.4, 0.5, 0.6, 0.7, 0.8, 0.9, 1.0]
2025-09-08 15:57:32,620 - INFO - Cluster numbers: [8, 16, 32, 64, 128, 256]
2025-09-08 15:57:32,620 - INFO - PCA dimensions: [1, 25, 50, 75, 100, 125, 150, 175, 200, 220]
2025-09-08 15:57:32,620 - INFO - Output directory: ./experiment_results/vit_base_w2_a2_20250908_155732
2025-09-08 15:57:32,620 - INFO - Checking basic requirements...
2025-09-08 15:57:32,620 - INFO - Basic checks passed
2025-09-08 15:57:32,620 - INFO - 
Starting experiments for 3 seeds...
2025-09-08 15:57:32,620 - INFO - Total parameter combinations: 600
2025-09-08 15:57:32,620 - INFO - Total experiments: 1800
2025-09-08 15:57:32,620 - INFO - 
============================================================
2025-09-08 15:57:32,620 - INFO - Running experiment 1/3 for seed 1001
2025-09-08 15:57:32,620 - INFO - ============================================================
2025-09-08 15:57:32,620 - INFO - Running experiment for seed 1001
2025-09-08 15:57:32,621 - INFO - Command: /home/alz07xz/project/PD-Quant/pd_quant/bin/python ../test_quant.py --model vit_base --w_bit 2 --a_bit 2 --seed 1001 --config ../configs/4bit/brecq_baseline.py --dataset /home/alz07xz/imagenet --calib-size 1000 --calib-batch-size 32 --val-batch-size 500 --num-workers 8 --device cuda --alpha-list 0.1 0.2 0.3 0.4 0.5 0.6 0.7 0.8 0.9 1.0 --num-clusters-list 8 16 32 64 128 256 --pca-dim-list 1 25 50 75 100 125 150 175 200 220 --calibrate --optimize
2025-09-08 15:57:32,621 - INFO - Working directory: /home/alz07xz/project/APHQ_CAT/brecq_base
2025-09-10 12:59:31,839 - INFO - Experiment for seed 1001 completed in 162119.22 seconds
2025-09-10 12:59:31,841 - INFO - SUCCESS: Experiment for seed 1001 completed successfully
2025-09-10 12:59:31,844 - INFO - Looking for results in: ./checkpoint/quant_result/20250910_1017
2025-09-10 12:59:31,844 - INFO - Parsed 0 reconstructed results from log file for seed 1001
2025-09-10 12:59:31,844 - INFO - Parsed 0 baseline results from log file for seed 1001
2025-09-10 12:59:31,844 - INFO - Seed 1001 completed successfully
2025-09-10 12:59:31,844 - INFO - Sleeping for 0.5 seconds before next seed...
2025-09-10 12:59:32,344 - INFO - 
============================================================
2025-09-10 12:59:32,344 - INFO - Running experiment 2/3 for seed 1002
2025-09-10 12:59:32,345 - INFO - ============================================================
2025-09-10 12:59:32,346 - INFO - Running experiment for seed 1002
2025-09-10 12:59:32,346 - INFO - Command: /home/alz07xz/project/PD-Quant/pd_quant/bin/python ../test_quant.py --model vit_base --w_bit 2 --a_bit 2 --seed 1002 --config ../configs/4bit/brecq_baseline.py --dataset /home/alz07xz/imagenet --calib-size 1000 --calib-batch-size 32 --val-batch-size 500 --num-workers 8 --device cuda --alpha-list 0.1 0.2 0.3 0.4 0.5 0.6 0.7 0.8 0.9 1.0 --num-clusters-list 8 16 32 64 128 256 --pca-dim-list 1 25 50 75 100 125 150 175 200 220 --calibrate --optimize
2025-09-10 12:59:32,346 - INFO - Working directory: /home/alz07xz/project/APHQ_CAT/brecq_base
