2025-09-07 17:58:00,864 - INFO - Starting multi-seed experiment
2025-09-07 17:58:00,865 - INFO - Architecture: deit_small
2025-09-07 17:58:00,865 - INFO - Weight bits: 4
2025-09-07 17:58:00,865 - INFO - Activation bits: 2
2025-09-07 17:58:00,865 - INFO - Seeds: [1001, 1002, 1003]
2025-09-07 17:58:00,865 - INFO - Alpha values: [0.5]
2025-09-07 17:58:00,865 - INFO - Cluster numbers: [1, 8, 16, 24, 32, 40, 48, 56, 64, 72, 80, 88, 96, 104, 112, 120, 128, 136, 144, 152, 160, 168, 176, 184, 192, 200, 208, 216, 224, 232, 240, 248, 256]
2025-09-07 17:58:00,865 - INFO - PCA dimensions: [50]
2025-09-07 17:58:00,865 - INFO - Output directory: ./experiment_results/deit_small_w4_a2_20250907_175800
2025-09-07 17:58:00,865 - INFO - Checking basic requirements...
2025-09-07 17:58:00,866 - INFO - Basic checks passed
2025-09-07 17:58:00,866 - INFO - 
Starting experiments for 3 seeds...
2025-09-07 17:58:00,866 - INFO - Total parameter combinations: 33
2025-09-07 17:58:00,866 - INFO - Total experiments: 99
2025-09-07 17:58:00,866 - INFO - 
============================================================
2025-09-07 17:58:00,866 - INFO - Running experiment 1/3 for seed 1001
2025-09-07 17:58:00,866 - INFO - ============================================================
2025-09-07 17:58:00,867 - INFO - Running experiment for seed 1001
2025-09-07 17:58:00,867 - INFO - Command: /home/alz07xz/project/PD-Quant/pd_quant/bin/python ../test_quant.py --model deit_small --w_bit 4 --a_bit 2 --seed 1001 --config ./../configs/4bit/best.py --dataset /home/alz07xz/imagenet --calib-size 1000 --calib-batch-size 32 --val-batch-size 500 --num-workers 8 --device cuda --alpha-list 0.5 --num-clusters-list 1 8 16 24 32 40 48 56 64 72 80 88 96 104 112 120 128 136 144 152 160 168 176 184 192 200 208 216 224 232 240 248 256 --pca-dim-list 50 --calibrate --optimize
2025-09-07 17:58:00,867 - INFO - Working directory: /home/alz07xz/project/APHQ_CAT/ablate_clusters
2025-09-07 20:39:48,933 - INFO - Experiment for seed 1001 completed in 9708.07 seconds
2025-09-07 20:39:48,935 - INFO - SUCCESS: Experiment for seed 1001 completed successfully
2025-09-07 20:39:48,938 - INFO - Looking for results in: ./checkpoint/quant_result/20250907_2037
2025-09-07 20:39:49,036 - INFO - Parsed 0 reconstructed results from log file for seed 1001
2025-09-07 20:39:49,036 - INFO - Parsed 0 baseline results from log file for seed 1001
2025-09-07 20:39:49,036 - INFO - Seed 1001 completed successfully
2025-09-07 20:39:49,036 - INFO - Sleeping for 0.5 seconds before next seed...
2025-09-07 20:39:49,536 - INFO - 
============================================================
2025-09-07 20:39:49,536 - INFO - Running experiment 2/3 for seed 1002
2025-09-07 20:39:49,536 - INFO - ============================================================
2025-09-07 20:39:49,538 - INFO - Running experiment for seed 1002
2025-09-07 20:39:49,538 - INFO - Command: /home/alz07xz/project/PD-Quant/pd_quant/bin/python ../test_quant.py --model deit_small --w_bit 4 --a_bit 2 --seed 1002 --config ./../configs/4bit/best.py --dataset /home/alz07xz/imagenet --calib-size 1000 --calib-batch-size 32 --val-batch-size 500 --num-workers 8 --device cuda --alpha-list 0.5 --num-clusters-list 1 8 16 24 32 40 48 56 64 72 80 88 96 104 112 120 128 136 144 152 160 168 176 184 192 200 208 216 224 232 240 248 256 --pca-dim-list 50 --calibrate --optimize
2025-09-07 20:39:49,538 - INFO - Working directory: /home/alz07xz/project/APHQ_CAT/ablate_clusters
2025-09-07 23:22:10,466 - INFO - Experiment for seed 1002 completed in 9740.93 seconds
2025-09-07 23:22:10,468 - INFO - SUCCESS: Experiment for seed 1002 completed successfully
2025-09-07 23:22:10,472 - INFO - Looking for results in: ./checkpoint/quant_result/20250907_2318
2025-09-07 23:22:10,475 - INFO - Parsed 0 reconstructed results from log file for seed 1002
2025-09-07 23:22:10,475 - INFO - Parsed 0 baseline results from log file for seed 1002
2025-09-07 23:22:10,475 - INFO - Seed 1002 completed successfully
2025-09-07 23:22:10,475 - INFO - Sleeping for 0.5 seconds before next seed...
2025-09-07 23:22:10,976 - INFO - 
============================================================
2025-09-07 23:22:10,976 - INFO - Running experiment 3/3 for seed 1003
2025-09-07 23:22:10,976 - INFO - ============================================================
2025-09-07 23:22:10,977 - INFO - Running experiment for seed 1003
2025-09-07 23:22:10,977 - INFO - Command: /home/alz07xz/project/PD-Quant/pd_quant/bin/python ../test_quant.py --model deit_small --w_bit 4 --a_bit 2 --seed 1003 --config ./../configs/4bit/best.py --dataset /home/alz07xz/imagenet --calib-size 1000 --calib-batch-size 32 --val-batch-size 500 --num-workers 8 --device cuda --alpha-list 0.5 --num-clusters-list 1 8 16 24 32 40 48 56 64 72 80 88 96 104 112 120 128 136 144 152 160 168 176 184 192 200 208 216 224 232 240 248 256 --pca-dim-list 50 --calibrate --optimize
2025-09-07 23:22:10,977 - INFO - Working directory: /home/alz07xz/project/APHQ_CAT/ablate_clusters
2025-09-08 02:04:31,302 - INFO - Experiment for seed 1003 completed in 9740.33 seconds
2025-09-08 02:04:31,305 - INFO - SUCCESS: Experiment for seed 1003 completed successfully
2025-09-08 02:04:31,307 - INFO - Looking for results in: ./checkpoint/quant_result/20250907_2227
2025-09-08 02:04:31,312 - INFO - Parsed 0 reconstructed results from log file for seed 1003
2025-09-08 02:04:31,312 - INFO - Parsed 0 baseline results from log file for seed 1003
2025-09-08 02:04:31,312 - INFO - Seed 1003 completed successfully
2025-09-08 02:04:31,312 - INFO - 
============================================================
2025-09-08 02:04:31,312 - INFO - EXPERIMENT SUMMARY
2025-09-08 02:04:31,312 - INFO - ============================================================
2025-09-08 02:04:31,312 - INFO - Successful seeds: 3/3
2025-09-08 02:04:31,312 - INFO - Failed seeds: 0/3
2025-09-08 02:04:31,312 - INFO - Successful: [1001, 1002, 1003]
2025-09-08 02:04:31,328 - INFO - 
====================================================================================================
2025-09-08 02:04:31,328 - INFO - COMPREHENSIVE EXPERIMENT SUMMARY
2025-09-08 02:04:31,328 - INFO - ====================================================================================================
2025-09-08 02:04:31,328 - INFO - 
====================================================================================================
2025-09-08 02:04:31,329 - INFO - COMPREHENSIVE RESULTS ANALYSIS
2025-09-08 02:04:31,329 - INFO - ====================================================================================================
2025-09-08 02:04:31,329 - INFO - 📊 Analysis Summary:
2025-09-08 02:04:31,329 - INFO -   - Total seeds: 3
2025-09-08 02:04:31,329 - INFO -   - Successful runs: 0
2025-09-08 02:04:31,329 - INFO -   - Failed runs: 3
2025-09-08 02:04:31,329 - INFO -   - Reconstructed results: 0
2025-09-08 02:04:31,329 - INFO -   - Baseline results: 0
2025-09-08 02:04:31,329 - INFO -   - Failed seed numbers: [1001, 1002, 1003]
2025-09-08 02:04:31,329 - ERROR - ❌ No valid results to analyze!
2025-09-08 02:04:31,329 - INFO - 
====================================================================================================
2025-09-08 02:04:31,329 - INFO - 🎉 ALL EXPERIMENTS COMPLETED!
2025-09-08 02:04:31,329 - INFO - ====================================================================================================
2025-09-08 02:04:31,329 - INFO - Successful seeds: [1001, 1002, 1003]
2025-09-08 02:04:31,329 - INFO - Failed seeds: []
2025-09-08 02:04:31,329 - INFO - Results saved to: ./experiment_results/deit_small_w4_a2_20250907_175800
2025-09-08 02:04:31,329 - INFO - ====================================================================================================
