2025-09-06 12:53:33,640 - INFO - Starting multi-seed experiment
2025-09-06 12:53:33,646 - INFO - Architecture: deit_base
2025-09-06 12:53:33,649 - INFO - Weight bits: 2
2025-09-06 12:53:33,652 - INFO - Activation bits: 2
2025-09-06 12:53:33,661 - INFO - Seeds: [1001, 1002, 1003]
2025-09-06 12:53:33,664 - INFO - Alpha values: [0.5]
2025-09-06 12:53:33,671 - INFO - Cluster numbers: [64]
2025-09-06 12:53:33,812 - INFO - PCA dimensions: [1, 5, 10, 15, 20, 25, 30, 35, 40, 45, 50, 55, 60, 65, 70, 75, 80, 85, 90, 95, 100, 105, 110, 115, 120, 125, 130, 135, 140, 145, 150, 155, 160, 165, 170, 175, 180, 185, 190, 195, 200, 205, 210, 215, 220]
2025-09-06 12:53:33,814 - INFO - Output directory: ./experiment_results/deit_base_w2_a2_20250906_125333
2025-09-06 12:53:33,822 - INFO - 
Starting experiments for 3 seeds...
2025-09-06 12:53:33,824 - INFO - Total parameter combinations: 45
2025-09-06 12:53:33,833 - INFO - Total experiments: 135
2025-09-06 12:53:33,836 - INFO - 
============================================================
2025-09-06 12:53:33,844 - INFO - Running experiment 1/3 for seed 1001
2025-09-06 12:53:33,853 - INFO - ============================================================
2025-09-06 12:53:33,860 - INFO - Running experiment for seed 1001
2025-09-06 12:53:33,863 - INFO - Command: /home/alz07xz/project/PD-Quant/pd_quant/bin/python test_quant.py --model deit_base --w_bit 2 --a_bit 2 --seed 1001 --config /mimer/NOBACKUP/groups/naiss2025-22-91/ali/APHQ-ViT/configs/4bit/best.py --dataset /mimer/NOBACKUP/groups/naiss2025-22-91/imagenet --calib-size 1000 --calib-batch-size 32 --val-batch-size 500 --num-workers 8 --device cuda --alpha-list 0.5 --num-clusters-list 64 --pca-dim-list 1 5 10 15 20 25 30 35 40 45 50 55 60 65 70 75 80 85 90 95 100 105 110 115 120 125 130 135 140 145 150 155 160 165 170 175 180 185 190 195 200 205 210 215 220 --calibrate --optimize
2025-09-06 12:54:09,774 - INFO - Experiment for seed 1001 completed in 35.91 seconds
2025-09-06 12:54:09,781 - ERROR - Experiment for seed 1001 failed with return code 256
2025-09-06 12:54:09,788 - ERROR - ✗ Seed 1001 failed
2025-09-06 12:54:09,790 - INFO - Sleeping for 0.5 seconds before next seed...
2025-09-06 12:54:10,293 - INFO - 
============================================================
2025-09-06 12:54:10,330 - INFO - Running experiment 2/3 for seed 1002
2025-09-06 12:54:10,333 - INFO - ============================================================
2025-09-06 12:54:10,336 - INFO - Running experiment for seed 1002
2025-09-06 12:54:10,340 - INFO - Command: /home/alz07xz/project/PD-Quant/pd_quant/bin/python test_quant.py --model deit_base --w_bit 2 --a_bit 2 --seed 1002 --config /mimer/NOBACKUP/groups/naiss2025-22-91/ali/APHQ-ViT/configs/4bit/best.py --dataset /mimer/NOBACKUP/groups/naiss2025-22-91/imagenet --calib-size 1000 --calib-batch-size 32 --val-batch-size 500 --num-workers 8 --device cuda --alpha-list 0.5 --num-clusters-list 64 --pca-dim-list 1 5 10 15 20 25 30 35 40 45 50 55 60 65 70 75 80 85 90 95 100 105 110 115 120 125 130 135 140 145 150 155 160 165 170 175 180 185 190 195 200 205 210 215 220 --calibrate --optimize
2025-09-06 12:55:07,440 - INFO - Experiment for seed 1002 completed in 57.08 seconds
2025-09-06 12:55:07,443 - ERROR - Experiment for seed 1002 failed with return code 256
2025-09-06 12:55:07,445 - ERROR - ✗ Seed 1002 failed
2025-09-06 12:55:07,446 - INFO - Sleeping for 0.5 seconds before next seed...
2025-09-06 12:55:07,999 - INFO - 
============================================================
2025-09-06 12:55:08,003 - INFO - Running experiment 3/3 for seed 1003
2025-09-06 12:55:08,012 - INFO - ============================================================
2025-09-06 12:55:08,017 - INFO - Running experiment for seed 1003
2025-09-06 12:55:08,019 - INFO - Command: /home/alz07xz/project/PD-Quant/pd_quant/bin/python test_quant.py --model deit_base --w_bit 2 --a_bit 2 --seed 1003 --config /mimer/NOBACKUP/groups/naiss2025-22-91/ali/APHQ-ViT/configs/4bit/best.py --dataset /mimer/NOBACKUP/groups/naiss2025-22-91/imagenet --calib-size 1000 --calib-batch-size 32 --val-batch-size 500 --num-workers 8 --device cuda --alpha-list 0.5 --num-clusters-list 64 --pca-dim-list 1 5 10 15 20 25 30 35 40 45 50 55 60 65 70 75 80 85 90 95 100 105 110 115 120 125 130 135 140 145 150 155 160 165 170 175 180 185 190 195 200 205 210 215 220 --calibrate --optimize
2025-09-06 12:56:07,558 - INFO - Experiment for seed 1003 completed in 59.54 seconds
2025-09-06 12:56:07,558 - ERROR - Experiment for seed 1003 failed with return code 256
2025-09-06 12:56:07,558 - ERROR - ✗ Seed 1003 failed
2025-09-06 12:56:07,558 - INFO - 
============================================================
2025-09-06 12:56:07,558 - INFO - EXPERIMENT EXECUTION SUMMARY
2025-09-06 12:56:07,558 - INFO - ============================================================
2025-09-06 12:56:07,558 - INFO - Successful seeds: 0/3
2025-09-06 12:56:07,558 - INFO - Failed seeds: 3/3
2025-09-06 12:56:07,558 - INFO - Failed seeds: [1001, 1002, 1003]
2025-09-06 12:56:07,559 - INFO - 
====================================================================================================
2025-09-06 12:56:07,559 - INFO - COMPREHENSIVE EXPERIMENT SUMMARY
2025-09-06 12:56:07,559 - INFO - ====================================================================================================
2025-09-06 12:56:07,559 - INFO - 
====================================================================================================
2025-09-06 12:56:07,559 - INFO - COMPREHENSIVE RESULTS ANALYSIS
2025-09-06 12:56:07,559 - INFO - ====================================================================================================
2025-09-06 12:56:07,559 - INFO - 📊 Analysis Summary:
2025-09-06 12:56:07,559 - INFO -   - Total seeds: 3
2025-09-06 12:56:07,559 - INFO -   - Successful runs: 0
2025-09-06 12:56:07,559 - INFO -   - Failed runs: 3
2025-09-06 12:56:07,559 - INFO -   - Reconstructed results: 0
2025-09-06 12:56:07,559 - INFO -   - Baseline results: 0
2025-09-06 12:56:07,559 - INFO -   - Failed seed numbers: [1001, 1002, 1003]
2025-09-06 12:56:07,559 - ERROR - ❌ No valid results to analyze!
2025-09-06 12:56:07,559 - INFO - 
====================================================================================================
2025-09-06 12:56:07,559 - INFO - 🎉 ALL EXPERIMENTS COMPLETED!
2025-09-06 12:56:07,559 - INFO - ====================================================================================================
2025-09-06 12:56:07,559 - INFO - Successful seeds: []
2025-09-06 12:56:07,559 - INFO - Failed seeds: [1001, 1002, 1003]
2025-09-06 12:56:07,559 - INFO - Results saved to: ./experiment_results/deit_base_w2_a2_20250906_125333
2025-09-06 12:56:07,559 - INFO - ====================================================================================================
