2025-09-08 09:01:23,064 - INFO - Starting multi-seed experiment
2025-09-08 09:01:23,064 - INFO - Architecture: deit_base
2025-09-08 09:01:23,064 - INFO - Weight bits: 2
2025-09-08 09:01:23,064 - INFO - Activation bits: 2
2025-09-08 09:01:23,064 - INFO - Seeds: [1001, 1002, 1003]
2025-09-08 09:01:23,064 - INFO - Alpha values: [0.1, 0.2, 0.3, 0.4, 0.5, 0.6, 0.7, 0.8, 0.9, 1.0]
2025-09-08 09:01:23,064 - INFO - Cluster numbers: [64]
2025-09-08 09:01:23,064 - INFO - PCA dimensions: [50]
2025-09-08 09:01:23,064 - INFO - Output directory: ./experiment_results/deit_base_w2_a2_20250908_090123
2025-09-08 09:01:23,064 - INFO - Checking basic requirements...
2025-09-08 09:01:23,065 - INFO - Basic checks passed
2025-09-08 09:01:23,065 - INFO - 
Starting experiments for 3 seeds...
2025-09-08 09:01:23,065 - INFO - Total parameter combinations: 10
2025-09-08 09:01:23,065 - INFO - Total experiments: 30
2025-09-08 09:01:23,065 - INFO - 
============================================================
2025-09-08 09:01:23,065 - INFO - Running experiment 1/3 for seed 1001
2025-09-08 09:01:23,065 - INFO - ============================================================
2025-09-08 09:01:23,066 - INFO - Running experiment for seed 1001
2025-09-08 09:01:23,066 - INFO - Command: /home/alz07xz/project/PD-Quant/pd_quant/bin/python ../test_quant.py --model deit_base --w_bit 2 --a_bit 2 --seed 1001 --config ./../configs/4bit/qdrop_baseline.py --dataset /home/alz07xz/imagenet --calib-size 1000 --calib-batch-size 32 --val-batch-size 500 --num-workers 8 --device cuda --alpha-list 0.1 0.2 0.3 0.4 0.5 0.6 0.7 0.8 0.9 1.0 --num-clusters-list 64 --pca-dim-list 50 --calibrate --optimize
2025-09-08 09:01:23,066 - INFO - Working directory: /home/alz07xz/project/APHQ_CAT/ablate_alpha
2025-09-08 13:19:41,328 - INFO - Experiment for seed 1001 completed in 15498.26 seconds
2025-09-08 13:19:41,330 - INFO - SUCCESS: Experiment for seed 1001 completed successfully
2025-09-08 13:19:41,336 - INFO - Looking for results in: ./checkpoint/quant_result/20250908_1304
2025-09-08 13:19:41,336 - INFO - Parsed 0 reconstructed results from log file for seed 1001
2025-09-08 13:19:41,336 - INFO - Parsed 0 baseline results from log file for seed 1001
2025-09-08 13:19:41,336 - INFO - Seed 1001 completed successfully
2025-09-08 13:19:41,336 - INFO - Sleeping for 0.5 seconds before next seed...
2025-09-08 13:19:41,837 - INFO - 
============================================================
2025-09-08 13:19:41,837 - INFO - Running experiment 2/3 for seed 1002
2025-09-08 13:19:41,837 - INFO - ============================================================
2025-09-08 13:19:41,838 - INFO - Running experiment for seed 1002
2025-09-08 13:19:41,838 - INFO - Command: /home/alz07xz/project/PD-Quant/pd_quant/bin/python ../test_quant.py --model deit_base --w_bit 2 --a_bit 2 --seed 1002 --config ./../configs/4bit/qdrop_baseline.py --dataset /home/alz07xz/imagenet --calib-size 1000 --calib-batch-size 32 --val-batch-size 500 --num-workers 8 --device cuda --alpha-list 0.1 0.2 0.3 0.4 0.5 0.6 0.7 0.8 0.9 1.0 --num-clusters-list 64 --pca-dim-list 50 --calibrate --optimize
2025-09-08 13:19:41,838 - INFO - Working directory: /home/alz07xz/project/APHQ_CAT/ablate_alpha
