2025-09-06 21:29:50,927 - INFO - Starting multi-seed experiment
2025-09-06 21:29:50,927 - INFO - Architecture: deit_tiny
2025-09-06 21:29:50,927 - INFO - Weight bits: 4
2025-09-06 21:29:50,927 - INFO - Activation bits: 2
2025-09-06 21:29:50,927 - INFO - Seeds: [1001, 1002, 1003]
2025-09-06 21:29:50,927 - INFO - Alpha values: [0.1, 0.2, 0.3, 0.4, 0.5, 0.6, 0.7, 0.8, 0.9, 1.0]
2025-09-06 21:29:50,928 - INFO - Cluster numbers: [64]
2025-09-06 21:29:50,928 - INFO - PCA dimensions: [50]
2025-09-06 21:29:50,928 - INFO - Output directory: ./experiment_results/deit_tiny_w4_a2_20250906_212950
2025-09-06 21:29:50,928 - INFO - Checking basic requirements...
2025-09-06 21:29:50,928 - INFO - Basic checks passed
2025-09-06 21:29:50,928 - INFO - 
Starting experiments for 3 seeds...
2025-09-06 21:29:50,928 - INFO - Total parameter combinations: 10
2025-09-06 21:29:50,928 - INFO - Total experiments: 30
2025-09-06 21:29:50,928 - INFO - 
============================================================
2025-09-06 21:29:50,928 - INFO - Running experiment 1/3 for seed 1001
2025-09-06 21:29:50,928 - INFO - ============================================================
2025-09-06 21:29:50,929 - INFO - Running experiment for seed 1001
2025-09-06 21:29:50,929 - INFO - Command: /home/alz07xz/project/PD-Quant/pd_quant/bin/python ../test_quant.py --model deit_tiny --w_bit 4 --a_bit 2 --seed 1001 --config ./../configs/4bit/best.py --dataset /home/alz07xz/imagenet --calib-size 1000 --calib-batch-size 32 --val-batch-size 500 --num-workers 8 --device cuda --alpha-list 0.1 0.2 0.3 0.4 0.5 0.6 0.7 0.8 0.9 1.0 --num-clusters-list 64 --pca-dim-list 50 --calibrate --optimize
2025-09-06 21:29:50,929 - INFO - Working directory: /home/alz07xz/project/APHQ_CAT/ablate_alpha
2025-09-06 23:03:07,028 - INFO - Experiment for seed 1001 completed in 5596.10 seconds
2025-09-06 23:03:07,031 - INFO - SUCCESS: Experiment for seed 1001 completed successfully
2025-09-06 23:03:07,032 - INFO - Looking for results in: ./checkpoint/quant_result/20250906_2303
2025-09-06 23:03:07,034 - INFO - Parsed 0 reconstructed results from log file for seed 1001
2025-09-06 23:03:07,034 - INFO - Parsed 0 baseline results from log file for seed 1001
2025-09-06 23:03:07,034 - INFO - Seed 1001 completed successfully
2025-09-06 23:03:07,034 - INFO - Sleeping for 0.5 seconds before next seed...
2025-09-06 23:03:07,534 - INFO - 
============================================================
2025-09-06 23:03:07,535 - INFO - Running experiment 2/3 for seed 1002
2025-09-06 23:03:07,535 - INFO - ============================================================
2025-09-06 23:03:07,536 - INFO - Running experiment for seed 1002
2025-09-06 23:03:07,536 - INFO - Command: /home/alz07xz/project/PD-Quant/pd_quant/bin/python ../test_quant.py --model deit_tiny --w_bit 4 --a_bit 2 --seed 1002 --config ./../configs/4bit/best.py --dataset /home/alz07xz/imagenet --calib-size 1000 --calib-batch-size 32 --val-batch-size 500 --num-workers 8 --device cuda --alpha-list 0.1 0.2 0.3 0.4 0.5 0.6 0.7 0.8 0.9 1.0 --num-clusters-list 64 --pca-dim-list 50 --calibrate --optimize
2025-09-06 23:03:07,536 - INFO - Working directory: /home/alz07xz/project/APHQ_CAT/ablate_alpha
2025-09-07 00:36:22,939 - INFO - Experiment for seed 1002 completed in 5595.40 seconds
2025-09-07 00:36:22,941 - INFO - SUCCESS: Experiment for seed 1002 completed successfully
2025-09-07 00:36:22,944 - INFO - Looking for results in: ./checkpoint/quant_result/20250907_0029
2025-09-07 00:36:22,944 - INFO - Parsed 0 reconstructed results from log file for seed 1002
2025-09-07 00:36:22,944 - INFO - Parsed 0 baseline results from log file for seed 1002
2025-09-07 00:36:22,944 - INFO - Seed 1002 completed successfully
2025-09-07 00:36:22,944 - INFO - Sleeping for 0.5 seconds before next seed...
2025-09-07 00:36:23,444 - INFO - 
============================================================
2025-09-07 00:36:23,445 - INFO - Running experiment 3/3 for seed 1003
2025-09-07 00:36:23,445 - INFO - ============================================================
2025-09-07 00:36:23,446 - INFO - Running experiment for seed 1003
2025-09-07 00:36:23,446 - INFO - Command: /home/alz07xz/project/PD-Quant/pd_quant/bin/python ../test_quant.py --model deit_tiny --w_bit 4 --a_bit 2 --seed 1003 --config ./../configs/4bit/best.py --dataset /home/alz07xz/imagenet --calib-size 1000 --calib-batch-size 32 --val-batch-size 500 --num-workers 8 --device cuda --alpha-list 0.1 0.2 0.3 0.4 0.5 0.6 0.7 0.8 0.9 1.0 --num-clusters-list 64 --pca-dim-list 50 --calibrate --optimize
2025-09-07 00:36:23,446 - INFO - Working directory: /home/alz07xz/project/APHQ_CAT/ablate_alpha
2025-09-07 02:08:36,420 - INFO - Experiment for seed 1003 completed in 5532.97 seconds
2025-09-07 02:08:36,421 - INFO - SUCCESS: Experiment for seed 1003 completed successfully
2025-09-07 02:08:36,422 - INFO - Looking for results in: ./checkpoint/quant_result/20250906_2228
2025-09-07 02:08:36,424 - INFO - Parsed 0 reconstructed results from log file for seed 1003
2025-09-07 02:08:36,424 - INFO - Parsed 0 baseline results from log file for seed 1003
2025-09-07 02:08:36,424 - INFO - Seed 1003 completed successfully
2025-09-07 02:08:36,424 - INFO - 
============================================================
2025-09-07 02:08:36,424 - INFO - EXPERIMENT SUMMARY
2025-09-07 02:08:36,424 - INFO - ============================================================
2025-09-07 02:08:36,424 - INFO - Successful seeds: 3/3
2025-09-07 02:08:36,425 - INFO - Failed seeds: 0/3
2025-09-07 02:08:36,425 - INFO - Successful: [1001, 1002, 1003]
2025-09-07 02:08:36,426 - INFO - 
====================================================================================================
2025-09-07 02:08:36,426 - INFO - COMPREHENSIVE EXPERIMENT SUMMARY
2025-09-07 02:08:36,426 - INFO - ====================================================================================================
2025-09-07 02:08:36,426 - INFO - 
====================================================================================================
2025-09-07 02:08:36,426 - INFO - COMPREHENSIVE RESULTS ANALYSIS
2025-09-07 02:08:36,426 - INFO - ====================================================================================================
2025-09-07 02:08:36,426 - INFO - 📊 Analysis Summary:
2025-09-07 02:08:36,426 - INFO -   - Total seeds: 3
2025-09-07 02:08:36,426 - INFO -   - Successful runs: 0
2025-09-07 02:08:36,426 - INFO -   - Failed runs: 3
2025-09-07 02:08:36,427 - INFO -   - Reconstructed results: 0
2025-09-07 02:08:36,427 - INFO -   - Baseline results: 0
2025-09-07 02:08:36,427 - INFO -   - Failed seed numbers: [1001, 1002, 1003]
2025-09-07 02:08:36,427 - ERROR - ❌ No valid results to analyze!
2025-09-07 02:08:36,427 - INFO - 
====================================================================================================
2025-09-07 02:08:36,427 - INFO - 🎉 ALL EXPERIMENTS COMPLETED!
2025-09-07 02:08:36,427 - INFO - ====================================================================================================
2025-09-07 02:08:36,427 - INFO - Successful seeds: [1001, 1002, 1003]
2025-09-07 02:08:36,427 - INFO - Failed seeds: []
2025-09-07 02:08:36,427 - INFO - Results saved to: ./experiment_results/deit_tiny_w4_a2_20250906_212950
2025-09-07 02:08:36,427 - INFO - ====================================================================================================
